#
# There is insufficient memory for the Java Runtime Environment to continue.
# Native memory allocation (malloc) failed to allocate 1758576 bytes. Error detail: Chunk::new
# Possible reasons:
#   The system is out of physical RAM or swap space
#   This process is running with CompressedOops enabled, and the Java Heap may be blocking the growth of the native heap
# Possible solutions:
#   Reduce memory load on the system
#   Increase physical memory or swap space
#   Check if swap backing store is full
#   Decrease Java heap size (-Xmx/-Xms)
#   Decrease number of Java threads
#   Decrease Java thread stack sizes (-Xss)
#   Set larger code cache with -XX:ReservedCodeCacheSize=
#   JVM is running with Unscaled Compressed Oops mode in which the Java heap is
#     placed in the first 4GB address space. The Java Heap base address is the
#     maximum limit for the native heap growth. Please use -XX:HeapBaseMinAddress
#     to set the Java Heap base and to place the Java Heap above 4GB virtual address.
# This output file may be truncated or incomplete.
#
#  Out of Memory Error (arena.cpp:168), pid=30744, tid=19700
#
# JRE version: OpenJDK Runtime Environment Temurin-21.0.10+7 (21.0.10+7) (build 21.0.10+7-LTS)
# Java VM: OpenJDK 64-Bit Server VM Temurin-21.0.10+7 (21.0.10+7-LTS, mixed mode, sharing, tiered, compressed oops, compressed class ptrs, parallel gc, windows-amd64)
# No core dump will be written. Minidumps are not enabled by default on client versions of Windows
#

---------------  S U M M A R Y ------------

Command Line: --add-modules=ALL-SYSTEM --add-opens=java.base/java.util=ALL-UNNAMED --add-opens=java.base/java.lang=ALL-UNNAMED --add-opens=java.base/sun.nio.fs=ALL-UNNAMED -Declipse.application=org.eclipse.jdt.ls.core.id1 -Dosgi.bundles.defaultStartLevel=4 -Declipse.product=org.eclipse.jdt.ls.core.product -Djava.import.generatesMetadataFilesAtProjectRoot=false -DDetectVMInstallationsJob.disabled=true -Dfile.encoding=utf8 -XX:+UseParallelGC -XX:GCTimeRatio=4 -XX:AdaptiveSizePolicyWeight=90 -Dsun.zip.disableMemoryMapping=true -Xmx2G -Xms100m -Xlog:disable -javaagent:c:\Users\Moorthy\.vscode\extensions\redhat.java-1.54.0-win32-x64\lombok\lombok-1.18.39-4050.jar -XX:+HeapDumpOnOutOfMemoryError -XX:HeapDumpPath=c:\Users\Moorthy\AppData\Roaming\Code\User\workspaceStorage\a7b8b840adc06a15123203cd541b35c9\redhat.java -Daether.dependencyCollector.impl=bf c:\Users\Moorthy\.vscode\extensions\redhat.java-1.54.0-win32-x64\server\plugins\org.eclipse.equinox.launcher_1.7.100.v20251111-0406.jar -configuration c:\Users\Moorthy\AppData\Roaming\Code\User\globalStorage\redhat.java\1.54.0\config_win -data c:\Users\Moorthy\AppData\Roaming\Code\User\workspaceStorage\a7b8b840adc06a15123203cd541b35c9\redhat.java\jdt_ws --pipe=\\.\pipe\lsp-5df06f538700167809834ea9a88ca2ba-sock

Host: 12th Gen Intel(R) Core(TM) i5-1235U, 12 cores, 7G,  Windows 11 , 64 bit Build 26100 (10.0.26100.8521)
Time: Thu Jun 18 23:57:47 2026 India Standard Time elapsed time: 78.717481 seconds (0d 0h 1m 18s)

---------------  T H R E A D  ---------------

Current thread (0x000001f5514af060):  JavaThread "C2 CompilerThread0" daemon [_thread_in_native, id=19700, stack(0x000000d371f00000,0x000000d372000000) (1024K)]


Current CompileTask:
C2:78718 15996       4       org.apache.maven.repository.internal.ArtifactDescriptorReaderDelegate::populateResult (426 bytes)

Stack: [0x000000d371f00000,0x000000d372000000]
Native frames: (J=compiled Java code, j=interpreted, Vv=VM code, C=native code)
V  [jvm.dll+0x6d7a39]
V  [jvm.dll+0x8b4b26]
V  [jvm.dll+0x8b70de]
V  [jvm.dll+0x8b77c3]
V  [jvm.dll+0x284346]
V  [jvm.dll+0xc66ed]
V  [jvm.dll+0xc6c31]
V  [jvm.dll+0x3bec01]
V  [jvm.dll+0x38b162]
V  [jvm.dll+0x38a5aa]
V  [jvm.dll+0x24c560]
V  [jvm.dll+0x24bb40]
V  [jvm.dll+0x1cb34e]
V  [jvm.dll+0x25b85d]
V  [jvm.dll+0x259dea]
V  [jvm.dll+0x3f857e]
V  [jvm.dll+0x85f59d]
V  [jvm.dll+0x6d626d]
C  [ucrtbase.dll+0x2cd30]
C  [KERNEL32.DLL+0x2e957]
C  [ntdll.dll+0x87c1c]


---------------  P R O C E S S  ---------------

Threads class SMR info:
_java_thread_list=0x000001f57aedadf0, length=82, elements={
0x000001f5513fe060, 0x000001f5514a21f0, 0x000001f5514a5680, 0x000001f5514a7f60,
0x000001f5514aad50, 0x000001f5514ab7b0, 0x000001f5514ac210, 0x000001f5514af060,
0x000001f569076220, 0x000001f569291d10, 0x000001f5693a7090, 0x000001f56e5e1430,
0x000001f56e329a90, 0x000001f56e37aa20, 0x000001f56e375280, 0x000001f56e68c3b0,
0x000001f56f01b570, 0x000001f56ef776f0, 0x000001f56ef79130, 0x000001f56ef78410,
0x000001f56ef7a4e0, 0x000001f56ef797c0, 0x000001f56ef79e50, 0x000001f56ef77060,
0x000001f5708bb6a0, 0x000001f5708ba980, 0x000001f5708b95d0, 0x000001f5708b9c60,
0x000001f5708b8f40, 0x000001f5708bb010, 0x000001f5708bca50, 0x000001f5708bbd30,
0x000001f5708bc3c0, 0x000001f5708bd0e0, 0x000001f5708bd770, 0x000001f5708ba2f0,
0x000001f5708bf840, 0x000001f5708be490, 0x000001f5708bf1b0, 0x000001f5708beb20,
0x000001f5708bfed0, 0x000001f5708bde00, 0x000001f571989830, 0x000001f571989ec0,
0x000001f57198abe0, 0x000001f57198a550, 0x000001f571987df0, 0x000001f57198b900,
0x000001f571988480, 0x000001f57198bf90, 0x000001f57198b270, 0x000001f571988b10,
0x000001f57198ed80, 0x000001f57198e060, 0x000001f57198ccb0, 0x000001f57198f410,
0x000001f57198d340, 0x000001f57198d9d0, 0x000001f570638de0, 0x000001f5706380c0,
0x000001f570639470, 0x000001f57063b540, 0x000001f570639b00, 0x000001f57063aeb0,
0x000001f57063a190, 0x000001f57063a820, 0x000001f57063bbd0, 0x000001f570638750,
0x000001f57063f050, 0x000001f57063cf80, 0x000001f57063f6e0, 0x000001f57063d610,
0x000001f57063dca0, 0x000001f57063c8f0, 0x000001f57063e9c0, 0x000001f57063c260,
0x000001f57b49a240, 0x000001f57b497450, 0x000001f57b498e90, 0x000001f57b49bc80,
0x000001f57b49c310, 0x000001f57b49c9a0
}

Java Threads: ( => current thread )
  0x000001f5513fe060 JavaThread "main"                              [_thread_blocked, id=892, stack(0x000000d371500000,0x000000d371600000) (1024K)]
  0x000001f5514a21f0 JavaThread "Reference Handler"          daemon [_thread_blocked, id=29548, stack(0x000000d371900000,0x000000d371a00000) (1024K)]
  0x000001f5514a5680 JavaThread "Finalizer"                  daemon [_thread_blocked, id=26332, stack(0x000000d371a00000,0x000000d371b00000) (1024K)]
  0x000001f5514a7f60 JavaThread "Signal Dispatcher"          daemon [_thread_blocked, id=26348, stack(0x000000d371b00000,0x000000d371c00000) (1024K)]
  0x000001f5514aad50 JavaThread "Attach Listener"            daemon [_thread_blocked, id=13404, stack(0x000000d371c00000,0x000000d371d00000) (1024K)]
  0x000001f5514ab7b0 JavaThread "Service Thread"             daemon [_thread_blocked, id=42372, stack(0x000000d371d00000,0x000000d371e00000) (1024K)]
  0x000001f5514ac210 JavaThread "Monitor Deflation Thread"   daemon [_thread_blocked, id=18852, stack(0x000000d371e00000,0x000000d371f00000) (1024K)]
=>0x000001f5514af060 JavaThread "C2 CompilerThread0"         daemon [_thread_in_native, id=19700, stack(0x000000d371f00000,0x000000d372000000) (1024K)]
  0x000001f569076220 JavaThread "C1 CompilerThread0"         daemon [_thread_blocked, id=33064, stack(0x000000d372000000,0x000000d372100000) (1024K)]
  0x000001f569291d10 JavaThread "Common-Cleaner"             daemon [_thread_blocked, id=37972, stack(0x000000d372100000,0x000000d372200000) (1024K)]
  0x000001f5693a7090 JavaThread "Notification Thread"        daemon [_thread_blocked, id=28660, stack(0x000000d372200000,0x000000d372300000) (1024K)]
  0x000001f56e5e1430 JavaThread "Active Thread: Equinox Container: 0d4ff94a-064d-4842-8f8c-e353ba4791ac"        [_thread_blocked, id=19196, stack(0x000000d372900000,0x000000d372a00000) (1024K)]
  0x000001f56e329a90 JavaThread "Refresh Thread: Equinox Container: 0d4ff94a-064d-4842-8f8c-e353ba4791ac" daemon [_thread_blocked, id=40036, stack(0x000000d372b00000,0x000000d372c00000) (1024K)]
  0x000001f56e37aa20 JavaThread "Framework Event Dispatcher: Equinox Container: 0d4ff94a-064d-4842-8f8c-e353ba4791ac" daemon [_thread_blocked, id=24944, stack(0x000000d372c00000,0x000000d372d00000) (1024K)]
  0x000001f56e375280 JavaThread "Start Level: Equinox Container: 0d4ff94a-064d-4842-8f8c-e353ba4791ac" daemon [_thread_blocked, id=20720, stack(0x000000d372d00000,0x000000d372e00000) (1024K)]
  0x000001f56e68c3b0 JavaThread "Bundle File Closer"         daemon [_thread_blocked, id=7768, stack(0x000000d373100000,0x000000d373200000) (1024K)]
  0x000001f56f01b570 JavaThread "SCR Component Actor"        daemon [_thread_blocked, id=37268, stack(0x000000d372e00000,0x000000d372f00000) (1024K)]
  0x000001f56ef776f0 JavaThread "Worker-JM"                         [_thread_blocked, id=13392, stack(0x000000d373200000,0x000000d373300000) (1024K)]
  0x000001f56ef79130 JavaThread "JNA Cleaner"                daemon [_thread_blocked, id=29616, stack(0x000000d373300000,0x000000d373400000) (1024K)]
  0x000001f56ef78410 JavaThread "Worker-0"                          [_thread_blocked, id=26632, stack(0x000000d373400000,0x000000d373500000) (1024K)]
  0x000001f56ef7a4e0 JavaThread "Worker-1"                          [_thread_blocked, id=3788, stack(0x000000d373500000,0x000000d373600000) (1024K)]
  0x000001f56ef797c0 JavaThread "Worker-2: Initialize workspace"        [_thread_blocked, id=26568, stack(0x000000d373600000,0x000000d373700000) (1024K)]
  0x000001f56ef79e50 JavaThread "Java indexing"              daemon [_thread_blocked, id=41860, stack(0x000000d373700000,0x000000d373800000) (1024K)]
  0x000001f56ef77060 JavaThread "Worker-3"                          [_thread_blocked, id=34660, stack(0x000000d373a00000,0x000000d373b00000) (1024K)]
  0x000001f5708bb6a0 JavaThread "Worker-4"                          [_thread_blocked, id=10048, stack(0x000000d373b00000,0x000000d373c00000) (1024K)]
  0x000001f5708ba980 JavaThread "Thread-1"                   daemon [_thread_in_native, id=42064, stack(0x000000d373c00000,0x000000d373d00000) (1024K)]
  0x000001f5708b95d0 JavaThread "Thread-2"                   daemon [_thread_in_native, id=44796, stack(0x000000d373d00000,0x000000d373e00000) (1024K)]
  0x000001f5708b9c60 JavaThread "Thread-3"                   daemon [_thread_in_native, id=21940, stack(0x000000d373e00000,0x000000d373f00000) (1024K)]
  0x000001f5708b8f40 JavaThread "Thread-4"                   daemon [_thread_in_native, id=47508, stack(0x000000d373f00000,0x000000d374000000) (1024K)]
  0x000001f5708bb010 JavaThread "Thread-5"                   daemon [_thread_in_native, id=1640, stack(0x000000d374000000,0x000000d374100000) (1024K)]
  0x000001f5708bca50 JavaThread "Thread-6"                   daemon [_thread_in_native, id=4044, stack(0x000000d374100000,0x000000d374200000) (1024K)]
  0x000001f5708bbd30 JavaThread "Thread-7"                   daemon [_thread_in_native, id=12944, stack(0x000000d374200000,0x000000d374300000) (1024K)]
  0x000001f5708bc3c0 JavaThread "Thread-8"                   daemon [_thread_in_native, id=42496, stack(0x000000d374300000,0x000000d374400000) (1024K)]
  0x000001f5708bd0e0 JavaThread "Thread-9"                   daemon [_thread_in_native, id=1888, stack(0x000000d374400000,0x000000d374500000) (1024K)]
  0x000001f5708bd770 JavaThread "Thread-10"                  daemon [_thread_in_native, id=15628, stack(0x000000d374500000,0x000000d374600000) (1024K)]
  0x000001f5708ba2f0 JavaThread "Thread-11"                  daemon [_thread_in_native, id=17344, stack(0x000000d374600000,0x000000d374700000) (1024K)]
  0x000001f5708bf840 JavaThread "Thread-12"                  daemon [_thread_in_native, id=29008, stack(0x000000d374700000,0x000000d374800000) (1024K)]
  0x000001f5708be490 JavaThread "Thread-13"                  daemon [_thread_in_native, id=28856, stack(0x000000d374800000,0x000000d374900000) (1024K)]
  0x000001f5708bf1b0 JavaThread "pool-2-thread-1"                   [_thread_blocked, id=37724, stack(0x000000d374900000,0x000000d374a00000) (1024K)]
  0x000001f5708beb20 JavaThread "WorkspaceEventsHandler"            [_thread_blocked, id=8660, stack(0x000000d374a00000,0x000000d374b00000) (1024K)]
  0x000001f5708bfed0 JavaThread "pool-1-thread-1"                   [_thread_blocked, id=27368, stack(0x000000d374b00000,0x000000d374c00000) (1024K)]
  0x000001f5708bde00 JavaThread "ForkJoinPool.commonPool-worker-1" daemon [_thread_blocked, id=14960, stack(0x000000d374c00000,0x000000d374d00000) (1024K)]
  0x000001f571989830 JavaThread "ForkJoinPool.commonPool-worker-2" daemon [_thread_in_native, id=33912, stack(0x000000d374d00000,0x000000d374e00000) (1024K)]
  0x000001f571989ec0 JavaThread "ForkJoinPool.commonPool-worker-4" daemon [_thread_blocked, id=3964, stack(0x000000d374e00000,0x000000d374f00000) (1024K)]
  0x000001f57198abe0 JavaThread "ForkJoinPool.commonPool-worker-3" daemon [_thread_blocked, id=35372, stack(0x000000d374f00000,0x000000d375000000) (1024K)]
  0x000001f57198a550 JavaThread "ForkJoinPool.commonPool-worker-5" daemon [_thread_blocked, id=48248, stack(0x000000d375000000,0x000000d375100000) (1024K)]
  0x000001f571987df0 JavaThread "ForkJoinPool.commonPool-worker-6" daemon [_thread_blocked, id=25964, stack(0x000000d375100000,0x000000d375200000) (1024K)]
  0x000001f57198b900 JavaThread "ForkJoinPool.commonPool-worker-7" daemon [_thread_blocked, id=16836, stack(0x000000d375200000,0x000000d375300000) (1024K)]
  0x000001f571988480 JavaThread "ForkJoinPool.commonPool-worker-8" daemon [_thread_blocked, id=6088, stack(0x000000d375300000,0x000000d375400000) (1024K)]
  0x000001f57198bf90 JavaThread "ForkJoinPool.commonPool-worker-9" daemon [_thread_blocked, id=15964, stack(0x000000d375400000,0x000000d375500000) (1024K)]
  0x000001f57198b270 JavaThread "ForkJoinPool.commonPool-worker-10" daemon [_thread_blocked, id=2804, stack(0x000000d375500000,0x000000d375600000) (1024K)]
  0x000001f571988b10 JavaThread "ForkJoinPool.commonPool-worker-11" daemon [_thread_blocked, id=27812, stack(0x000000d375600000,0x000000d375700000) (1024K)]
  0x000001f57198ed80 JavaThread "Worker-5"                          [_thread_blocked, id=34160, stack(0x000000d375800000,0x000000d375900000) (1024K)]
  0x000001f57198e060 JavaThread "Worker-6"                          [_thread_blocked, id=13124, stack(0x000000d375900000,0x000000d375a00000) (1024K)]
  0x000001f57198ccb0 JavaThread "Compiler Source File Reader" daemon [_thread_blocked, id=42348, stack(0x000000d375b00000,0x000000d375c00000) (1024K)]
  0x000001f57198f410 JavaThread "Compiler Source File Reader" daemon [_thread_blocked, id=38720, stack(0x000000d375c00000,0x000000d375d00000) (1024K)]
  0x000001f57198d340 JavaThread "Worker-7"                          [_thread_blocked, id=32136, stack(0x000000d375d00000,0x000000d375e00000) (1024K)]
  0x000001f57198d9d0 JavaThread "LocalFile Deleter"          daemon [_thread_blocked, id=23996, stack(0x000000d375e00000,0x000000d375f00000) (1024K)]
  0x000001f570638de0 JavaThread "LocalFile Deleter"          daemon [_thread_blocked, id=20236, stack(0x000000d375f00000,0x000000d376000000) (1024K)]
  0x000001f5706380c0 JavaThread "LocalFile Deleter"          daemon [_thread_blocked, id=33340, stack(0x000000d376000000,0x000000d376100000) (1024K)]
  0x000001f570639470 JavaThread "Compiler Source File Reader" daemon [_thread_blocked, id=10620, stack(0x000000d376100000,0x000000d376200000) (1024K)]
  0x000001f57063b540 JavaThread "Compiler Source File Reader" daemon [_thread_blocked, id=31408, stack(0x000000d376200000,0x000000d376300000) (1024K)]
  0x000001f570639b00 JavaThread "Compiler Source File Reader" daemon [_thread_blocked, id=34280, stack(0x000000d376300000,0x000000d376400000) (1024K)]
  0x000001f57063aeb0 JavaThread "Worker-8"                          [_thread_blocked, id=32788, stack(0x000000d376400000,0x000000d376500000) (1024K)]
  0x000001f57063a190 JavaThread "LocalFile Deleter"          daemon [_thread_blocked, id=16380, stack(0x000000d376500000,0x000000d376600000) (1024K)]
  0x000001f57063a820 JavaThread "Compiler Source File Reader" daemon [_thread_blocked, id=26124, stack(0x000000d376600000,0x000000d376700000) (1024K)]
  0x000001f57063bbd0 JavaThread "Compiler Source File Reader" daemon [_thread_blocked, id=40408, stack(0x000000d376700000,0x000000d376800000) (1024K)]
  0x000001f570638750 JavaThread "Compiler Source File Reader" daemon [_thread_blocked, id=34072, stack(0x000000d376800000,0x000000d376900000) (1024K)]
  0x000001f57063f050 JavaThread "Compiler Source File Reader" daemon [_thread_blocked, id=15656, stack(0x000000d376900000,0x000000d376a00000) (1024K)]
  0x000001f57063cf80 JavaThread "Compiler Source File Reader" daemon [_thread_blocked, id=8356, stack(0x000000d376a00000,0x000000d376b00000) (1024K)]
  0x000001f57063f6e0 JavaThread "Compiler Processing Task"   daemon [_thread_blocked, id=41740, stack(0x000000d376b00000,0x000000d376c00000) (1024K)]
  0x000001f57063d610 JavaThread "Compiler Class File Writer" daemon [_thread_blocked, id=21444, stack(0x000000d376c00000,0x000000d376d00000) (1024K)]
  0x000001f57063dca0 JavaThread "Compiler Class File Writer" daemon [_thread_blocked, id=43780, stack(0x000000d376d00000,0x000000d376e00000) (1024K)]
  0x000001f57063c8f0 JavaThread "Compiler Class File Writer" daemon [_thread_blocked, id=34244, stack(0x000000d376e00000,0x000000d376f00000) (1024K)]
  0x000001f57063e9c0 JavaThread "Compiler Class File Writer" daemon [_thread_blocked, id=11092, stack(0x000000d376f00000,0x000000d377000000) (1024K)]
  0x000001f57063c260 JavaThread "Compiler Class File Writer" daemon [_thread_blocked, id=20292, stack(0x000000d377000000,0x000000d377100000) (1024K)]
  0x000001f57b49a240 JavaThread "Compiler Class File Writer" daemon [_thread_blocked, id=47348, stack(0x000000d377100000,0x000000d377200000) (1024K)]
  0x000001f57b497450 JavaThread "Cleaner-0"                  daemon [_thread_blocked, id=12884, stack(0x000000d377700000,0x000000d377800000) (1024K)]
  0x000001f57b498e90 JavaThread "Compiler Class File Writer" daemon [_thread_blocked, id=42712, stack(0x000000d375700000,0x000000d375800000) (1024K)]
  0x000001f57b49bc80 JavaThread "Compiler Class File Writer" daemon [_thread_blocked, id=3684, stack(0x000000d375a00000,0x000000d375b00000) (1024K)]
  0x000001f57b49c310 JavaThread "Compiler Class File Writer" daemon [_thread_blocked, id=44944, stack(0x000000d377200000,0x000000d377300000) (1024K)]
  0x000001f57b49c9a0 JavaThread "Compiler Class File Writer" daemon [_thread_blocked, id=7944, stack(0x000000d377300000,0x000000d377400000) (1024K)]
Total: 82

Other Threads:
  0x000001f567be49d0 VMThread "VM Thread"                           [id=35780, stack(0x000000d371800000,0x000000d371900000) (1024K)]
  0x000001f567adcb20 WatcherThread "VM Periodic Task Thread"        [id=42796, stack(0x000000d371700000,0x000000d371800000) (1024K)]
  0x000001f55141c540 WorkerThread "GC Thread#0"                     [id=38472, stack(0x000000d371600000,0x000000d371700000) (1024K)]
  0x000001f56e420e50 WorkerThread "GC Thread#1"                     [id=3124, stack(0x000000d372300000,0x000000d372400000) (1024K)]
  0x000001f56e5beb10 WorkerThread "GC Thread#2"                     [id=7536, stack(0x000000d372400000,0x000000d372500000) (1024K)]
  0x000001f56e0a5b00 WorkerThread "GC Thread#3"                     [id=3176, stack(0x000000d372500000,0x000000d372600000) (1024K)]
  0x000001f56e0a5eb0 WorkerThread "GC Thread#4"                     [id=41764, stack(0x000000d372600000,0x000000d372700000) (1024K)]
  0x000001f56e5b4010 WorkerThread "GC Thread#5"                     [id=43584, stack(0x000000d372700000,0x000000d372800000) (1024K)]
  0x000001f56e5b43c0 WorkerThread "GC Thread#6"                     [id=35228, stack(0x000000d372800000,0x000000d372900000) (1024K)]
  0x000001f56e32dba0 WorkerThread "GC Thread#7"                     [id=24716, stack(0x000000d372a00000,0x000000d372b00000) (1024K)]
  0x000001f56e7f9bf0 WorkerThread "GC Thread#8"                     [id=34784, stack(0x000000d372f00000,0x000000d373000000) (1024K)]
  0x000001f56e5a8430 WorkerThread "GC Thread#9"                     [id=31908, stack(0x000000d373000000,0x000000d373100000) (1024K)]
Total: 12

Threads with active compile tasks:
C2 CompilerThread0  78757 15996       4       org.apache.maven.repository.internal.ArtifactDescriptorReaderDelegate::populateResult (426 bytes)
Total: 1

VM state: not at safepoint (normal execution)

VM Mutex/Monitor currently owned by a thread: None

Heap address: 0x0000000080000000, size: 2048 MB, Compressed Oops mode: 32-bit

CDS archive(s) mapped at: [0x000001f500000000-0x000001f500ba0000-0x000001f500ba0000), size 12189696, SharedBaseAddress: 0x000001f500000000, ArchiveRelocationMode: 1.
Compressed class space mapped at: 0x000001f501000000-0x000001f541000000, reserved size: 1073741824
Narrow klass base: 0x000001f500000000, Narrow klass shift: 0, Narrow klass range: 0x100000000

GC Precious Log:
 CardTable entry size: 512
 CPUs: 12 total, 12 available
 Memory: 7876M
 Large Page Support: Disabled
 NUMA Support: Disabled
 Compressed Oops: Enabled (32-bit)
 Alignments: Space 512K, Generation 512K, Heap 2M
 Heap Min Capacity: 100M
 Heap Initial Capacity: 100M
 Heap Max Capacity: 2G
 Pre-touch: Disabled
 Parallel Workers: 10

Heap:
 PSYoungGen      total 5632K, used 5401K [0x00000000d5580000, 0x00000000d5c00000, 0x0000000100000000)
  eden space 5120K, 98% used [0x00000000d5580000,0x00000000d5a6e728,0x00000000d5a80000)
  from space 512K, 68% used [0x00000000d5b80000,0x00000000d5bd8000,0x00000000d5c00000)
  to   space 512K, 0% used [0x00000000d5b00000,0x00000000d5b00000,0x00000000d5b80000)
 ParOldGen       total 493056K, used 493002K [0x0000000080000000, 0x000000009e180000, 0x00000000d5580000)
  object space 493056K, 99% used [0x0000000080000000,0x000000009e1728f8,0x000000009e180000)
 Metaspace       used 71619K, committed 73280K, reserved 1114112K
  class space    used 7400K, committed 8128K, reserved 1048576K

Card table byte_map: [0x000001f550cb0000,0x000001f5510c0000] _byte_map_base: 0x000001f5508b0000

Marking Bits: (ParMarkBitMap*) 0x00007ffe1c9f3450
 Begin Bits: [0x000001f563600000, 0x000001f565600000)
 End Bits:   [0x000001f565600000, 0x000001f567600000)

Polling page: 0x000001f54f140000

Metaspace:

Usage:
  Non-class:     62.71 MB used.
      Class:      7.23 MB used.
       Both:     69.94 MB used.

Virtual space:
  Non-class space:       64.00 MB reserved,      63.62 MB (>99%) committed,  1 nodes.
      Class space:        1.00 GB reserved,       7.94 MB ( <1%) committed,  1 nodes.
             Both:        1.06 GB reserved,      71.56 MB (  7%) committed. 

Chunk freelists:
   Non-Class:  353.00 KB
       Class:  7.98 MB
        Both:  8.33 MB

MaxMetaspaceSize: unlimited
CompressedClassSpaceSize: 1.00 GB
Initial GC threshold: 21.00 MB
Current GC threshold: 97.31 MB
CDS: on
 - commit_granule_bytes: 65536.
 - commit_granule_words: 8192.
 - virtual_space_node_default_size: 8388608.
 - enlarge_chunks_in_place: 1.
 - use_allocation_guard: 0.


Internal statistics:

num_allocs_failed_limit: 9.
num_arena_births: 1380.
num_arena_deaths: 14.
num_vsnodes_births: 2.
num_vsnodes_deaths: 0.
num_space_committed: 1145.
num_space_uncommitted: 0.
num_chunks_returned_to_freelist: 23.
num_chunks_taken_from_freelist: 4955.
num_chunk_merges: 12.
num_chunk_splits: 2963.
num_chunks_enlarged: 1539.
num_inconsistent_stats: 0.

CodeHeap 'non-profiled nmethods': size=120000Kb used=13000Kb max_used=13000Kb free=106999Kb
 bounds [0x000001f55c0d0000, 0x000001f55cd90000, 0x000001f563600000]
CodeHeap 'profiled nmethods': size=120000Kb used=34569Kb max_used=34569Kb free=85430Kb
 bounds [0x000001f554600000, 0x000001f5567d0000, 0x000001f55bb30000]
CodeHeap 'non-nmethods': size=5760Kb used=1467Kb max_used=1558Kb free=4292Kb
 bounds [0x000001f55bb30000, 0x000001f55bda0000, 0x000001f55c0d0000]
CodeCache: size=245760Kb, used=49036Kb, max_used=49127Kb, free=196721Kb
 total_blobs=15960, nmethods=15175, adapters=690, full_count=0
Compilation: enabled, stopped_count=0, restarted_count=0

Compilation events (20 events):
Event: 76.093 Thread 0x000001f569076220 15998       3       java.lang.ThreadLocal$ThreadLocalMap::expungeStaleEntries (47 bytes)
Event: 76.094 Thread 0x000001f569076220 nmethod 15998 0x000001f5567bec90 code [0x000001f5567bee80, 0x000001f5567bf288]
Event: 76.143 Thread 0x000001f5514af060 nmethod 15986 0x000001f55cd78810 code [0x000001f55cd790e0, 0x000001f55cd7f318]
Event: 76.144 Thread 0x000001f5514af060 15996       4       org.apache.maven.repository.internal.ArtifactDescriptorReaderDelegate::populateResult (426 bytes)
Event: 76.191 Thread 0x000001f569076220 16002       3       org.apache.maven.model.CiManagement::<init> (5 bytes)
Event: 76.192 Thread 0x000001f569076220 nmethod 16002 0x000001f5567bf490 code [0x000001f5567bf640, 0x000001f5567bf7a8]
Event: 76.226 Thread 0x000001f569076220 16004       3       java.lang.invoke.LambdaForm$MH/0x000001f501800c00::invoke (42 bytes)
Event: 76.231 Thread 0x000001f569076220 nmethod 16004 0x000001f5567bf890 code [0x000001f5567bfac0, 0x000001f5567c0400]
Event: 76.332 Thread 0x000001f569076220 16006       3       java.util.HashSet::toArray (16 bytes)
Event: 76.333 Thread 0x000001f569076220 nmethod 16006 0x000001f5567c0690 code [0x000001f5567c0840, 0x000001f5567c0a60]
Event: 77.630 Thread 0x000001f569076220 16007       3       org.eclipse.m2e.core.MavenPlugin::getMaven (7 bytes)
Event: 77.631 Thread 0x000001f569076220 nmethod 16007 0x000001f5567c0b90 code [0x000001f5567c0d60, 0x000001f5567c1070]
Event: 77.631 Thread 0x000001f569076220 16009       3       com.google.inject.internal.SingleParameterInjector::getAll (45 bytes)
Event: 77.632 Thread 0x000001f569076220 nmethod 16009 0x000001f5567c1190 code [0x000001f5567c1360, 0x000001f5567c17c8]
Event: 77.632 Thread 0x000001f569076220 16008       3       org.eclipse.m2e.core.internal.MavenPluginActivator::getMaven (10 bytes)
Event: 77.632 Thread 0x000001f569076220 nmethod 16008 0x000001f5567c1990 code [0x000001f5567c1b40, 0x000001f5567c1d90]
Event: 77.632 Thread 0x000001f569076220 16010       1       org.apache.maven.execution.DefaultMavenExecutionRequest::isUpdateSnapshots (5 bytes)
Event: 77.633 Thread 0x000001f569076220 nmethod 16010 0x000001f55cd82090 code [0x000001f55cd82220, 0x000001f55cd822f0]
Event: 77.633 Thread 0x000001f569076220 16011       3       org.eclipse.sisu.inject.RankedSequence$Content::<init> (37 bytes)
Event: 77.633 Thread 0x000001f569076220 nmethod 16011 0x000001f5567c1e90 code [0x000001f5567c2060, 0x000001f5567c24c0]

GC Heap History (20 events):
Event: 76.192 GC heap before
{Heap before GC invocations=808 (full 3):
 PSYoungGen      total 3584K, used 3104K [0x00000000d5580000, 0x00000000d5a80000, 0x0000000100000000)
  eden space 2560K, 100% used [0x00000000d5580000,0x00000000d5800000,0x00000000d5800000)
  from space 1024K, 53% used [0x00000000d5900000,0x00000000d5988000,0x00000000d5a00000)
  to   space 1024K, 0% used [0x00000000d5800000,0x00000000d5800000,0x00000000d5900000)
 ParOldGen       total 489984K, used 489818K [0x0000000080000000, 0x000000009de80000, 0x00000000d5580000)
  object space 489984K, 99% used [0x0000000080000000,0x000000009de568d8,0x000000009de80000)
 Metaspace       used 71616K, committed 73280K, reserved 1114112K
  class space    used 7400K, committed 8128K, reserved 1048576K
}
Event: 76.195 GC heap after
{Heap after GC invocations=808 (full 3):
 PSYoungGen      total 3584K, used 736K [0x00000000d5580000, 0x00000000d5a80000, 0x0000000100000000)
  eden space 2560K, 0% used [0x00000000d5580000,0x00000000d5580000,0x00000000d5800000)
  from space 1024K, 71% used [0x00000000d5800000,0x00000000d58b8000,0x00000000d5900000)
  to   space 1024K, 0% used [0x00000000d5980000,0x00000000d5980000,0x00000000d5a80000)
 ParOldGen       total 490496K, used 490082K [0x0000000080000000, 0x000000009df00000, 0x00000000d5580000)
  object space 490496K, 99% used [0x0000000080000000,0x000000009de988d8,0x000000009df00000)
 Metaspace       used 71616K, committed 73280K, reserved 1114112K
  class space    used 7400K, committed 8128K, reserved 1048576K
}
Event: 76.203 GC heap before
{Heap before GC invocations=809 (full 3):
 PSYoungGen      total 3584K, used 3296K [0x00000000d5580000, 0x00000000d5a80000, 0x0000000100000000)
  eden space 2560K, 100% used [0x00000000d5580000,0x00000000d5800000,0x00000000d5800000)
  from space 1024K, 71% used [0x00000000d5800000,0x00000000d58b8000,0x00000000d5900000)
  to   space 1024K, 0% used [0x00000000d5980000,0x00000000d5980000,0x00000000d5a80000)
 ParOldGen       total 490496K, used 490082K [0x0000000080000000, 0x000000009df00000, 0x00000000d5580000)
  object space 490496K, 99% used [0x0000000080000000,0x000000009de988d8,0x000000009df00000)
 Metaspace       used 71616K, committed 73280K, reserved 1114112K
  class space    used 7400K, committed 8128K, reserved 1048576K
}
Event: 76.205 GC heap after
{Heap after GC invocations=809 (full 3):
 PSYoungGen      total 4096K, used 640K [0x00000000d5580000, 0x00000000d5a80000, 0x0000000100000000)
  eden space 3072K, 0% used [0x00000000d5580000,0x00000000d5580000,0x00000000d5880000)
  from space 1024K, 62% used [0x00000000d5980000,0x00000000d5a20000,0x00000000d5a80000)
  to   space 1024K, 0% used [0x00000000d5880000,0x00000000d5880000,0x00000000d5980000)
 ParOldGen       total 490496K, used 490450K [0x0000000080000000, 0x000000009df00000, 0x00000000d5580000)
  object space 490496K, 99% used [0x0000000080000000,0x000000009def48d8,0x000000009df00000)
 Metaspace       used 71616K, committed 73280K, reserved 1114112K
  class space    used 7400K, committed 8128K, reserved 1048576K
}
Event: 76.213 GC heap before
{Heap before GC invocations=810 (full 3):
 PSYoungGen      total 4096K, used 3712K [0x00000000d5580000, 0x00000000d5a80000, 0x0000000100000000)
  eden space 3072K, 100% used [0x00000000d5580000,0x00000000d5880000,0x00000000d5880000)
  from space 1024K, 62% used [0x00000000d5980000,0x00000000d5a20000,0x00000000d5a80000)
  to   space 1024K, 0% used [0x00000000d5880000,0x00000000d5880000,0x00000000d5980000)
 ParOldGen       total 490496K, used 490450K [0x0000000080000000, 0x000000009df00000, 0x00000000d5580000)
  object space 490496K, 99% used [0x0000000080000000,0x000000009def48d8,0x000000009df00000)
 Metaspace       used 71616K, committed 73280K, reserved 1114112K
  class space    used 7400K, committed 8128K, reserved 1048576K
}
Event: 76.216 GC heap after
{Heap after GC invocations=810 (full 3):
 PSYoungGen      total 4096K, used 832K [0x00000000d5580000, 0x00000000d5b80000, 0x0000000100000000)
  eden space 3072K, 0% used [0x00000000d5580000,0x00000000d5580000,0x00000000d5880000)
  from space 1024K, 81% used [0x00000000d5880000,0x00000000d5950000,0x00000000d5980000)
  to   space 1024K, 0% used [0x00000000d5a80000,0x00000000d5a80000,0x00000000d5b80000)
 ParOldGen       total 491008K, used 490874K [0x0000000080000000, 0x000000009df80000, 0x00000000d5580000)
  object space 491008K, 99% used [0x0000000080000000,0x000000009df5e8f8,0x000000009df80000)
 Metaspace       used 71616K, committed 73280K, reserved 1114112K
  class space    used 7400K, committed 8128K, reserved 1048576K
}
Event: 76.226 GC heap before
{Heap before GC invocations=811 (full 3):
 PSYoungGen      total 4096K, used 3904K [0x00000000d5580000, 0x00000000d5b80000, 0x0000000100000000)
  eden space 3072K, 100% used [0x00000000d5580000,0x00000000d5880000,0x00000000d5880000)
  from space 1024K, 81% used [0x00000000d5880000,0x00000000d5950000,0x00000000d5980000)
  to   space 1024K, 0% used [0x00000000d5a80000,0x00000000d5a80000,0x00000000d5b80000)
 ParOldGen       total 491008K, used 490874K [0x0000000080000000, 0x000000009df80000, 0x00000000d5580000)
  object space 491008K, 99% used [0x0000000080000000,0x000000009df5e8f8,0x000000009df80000)
 Metaspace       used 71617K, committed 73280K, reserved 1114112K
  class space    used 7400K, committed 8128K, reserved 1048576K
}
Event: 76.229 GC heap after
{Heap after GC invocations=811 (full 3):
 PSYoungGen      total 5120K, used 544K [0x00000000d5580000, 0x00000000d5b80000, 0x0000000100000000)
  eden space 4096K, 0% used [0x00000000d5580000,0x00000000d5580000,0x00000000d5980000)
  from space 1024K, 53% used [0x00000000d5a80000,0x00000000d5b08000,0x00000000d5b80000)
  to   space 1024K, 0% used [0x00000000d5980000,0x00000000d5980000,0x00000000d5a80000)
 ParOldGen       total 491520K, used 491178K [0x0000000080000000, 0x000000009e000000, 0x00000000d5580000)
  object space 491520K, 99% used [0x0000000080000000,0x000000009dfaa8f8,0x000000009e000000)
 Metaspace       used 71617K, committed 73280K, reserved 1114112K
  class space    used 7400K, committed 8128K, reserved 1048576K
}
Event: 76.244 GC heap before
{Heap before GC invocations=812 (full 3):
 PSYoungGen      total 5120K, used 4640K [0x00000000d5580000, 0x00000000d5b80000, 0x0000000100000000)
  eden space 4096K, 100% used [0x00000000d5580000,0x00000000d5980000,0x00000000d5980000)
  from space 1024K, 53% used [0x00000000d5a80000,0x00000000d5b08000,0x00000000d5b80000)
  to   space 1024K, 0% used [0x00000000d5980000,0x00000000d5980000,0x00000000d5a80000)
 ParOldGen       total 491520K, used 491178K [0x0000000080000000, 0x000000009e000000, 0x00000000d5580000)
  object space 491520K, 99% used [0x0000000080000000,0x000000009dfaa8f8,0x000000009e000000)
 Metaspace       used 71617K, committed 73280K, reserved 1114112K
  class space    used 7400K, committed 8128K, reserved 1048576K
}
Event: 76.247 GC heap after
{Heap after GC invocations=812 (full 3):
 PSYoungGen      total 5120K, used 544K [0x00000000d5580000, 0x00000000d5c80000, 0x0000000100000000)
  eden space 4096K, 0% used [0x00000000d5580000,0x00000000d5580000,0x00000000d5980000)
  from space 1024K, 53% used [0x00000000d5980000,0x00000000d5a08000,0x00000000d5a80000)
  to   space 1024K, 0% used [0x00000000d5b80000,0x00000000d5b80000,0x00000000d5c80000)
 ParOldGen       total 491520K, used 491442K [0x0000000080000000, 0x000000009e000000, 0x00000000d5580000)
  object space 491520K, 99% used [0x0000000080000000,0x000000009dfec8f8,0x000000009e000000)
 Metaspace       used 71617K, committed 73280K, reserved 1114112K
  class space    used 7400K, committed 8128K, reserved 1048576K
}
Event: 76.264 GC heap before
{Heap before GC invocations=813 (full 3):
 PSYoungGen      total 5120K, used 4640K [0x00000000d5580000, 0x00000000d5c80000, 0x0000000100000000)
  eden space 4096K, 100% used [0x00000000d5580000,0x00000000d5980000,0x00000000d5980000)
  from space 1024K, 53% used [0x00000000d5980000,0x00000000d5a08000,0x00000000d5a80000)
  to   space 1024K, 0% used [0x00000000d5b80000,0x00000000d5b80000,0x00000000d5c80000)
 ParOldGen       total 491520K, used 491442K [0x0000000080000000, 0x000000009e000000, 0x00000000d5580000)
  object space 491520K, 99% used [0x0000000080000000,0x000000009dfec8f8,0x000000009e000000)
 Metaspace       used 71617K, committed 73280K, reserved 1114112K
  class space    used 7400K, committed 8128K, reserved 1048576K
}
Event: 76.267 GC heap after
{Heap after GC invocations=813 (full 3):
 PSYoungGen      total 5120K, used 736K [0x00000000d5580000, 0x00000000d5c80000, 0x0000000100000000)
  eden space 4096K, 0% used [0x00000000d5580000,0x00000000d5580000,0x00000000d5980000)
  from space 1024K, 71% used [0x00000000d5b80000,0x00000000d5c38000,0x00000000d5c80000)
  to   space 1024K, 0% used [0x00000000d5980000,0x00000000d5980000,0x00000000d5a80000)
 ParOldGen       total 492032K, used 491738K [0x0000000080000000, 0x000000009e080000, 0x00000000d5580000)
  object space 492032K, 99% used [0x0000000080000000,0x000000009e0368f8,0x000000009e080000)
 Metaspace       used 71617K, committed 73280K, reserved 1114112K
  class space    used 7400K, committed 8128K, reserved 1048576K
}
Event: 76.278 GC heap before
{Heap before GC invocations=814 (full 3):
 PSYoungGen      total 5120K, used 4832K [0x00000000d5580000, 0x00000000d5c80000, 0x0000000100000000)
  eden space 4096K, 100% used [0x00000000d5580000,0x00000000d5980000,0x00000000d5980000)
  from space 1024K, 71% used [0x00000000d5b80000,0x00000000d5c38000,0x00000000d5c80000)
  to   space 1024K, 0% used [0x00000000d5980000,0x00000000d5980000,0x00000000d5a80000)
 ParOldGen       total 492032K, used 491738K [0x0000000080000000, 0x000000009e080000, 0x00000000d5580000)
  object space 492032K, 99% used [0x0000000080000000,0x000000009e0368f8,0x000000009e080000)
 Metaspace       used 71617K, committed 73280K, reserved 1114112K
  class space    used 7400K, committed 8128K, reserved 1048576K
}
Event: 76.281 GC heap after
{Heap after GC invocations=814 (full 3):
 PSYoungGen      total 5120K, used 544K [0x00000000d5580000, 0x00000000d5c00000, 0x0000000100000000)
  eden space 4096K, 0% used [0x00000000d5580000,0x00000000d5580000,0x00000000d5980000)
  from space 1024K, 53% used [0x00000000d5980000,0x00000000d5a08000,0x00000000d5a80000)
  to   space 1024K, 0% used [0x00000000d5b00000,0x00000000d5b00000,0x00000000d5c00000)
 ParOldGen       total 492544K, used 492050K [0x0000000080000000, 0x000000009e100000, 0x00000000d5580000)
  object space 492544K, 99% used [0x0000000080000000,0x000000009e0848f8,0x000000009e100000)
 Metaspace       used 71617K, committed 73280K, reserved 1114112K
  class space    used 7400K, committed 8128K, reserved 1048576K
}
Event: 76.327 GC heap before
{Heap before GC invocations=815 (full 3):
 PSYoungGen      total 5120K, used 4640K [0x00000000d5580000, 0x00000000d5c00000, 0x0000000100000000)
  eden space 4096K, 100% used [0x00000000d5580000,0x00000000d5980000,0x00000000d5980000)
  from space 1024K, 53% used [0x00000000d5980000,0x00000000d5a08000,0x00000000d5a80000)
  to   space 1024K, 0% used [0x00000000d5b00000,0x00000000d5b00000,0x00000000d5c00000)
 ParOldGen       total 492544K, used 492050K [0x0000000080000000, 0x000000009e100000, 0x00000000d5580000)
  object space 492544K, 99% used [0x0000000080000000,0x000000009e0848f8,0x000000009e100000)
 Metaspace       used 71617K, committed 73280K, reserved 1114112K
  class space    used 7400K, committed 8128K, reserved 1048576K
}
Event: 76.331 GC heap after
{Heap after GC invocations=815 (full 3):
 PSYoungGen      total 4608K, used 512K [0x00000000d5580000, 0x00000000d5b80000, 0x0000000100000000)
  eden space 4096K, 0% used [0x00000000d5580000,0x00000000d5580000,0x00000000d5980000)
  from space 512K, 100% used [0x00000000d5b00000,0x00000000d5b80000,0x00000000d5b80000)
  to   space 1024K, 0% used [0x00000000d5980000,0x00000000d5980000,0x00000000d5a80000)
 ParOldGen       total 492544K, used 492386K [0x0000000080000000, 0x000000009e100000, 0x00000000d5580000)
  object space 492544K, 99% used [0x0000000080000000,0x000000009e0d88f8,0x000000009e100000)
 Metaspace       used 71617K, committed 73280K, reserved 1114112K
  class space    used 7400K, committed 8128K, reserved 1048576K
}
Event: 76.369 GC heap before
{Heap before GC invocations=816 (full 3):
 PSYoungGen      total 4608K, used 4608K [0x00000000d5580000, 0x00000000d5b80000, 0x0000000100000000)
  eden space 4096K, 100% used [0x00000000d5580000,0x00000000d5980000,0x00000000d5980000)
  from space 512K, 100% used [0x00000000d5b00000,0x00000000d5b80000,0x00000000d5b80000)
  to   space 1024K, 0% used [0x00000000d5980000,0x00000000d5980000,0x00000000d5a80000)
 ParOldGen       total 492544K, used 492386K [0x0000000080000000, 0x000000009e100000, 0x00000000d5580000)
  object space 492544K, 99% used [0x0000000080000000,0x000000009e0d88f8,0x000000009e100000)
 Metaspace       used 71617K, committed 73280K, reserved 1114112K
  class space    used 7400K, committed 8128K, reserved 1048576K
}
Event: 77.377 GC heap after
{Heap after GC invocations=816 (full 3):
 PSYoungGen      total 5120K, used 512K [0x00000000d5580000, 0x00000000d5c80000, 0x0000000100000000)
  eden space 4096K, 0% used [0x00000000d5580000,0x00000000d5580000,0x00000000d5980000)
  from space 1024K, 50% used [0x00000000d5980000,0x00000000d5a00000,0x00000000d5a80000)
  to   space 1024K, 0% used [0x00000000d5b80000,0x00000000d5b80000,0x00000000d5c80000)
 ParOldGen       total 493056K, used 492738K [0x0000000080000000, 0x000000009e180000, 0x00000000d5580000)
  object space 493056K, 99% used [0x0000000080000000,0x000000009e1308f8,0x000000009e180000)
 Metaspace       used 71617K, committed 73280K, reserved 1114112K
  class space    used 7400K, committed 8128K, reserved 1048576K
}
Event: 77.432 GC heap before
{Heap before GC invocations=817 (full 3):
 PSYoungGen      total 5120K, used 4606K [0x00000000d5580000, 0x00000000d5c80000, 0x0000000100000000)
  eden space 4096K, 99% used [0x00000000d5580000,0x00000000d597f818,0x00000000d5980000)
  from space 1024K, 50% used [0x00000000d5980000,0x00000000d5a00000,0x00000000d5a80000)
  to   space 1024K, 0% used [0x00000000d5b80000,0x00000000d5b80000,0x00000000d5c80000)
 ParOldGen       total 493056K, used 492738K [0x0000000080000000, 0x000000009e180000, 0x00000000d5580000)
  object space 493056K, 99% used [0x0000000080000000,0x000000009e1308f8,0x000000009e180000)
 Metaspace       used 71617K, committed 73280K, reserved 1114112K
  class space    used 7400K, committed 8128K, reserved 1048576K
}
Event: 77.435 GC heap after
{Heap after GC invocations=817 (full 3):
 PSYoungGen      total 5632K, used 352K [0x00000000d5580000, 0x00000000d5c00000, 0x0000000100000000)
  eden space 5120K, 0% used [0x00000000d5580000,0x00000000d5580000,0x00000000d5a80000)
  from space 512K, 68% used [0x00000000d5b80000,0x00000000d5bd8000,0x00000000d5c00000)
  to   space 512K, 0% used [0x00000000d5b00000,0x00000000d5b00000,0x00000000d5b80000)
 ParOldGen       total 493056K, used 493002K [0x0000000080000000, 0x000000009e180000, 0x00000000d5580000)
  object space 493056K, 99% used [0x0000000080000000,0x000000009e1728f8,0x000000009e180000)
 Metaspace       used 71617K, committed 73280K, reserved 1114112K
  class space    used 7400K, committed 8128K, reserved 1048576K
}

Dll operation events (10 events):
Event: 0.047 Loaded shared library c:\Users\Moorthy\.vscode\extensions\redhat.java-1.54.0-win32-x64\jre\21.0.10-win32-x86_64\bin\java.dll
Event: 0.291 Loaded shared library c:\Users\Moorthy\.vscode\extensions\redhat.java-1.54.0-win32-x64\jre\21.0.10-win32-x86_64\bin\zip.dll
Event: 0.356 Loaded shared library C:\Users\Moorthy\.vscode\extensions\redhat.java-1.54.0-win32-x64\jre\21.0.10-win32-x86_64\bin\instrument.dll
Event: 0.374 Loaded shared library C:\Users\Moorthy\.vscode\extensions\redhat.java-1.54.0-win32-x64\jre\21.0.10-win32-x86_64\bin\net.dll
Event: 0.388 Loaded shared library C:\Users\Moorthy\.vscode\extensions\redhat.java-1.54.0-win32-x64\jre\21.0.10-win32-x86_64\bin\nio.dll
Event: 0.397 Loaded shared library C:\Users\Moorthy\.vscode\extensions\redhat.java-1.54.0-win32-x64\jre\21.0.10-win32-x86_64\bin\zip.dll
Event: 0.452 Loaded shared library C:\Users\Moorthy\.vscode\extensions\redhat.java-1.54.0-win32-x64\jre\21.0.10-win32-x86_64\bin\jimage.dll
Event: 0.710 Loaded shared library c:\Users\Moorthy\.vscode\extensions\redhat.java-1.54.0-win32-x64\jre\21.0.10-win32-x86_64\bin\verify.dll
Event: 5.126 Loaded shared library C:\Users\Moorthy\AppData\Roaming\Code\User\globalStorage\redhat.java\1.54.0\config_win\org.eclipse.equinox.launcher\org.eclipse.equinox.launcher.win32.win32.x86_64_1.3.0.v20260203-2149\eclipse_11919.dll
Event: 10.580 Loaded shared library C:\Users\Moorthy\AppData\Local\Temp\jna--1392803008\jna690845645221685689.dll

Deoptimization events (20 events):
Event: 72.890 Thread 0x000001f56ef7a4e0 DEOPT PACKING pc=0x000001f55c8cfd24 sp=0x000000d3735fe490
Event: 72.891 Thread 0x000001f56ef7a4e0 DEOPT UNPACKING pc=0x000001f55bb83aa2 sp=0x000000d3735fe400 mode 2
Event: 73.077 Thread 0x000001f56ef7a4e0 Uncommon trap: trap_request=0xffffffde fr.pc=0x000001f55c8e1218 relative=0x0000000000001898
Event: 73.077 Thread 0x000001f56ef7a4e0 Uncommon trap: reason=class_check action=maybe_recompile pc=0x000001f55c8e1218 method=org.eclipse.jdt.internal.core.JavaModelCache.peekAtInfo(Lorg/eclipse/jdt/core/IJavaElement;)Lorg/eclipse/jdt/internal/compiler/env/IElementInfo; @ 91 c2
Event: 73.077 Thread 0x000001f56ef7a4e0 DEOPT PACKING pc=0x000001f55c8e1218 sp=0x000000d3735fece0
Event: 73.077 Thread 0x000001f56ef7a4e0 DEOPT UNPACKING pc=0x000001f55bb83aa2 sp=0x000000d3735febe0 mode 2
Event: 73.168 Thread 0x000001f56ef7a4e0 Uncommon trap: trap_request=0xffffffd6 fr.pc=0x000001f55cb4c920 relative=0x0000000000001860
Event: 73.168 Thread 0x000001f56ef7a4e0 Uncommon trap: reason=array_check action=maybe_recompile pc=0x000001f55cb4c920 method=org.eclipse.jdt.internal.core.JavaProjectElementInfo.getProjectCache(Lorg/eclipse/jdt/internal/core/JavaProject;Z)Lorg/eclipse/jdt/internal/core/JavaProjectElementInfo$P
Event: 73.168 Thread 0x000001f56ef7a4e0 DEOPT PACKING pc=0x000001f55cb4c920 sp=0x000000d3735fe6c0
Event: 73.168 Thread 0x000001f56ef7a4e0 DEOPT UNPACKING pc=0x000001f55bb83aa2 sp=0x000000d3735fe6a0 mode 2
Event: 73.169 Thread 0x000001f56ef7a4e0 DEOPT PACKING pc=0x000001f5562bdfe5 sp=0x000000d3735fe6f0
Event: 73.169 Thread 0x000001f56ef7a4e0 DEOPT UNPACKING pc=0x000001f55bb84242 sp=0x000000d3735fdb90 mode 0
Event: 73.345 Thread 0x000001f571989830 Uncommon trap: trap_request=0xffffff45 fr.pc=0x000001f55c76fce4 relative=0x0000000000000e04
Event: 73.345 Thread 0x000001f571989830 Uncommon trap: reason=unstable_if action=reinterpret pc=0x000001f55c76fce4 method=java.util.concurrent.ConcurrentHashMap.computeIfAbsent(Ljava/lang/Object;Ljava/util/function/Function;)Ljava/lang/Object; @ 364 c2
Event: 73.345 Thread 0x000001f571989830 DEOPT PACKING pc=0x000001f55c76fce4 sp=0x000000d374dfc590
Event: 73.345 Thread 0x000001f571989830 DEOPT UNPACKING pc=0x000001f55bb83aa2 sp=0x000000d374dfc508 mode 2
Event: 76.008 Thread 0x000001f571cfcf80 DEOPT PACKING pc=0x000001f5564d9ab1 sp=0x000000d3714fe9d0
Event: 76.008 Thread 0x000001f571cfcf80 DEOPT UNPACKING pc=0x000001f55bb84242 sp=0x000000d3714fdf30 mode 0
Event: 76.368 Thread 0x000001f571cff6e0 DEOPT PACKING pc=0x000001f5564d9ab1 sp=0x000000d3775fe5b0
Event: 76.368 Thread 0x000001f571cff6e0 DEOPT UNPACKING pc=0x000001f55bb84242 sp=0x000000d3775fdb10 mode 0

Classes loaded (20 events):
Event: 35.600 Loading class java/util/Collections$2
Event: 35.601 Loading class java/util/Collections$2 done
Event: 43.503 Loading class java/io/CharArrayWriter
Event: 43.504 Loading class java/io/CharArrayWriter done
Event: 43.519 Loading class java/nio/file/attribute/PosixFileAttributes
Event: 43.520 Loading class java/nio/file/attribute/PosixFileAttributes done
Event: 43.877 Loading class javax/xml/transform/TransformerConfigurationException
Event: 43.877 Loading class javax/xml/transform/TransformerConfigurationException done
Event: 45.760 Loading class sun/nio/fs/WindowsFileCopy
Event: 45.763 Loading class sun/nio/fs/WindowsFileCopy done
Event: 48.838 Loading class java/util/stream/DistinctOps
Event: 48.839 Loading class java/util/stream/DistinctOps done
Event: 48.841 Loading class java/util/stream/DistinctOps$1
Event: 48.842 Loading class java/util/stream/DistinctOps$1 done
Event: 48.853 Loading class java/util/stream/DistinctOps$1$2
Event: 48.853 Loading class java/util/stream/DistinctOps$1$2 done
Event: 62.880 Loading class java/lang/Throwable$WrappedPrintWriter
Event: 62.881 Loading class java/lang/Throwable$PrintStreamOrWriter
Event: 62.881 Loading class java/lang/Throwable$PrintStreamOrWriter done
Event: 62.881 Loading class java/lang/Throwable$WrappedPrintWriter done

Classes unloaded (7 events):
Event: 12.602 Thread 0x000001f567be49d0 Unloading class 0x000001f5011ad400 'java/lang/invoke/LambdaForm$MH+0x000001f5011ad400'
Event: 12.602 Thread 0x000001f567be49d0 Unloading class 0x000001f5011ad000 'java/lang/invoke/LambdaForm$MH+0x000001f5011ad000'
Event: 12.602 Thread 0x000001f567be49d0 Unloading class 0x000001f5011acc00 'java/lang/invoke/LambdaForm$MH+0x000001f5011acc00'
Event: 12.602 Thread 0x000001f567be49d0 Unloading class 0x000001f5011ac800 'java/lang/invoke/LambdaForm$MH+0x000001f5011ac800'
Event: 12.602 Thread 0x000001f567be49d0 Unloading class 0x000001f5011ac400 'java/lang/invoke/LambdaForm$BMH+0x000001f5011ac400'
Event: 12.602 Thread 0x000001f567be49d0 Unloading class 0x000001f5011ac000 'java/lang/invoke/LambdaForm$DMH+0x000001f5011ac000'
Event: 12.602 Thread 0x000001f567be49d0 Unloading class 0x000001f5011aac00 'java/lang/invoke/LambdaForm$DMH+0x000001f5011aac00'

Classes redefined (0 events):
No events

Internal exceptions (20 events):
Event: 73.336 Thread 0x000001f57198d340 Exception <a 'sun/nio/fs/WindowsException'{0x00000000d57085d0}> (0x00000000d57085d0) 
thrown [s\src\hotspot\share\prims\jni.cpp, line 520]
Event: 73.336 Thread 0x000001f57198d340 Exception <a 'sun/nio/fs/WindowsException'{0x00000000d57099e8}> (0x00000000d57099e8) 
thrown [s\src\hotspot\share\prims\jni.cpp, line 520]
Event: 73.336 Thread 0x000001f571989830 Exception <a 'sun/nio/fs/WindowsException'{0x00000000d56fc7c8}> (0x00000000d56fc7c8) 
thrown [s\src\hotspot\share\prims\jni.cpp, line 520]
Event: 73.336 Thread 0x000001f571989830 Exception <a 'sun/nio/fs/WindowsException'{0x00000000d56fd188}> (0x00000000d56fd188) 
thrown [s\src\hotspot\share\prims\jni.cpp, line 520]
Event: 73.340 Thread 0x000001f571989830 Exception <a 'sun/nio/fs/WindowsException'{0x00000000d55ba478}> (0x00000000d55ba478) 
thrown [s\src\hotspot\share\prims\jni.cpp, line 520]
Event: 73.340 Thread 0x000001f571989830 Exception <a 'sun/nio/fs/WindowsException'{0x00000000d55bae38}> (0x00000000d55bae38) 
thrown [s\src\hotspot\share\prims\jni.cpp, line 520]
Event: 73.352 Thread 0x000001f57198e060 Exception <a 'sun/nio/fs/WindowsException'{0x00000000d55b7c68}> (0x00000000d55b7c68) 
thrown [s\src\hotspot\share\prims\jni.cpp, line 520]
Event: 73.352 Thread 0x000001f57198e060 Exception <a 'sun/nio/fs/WindowsException'{0x00000000d55dbc68}> (0x00000000d55dbc68) 
thrown [s\src\hotspot\share\prims\jni.cpp, line 520]
Event: 73.356 Thread 0x000001f57198d340 Exception <a 'sun/nio/fs/WindowsException'{0x00000000d5671f20}> (0x00000000d5671f20) 
thrown [s\src\hotspot\share\prims\jni.cpp, line 520]
Event: 73.356 Thread 0x000001f57198d340 Exception <a 'sun/nio/fs/WindowsException'{0x00000000d5672630}> (0x00000000d5672630) 
thrown [s\src\hotspot\share\prims\jni.cpp, line 520]
Event: 73.398 Thread 0x000001f57198d340 Exception <a 'sun/nio/fs/WindowsException'{0x00000000d56f4d00}> (0x00000000d56f4d00) 
thrown [s\src\hotspot\share\prims\jni.cpp, line 520]
Event: 73.398 Thread 0x000001f57198d340 Exception <a 'sun/nio/fs/WindowsException'{0x00000000d56f5410}> (0x00000000d56f5410) 
thrown [s\src\hotspot\share\prims\jni.cpp, line 520]
Event: 73.403 Thread 0x000001f57198e060 Exception <a 'sun/nio/fs/WindowsException'{0x00000000d5774ea8}> (0x00000000d5774ea8) 
thrown [s\src\hotspot\share\prims\jni.cpp, line 520]
Event: 73.403 Thread 0x000001f57198e060 Exception <a 'sun/nio/fs/WindowsException'{0x00000000d57755b8}> (0x00000000d57755b8) 
thrown [s\src\hotspot\share\prims\jni.cpp, line 520]
Event: 73.416 Thread 0x000001f57198d340 Exception <a 'sun/nio/fs/WindowsException'{0x00000000d5697f18}> (0x00000000d5697f18) 
thrown [s\src\hotspot\share\prims\jni.cpp, line 520]
Event: 73.416 Thread 0x000001f57198d340 Exception <a 'sun/nio/fs/WindowsException'{0x00000000d5698628}> (0x00000000d5698628) 
thrown [s\src\hotspot\share\prims\jni.cpp, line 520]
Event: 73.419 Thread 0x000001f57198e060 Exception <a 'sun/nio/fs/WindowsException'{0x00000000d56ba0c8}> (0x00000000d56ba0c8) 
thrown [s\src\hotspot\share\prims\jni.cpp, line 520]
Event: 73.419 Thread 0x000001f57198e060 Exception <a 'sun/nio/fs/WindowsException'{0x00000000d56bbf30}> (0x00000000d56bbf30) 
thrown [s\src\hotspot\share\prims\jni.cpp, line 520]
Event: 77.634 Thread 0x000001f571989830 Exception <a 'sun/nio/fs/WindowsException'{0x00000000d57869d8}> (0x00000000d57869d8) 
thrown [s\src\hotspot\share\prims\jni.cpp, line 520]
Event: 77.635 Thread 0x000001f571989830 Exception <a 'sun/nio/fs/WindowsException'{0x00000000d5787398}> (0x00000000d5787398) 
thrown [s\src\hotspot\share\prims\jni.cpp, line 520]

ZGC Phase Switch (0 events):
No events

VM Operations (20 events):
Event: 76.203 Executing safepoint VM operation: ParallelGCFailedAllocation (Allocation Failure)
Event: 76.205 Executing safepoint VM operation: ParallelGCFailedAllocation (Allocation Failure) done
Event: 76.213 Executing safepoint VM operation: ParallelGCFailedAllocation (Allocation Failure)
Event: 76.216 Executing safepoint VM operation: ParallelGCFailedAllocation (Allocation Failure) done
Event: 76.226 Executing safepoint VM operation: ParallelGCFailedAllocation (Allocation Failure)
Event: 76.229 Executing safepoint VM operation: ParallelGCFailedAllocation (Allocation Failure) done
Event: 76.243 Executing safepoint VM operation: ParallelGCFailedAllocation (Allocation Failure)
Event: 76.247 Executing safepoint VM operation: ParallelGCFailedAllocation (Allocation Failure) done
Event: 76.264 Executing safepoint VM operation: ParallelGCFailedAllocation (Allocation Failure)
Event: 76.267 Executing safepoint VM operation: ParallelGCFailedAllocation (Allocation Failure) done
Event: 76.278 Executing safepoint VM operation: ParallelGCFailedAllocation (Allocation Failure)
Event: 76.281 Executing safepoint VM operation: ParallelGCFailedAllocation (Allocation Failure) done
Event: 76.327 Executing safepoint VM operation: ParallelGCFailedAllocation (Allocation Failure)
Event: 76.331 Executing safepoint VM operation: ParallelGCFailedAllocation (Allocation Failure) done
Event: 76.369 Executing safepoint VM operation: ParallelGCFailedAllocation (Allocation Failure)
Event: 77.377 Executing safepoint VM operation: ParallelGCFailedAllocation (Allocation Failure) done
Event: 77.432 Executing safepoint VM operation: ParallelGCFailedAllocation (Allocation Failure)
Event: 77.435 Executing safepoint VM operation: ParallelGCFailedAllocation (Allocation Failure) done
Event: 78.440 Executing safepoint VM operation: Cleanup
Event: 78.440 Executing safepoint VM operation: Cleanup done

Memory protections (0 events):
No events

Nmethod flushes (20 events):
Event: 28.831 Thread 0x000001f567be49d0 flushing  nmethod 0x000001f55501af90
Event: 28.831 Thread 0x000001f567be49d0 flushing  nmethod 0x000001f55501b590
Event: 28.831 Thread 0x000001f567be49d0 flushing  nmethod 0x000001f555025b90
Event: 28.831 Thread 0x000001f567be49d0 flushing  nmethod 0x000001f555028890
Event: 28.831 Thread 0x000001f567be49d0 flushing  nmethod 0x000001f555036810
Event: 28.831 Thread 0x000001f567be49d0 flushing  nmethod 0x000001f555036c90
Event: 28.831 Thread 0x000001f567be49d0 flushing  nmethod 0x000001f555037210
Event: 28.831 Thread 0x000001f567be49d0 flushing  nmethod 0x000001f555037790
Event: 28.831 Thread 0x000001f567be49d0 flushing  nmethod 0x000001f555037c90
Event: 28.831 Thread 0x000001f567be49d0 flushing  nmethod 0x000001f555038290
Event: 28.831 Thread 0x000001f567be49d0 flushing  nmethod 0x000001f555038b10
Event: 28.831 Thread 0x000001f567be49d0 flushing  nmethod 0x000001f555038e90
Event: 28.831 Thread 0x000001f567be49d0 flushing  nmethod 0x000001f555039390
Event: 28.831 Thread 0x000001f567be49d0 flushing  nmethod 0x000001f55503a610
Event: 28.831 Thread 0x000001f567be49d0 flushing  nmethod 0x000001f55503b310
Event: 28.831 Thread 0x000001f567be49d0 flushing  nmethod 0x000001f555042290
Event: 28.831 Thread 0x000001f567be49d0 flushing  nmethod 0x000001f555047090
Event: 28.831 Thread 0x000001f567be49d0 flushing  nmethod 0x000001f55506b410
Event: 28.831 Thread 0x000001f567be49d0 flushing  nmethod 0x000001f55506da10
Event: 28.831 Thread 0x000001f567be49d0 flushing  nmethod 0x000001f555082a10

Events (20 events):
Event: 70.704 Thread 0x000001f56ef7a4e0 Thread added: 0x000001f571d01120
Event: 70.724 Thread 0x000001f569076220 Thread added: 0x000001f56ed1d250
Event: 70.725 Thread 0x000001f569076220 Thread added: 0x000001f56ed21670
Event: 71.096 Thread 0x000001f571cfb540 Thread exited: 0x000001f571cfb540
Event: 71.096 Thread 0x000001f571cfcf80 Thread exited: 0x000001f571cfcf80
Event: 71.096 Thread 0x000001f571d01120 Thread exited: 0x000001f571d01120
Event: 71.097 Thread 0x000001f571cff6e0 Thread exited: 0x000001f571cff6e0
Event: 71.097 Thread 0x000001f571cfc260 Thread exited: 0x000001f571cfc260
Event: 72.043 Thread 0x000001f56ed21670 Thread exited: 0x000001f56ed21670
Event: 72.140 Thread 0x000001f56ed1d250 Thread exited: 0x000001f56ed1d250
Event: 73.808 Thread 0x000001f571989830 Thread added: 0x000001f571cfdca0
Event: 73.808 Thread 0x000001f571989830 Thread added: 0x000001f571cfe330
Event: 73.808 Thread 0x000001f571989830 Thread added: 0x000001f571cfcf80
Event: 73.808 Thread 0x000001f571989830 Thread added: 0x000001f571cfb540
Event: 73.808 Thread 0x000001f571989830 Thread added: 0x000001f571cff6e0
Event: 77.389 Thread 0x000001f571cfcf80 Thread exited: 0x000001f571cfcf80
Event: 77.389 Thread 0x000001f571cff6e0 Thread exited: 0x000001f571cff6e0
Event: 77.389 Thread 0x000001f571cfb540 Thread exited: 0x000001f571cfb540
Event: 77.390 Thread 0x000001f571cfdca0 Thread exited: 0x000001f571cfdca0
Event: 77.390 Thread 0x000001f571cfe330 Thread exited: 0x000001f571cfe330


Dynamic libraries:
0x00007ff6dace0000 - 0x00007ff6dacee000 	c:\Users\Moorthy\.vscode\extensions\redhat.java-1.54.0-win32-x64\jre\21.0.10-win32-x86_64\bin\java.exe
0x00007fff1f180000 - 0x00007fff1f3e6000 	C:\WINDOWS\SYSTEM32\ntdll.dll
0x00007fff1d9e0000 - 0x00007fff1daa9000 	C:\WINDOWS\System32\KERNEL32.DLL
0x00007fff1c6c0000 - 0x00007fff1caba000 	C:\WINDOWS\System32\KERNELBASE.dll
0x00007fff1cac0000 - 0x00007fff1cc0c000 	C:\WINDOWS\System32\ucrtbase.dll
0x00007ffee91b0000 - 0x00007ffee91ce000 	c:\Users\Moorthy\.vscode\extensions\redhat.java-1.54.0-win32-x64\jre\21.0.10-win32-x86_64\bin\VCRUNTIME140.dll
0x00007fff079e0000 - 0x00007fff079f8000 	c:\Users\Moorthy\.vscode\extensions\redhat.java-1.54.0-win32-x64\jre\21.0.10-win32-x86_64\bin\jli.dll
0x00007fff1ea60000 - 0x00007fff1ec27000 	C:\WINDOWS\System32\USER32.dll
0x00007fff1cd40000 - 0x00007fff1cd67000 	C:\WINDOWS\System32\win32u.dll
0x00007fff00e20000 - 0x00007fff010b2000 	C:\WINDOWS\WinSxS\amd64_microsoft.windows.common-controls_6595b64144ccf1df_6.0.26100.8521_none_3e08b75ce33403b3\COMCTL32.dll
0x00007fff1f110000 - 0x00007fff1f13b000 	C:\WINDOWS\System32\GDI32.dll
0x00007fff1de40000 - 0x00007fff1dee9000 	C:\WINDOWS\System32\msvcrt.dll
0x00007fff1cc10000 - 0x00007fff1cd3b000 	C:\WINDOWS\System32\gdi32full.dll
0x00007fff1c410000 - 0x00007fff1c4b3000 	C:\WINDOWS\System32\msvcp_win.dll
0x00007fff1cf70000 - 0x00007fff1cfa2000 	C:\WINDOWS\System32\IMM32.DLL
0x00007fff09170000 - 0x00007fff0917c000 	c:\Users\Moorthy\.vscode\extensions\redhat.java-1.54.0-win32-x64\jre\21.0.10-win32-x86_64\bin\vcruntime140_1.dll
0x00007ffee7ac0000 - 0x00007ffee7b4d000 	c:\Users\Moorthy\.vscode\extensions\redhat.java-1.54.0-win32-x64\jre\21.0.10-win32-x86_64\bin\msvcp140.dll
0x00007ffe1bd30000 - 0x00007ffe1cad1000 	c:\Users\Moorthy\.vscode\extensions\redhat.java-1.54.0-win32-x64\jre\21.0.10-win32-x86_64\bin\server\jvm.dll
0x00007fff1f050000 - 0x00007fff1f106000 	C:\WINDOWS\System32\ADVAPI32.dll
0x00007fff1e060000 - 0x00007fff1e10a000 	C:\WINDOWS\System32\sechost.dll
0x00007fff1e120000 - 0x00007fff1e238000 	C:\WINDOWS\System32\RPCRT4.dll
0x00007fff1cfb0000 - 0x00007fff1d030000 	C:\WINDOWS\System32\WS2_32.dll
0x00007fff168d0000 - 0x00007fff16906000 	C:\WINDOWS\SYSTEM32\WINMM.dll
0x00007fff1c270000 - 0x00007fff1c2ce000 	C:\WINDOWS\SYSTEM32\POWRPROF.dll
0x00007fff084a0000 - 0x00007fff084ab000 	C:\WINDOWS\SYSTEM32\VERSION.dll
0x00007fff1c250000 - 0x00007fff1c264000 	C:\WINDOWS\SYSTEM32\UMPDC.dll
0x00007fff1b1a0000 - 0x00007fff1b1bb000 	C:\WINDOWS\SYSTEM32\kernel.appcore.dll
0x00007fff08c80000 - 0x00007fff08c8a000 	c:\Users\Moorthy\.vscode\extensions\redhat.java-1.54.0-win32-x64\jre\21.0.10-win32-x86_64\bin\jimage.dll
0x00007fff19a20000 - 0x00007fff19c62000 	C:\WINDOWS\SYSTEM32\DBGHELP.DLL
0x00007fff1dab0000 - 0x00007fff1de33000 	C:\WINDOWS\System32\combase.dll
0x00007fff1e2c0000 - 0x00007fff1e399000 	C:\WINDOWS\System32\OLEAUT32.dll
0x00007fff16520000 - 0x00007fff1655b000 	C:\WINDOWS\SYSTEM32\dbgcore.DLL
0x00007fff1c580000 - 0x00007fff1c628000 	C:\WINDOWS\System32\bcryptPrimitives.dll
0x00007fff08710000 - 0x00007fff0871f000 	c:\Users\Moorthy\.vscode\extensions\redhat.java-1.54.0-win32-x64\jre\21.0.10-win32-x86_64\bin\instrument.dll
0x00007ffee8ed0000 - 0x00007ffee8ef0000 	c:\Users\Moorthy\.vscode\extensions\redhat.java-1.54.0-win32-x64\jre\21.0.10-win32-x86_64\bin\java.dll
0x00007fff1d1c0000 - 0x00007fff1d944000 	C:\WINDOWS\System32\SHELL32.dll
0x00007fff19fa0000 - 0x00007fff1a820000 	C:\WINDOWS\SYSTEM32\windows.storage.dll
0x00007fff1d0b0000 - 0x00007fff1d1a6000 	C:\WINDOWS\System32\SHCORE.dll
0x00007fff1d040000 - 0x00007fff1d0a7000 	C:\WINDOWS\System32\shlwapi.dll
0x00007fff1c330000 - 0x00007fff1c359000 	C:\WINDOWS\SYSTEM32\profapi.dll
0x00007ffee8f40000 - 0x00007ffee8f58000 	c:\Users\Moorthy\.vscode\extensions\redhat.java-1.54.0-win32-x64\jre\21.0.10-win32-x86_64\bin\zip.dll
0x00007fff079d0000 - 0x00007fff079e0000 	C:\Users\Moorthy\.vscode\extensions\redhat.java-1.54.0-win32-x64\jre\21.0.10-win32-x86_64\bin\net.dll
0x00007fff105a0000 - 0x00007fff106c9000 	C:\WINDOWS\SYSTEM32\WINHTTP.dll
0x00007fff1b710000 - 0x00007fff1b77c000 	C:\WINDOWS\system32\mswsock.dll
0x00007ffee8e40000 - 0x00007ffee8e56000 	C:\Users\Moorthy\.vscode\extensions\redhat.java-1.54.0-win32-x64\jre\21.0.10-win32-x86_64\bin\nio.dll
0x00007ffef3b60000 - 0x00007ffef3b70000 	c:\Users\Moorthy\.vscode\extensions\redhat.java-1.54.0-win32-x64\jre\21.0.10-win32-x86_64\bin\verify.dll
0x00007ffee85a0000 - 0x00007ffee85e5000 	C:\Users\Moorthy\AppData\Roaming\Code\User\globalStorage\redhat.java\1.54.0\config_win\org.eclipse.equinox.launcher\org.eclipse.equinox.launcher.win32.win32.x86_64_1.3.0.v20260203-2149\eclipse_11919.dll
0x00007fff1e3a0000 - 0x00007fff1e538000 	C:\WINDOWS\System32\ole32.dll
0x00007fff1b9f0000 - 0x00007fff1ba0b000 	C:\WINDOWS\SYSTEM32\CRYPTSP.dll
0x00007fff1b100000 - 0x00007fff1b139000 	C:\WINDOWS\system32\rsaenh.dll
0x00007fff1b7c0000 - 0x00007fff1b7f3000 	C:\WINDOWS\SYSTEM32\USERENV.dll
0x00007fff1c300000 - 0x00007fff1c32a000 	C:\WINDOWS\SYSTEM32\bcrypt.dll
0x00007fff1ba10000 - 0x00007fff1ba1c000 	C:\WINDOWS\SYSTEM32\CRYPTBASE.dll
0x00007fff1ac90000 - 0x00007fff1acc3000 	C:\WINDOWS\SYSTEM32\IPHLPAPI.DLL
0x00007fff1d1b0000 - 0x00007fff1d1ba000 	C:\WINDOWS\System32\NSI.dll
0x00007ffedd5a0000 - 0x00007ffedd5e9000 	C:\Users\Moorthy\AppData\Local\Temp\jna--1392803008\jna690845645221685689.dll
0x00007fff1def0000 - 0x00007fff1def8000 	C:\WINDOWS\System32\PSAPI.DLL
0x00007fff10e00000 - 0x00007fff10e1d000 	C:\WINDOWS\SYSTEM32\dhcpcsvc6.DLL
0x00007fff10d70000 - 0x00007fff10d95000 	C:\WINDOWS\SYSTEM32\dhcpcsvc.DLL

JVMTI agents:
c:\Users\Moorthy\.vscode\extensions\redhat.java-1.54.0-win32-x64\lombok\lombok-1.18.39-4050.jar path:c:\Users\Moorthy\.vscode\extensions\redhat.java-1.54.0-win32-x64\jre\21.0.10-win32-x86_64\bin\instrument.dll, loaded, initialized, instrumentlib options:none

dbghelp: loaded successfully - version: 4.0.5 - missing functions: none
symbol engine: initialized successfully - sym options: 0x614 - pdb path: .;c:\Users\Moorthy\.vscode\extensions\redhat.java-1.54.0-win32-x64\jre\21.0.10-win32-x86_64\bin;C:\WINDOWS\SYSTEM32;C:\WINDOWS\WinSxS\amd64_microsoft.windows.common-controls_6595b64144ccf1df_6.0.26100.8521_none_3e08b75ce33403b3;c:\Users\Moorthy\.vscode\extensions\redhat.java-1.54.0-win32-x64\jre\21.0.10-win32-x86_64\bin\server;C:\Users\Moorthy\AppData\Roaming\Code\User\globalStorage\redhat.java\1.54.0\config_win\org.eclipse.equinox.launcher\org.eclipse.equinox.launcher.win32.win32.x86_64_1.3.0.v20260203-2149;C:\Users\Moorthy\AppData\Local\Temp\jna--1392803008

VM Arguments:
jvm_args: --add-modules=ALL-SYSTEM --add-opens=java.base/java.util=ALL-UNNAMED --add-opens=java.base/java.lang=ALL-UNNAMED --add-opens=java.base/sun.nio.fs=ALL-UNNAMED -Declipse.application=org.eclipse.jdt.ls.core.id1 -Dosgi.bundles.defaultStartLevel=4 -Declipse.product=org.eclipse.jdt.ls.core.product -Djava.import.generatesMetadataFilesAtProjectRoot=false -DDetectVMInstallationsJob.disabled=true -Dfile.encoding=utf8 -XX:+UseParallelGC -XX:GCTimeRatio=4 -XX:AdaptiveSizePolicyWeight=90 -Dsun.zip.disableMemoryMapping=true -Xmx2G -Xms100m -Xlog:disable -javaagent:c:\Users\Moorthy\.vscode\extensions\redhat.java-1.54.0-win32-x64\lombok\lombok-1.18.39-4050.jar -XX:+HeapDumpOnOutOfMemoryError -XX:HeapDumpPath=c:\Users\Moorthy\AppData\Roaming\Code\User\workspaceStorage\a7b8b840adc06a15123203cd541b35c9\redhat.java -Daether.dependencyCollector.impl=bf 
java_command: c:\Users\Moorthy\.vscode\extensions\redhat.java-1.54.0-win32-x64\server\plugins\org.eclipse.equinox.launcher_1.7.100.v20251111-0406.jar -configuration c:\Users\Moorthy\AppData\Roaming\Code\User\globalStorage\redhat.java\1.54.0\config_win -data c:\Users\Moorthy\AppData\Roaming\Code\User\workspaceStorage\a7b8b840adc06a15123203cd541b35c9\redhat.java\jdt_ws --pipe=\\.\pipe\lsp-5df06f538700167809834ea9a88ca2ba-sock
java_class_path (initial): c:\Users\Moorthy\.vscode\extensions\redhat.java-1.54.0-win32-x64\server\plugins\org.eclipse.equinox.launcher_1.7.100.v20251111-0406.jar
Launcher Type: SUN_STANDARD

[Global flags]
    uintx AdaptiveSizePolicyWeight                 = 90                                        {product} {command line}
     intx CICompilerCount                          = 4                                         {product} {ergonomic}
    uintx GCTimeRatio                              = 4                                         {product} {command line}
     bool HeapDumpOnOutOfMemoryError               = true                                   {manageable} {command line}
    ccstr HeapDumpPath                             = c:\Users\Moorthy\AppData\Roaming\Code\User\workspaceStorage\a7b8b840adc06a15123203cd541b35c9\redhat.java         {manageable} {command line}
   size_t InitialHeapSize                          = 104857600                                 {product} {command line}
   size_t MaxHeapSize                              = 2147483648                                {product} {command line}
   size_t MaxNewSize                               = 715653120                                 {product} {ergonomic}
   size_t MinHeapDeltaBytes                        = 524288                                    {product} {ergonomic}
   size_t MinHeapSize                              = 104857600                                 {product} {command line}
   size_t NewSize                                  = 34603008                                  {product} {ergonomic}
    uintx NonNMethodCodeHeapSize                   = 5839372                                {pd product} {ergonomic}
    uintx NonProfiledCodeHeapSize                  = 122909434                              {pd product} {ergonomic}
   size_t OldSize                                  = 70254592                                  {product} {ergonomic}
    uintx ProfiledCodeHeapSize                     = 122909434                              {pd product} {ergonomic}
    uintx ReservedCodeCacheSize                    = 251658240                              {pd product} {ergonomic}
     bool SegmentedCodeCache                       = true                                      {product} {ergonomic}
   size_t SoftMaxHeapSize                          = 2147483648                             {manageable} {ergonomic}
     bool UseCompressedOops                        = true                           {product lp64_product} {ergonomic}
     bool UseLargePagesIndividualAllocation        = false                                  {pd product} {ergonomic}
     bool UseParallelGC                            = true                                      {product} {command line}

Logging:
Log output configuration:
 #0: stdout all=off uptime,level,tags foldmultilines=false
 #1: stderr all=off uptime,level,tags foldmultilines=false

Release file:
JAVA_VERSION="21.0.10" 
MODULES="java.base java.compiler java.datatransfer java.xml java.prefs java.desktop java.instrument java.logging java.management java.security.sasl java.naming java.rmi java.management.rmi java.net.http java.scripting java.security.jgss java.transaction.xa java.sql java.sql.rowset java.xml.crypto java.se java.smartcardio jdk.accessibility jdk.internal.jvmstat jdk.attach jdk.charsets jdk.internal.opt jdk.zipfs jdk.compiler jdk.crypto.ec jdk.crypto.cryptoki jdk.crypto.mscapi jdk.dynalink jdk.internal.ed jdk.editpad jdk.hotspot.agent jdk.httpserver jdk.internal.le jdk.internal.vm.ci jdk.internal.vm.compiler jdk.internal.vm.compiler.management jdk.jartool jdk.javadoc jdk.jcmd jdk.management jdk.management.agent jdk.jconsole jdk.jdeps jdk.jdwp.agent jdk.jdi jdk.jfr jdk.jshell jdk.jsobject jdk.jstatd jdk.localedata jdk.management.jfr jdk.naming.dns jdk.naming.rmi jdk.net jdk.nio.mapmode jdk.random jdk.sctp jdk.security.auth jdk.security.jgss jdk.unsupported jdk.unsupported.desktop jdk.xml.dom" 

Environment Variables:
JAVA_HOME=C:\Program Files\Eclipse Adoptium\jdk-17.0.19.10-hotspot
PATH=C:\Program Files\Eclipse Adoptium\jdk-17.0.19.10-hotspot\bin;C:\Program Files\OpenLogic\jdk-8.0.472.08-hotspot\bin;C:\Program Files (x86)\Common Files\Oracle\Java\java8path;C:\Program Files (x86)\Common Files\Oracle\Java\javapath;C:\Program Files\Eclipse Adoptium\jdk-21.0.7.6-hotspot\bin;C:\Mitira\Oracle\product\21c\dbhomeXE\bin;C:\Softwares\Scripts\;C:\Softwares\;C:\WINDOWS\system32;C:\WINDOWS;C:\WINDOWS\System32\Wbem;C:\WINDOWS\System32\WindowsPowerShell\v1.0\;C:\WINDOWS\System32\OpenSSH\;C:\Program Files\dotnet\;C:\Program Files\CMake\bin;C:\Program Files (x86)\Windows Kits\10\Windows Performance Toolkit\;C:\Python27\Tools\Scripts;C:\Python27;C:\JAVA\bin;C:\Program Files\PuTTY\;C:\Program Files\Eclipse Adoptium\jdk-21.0.7.6-hotspot\bin;C:\Program Files\MongoDB\Server\8.2\bin;C:\php;C:\Program Files\nodejs\;C:\Program Files\Git\cmd;C:\Program Files\Perforce\;C:\Users\Moorthy\AppData\Local\Programs\Python\Python314\Scripts\;C:\Users\Moorthy\AppData\Local\Programs\Python\Python314\;C:\Program Files\MySQL\MySQL Shell 8.0\bin\;C:\Users\Moorthy\AppData\Local\Programs\Python\Python312\Scripts\;C:\Users\Moorthy\AppData\Local\Programs\Python\Python312\;C:\Users\Moorthy\AppData\Local\Microsoft\WindowsApps;C:\Users\Moorthy\Downloads\Microsoft VS Code\bin;C:\Program Files\JetBrains\PyCharm 2024.1.4\bin;C:\Users\Moorthy\AppData\Local\JetBrains\Toolbox\scripts;C:\Users\Moorthy\AppData\Local\GitHubDesktop\bin;C:\Users\Moorthy\AppData\Local\gitkraken\bin;C:\Users\Moorthy\AppData\Local\Microsoft\WindowsApps;C:\Users\Moorthy\AppData\Local\Programs\mongosh\;C:\Program Files\JetBrains\IntelliJ IDEA Community Edition 2025.2.3\javabootcamp\IntelliJ IDEA Community Edition 2025.2.3\bin;C:\Users\Moorthy\AppData\Roaming\npm;C:\Program Files\Notepad++;C:\Program Files\apache-maven-3.9.16;C:\maven\apache-maven-3.9.16\bin;
USERNAME=Moorthy
OS=Windows_NT
PROCESSOR_IDENTIFIER=Intel64 Family 6 Model 154 Stepping 4, GenuineIntel
TMP=C:\Users\Moorthy\AppData\Local\Temp
TEMP=C:\Users\Moorthy\AppData\Local\Temp




Periodic native trim disabled

---------------  S Y S T E M  ---------------

OS:
 Windows 11 , 64 bit Build 26100 (10.0.26100.8521)
OS uptime: 3 days 4:42 hours
Hyper-V role detected

CPU: total 12 (initial active 12) (6 cores per cpu, 2 threads per core) family 6 model 154 stepping 4 microcode 0x435, cx8, cmov, fxsr, ht, mmx, 3dnowpref, sse, sse2, sse3, ssse3, sse4.1, sse4.2, popcnt, lzcnt, tsc, tscinvbit, avx, avx2, aes, erms, clmul, bmi1, bmi2, adx, sha, fma, vzeroupper, clflush, clflushopt, clwb, hv, serialize, rdtscp, rdpid, fsrm, f16c, cet_ibt, cet_ss
Processor Information for processor 0
  Max Mhz: 1300, Current Mhz: 1300, Mhz Limit: 1300
Processor Information for processor 1
  Max Mhz: 1300, Current Mhz: 1300, Mhz Limit: 1300
Processor Information for processor 2
  Max Mhz: 1300, Current Mhz: 1300, Mhz Limit: 1300
Processor Information for processor 3
  Max Mhz: 1300, Current Mhz: 1300, Mhz Limit: 1300
Processor Information for processor 4
  Max Mhz: 1300, Current Mhz: 900, Mhz Limit: 897
Processor Information for processor 5
  Max Mhz: 1300, Current Mhz: 900, Mhz Limit: 897
Processor Information for processor 6
  Max Mhz: 1300, Current Mhz: 900, Mhz Limit: 897
Processor Information for processor 7
  Max Mhz: 1300, Current Mhz: 900, Mhz Limit: 897
Processor Information for processor 8
  Max Mhz: 1300, Current Mhz: 900, Mhz Limit: 897
Processor Information for processor 9
  Max Mhz: 1300, Current Mhz: 900, Mhz Limit: 897
Processor Information for processor 10
  Max Mhz: 1300, Current Mhz: 900, Mhz Limit: 897
Processor Information for processor 11
  Max Mhz: 1300, Current Mhz: 900, Mhz Limit: 897

Memory: 4k page, system-wide physical 7876M (385M free)
TotalPageFile size 32452M (AvailPageFile size 24M)
current process WorkingSet (physical memory assigned to process): 266M, peak: 502M
current process commit charge ("private bytes"): 831M, peak: 835M

vm_info: OpenJDK 64-Bit Server VM (21.0.10+7-LTS) for windows-amd64 JRE (21.0.10+7-LTS), built on 2026-01-20T00:00:00Z by "admin" with MS VC++ 17.12 (VS2022)

END.
