#
# There is insufficient memory for the Java Runtime Environment to continue.
# Native memory allocation (malloc) failed to allocate 2223952 bytes. Error detail: Chunk::new
# Possible reasons:
#   The system is out of physical RAM or swap space
#   This process is running with CompressedOops enabled, and the Java Heap may be blocking the growth of the native heap
# Possible solutions:
#   Reduce memory load on the system
#   Increase physical memory or swap space
#   Check if swap backing store is full
#   Decrease Java heap size (-Xmx/-Xms)
#   Decrease number of Java threads
#   Decrease Java thread stack sizes (-Xss)
#   Set larger code cache with -XX:ReservedCodeCacheSize=
#   JVM is running with Unscaled Compressed Oops mode in which the Java heap is
#     placed in the first 4GB address space. The Java Heap base address is the
#     maximum limit for the native heap growth. Please use -XX:HeapBaseMinAddress
#     to set the Java Heap base and to place the Java Heap above 4GB virtual address.
# This output file may be truncated or incomplete.
#
#  Out of Memory Error (arena.cpp:168), pid=30484, tid=20096
#
# JRE version: OpenJDK Runtime Environment Temurin-21.0.10+7 (21.0.10+7) (build 21.0.10+7-LTS)
# Java VM: OpenJDK 64-Bit Server VM Temurin-21.0.10+7 (21.0.10+7-LTS, mixed mode, sharing, tiered, compressed oops, compressed class ptrs, parallel gc, windows-amd64)
# No core dump will be written. Minidumps are not enabled by default on client versions of Windows
#

---------------  S U M M A R Y ------------

Command Line: --add-modules=ALL-SYSTEM --add-opens=java.base/java.util=ALL-UNNAMED --add-opens=java.base/java.lang=ALL-UNNAMED --add-opens=java.base/sun.nio.fs=ALL-UNNAMED -Declipse.application=org.eclipse.jdt.ls.core.id1 -Dosgi.bundles.defaultStartLevel=4 -Declipse.product=org.eclipse.jdt.ls.core.product -Djava.import.generatesMetadataFilesAtProjectRoot=false -DDetectVMInstallationsJob.disabled=true -Dfile.encoding=utf8 -XX:+UseParallelGC -XX:GCTimeRatio=4 -XX:AdaptiveSizePolicyWeight=90 -Dsun.zip.disableMemoryMapping=true -Xmx2G -Xms100m -Xlog:disable -javaagent:c:\Users\Moorthy\.vscode\extensions\redhat.java-1.54.0-win32-x64\lombok\lombok-1.18.39-4050.jar -XX:+HeapDumpOnOutOfMemoryError -XX:HeapDumpPath=c:\Users\Moorthy\AppData\Roaming\Code\User\workspaceStorage\a7b8b840adc06a15123203cd541b35c9\redhat.java -Daether.dependencyCollector.impl=bf c:\Users\Moorthy\.vscode\extensions\redhat.java-1.54.0-win32-x64\server\plugins\org.eclipse.equinox.launcher_1.7.100.v20251111-0406.jar -configuration c:\Users\Moorthy\AppData\Roaming\Code\User\globalStorage\redhat.java\1.54.0\config_win -data c:\Users\Moorthy\AppData\Roaming\Code\User\workspaceStorage\a7b8b840adc06a15123203cd541b35c9\redhat.java\jdt_ws --pipe=\\.\pipe\lsp-ef75f47f05309b6f0c4b250321495f08-sock

Host: 12th Gen Intel(R) Core(TM) i5-1235U, 12 cores, 7G,  Windows 11 , 64 bit Build 26100 (10.0.26100.8521)
Time: Thu Jun 18 23:58:38 2026 India Standard Time elapsed time: 49.497362 seconds (0d 0h 0m 49s)

---------------  T H R E A D  ---------------

Current thread (0x000002507074b390):  JavaThread "C2 CompilerThread0" daemon [_thread_in_native, id=20096, stack(0x00000099dcf00000,0x00000099dd000000) (1024K)]


Current CompileTask:
C2:49498 14490       4       org.eclipse.jdt.internal.compiler.lookup.BinaryTypeBinding::createMethod (1666 bytes)

Stack: [0x00000099dcf00000,0x00000099dd000000]
Native frames: (J=compiled Java code, j=interpreted, Vv=VM code, C=native code)
V  [jvm.dll+0x6d7a39]
V  [jvm.dll+0x8b4b26]
V  [jvm.dll+0x8b70de]
V  [jvm.dll+0x8b77c3]
V  [jvm.dll+0x284346]
V  [jvm.dll+0xc66ed]
V  [jvm.dll+0xc6c31]
V  [jvm.dll+0x3bec3b]
V  [jvm.dll+0x1e3f69]
V  [jvm.dll+0x24c6b3]
V  [jvm.dll+0x24bb40]
V  [jvm.dll+0x1cb34e]
V  [jvm.dll+0x25b85d]
V  [jvm.dll+0x259dea]
V  [jvm.dll+0x3f857e]
V  [jvm.dll+0x85f59d]
V  [jvm.dll+0x6d626d]
C  [ucrtbase.dll+0x2cd30]
C  [KERNEL32.DLL+0x2e957]
C  [ntdll.dll+0x87c1c]


---------------  P R O C E S S  ---------------

Threads class SMR info:
_java_thread_list=0x0000025070880b50, length=85, elements={
0x0000025058a202d0, 0x0000025058ac73e0, 0x00000250589ccd00, 0x0000025058ad2c00,
0x0000025058ad3b40, 0x0000025058ad7150, 0x0000025058ad99b0, 0x000002507074b390,
0x0000025070752d50, 0x0000025058ada6d0, 0x0000025058adba80, 0x0000025058ad8c90,
0x0000025058ada040, 0x0000025058ad9320, 0x0000025058adb3f0, 0x0000025058ad8600,
0x000002507655bc00, 0x000002507655c290, 0x000002507655cfb0, 0x0000025076559b30,
0x000002507655d640, 0x000002507655a1c0, 0x000002507655aee0, 0x000002507655dcd0,
0x000002507655a850, 0x0000025076560430, 0x000002507655f080, 0x000002507655f710,
0x0000025076560ac0, 0x000002507655fda0, 0x0000025076561150, 0x000002507655e360,
0x000002507655e9f0, 0x00000250779350e0, 0x0000025077936490, 0x0000025077936b20,
0x0000025077938560, 0x0000025077935e00, 0x00000250779371b0, 0x0000025077935770,
0x000002507793acc0, 0x0000025077937840, 0x0000025077938bf0, 0x000002507793b350,
0x0000025077939280, 0x000002507793a630, 0x0000025077939910, 0x0000025077939fa0,
0x0000025077937ed0, 0x000002507793b9e0, 0x000002507793c070, 0x000002507793c700,
0x0000025077fb62e0, 0x0000025077fb48a0, 0x0000025077fb4f30, 0x0000025077fb7690,
0x0000025077fb4210, 0x0000025077fb9df0, 0x0000025077fbab10, 0x0000025077fbb1a0,
0x0000025077fb83b0, 0x0000025077fb90d0, 0x0000025077fb7d20, 0x0000025077fb9760,
0x0000025077fbb830, 0x0000025077fb8a40, 0x0000025079222810, 0x0000025079222ea0,
0x0000025079223bc0, 0x0000025079223530, 0x0000025079221af0, 0x0000025079224f70,
0x00000250792248e0, 0x0000025079225600, 0x0000025079222180, 0x0000025079225c90,
0x0000025079226320, 0x0000025079227040, 0x0000025079851420, 0x0000025079854210,
0x00000250798527d0, 0x00000250798534f0, 0x0000025079850d90, 0x0000025079854f30,
0x0000025076e84fe0
}

Java Threads: ( => current thread )
  0x0000025058a202d0 JavaThread "main"                              [_thread_blocked, id=39900, stack(0x00000099dc500000,0x00000099dc600000) (1024K)]
  0x0000025058ac73e0 JavaThread "Reference Handler"          daemon [_thread_blocked, id=38276, stack(0x00000099dc900000,0x00000099dca00000) (1024K)]
  0x00000250589ccd00 JavaThread "Finalizer"                  daemon [_thread_blocked, id=37088, stack(0x00000099dca00000,0x00000099dcb00000) (1024K)]
  0x0000025058ad2c00 JavaThread "Signal Dispatcher"          daemon [_thread_blocked, id=8072, stack(0x00000099dcb00000,0x00000099dcc00000) (1024K)]
  0x0000025058ad3b40 JavaThread "Attach Listener"            daemon [_thread_blocked, id=47068, stack(0x00000099dcc00000,0x00000099dcd00000) (1024K)]
  0x0000025058ad7150 JavaThread "Service Thread"             daemon [_thread_blocked, id=25812, stack(0x00000099dcd00000,0x00000099dce00000) (1024K)]
  0x0000025058ad99b0 JavaThread "Monitor Deflation Thread"   daemon [_thread_blocked, id=34036, stack(0x00000099dce00000,0x00000099dcf00000) (1024K)]
=>0x000002507074b390 JavaThread "C2 CompilerThread0"         daemon [_thread_in_native, id=20096, stack(0x00000099dcf00000,0x00000099dd000000) (1024K)]
  0x0000025070752d50 JavaThread "C1 CompilerThread0"         daemon [_thread_in_native, id=34864, stack(0x00000099dd000000,0x00000099dd100000) (1024K)]
  0x0000025058ada6d0 JavaThread "Common-Cleaner"             daemon [_thread_blocked, id=36892, stack(0x00000099dd200000,0x00000099dd300000) (1024K)]
  0x0000025058adba80 JavaThread "Notification Thread"        daemon [_thread_blocked, id=47292, stack(0x00000099dd300000,0x00000099dd400000) (1024K)]
  0x0000025058ad8c90 JavaThread "Active Thread: Equinox Container: 928c213c-f5a9-4297-8e2e-9992a7d2092b"        [_thread_blocked, id=6060, stack(0x00000099dd400000,0x00000099dd500000) (1024K)]
  0x0000025058ada040 JavaThread "Refresh Thread: Equinox Container: 928c213c-f5a9-4297-8e2e-9992a7d2092b" daemon [_thread_blocked, id=30576, stack(0x00000099dd100000,0x00000099dd200000) (1024K)]
  0x0000025058ad9320 JavaThread "Framework Event Dispatcher: Equinox Container: 928c213c-f5a9-4297-8e2e-9992a7d2092b" daemon [_thread_blocked, id=32600, stack(0x00000099ddd00000,0x00000099dde00000) (1024K)]
  0x0000025058adb3f0 JavaThread "Start Level: Equinox Container: 928c213c-f5a9-4297-8e2e-9992a7d2092b" daemon [_thread_blocked, id=37964, stack(0x00000099dde00000,0x00000099ddf00000) (1024K)]
  0x0000025058ad8600 JavaThread "Bundle File Closer"         daemon [_thread_blocked, id=21496, stack(0x00000099de200000,0x00000099de300000) (1024K)]
  0x000002507655bc00 JavaThread "SCR Component Actor"        daemon [_thread_blocked, id=5012, stack(0x00000099ddf00000,0x00000099de000000) (1024K)]
  0x000002507655c290 JavaThread "Worker-JM"                         [_thread_blocked, id=32812, stack(0x00000099de300000,0x00000099de400000) (1024K)]
  0x000002507655cfb0 JavaThread "JNA Cleaner"                daemon [_thread_blocked, id=39928, stack(0x00000099de400000,0x00000099de500000) (1024K)]
  0x0000025076559b30 JavaThread "Worker-0"                          [_thread_blocked, id=41696, stack(0x00000099de500000,0x00000099de600000) (1024K)]
  0x000002507655d640 JavaThread "Worker-1"                          [_thread_blocked, id=38344, stack(0x00000099de600000,0x00000099de700000) (1024K)]
  0x000002507655a1c0 JavaThread "Java indexing"              daemon [_thread_blocked, id=45420, stack(0x00000099de700000,0x00000099de800000) (1024K)]
  0x000002507655aee0 JavaThread "Worker-2"                          [_thread_blocked, id=39196, stack(0x00000099de900000,0x00000099dea00000) (1024K)]
  0x000002507655dcd0 JavaThread "Worker-3: Initialize workspace"        [_thread_blocked, id=23968, stack(0x00000099dea00000,0x00000099deb00000) (1024K)]
  0x000002507655a850 JavaThread "Worker-4"                          [_thread_blocked, id=34344, stack(0x00000099deb00000,0x00000099dec00000) (1024K)]
  0x0000025076560430 JavaThread "Thread-1"                   daemon [_thread_in_native, id=32008, stack(0x00000099dec00000,0x00000099ded00000) (1024K)]
  0x000002507655f080 JavaThread "Thread-2"                   daemon [_thread_in_native, id=46408, stack(0x00000099ded00000,0x00000099dee00000) (1024K)]
  0x000002507655f710 JavaThread "Thread-3"                   daemon [_thread_in_native, id=20764, stack(0x00000099dee00000,0x00000099def00000) (1024K)]
  0x0000025076560ac0 JavaThread "Thread-4"                   daemon [_thread_in_native, id=24468, stack(0x00000099def00000,0x00000099df000000) (1024K)]
  0x000002507655fda0 JavaThread "Thread-5"                   daemon [_thread_in_native, id=24216, stack(0x00000099df000000,0x00000099df100000) (1024K)]
  0x0000025076561150 JavaThread "Thread-6"                   daemon [_thread_in_native, id=24120, stack(0x00000099df100000,0x00000099df200000) (1024K)]
  0x000002507655e360 JavaThread "Thread-7"                   daemon [_thread_in_native, id=48576, stack(0x00000099df200000,0x00000099df300000) (1024K)]
  0x000002507655e9f0 JavaThread "Thread-8"                   daemon [_thread_in_native, id=4312, stack(0x00000099df300000,0x00000099df400000) (1024K)]
  0x00000250779350e0 JavaThread "Thread-9"                   daemon [_thread_in_native, id=21144, stack(0x00000099df400000,0x00000099df500000) (1024K)]
  0x0000025077936490 JavaThread "Thread-10"                  daemon [_thread_in_native, id=24896, stack(0x00000099df500000,0x00000099df600000) (1024K)]
  0x0000025077936b20 JavaThread "Thread-11"                  daemon [_thread_in_native, id=44868, stack(0x00000099df600000,0x00000099df700000) (1024K)]
  0x0000025077938560 JavaThread "Thread-12"                  daemon [_thread_in_native, id=48072, stack(0x00000099df700000,0x00000099df800000) (1024K)]
  0x0000025077935e00 JavaThread "Thread-13"                  daemon [_thread_in_native, id=25448, stack(0x00000099df800000,0x00000099df900000) (1024K)]
  0x00000250779371b0 JavaThread "pool-2-thread-1"                   [_thread_blocked, id=38804, stack(0x00000099df900000,0x00000099dfa00000) (1024K)]
  0x0000025077935770 JavaThread "WorkspaceEventsHandler"            [_thread_blocked, id=5564, stack(0x00000099dfa00000,0x00000099dfb00000) (1024K)]
  0x000002507793acc0 JavaThread "pool-1-thread-1"                   [_thread_blocked, id=36972, stack(0x00000099dfb00000,0x00000099dfc00000) (1024K)]
  0x0000025077937840 JavaThread "ForkJoinPool.commonPool-worker-1" daemon [_thread_in_vm, id=34608, stack(0x00000099dfc00000,0x00000099dfd00000) (1024K)]
  0x0000025077938bf0 JavaThread "ForkJoinPool.commonPool-worker-2" daemon [_thread_blocked, id=24720, stack(0x00000099dfd00000,0x00000099dfe00000) (1024K)]
  0x000002507793b350 JavaThread "ForkJoinPool.commonPool-worker-3" daemon [_thread_blocked, id=35244, stack(0x00000099dfe00000,0x00000099dff00000) (1024K)]
  0x0000025077939280 JavaThread "ForkJoinPool.commonPool-worker-4" daemon [_thread_blocked, id=34760, stack(0x00000099dff00000,0x00000099e0000000) (1024K)]
  0x000002507793a630 JavaThread "ForkJoinPool.commonPool-worker-5" daemon [_thread_blocked, id=24572, stack(0x00000099e0000000,0x00000099e0100000) (1024K)]
  0x0000025077939910 JavaThread "ForkJoinPool.commonPool-worker-6" daemon [_thread_blocked, id=5276, stack(0x00000099e0100000,0x00000099e0200000) (1024K)]
  0x0000025077939fa0 JavaThread "ForkJoinPool.commonPool-worker-7" daemon [_thread_blocked, id=42244, stack(0x00000099e0200000,0x00000099e0300000) (1024K)]
  0x0000025077937ed0 JavaThread "ForkJoinPool.commonPool-worker-8" daemon [_thread_blocked, id=29780, stack(0x00000099e0300000,0x00000099e0400000) (1024K)]
  0x000002507793b9e0 JavaThread "ForkJoinPool.commonPool-worker-9" daemon [_thread_blocked, id=29680, stack(0x00000099e0400000,0x00000099e0500000) (1024K)]
  0x000002507793c070 JavaThread "ForkJoinPool.commonPool-worker-10" daemon [_thread_blocked, id=3704, stack(0x00000099e0500000,0x00000099e0600000) (1024K)]
  0x000002507793c700 JavaThread "ForkJoinPool.commonPool-worker-11" daemon [_thread_blocked, id=25480, stack(0x00000099e0600000,0x00000099e0700000) (1024K)]
  0x0000025077fb62e0 JavaThread "Worker-5"                          [_thread_blocked, id=38608, stack(0x00000099e0700000,0x00000099e0800000) (1024K)]
  0x0000025077fb48a0 JavaThread "LocalFile Deleter"          daemon [_thread_blocked, id=43416, stack(0x00000099e0800000,0x00000099e0900000) (1024K)]
  0x0000025077fb4f30 JavaThread "LocalFile Deleter"          daemon [_thread_blocked, id=41880, stack(0x00000099e0900000,0x00000099e0a00000) (1024K)]
  0x0000025077fb7690 JavaThread "LocalFile Deleter"          daemon [_thread_blocked, id=47076, stack(0x00000099e0a00000,0x00000099e0b00000) (1024K)]
  0x0000025077fb4210 JavaThread "Compiler Source File Reader" daemon [_thread_blocked, id=24016, stack(0x00000099e0b00000,0x00000099e0c00000) (1024K)]
  0x0000025077fb9df0 JavaThread "Compiler Source File Reader" daemon [_thread_blocked, id=32756, stack(0x00000099e0c00000,0x00000099e0d00000) (1024K)]
  0x0000025077fbab10 JavaThread "LocalFile Deleter"          daemon [_thread_blocked, id=26140, stack(0x00000099e0d00000,0x00000099e0e00000) (1024K)]
  0x0000025077fbb1a0 JavaThread "Compiler Source File Reader" daemon [_thread_blocked, id=12176, stack(0x00000099e0e00000,0x00000099e0f00000) (1024K)]
  0x0000025077fb83b0 JavaThread "Compiler Source File Reader" daemon [_thread_blocked, id=43500, stack(0x00000099e0f00000,0x00000099e1000000) (1024K)]
  0x0000025077fb90d0 JavaThread "Worker-6"                          [_thread_blocked, id=26824, stack(0x00000099e1000000,0x00000099e1100000) (1024K)]
  0x0000025077fb7d20 JavaThread "Compiler Source File Reader" daemon [_thread_blocked, id=11328, stack(0x00000099e1100000,0x00000099e1200000) (1024K)]
  0x0000025077fb9760 JavaThread "LocalFile Deleter"          daemon [_thread_blocked, id=2940, stack(0x00000099e1200000,0x00000099e1300000) (1024K)]
  0x0000025077fbb830 JavaThread "Compiler Source File Reader" daemon [_thread_blocked, id=36912, stack(0x00000099e1300000,0x00000099e1400000) (1024K)]
  0x0000025077fb8a40 JavaThread "Compiler Source File Reader" daemon [_thread_blocked, id=19144, stack(0x00000099e1400000,0x00000099e1500000) (1024K)]
  0x0000025079222810 JavaThread "Compiler Source File Reader" daemon [_thread_blocked, id=8876, stack(0x00000099e1500000,0x00000099e1600000) (1024K)]
  0x0000025079222ea0 JavaThread "Compiler Source File Reader" daemon [_thread_blocked, id=27952, stack(0x00000099e1600000,0x00000099e1700000) (1024K)]
  0x0000025079223bc0 JavaThread "Compiler Source File Reader" daemon [_thread_blocked, id=7408, stack(0x00000099e1700000,0x00000099e1800000) (1024K)]
  0x0000025079223530 JavaThread "Compiler Processing Task"   daemon [_thread_blocked, id=3068, stack(0x00000099e1800000,0x00000099e1900000) (1024K)]
  0x0000025079221af0 JavaThread "Compiler Class File Writer" daemon [_thread_blocked, id=19176, stack(0x00000099e1900000,0x00000099e1a00000) (1024K)]
  0x0000025079224f70 JavaThread "Compiler Class File Writer" daemon [_thread_blocked, id=32652, stack(0x00000099e1a00000,0x00000099e1b00000) (1024K)]
  0x00000250792248e0 JavaThread "Compiler Class File Writer" daemon [_thread_blocked, id=34536, stack(0x00000099e1b00000,0x00000099e1c00000) (1024K)]
  0x0000025079225600 JavaThread "Worker-7"                          [_thread_blocked, id=46640, stack(0x00000099e1c00000,0x00000099e1d00000) (1024K)]
  0x0000025079222180 JavaThread "Compiler Class File Writer" daemon [_thread_blocked, id=15224, stack(0x00000099e1d00000,0x00000099e1e00000) (1024K)]
  0x0000025079225c90 JavaThread "Compiler Class File Writer" daemon [_thread_blocked, id=31240, stack(0x00000099e1e00000,0x00000099e1f00000) (1024K)]
  0x0000025079226320 JavaThread "Compiler Class File Writer" daemon [_thread_blocked, id=41820, stack(0x00000099e1f00000,0x00000099e2000000) (1024K)]
  0x0000025079227040 JavaThread "Cleaner-0"                  daemon [_thread_blocked, id=48972, stack(0x00000099e2000000,0x00000099e2100000) (1024K)]
  0x0000025079851420 JavaThread "LocalFile Deleter"          daemon [_thread_blocked, id=38076, stack(0x00000099e2100000,0x00000099e2200000) (1024K)]
  0x0000025079854210 JavaThread "LocalFile Deleter"          daemon [_thread_blocked, id=29736, stack(0x00000099e2200000,0x00000099e2300000) (1024K)]
  0x00000250798527d0 JavaThread "Compiler Class File Writer" daemon [_thread_blocked, id=45116, stack(0x00000099e2300000,0x00000099e2400000) (1024K)]
  0x00000250798534f0 JavaThread "Compiler Class File Writer" daemon [_thread_blocked, id=24200, stack(0x00000099e2400000,0x00000099e2500000) (1024K)]
  0x0000025079850d90 JavaThread "Compiler Class File Writer" daemon [_thread_blocked, id=17272, stack(0x00000099e2500000,0x00000099e2600000) (1024K)]
  0x0000025079854f30 JavaThread "Compiler Class File Writer" daemon [_thread_blocked, id=38696, stack(0x00000099e2600000,0x00000099e2700000) (1024K)]
  0x0000025076e84fe0 JavaThread "C2 CompilerThread1"         daemon [_thread_in_native, id=37912, stack(0x00000099e2700000,0x00000099e2800000) (1024K)]
Total: 85

Other Threads:
  0x0000025058ac2a50 VMThread "VM Thread"                           [id=10540, stack(0x00000099dc800000,0x00000099dc900000) (1024K)]
  0x00000250588aca10 WatcherThread "VM Periodic Task Thread"        [id=30752, stack(0x00000099dc700000,0x00000099dc800000) (1024K)]
  0x0000025058a3e200 WorkerThread "GC Thread#0"                     [id=41708, stack(0x00000099dc600000,0x00000099dc700000) (1024K)]
  0x0000025071e9e420 WorkerThread "GC Thread#1"                     [id=48796, stack(0x00000099dd500000,0x00000099dd600000) (1024K)]
  0x0000025071e9e7d0 WorkerThread "GC Thread#2"                     [id=7572, stack(0x00000099dd600000,0x00000099dd700000) (1024K)]
  0x00000250760d7ea0 WorkerThread "GC Thread#3"                     [id=38860, stack(0x00000099dd700000,0x00000099dd800000) (1024K)]
  0x00000250760ae8d0 WorkerThread "GC Thread#4"                     [id=21244, stack(0x00000099dd800000,0x00000099dd900000) (1024K)]
  0x00000250760aec80 WorkerThread "GC Thread#5"                     [id=14492, stack(0x00000099dd900000,0x00000099dda00000) (1024K)]
  0x00000250760da9c0 WorkerThread "GC Thread#6"                     [id=36540, stack(0x00000099dda00000,0x00000099ddb00000) (1024K)]
  0x0000025071ab2d80 WorkerThread "GC Thread#7"                     [id=48464, stack(0x00000099ddc00000,0x00000099ddd00000) (1024K)]
  0x00000250765abbe0 WorkerThread "GC Thread#8"                     [id=26376, stack(0x00000099de000000,0x00000099de100000) (1024K)]
  0x000002507621dfb0 WorkerThread "GC Thread#9"                     [id=42048, stack(0x00000099de100000,0x00000099de200000) (1024K)]
Total: 12

Threads with active compile tasks:
C2 CompilerThread0  49583 14490       4       org.eclipse.jdt.internal.compiler.lookup.BinaryTypeBinding::createMethod (1666 bytes)
C1 CompilerThread0  49583 14593       3       org.codehaus.plexus.util.xml.XmlReader::prepareReader (19 bytes)
C2 CompilerThread1  49583 14441       4       jdk.internal.jrtfs.JrtFileSystem::lambda$iteratorOf$2 (20 bytes)
Total: 3

VM state: not at safepoint (normal execution)

VM Mutex/Monitor currently owned by a thread:  ([mutex/lock_event])
[0x00007ffe1c9ecfe0] CompiledIC_lock - owner thread: 0x0000000000000000

Heap address: 0x0000000080000000, size: 2048 MB, Compressed Oops mode: 32-bit

CDS archive(s) mapped at: [0x0000025000000000-0x0000025000ba0000-0x0000025000ba0000), size 12189696, SharedBaseAddress: 0x0000025000000000, ArchiveRelocationMode: 1.
Compressed class space mapped at: 0x0000025001000000-0x0000025041000000, reserved size: 1073741824
Narrow klass base: 0x0000025000000000, Narrow klass shift: 0, Narrow klass range: 0x100000000

GC Precious Log:
 CardTable entry size: 512
 CPUs: 12 total, 12 available
 Memory: 7876M
 Large Page Support: Disabled
 NUMA Support: Disabled
 Compressed Oops: Enabled (32-bit)
 Alignments: Space 512K, Generation 512K, Heap 2M
 Heap Min Capacity: 100M
 Heap Initial Capacity: 100M
 Heap Max Capacity: 2G
 Pre-touch: Disabled
 Parallel Workers: 10

Heap:
 PSYoungGen      total 4096K, used 1415K [0x00000000d5580000, 0x00000000d5a80000, 0x0000000100000000)
  eden space 3072K, 24% used [0x00000000d5580000,0x00000000d563dcc8,0x00000000d5880000)
  from space 1024K, 64% used [0x00000000d5880000,0x00000000d5924010,0x00000000d5980000)
  to   space 1024K, 0% used [0x00000000d5980000,0x00000000d5980000,0x00000000d5a80000)
 ParOldGen       total 235008K, used 234959K [0x0000000080000000, 0x000000008e580000, 0x00000000d5580000)
  object space 235008K, 99% used [0x0000000080000000,0x000000008e573e98,0x000000008e580000)
 Metaspace       used 70598K, committed 72192K, reserved 1114112K
  class space    used 7329K, committed 8000K, reserved 1048576K

Card table byte_map: [0x00000250583c0000,0x00000250587d0000] _byte_map_base: 0x0000025057fc0000

Marking Bits: (ParMarkBitMap*) 0x00007ffe1c9f3450
 Begin Bits: [0x000002506aed0000, 0x000002506ced0000)
 End Bits:   [0x000002506ced0000, 0x000002506eed0000)

Polling page: 0x0000025056650000

Metaspace:

Usage:
  Non-class:     61.79 MB used.
      Class:      7.16 MB used.
       Both:     68.94 MB used.

Virtual space:
  Non-class space:       64.00 MB reserved,      62.69 MB ( 98%) committed,  1 nodes.
      Class space:        1.00 GB reserved,       7.81 MB ( <1%) committed,  1 nodes.
             Both:        1.06 GB reserved,      70.50 MB (  6%) committed. 

Chunk freelists:
   Non-Class:  1.23 MB
       Class:  8.02 MB
        Both:  9.26 MB

MaxMetaspaceSize: unlimited
CompressedClassSpaceSize: 1.00 GB
Initial GC threshold: 21.00 MB
Current GC threshold: 97.31 MB
CDS: on
 - commit_granule_bytes: 65536.
 - commit_granule_words: 8192.
 - virtual_space_node_default_size: 8388608.
 - enlarge_chunks_in_place: 1.
 - use_allocation_guard: 0.


Internal statistics:

num_allocs_failed_limit: 9.
num_arena_births: 1354.
num_arena_deaths: 38.
num_vsnodes_births: 2.
num_vsnodes_deaths: 0.
num_space_committed: 1128.
num_space_uncommitted: 0.
num_chunks_returned_to_freelist: 57.
num_chunks_taken_from_freelist: 4773.
num_chunk_merges: 21.
num_chunk_splits: 2894.
num_chunks_enlarged: 1589.
num_inconsistent_stats: 0.

CodeHeap 'non-profiled nmethods': size=120000Kb used=6816Kb max_used=6816Kb free=113183Kb
 bounds [0x00000250636f0000, 0x0000025063da0000, 0x000002506ac20000]
CodeHeap 'profiled nmethods': size=120000Kb used=30491Kb max_used=30491Kb free=89508Kb
 bounds [0x000002505bc20000, 0x000002505d9f0000, 0x0000025063150000]
CodeHeap 'non-nmethods': size=5760Kb used=1464Kb max_used=1520Kb free=4295Kb
 bounds [0x0000025063150000, 0x00000250633c0000, 0x00000250636f0000]
CodeCache: size=245760Kb, used=38771Kb, max_used=38827Kb, free=206986Kb
 total_blobs=14577, nmethods=13791, adapters=690, full_count=0
Compilation: enabled, stopped_count=0, restarted_count=0

Compilation events (20 events):
Event: 48.021 Thread 0x0000025070752d50 14543       3       sun.nio.cs.UTF_8::newDecoder (9 bytes)
Event: 48.022 Thread 0x0000025070752d50 nmethod 14543 0x000002505d9c8710 code [0x000002505d9c8900, 0x000002505d9c8b18]
Event: 48.035 Thread 0x0000025070752d50 14544       2       org.eclipse.core.internal.resources.AliasManager::findResources (34 bytes)
Event: 48.038 Thread 0x0000025070752d50 nmethod 14544 0x000002505d9c8c10 code [0x000002505d9c8de0, 0x000002505d9c9148]
Event: 48.040 Thread 0x0000025070752d50 14545       2       org.eclipse.core.internal.resources.AliasManager$$Lambda/0x00000250015825e8::<init> (10 bytes)
Event: 48.041 Thread 0x0000025070752d50 nmethod 14545 0x000002505d9c9390 code [0x000002505d9c9520, 0x000002505d9c9640]
Event: 48.053 Thread 0x0000025070752d50 14546       2       org.eclipse.core.internal.registry.RegistryObject::noExtraData (16 bytes)
Event: 48.054 Thread 0x0000025070752d50 nmethod 14546 0x000002505d9c9710 code [0x000002505d9c98c0, 0x000002505d9c9a08]
Event: 48.099 Thread 0x0000025070752d50 14547       2       org.eclipse.core.internal.resources.Container::getFolder (22 bytes)
Event: 48.100 Thread 0x0000025070752d50 nmethod 14547 0x000002505d9c9a90 code [0x000002505d9c9c60, 0x000002505d9c9e68]
Event: 48.199 Thread 0x0000025070752d50 14548       2       java.net.URI::getSchemeSpecificPart (24 bytes)
Event: 48.199 Thread 0x0000025070752d50 nmethod 14548 0x000002505d9ca010 code [0x000002505d9ca1c0, 0x000002505d9ca348]
Event: 48.259 Thread 0x0000025070752d50 14549       2       org.eclipse.lsp4j.jsonrpc.messages.Either::forLeft (10 bytes)
Event: 48.259 Thread 0x0000025070752d50 nmethod 14549 0x000002505d9ca410 code [0x000002505d9ca5a0, 0x000002505d9ca700]
Event: 48.388 Thread 0x0000025070752d50 14550       1       org.eclipse.core.internal.jobs.InternalJob::getWaitQueueStamp (5 bytes)
Event: 48.388 Thread 0x0000025070752d50 nmethod 14550 0x0000025063d93d90 code [0x0000025063d93f20, 0x0000025063d93fe8]
Event: 48.404 Thread 0x0000025070752d50 14551       2       java.math.BigInteger::toByteArray (78 bytes)
Event: 48.405 Thread 0x0000025070752d50 nmethod 14551 0x000002505d9ca790 code [0x000002505d9ca960, 0x000002505d9cac60]
Event: 48.468 Thread 0x0000025070752d50 14552       2       org.apache.commons.lang3.StringUtils::isBlank (41 bytes)
Event: 48.471 Thread 0x0000025070752d50 nmethod 14552 0x000002505d9cae10 code [0x000002505d9cb000, 0x000002505d9cb2b8]

GC Heap History (20 events):
Event: 46.558 GC heap before
{Heap before GC invocations=359 (full 3):
 PSYoungGen      total 3072K, used 3071K [0x00000000d5580000, 0x00000000d5a00000, 0x0000000100000000)
  eden space 2560K, 99% used [0x00000000d5580000,0x00000000d57fff70,0x00000000d5800000)
  from space 512K, 100% used [0x00000000d5800000,0x00000000d5880000,0x00000000d5880000)
  to   space 1024K, 0% used [0x00000000d5900000,0x00000000d5900000,0x00000000d5a00000)
 ParOldGen       total 228352K, used 228198K [0x0000000080000000, 0x000000008df00000, 0x00000000d5580000)
  object space 228352K, 99% used [0x0000000080000000,0x000000008ded99f8,0x000000008df00000)
 Metaspace       used 70504K, committed 72064K, reserved 1114112K
  class space    used 7328K, committed 8000K, reserved 1048576K
}
Event: 46.561 GC heap after
{Heap after GC invocations=359 (full 3):
 PSYoungGen      total 3584K, used 736K [0x00000000d5580000, 0x00000000d5a80000, 0x0000000100000000)
  eden space 2560K, 0% used [0x00000000d5580000,0x00000000d5580000,0x00000000d5800000)
  from space 1024K, 71% used [0x00000000d5900000,0x00000000d59b8010,0x00000000d5a00000)
  to   space 1024K, 0% used [0x00000000d5800000,0x00000000d5800000,0x00000000d5900000)
 ParOldGen       total 228864K, used 228718K [0x0000000080000000, 0x000000008df80000, 0x00000000d5580000)
  object space 228864K, 99% used [0x0000000080000000,0x000000008df5b9f8,0x000000008df80000)
 Metaspace       used 70504K, committed 72064K, reserved 1114112K
  class space    used 7328K, committed 8000K, reserved 1048576K
}
Event: 46.598 GC heap before
{Heap before GC invocations=360 (full 3):
 PSYoungGen      total 3584K, used 3296K [0x00000000d5580000, 0x00000000d5a80000, 0x0000000100000000)
  eden space 2560K, 100% used [0x00000000d5580000,0x00000000d5800000,0x00000000d5800000)
  from space 1024K, 71% used [0x00000000d5900000,0x00000000d59b8010,0x00000000d5a00000)
  to   space 1024K, 0% used [0x00000000d5800000,0x00000000d5800000,0x00000000d5900000)
 ParOldGen       total 228864K, used 228718K [0x0000000080000000, 0x000000008df80000, 0x00000000d5580000)
  object space 228864K, 99% used [0x0000000080000000,0x000000008df5b9f8,0x000000008df80000)
 Metaspace       used 70509K, committed 72064K, reserved 1114112K
  class space    used 7328K, committed 8000K, reserved 1048576K
}
Event: 46.601 GC heap after
{Heap after GC invocations=360 (full 3):
 PSYoungGen      total 3584K, used 884K [0x00000000d5580000, 0x00000000d5a80000, 0x0000000100000000)
  eden space 2560K, 0% used [0x00000000d5580000,0x00000000d5580000,0x00000000d5800000)
  from space 1024K, 86% used [0x00000000d5800000,0x00000000d58dd018,0x00000000d5900000)
  to   space 1024K, 0% used [0x00000000d5980000,0x00000000d5980000,0x00000000d5a80000)
 ParOldGen       total 229376K, used 229334K [0x0000000080000000, 0x000000008e000000, 0x00000000d5580000)
  object space 229376K, 99% used [0x0000000080000000,0x000000008dff5a08,0x000000008e000000)
 Metaspace       used 70509K, committed 72064K, reserved 1114112K
  class space    used 7328K, committed 8000K, reserved 1048576K
}
Event: 46.632 GC heap before
{Heap before GC invocations=361 (full 3):
 PSYoungGen      total 3584K, used 3444K [0x00000000d5580000, 0x00000000d5a80000, 0x0000000100000000)
  eden space 2560K, 100% used [0x00000000d5580000,0x00000000d5800000,0x00000000d5800000)
  from space 1024K, 86% used [0x00000000d5800000,0x00000000d58dd018,0x00000000d5900000)
  to   space 1024K, 0% used [0x00000000d5980000,0x00000000d5980000,0x00000000d5a80000)
 ParOldGen       total 229376K, used 229334K [0x0000000080000000, 0x000000008e000000, 0x00000000d5580000)
  object space 229376K, 99% used [0x0000000080000000,0x000000008dff5a08,0x000000008e000000)
 Metaspace       used 70516K, committed 72064K, reserved 1114112K
  class space    used 7328K, committed 8000K, reserved 1048576K
}
Event: 46.636 GC heap after
{Heap after GC invocations=361 (full 3):
 PSYoungGen      total 3072K, used 474K [0x00000000d5580000, 0x00000000d5a00000, 0x0000000100000000)
  eden space 2560K, 0% used [0x00000000d5580000,0x00000000d5580000,0x00000000d5800000)
  from space 512K, 92% used [0x00000000d5980000,0x00000000d59f6900,0x00000000d5a00000)
  to   space 1024K, 0% used [0x00000000d5800000,0x00000000d5800000,0x00000000d5900000)
 ParOldGen       total 230400K, used 229998K [0x0000000080000000, 0x000000008e100000, 0x00000000d5580000)
  object space 230400K, 99% used [0x0000000080000000,0x000000008e09ba08,0x000000008e100000)
 Metaspace       used 70516K, committed 72064K, reserved 1114112K
  class space    used 7328K, committed 8000K, reserved 1048576K
}
Event: 46.652 GC heap before
{Heap before GC invocations=362 (full 3):
 PSYoungGen      total 3072K, used 3034K [0x00000000d5580000, 0x00000000d5a00000, 0x0000000100000000)
  eden space 2560K, 100% used [0x00000000d5580000,0x00000000d5800000,0x00000000d5800000)
  from space 512K, 92% used [0x00000000d5980000,0x00000000d59f6900,0x00000000d5a00000)
  to   space 1024K, 0% used [0x00000000d5800000,0x00000000d5800000,0x00000000d5900000)
 ParOldGen       total 230400K, used 229998K [0x0000000080000000, 0x000000008e100000, 0x00000000d5580000)
  object space 230400K, 99% used [0x0000000080000000,0x000000008e09ba08,0x000000008e100000)
 Metaspace       used 70519K, committed 72064K, reserved 1114112K
  class space    used 7328K, committed 8000K, reserved 1048576K
}
Event: 46.655 GC heap after
{Heap after GC invocations=362 (full 3):
 PSYoungGen      total 3584K, used 960K [0x00000000d5580000, 0x00000000d5b00000, 0x0000000100000000)
  eden space 2560K, 0% used [0x00000000d5580000,0x00000000d5580000,0x00000000d5800000)
  from space 1024K, 93% used [0x00000000d5800000,0x00000000d58f0000,0x00000000d5900000)
  to   space 1536K, 0% used [0x00000000d5980000,0x00000000d5980000,0x00000000d5b00000)
 ParOldGen       total 230400K, used 230147K [0x0000000080000000, 0x000000008e100000, 0x00000000d5580000)
  object space 230400K, 99% used [0x0000000080000000,0x000000008e0c0c08,0x000000008e100000)
 Metaspace       used 70519K, committed 72064K, reserved 1114112K
  class space    used 7328K, committed 8000K, reserved 1048576K
}
Event: 46.671 GC heap before
{Heap before GC invocations=363 (full 3):
 PSYoungGen      total 3584K, used 3519K [0x00000000d5580000, 0x00000000d5b00000, 0x0000000100000000)
  eden space 2560K, 99% used [0x00000000d5580000,0x00000000d57fffe0,0x00000000d5800000)
  from space 1024K, 93% used [0x00000000d5800000,0x00000000d58f0000,0x00000000d5900000)
  to   space 1536K, 0% used [0x00000000d5980000,0x00000000d5980000,0x00000000d5b00000)
 ParOldGen       total 230400K, used 230147K [0x0000000080000000, 0x000000008e100000, 0x00000000d5580000)
  object space 230400K, 99% used [0x0000000080000000,0x000000008e0c0c08,0x000000008e100000)
 Metaspace       used 70531K, committed 72128K, reserved 1114112K
  class space    used 7328K, committed 8000K, reserved 1048576K
}
Event: 46.674 GC heap after
{Heap after GC invocations=363 (full 3):
 PSYoungGen      total 3584K, used 928K [0x00000000d5580000, 0x00000000d5a80000, 0x0000000100000000)
  eden space 2560K, 0% used [0x00000000d5580000,0x00000000d5580000,0x00000000d5800000)
  from space 1024K, 90% used [0x00000000d5980000,0x00000000d5a68010,0x00000000d5a80000)
  to   space 1024K, 0% used [0x00000000d5800000,0x00000000d5800000,0x00000000d5900000)
 ParOldGen       total 231424K, used 231027K [0x0000000080000000, 0x000000008e200000, 0x00000000d5580000)
  object space 231424K, 99% used [0x0000000080000000,0x000000008e19cc08,0x000000008e200000)
 Metaspace       used 70531K, committed 72128K, reserved 1114112K
  class space    used 7328K, committed 8000K, reserved 1048576K
}
Event: 46.696 GC heap before
{Heap before GC invocations=364 (full 3):
 PSYoungGen      total 3584K, used 3488K [0x00000000d5580000, 0x00000000d5a80000, 0x0000000100000000)
  eden space 2560K, 100% used [0x00000000d5580000,0x00000000d5800000,0x00000000d5800000)
  from space 1024K, 90% used [0x00000000d5980000,0x00000000d5a68010,0x00000000d5a80000)
  to   space 1024K, 0% used [0x00000000d5800000,0x00000000d5800000,0x00000000d5900000)
 ParOldGen       total 231424K, used 231027K [0x0000000080000000, 0x000000008e200000, 0x00000000d5580000)
  object space 231424K, 99% used [0x0000000080000000,0x000000008e19cc08,0x000000008e200000)
 Metaspace       used 70543K, committed 72128K, reserved 1114112K
  class space    used 7328K, committed 8000K, reserved 1048576K
}
Event: 46.700 GC heap after
{Heap after GC invocations=364 (full 3):
 PSYoungGen      total 3584K, used 736K [0x00000000d5580000, 0x00000000d5a00000, 0x0000000100000000)
  eden space 2560K, 0% used [0x00000000d5580000,0x00000000d5580000,0x00000000d5800000)
  from space 1024K, 71% used [0x00000000d5800000,0x00000000d58b8000,0x00000000d5900000)
  to   space 1024K, 0% used [0x00000000d5900000,0x00000000d5900000,0x00000000d5a00000)
 ParOldGen       total 231936K, used 231747K [0x0000000080000000, 0x000000008e280000, 0x00000000d5580000)
  object space 231936K, 99% used [0x0000000080000000,0x000000008e250c18,0x000000008e280000)
 Metaspace       used 70543K, committed 72128K, reserved 1114112K
  class space    used 7328K, committed 8000K, reserved 1048576K
}
Event: 46.739 GC heap before
{Heap before GC invocations=365 (full 3):
 PSYoungGen      total 3584K, used 3296K [0x00000000d5580000, 0x00000000d5a00000, 0x0000000100000000)
  eden space 2560K, 100% used [0x00000000d5580000,0x00000000d5800000,0x00000000d5800000)
  from space 1024K, 71% used [0x00000000d5800000,0x00000000d58b8000,0x00000000d5900000)
  to   space 1024K, 0% used [0x00000000d5900000,0x00000000d5900000,0x00000000d5a00000)
 ParOldGen       total 231936K, used 231747K [0x0000000080000000, 0x000000008e280000, 0x00000000d5580000)
  object space 231936K, 99% used [0x0000000080000000,0x000000008e250c18,0x000000008e280000)
 Metaspace       used 70544K, committed 72128K, reserved 1114112K
  class space    used 7328K, committed 8000K, reserved 1048576K
}
Event: 46.743 GC heap after
{Heap after GC invocations=365 (full 3):
 PSYoungGen      total 3584K, used 634K [0x00000000d5580000, 0x00000000d5a00000, 0x0000000100000000)
  eden space 2560K, 0% used [0x00000000d5580000,0x00000000d5580000,0x00000000d5800000)
  from space 1024K, 61% used [0x00000000d5900000,0x00000000d599e900,0x00000000d5a00000)
  to   space 1024K, 0% used [0x00000000d5800000,0x00000000d5800000,0x00000000d5900000)
 ParOldGen       total 232448K, used 232235K [0x0000000080000000, 0x000000008e300000, 0x00000000d5580000)
  object space 232448K, 99% used [0x0000000080000000,0x000000008e2cac28,0x000000008e300000)
 Metaspace       used 70544K, committed 72128K, reserved 1114112K
  class space    used 7328K, committed 8000K, reserved 1048576K
}
Event: 46.768 GC heap before
{Heap before GC invocations=366 (full 3):
 PSYoungGen      total 3584K, used 3194K [0x00000000d5580000, 0x00000000d5a00000, 0x0000000100000000)
  eden space 2560K, 100% used [0x00000000d5580000,0x00000000d5800000,0x00000000d5800000)
  from space 1024K, 61% used [0x00000000d5900000,0x00000000d599e900,0x00000000d5a00000)
  to   space 1024K, 0% used [0x00000000d5800000,0x00000000d5800000,0x00000000d5900000)
 ParOldGen       total 232448K, used 232235K [0x0000000080000000, 0x000000008e300000, 0x00000000d5580000)
  object space 232448K, 99% used [0x0000000080000000,0x000000008e2cac28,0x000000008e300000)
 Metaspace       used 70544K, committed 72128K, reserved 1114112K
  class space    used 7328K, committed 8000K, reserved 1048576K
}
Event: 46.777 GC heap after
{Heap after GC invocations=366 (full 3):
 PSYoungGen      total 3584K, used 992K [0x00000000d5580000, 0x00000000d5c00000, 0x0000000100000000)
  eden space 2560K, 0% used [0x00000000d5580000,0x00000000d5580000,0x00000000d5800000)
  from space 1024K, 96% used [0x00000000d5800000,0x00000000d58f8010,0x00000000d5900000)
  to   space 2048K, 0% used [0x00000000d5a00000,0x00000000d5a00000,0x00000000d5c00000)
 ParOldGen       total 232960K, used 232739K [0x0000000080000000, 0x000000008e380000, 0x00000000d5580000)
  object space 232960K, 99% used [0x0000000080000000,0x000000008e348e38,0x000000008e380000)
 Metaspace       used 70544K, committed 72128K, reserved 1114112K
  class space    used 7328K, committed 8000K, reserved 1048576K
}
Event: 46.800 GC heap before
{Heap before GC invocations=367 (full 3):
 PSYoungGen      total 3584K, used 3552K [0x00000000d5580000, 0x00000000d5c00000, 0x0000000100000000)
  eden space 2560K, 100% used [0x00000000d5580000,0x00000000d5800000,0x00000000d5800000)
  from space 1024K, 96% used [0x00000000d5800000,0x00000000d58f8010,0x00000000d5900000)
  to   space 2048K, 0% used [0x00000000d5a00000,0x00000000d5a00000,0x00000000d5c00000)
 ParOldGen       total 232960K, used 232739K [0x0000000080000000, 0x000000008e380000, 0x00000000d5580000)
  object space 232960K, 99% used [0x0000000080000000,0x000000008e348e38,0x000000008e380000)
 Metaspace       used 70552K, committed 72128K, reserved 1114112K
  class space    used 7328K, committed 8000K, reserved 1048576K
}
Event: 46.803 GC heap after
{Heap after GC invocations=367 (full 3):
 PSYoungGen      total 3584K, used 960K [0x00000000d5580000, 0x00000000d5b00000, 0x0000000100000000)
  eden space 2560K, 0% used [0x00000000d5580000,0x00000000d5580000,0x00000000d5800000)
  from space 1024K, 93% used [0x00000000d5a00000,0x00000000d5af0000,0x00000000d5b00000)
  to   space 1536K, 0% used [0x00000000d5800000,0x00000000d5800000,0x00000000d5980000)
 ParOldGen       total 233984K, used 233619K [0x0000000080000000, 0x000000008e480000, 0x00000000d5580000)
  object space 233984K, 99% used [0x0000000080000000,0x000000008e424e48,0x000000008e480000)
 Metaspace       used 70552K, committed 72128K, reserved 1114112K
  class space    used 7328K, committed 8000K, reserved 1048576K
}
Event: 46.991 GC heap before
{Heap before GC invocations=368 (full 3):
 PSYoungGen      total 3584K, used 3520K [0x00000000d5580000, 0x00000000d5b00000, 0x0000000100000000)
  eden space 2560K, 100% used [0x00000000d5580000,0x00000000d5800000,0x00000000d5800000)
  from space 1024K, 93% used [0x00000000d5a00000,0x00000000d5af0000,0x00000000d5b00000)
  to   space 1536K, 0% used [0x00000000d5800000,0x00000000d5800000,0x00000000d5980000)
 ParOldGen       total 233984K, used 233619K [0x0000000080000000, 0x000000008e480000, 0x00000000d5580000)
  object space 233984K, 99% used [0x0000000080000000,0x000000008e424e48,0x000000008e480000)
 Metaspace       used 70578K, committed 72128K, reserved 1114112K
  class space    used 7328K, committed 8000K, reserved 1048576K
}
Event: 47.998 GC heap after
{Heap after GC invocations=368 (full 3):
 PSYoungGen      total 4096K, used 480K [0x00000000d5580000, 0x00000000d5a80000, 0x0000000100000000)
  eden space 2560K, 0% used [0x00000000d5580000,0x00000000d5580000,0x00000000d5800000)
  from space 1536K, 31% used [0x00000000d5800000,0x00000000d5878000,0x00000000d5980000)
  to   space 1024K, 0% used [0x00000000d5980000,0x00000000d5980000,0x00000000d5a80000)
 ParOldGen       total 234496K, used 234355K [0x0000000080000000, 0x000000008e500000, 0x00000000d5580000)
  object space 234496K, 99% used [0x0000000080000000,0x000000008e4dce48,0x000000008e500000)
 Metaspace       used 70578K, committed 72128K, reserved 1114112K
  class space    used 7328K, committed 8000K, reserved 1048576K
}

Dll operation events (10 events):
Event: 0.039 Loaded shared library c:\Users\Moorthy\.vscode\extensions\redhat.java-1.54.0-win32-x64\jre\21.0.10-win32-x86_64\bin\java.dll
Event: 0.159 Loaded shared library c:\Users\Moorthy\.vscode\extensions\redhat.java-1.54.0-win32-x64\jre\21.0.10-win32-x86_64\bin\zip.dll
Event: 0.194 Loaded shared library C:\Users\Moorthy\.vscode\extensions\redhat.java-1.54.0-win32-x64\jre\21.0.10-win32-x86_64\bin\instrument.dll
Event: 0.209 Loaded shared library C:\Users\Moorthy\.vscode\extensions\redhat.java-1.54.0-win32-x64\jre\21.0.10-win32-x86_64\bin\net.dll
Event: 0.219 Loaded shared library C:\Users\Moorthy\.vscode\extensions\redhat.java-1.54.0-win32-x64\jre\21.0.10-win32-x86_64\bin\nio.dll
Event: 0.225 Loaded shared library C:\Users\Moorthy\.vscode\extensions\redhat.java-1.54.0-win32-x64\jre\21.0.10-win32-x86_64\bin\zip.dll
Event: 0.265 Loaded shared library C:\Users\Moorthy\.vscode\extensions\redhat.java-1.54.0-win32-x64\jre\21.0.10-win32-x86_64\bin\jimage.dll
Event: 0.439 Loaded shared library c:\Users\Moorthy\.vscode\extensions\redhat.java-1.54.0-win32-x64\jre\21.0.10-win32-x86_64\bin\verify.dll
Event: 3.188 Loaded shared library C:\Users\Moorthy\AppData\Roaming\Code\User\globalStorage\redhat.java\1.54.0\config_win\org.eclipse.equinox.launcher\org.eclipse.equinox.launcher.win32.win32.x86_64_1.3.0.v20260203-2149\eclipse_11919.dll
Event: 11.376 Loaded shared library C:\Users\Moorthy\AppData\Local\Temp\jna--1392803008\jna7503159655762554474.dll

Deoptimization events (20 events):
Event: 46.664 Thread 0x000002507655d640 Uncommon trap: trap_request=0xffffffde fr.pc=0x0000025063d4dc64 relative=0x0000000000000a24
Event: 46.664 Thread 0x000002507655d640 Uncommon trap: reason=class_check action=maybe_recompile pc=0x0000025063d4dc64 method=java.util.HashMap.computeIfAbsent(Ljava/lang/Object;Ljava/util/function/Function;)Ljava/lang/Object; @ 142 c2
Event: 46.664 Thread 0x000002507655d640 DEOPT PACKING pc=0x0000025063d4dc64 sp=0x00000099de6fd6f0
Event: 46.664 Thread 0x000002507655d640 DEOPT UNPACKING pc=0x00000250631a3aa2 sp=0x00000099de6fd698 mode 2
Event: 46.689 Thread 0x000002507655d640 Uncommon trap: trap_request=0xffffffde fr.pc=0x0000025063d4dc64 relative=0x0000000000000a24
Event: 46.689 Thread 0x000002507655d640 Uncommon trap: reason=class_check action=maybe_recompile pc=0x0000025063d4dc64 method=java.util.HashMap.computeIfAbsent(Ljava/lang/Object;Ljava/util/function/Function;)Ljava/lang/Object; @ 142 c2
Event: 46.689 Thread 0x000002507655d640 DEOPT PACKING pc=0x0000025063d4dc64 sp=0x00000099de6fd6f0
Event: 46.689 Thread 0x000002507655d640 DEOPT UNPACKING pc=0x00000250631a3aa2 sp=0x00000099de6fd698 mode 2
Event: 46.701 Thread 0x0000025077939280 Uncommon trap: trap_request=0xffffffd6 fr.pc=0x0000025063d8d9ac relative=0x000000000000064c
Event: 46.701 Thread 0x0000025077939280 Uncommon trap: reason=array_check action=maybe_recompile pc=0x0000025063d8d9ac method=java.util.TimSort.binarySort([Ljava/lang/Object;IIILjava/util/Comparator;)V @ 183 c2
Event: 46.701 Thread 0x0000025077939280 DEOPT PACKING pc=0x0000025063d8d9ac sp=0x00000099dfffdc20
Event: 46.701 Thread 0x0000025077939280 DEOPT UNPACKING pc=0x00000250631a3aa2 sp=0x00000099dfffdbb8 mode 2
Event: 46.701 Thread 0x0000025077939280 Uncommon trap: trap_request=0xffffffd6 fr.pc=0x0000025063d546a0 relative=0x00000000000003c0
Event: 46.701 Thread 0x0000025077939280 Uncommon trap: reason=array_check action=maybe_recompile pc=0x0000025063d546a0 method=java.util.TimSort.binarySort([Ljava/lang/Object;IIILjava/util/Comparator;)V @ 215 c2
Event: 46.701 Thread 0x0000025077939280 DEOPT PACKING pc=0x0000025063d546a0 sp=0x00000099dfffdad0
Event: 46.701 Thread 0x0000025077939280 DEOPT UNPACKING pc=0x00000250631a3aa2 sp=0x00000099dfffda68 mode 2
Event: 46.701 Thread 0x0000025077939280 Uncommon trap: trap_request=0xffffffd6 fr.pc=0x0000025063d8d9ac relative=0x000000000000064c
Event: 46.701 Thread 0x0000025077939280 Uncommon trap: reason=array_check action=maybe_recompile pc=0x0000025063d8d9ac method=java.util.TimSort.binarySort([Ljava/lang/Object;IIILjava/util/Comparator;)V @ 183 c2
Event: 46.701 Thread 0x0000025077939280 DEOPT PACKING pc=0x0000025063d8d9ac sp=0x00000099dfffdad0
Event: 46.701 Thread 0x0000025077939280 DEOPT UNPACKING pc=0x00000250631a3aa2 sp=0x00000099dfffda68 mode 2

Classes loaded (20 events):
Event: 25.691 Loading class java/util/concurrent/ConcurrentHashMap$KeySpliterator
Event: 25.692 Loading class java/util/concurrent/ConcurrentHashMap$KeySpliterator done
Event: 25.700 Loading class sun/nio/ch/ChannelOutputStream
Event: 25.700 Loading class sun/nio/ch/ChannelOutputStream done
Event: 25.798 Loading class java/util/Hashtable$KeySet
Event: 25.798 Loading class java/util/Hashtable$KeySet done
Event: 26.459 Loading class sun/nio/fs/WindowsFileCopy
Event: 26.461 Loading class sun/nio/fs/WindowsFileCopy done
Event: 30.431 Loading class sun/nio/cs/ISO_8859_1$Decoder
Event: 30.432 Loading class sun/nio/cs/ISO_8859_1$Decoder done
Event: 31.450 Loading class java/util/Collections$2
Event: 31.451 Loading class java/util/Collections$2 done
Event: 32.244 Loading class jdk/internal/ref/CleanerImpl$InnocuousThreadFactory
Event: 32.244 Loading class jdk/internal/ref/CleanerImpl$InnocuousThreadFactory done
Event: 36.597 Loading class java/io/CharArrayWriter
Event: 36.598 Loading class java/io/CharArrayWriter done
Event: 36.614 Loading class java/nio/file/attribute/PosixFileAttributes
Event: 36.614 Loading class java/nio/file/attribute/PosixFileAttributes done
Event: 48.285 Loading class java/nio/file/Path$1
Event: 48.305 Loading class java/nio/file/Path$1 done

Classes unloaded (19 events):
Event: 13.775 Thread 0x0000025058ac2a50 Unloading class 0x00000250011a9400 'java/lang/invoke/LambdaForm$MH+0x00000250011a9400'
Event: 13.775 Thread 0x0000025058ac2a50 Unloading class 0x00000250011a9000 'java/lang/invoke/LambdaForm$MH+0x00000250011a9000'
Event: 13.775 Thread 0x0000025058ac2a50 Unloading class 0x00000250011a8c00 'java/lang/invoke/LambdaForm$MH+0x00000250011a8c00'
Event: 13.775 Thread 0x0000025058ac2a50 Unloading class 0x00000250011a8800 'java/lang/invoke/LambdaForm$MH+0x00000250011a8800'
Event: 13.775 Thread 0x0000025058ac2a50 Unloading class 0x00000250011a8400 'java/lang/invoke/LambdaForm$BMH+0x00000250011a8400'
Event: 13.775 Thread 0x0000025058ac2a50 Unloading class 0x00000250011a8000 'java/lang/invoke/LambdaForm$DMH+0x00000250011a8000'
Event: 13.775 Thread 0x0000025058ac2a50 Unloading class 0x00000250011a6c00 'java/lang/invoke/LambdaForm$DMH+0x00000250011a6c00'
Event: 24.701 Thread 0x0000025058ac2a50 Unloading class 0x00000250016bc400 'java/lang/invoke/LambdaForm$DMH+0x00000250016bc400'
Event: 24.701 Thread 0x0000025058ac2a50 Unloading class 0x0000025001667000 'java/lang/invoke/LambdaForm$MH+0x0000025001667000'
Event: 24.701 Thread 0x0000025058ac2a50 Unloading class 0x0000025001666c00 'java/lang/invoke/LambdaForm$MH+0x0000025001666c00'
Event: 24.701 Thread 0x0000025058ac2a50 Unloading class 0x0000025001666800 'java/lang/invoke/LambdaForm$MH+0x0000025001666800'
Event: 24.701 Thread 0x0000025058ac2a50 Unloading class 0x0000025001666400 'java/lang/invoke/LambdaForm$MH+0x0000025001666400'
Event: 24.701 Thread 0x0000025058ac2a50 Unloading class 0x0000025001665c00 'java/lang/invoke/LambdaForm$MH+0x0000025001665c00'
Event: 24.701 Thread 0x0000025058ac2a50 Unloading class 0x0000025001665800 'java/lang/invoke/LambdaForm$MH+0x0000025001665800'
Event: 24.701 Thread 0x0000025058ac2a50 Unloading class 0x0000025001665400 'java/lang/invoke/LambdaForm$MH+0x0000025001665400'
Event: 24.701 Thread 0x0000025058ac2a50 Unloading class 0x0000025001664400 'java/lang/invoke/LambdaForm$MH+0x0000025001664400'
Event: 24.701 Thread 0x0000025058ac2a50 Unloading class 0x0000025001664000 'java/lang/invoke/LambdaForm$MH+0x0000025001664000'
Event: 24.701 Thread 0x0000025058ac2a50 Unloading class 0x0000025001664800 'java/lang/invoke/LambdaForm$MH+0x0000025001664800'
Event: 24.701 Thread 0x0000025058ac2a50 Unloading class 0x0000025001664c00 'java/lang/invoke/LambdaForm$MH+0x0000025001664c00'

Classes redefined (0 events):
No events

Internal exceptions (20 events):
Event: 46.831 Thread 0x0000025077937840 Exception <a 'sun/nio/fs/WindowsException'{0x00000000d55f03e0}> (0x00000000d55f03e0) 
thrown [s\src\hotspot\share\prims\jni.cpp, line 520]
Event: 46.832 Thread 0x0000025077937840 Exception <a 'sun/nio/fs/WindowsException'{0x00000000d55f1e00}> (0x00000000d55f1e00) 
thrown [s\src\hotspot\share\prims\jni.cpp, line 520]
Event: 46.832 Thread 0x0000025077937840 Exception <a 'sun/nio/fs/WindowsException'{0x00000000d55f27d8}> (0x00000000d55f27d8) 
thrown [s\src\hotspot\share\prims\jni.cpp, line 520]
Event: 46.836 Thread 0x0000025077937840 Exception <a 'sun/nio/fs/WindowsException'{0x00000000d5619db8}> (0x00000000d5619db8) 
thrown [s\src\hotspot\share\prims\jni.cpp, line 520]
Event: 46.836 Thread 0x0000025077937840 Exception <a 'sun/nio/fs/WindowsException'{0x00000000d561a790}> (0x00000000d561a790) 
thrown [s\src\hotspot\share\prims\jni.cpp, line 520]
Event: 46.976 Thread 0x0000025077937840 Exception <a 'sun/nio/fs/WindowsException'{0x00000000d56fa6f8}> (0x00000000d56fa6f8) 
thrown [s\src\hotspot\share\prims\jni.cpp, line 520]
Event: 46.976 Thread 0x0000025077937840 Exception <a 'sun/nio/fs/WindowsException'{0x00000000d56fb0d0}> (0x00000000d56fb0d0) 
thrown [s\src\hotspot\share\prims\jni.cpp, line 520]
Event: 46.978 Thread 0x0000025077937840 Exception <a 'sun/nio/fs/WindowsException'{0x00000000d56fc0e0}> (0x00000000d56fc0e0) 
thrown [s\src\hotspot\share\prims\jni.cpp, line 520]
Event: 46.979 Thread 0x0000025077937840 Exception <a 'sun/nio/fs/WindowsException'{0x00000000d56fcab8}> (0x00000000d56fcab8) 
thrown [s\src\hotspot\share\prims\jni.cpp, line 520]
Event: 46.981 Thread 0x0000025077937840 Exception <a 'sun/nio/fs/WindowsException'{0x00000000d56fe4d8}> (0x00000000d56fe4d8) 
thrown [s\src\hotspot\share\prims\jni.cpp, line 520]
Event: 46.981 Thread 0x0000025077937840 Exception <a 'sun/nio/fs/WindowsException'{0x00000000d56feeb0}> (0x00000000d56feeb0) 
thrown [s\src\hotspot\share\prims\jni.cpp, line 520]
Event: 46.989 Thread 0x0000025077937840 Exception <a 'sun/nio/fs/WindowsException'{0x00000000d57caf18}> (0x00000000d57caf18) 
thrown [s\src\hotspot\share\prims\jni.cpp, line 520]
Event: 46.989 Thread 0x0000025077937840 Exception <a 'sun/nio/fs/WindowsException'{0x00000000d57cb8f0}> (0x00000000d57cb8f0) 
thrown [s\src\hotspot\share\prims\jni.cpp, line 520]
Event: 48.262 Thread 0x0000025079225600 Exception <a 'sun/nio/fs/WindowsException'{0x00000000d56a6430}> (0x00000000d56a6430) 
thrown [s\src\hotspot\share\prims\jni.cpp, line 520]
Event: 48.280 Thread 0x0000025079225600 Exception <a 'sun/nio/fs/WindowsException'{0x00000000d56a7900}> (0x00000000d56a7900) 
thrown [s\src\hotspot\share\prims\jni.cpp, line 520]
Event: 48.280 Thread 0x0000025079225600 Exception <a 'sun/nio/fs/WindowsException'{0x00000000d56a8230}> (0x00000000d56a8230) 
thrown [s\src\hotspot\share\prims\jni.cpp, line 520]
Event: 48.280 Thread 0x0000025079225600 Exception <a 'sun/nio/fs/WindowsException'{0x00000000d56a8b48}> (0x00000000d56a8b48) 
thrown [s\src\hotspot\share\prims\jni.cpp, line 520]
Event: 48.363 Thread 0x0000025077fb9df0 Exception <a 'sun/nio/fs/WindowsException'{0x00000000d56bdd80}> (0x00000000d56bdd80) 
thrown [s\src\hotspot\share\prims\jni.cpp, line 520]
Event: 48.466 Thread 0x0000025079225600 Exception <a 'sun/nio/fs/WindowsException'{0x00000000d56ccd20}> (0x00000000d56ccd20) 
thrown [s\src\hotspot\share\prims\jni.cpp, line 520]
Event: 48.466 Thread 0x0000025079225600 Exception <a 'sun/nio/fs/WindowsException'{0x00000000d56cd6a8}> (0x00000000d56cd6a8) 
thrown [s\src\hotspot\share\prims\jni.cpp, line 520]

ZGC Phase Switch (0 events):
No events

VM Operations (20 events):
Event: 46.561 Executing safepoint VM operation: ParallelGCFailedAllocation (Allocation Failure) done
Event: 46.598 Executing safepoint VM operation: ParallelGCFailedAllocation (Allocation Failure)
Event: 46.601 Executing safepoint VM operation: ParallelGCFailedAllocation (Allocation Failure) done
Event: 46.632 Executing safepoint VM operation: ParallelGCFailedAllocation (Allocation Failure)
Event: 46.636 Executing safepoint VM operation: ParallelGCFailedAllocation (Allocation Failure) done
Event: 46.651 Executing safepoint VM operation: ParallelGCFailedAllocation (Allocation Failure)
Event: 46.655 Executing safepoint VM operation: ParallelGCFailedAllocation (Allocation Failure) done
Event: 46.671 Executing safepoint VM operation: ParallelGCFailedAllocation (Allocation Failure)
Event: 46.674 Executing safepoint VM operation: ParallelGCFailedAllocation (Allocation Failure) done
Event: 46.696 Executing safepoint VM operation: ParallelGCFailedAllocation (Allocation Failure)
Event: 46.700 Executing safepoint VM operation: ParallelGCFailedAllocation (Allocation Failure) done
Event: 46.739 Executing safepoint VM operation: ParallelGCFailedAllocation (Allocation Failure)
Event: 46.743 Executing safepoint VM operation: ParallelGCFailedAllocation (Allocation Failure) done
Event: 46.768 Executing safepoint VM operation: ParallelGCFailedAllocation (Allocation Failure)
Event: 46.777 Executing safepoint VM operation: ParallelGCFailedAllocation (Allocation Failure) done
Event: 46.800 Executing safepoint VM operation: ParallelGCFailedAllocation (Allocation Failure)
Event: 46.803 Executing safepoint VM operation: ParallelGCFailedAllocation (Allocation Failure) done
Event: 46.991 Executing safepoint VM operation: ParallelGCFailedAllocation (Allocation Failure)
Event: 47.998 Executing safepoint VM operation: ParallelGCFailedAllocation (Allocation Failure) done
Event: 49.002 Executing safepoint VM operation: Cleanup

Memory protections (0 events):
No events

Nmethod flushes (20 events):
Event: 24.733 Thread 0x0000025058ac2a50 flushing  nmethod 0x000002505c5d6a10
Event: 24.733 Thread 0x0000025058ac2a50 flushing  nmethod 0x000002505c5d7b10
Event: 24.733 Thread 0x0000025058ac2a50 flushing  nmethod 0x000002505c5dc290
Event: 24.733 Thread 0x0000025058ac2a50 flushing  nmethod 0x000002505c5dea90
Event: 24.733 Thread 0x0000025058ac2a50 flushing  nmethod 0x000002505c5e9a10
Event: 24.733 Thread 0x0000025058ac2a50 flushing  nmethod 0x000002505c5e9e90
Event: 24.733 Thread 0x0000025058ac2a50 flushing  nmethod 0x000002505c5ea410
Event: 24.733 Thread 0x0000025058ac2a50 flushing  nmethod 0x000002505c5ea990
Event: 24.733 Thread 0x0000025058ac2a50 flushing  nmethod 0x000002505c5eae90
Event: 24.733 Thread 0x0000025058ac2a50 flushing  nmethod 0x000002505c5eb490
Event: 24.733 Thread 0x0000025058ac2a50 flushing  nmethod 0x000002505c5ebd10
Event: 24.733 Thread 0x0000025058ac2a50 flushing  nmethod 0x000002505c5ec090
Event: 24.733 Thread 0x0000025058ac2a50 flushing  nmethod 0x000002505c5ec590
Event: 24.733 Thread 0x0000025058ac2a50 flushing  nmethod 0x000002505c5ecd90
Event: 24.733 Thread 0x0000025058ac2a50 flushing  nmethod 0x000002505c5fdb10
Event: 24.733 Thread 0x0000025058ac2a50 flushing  nmethod 0x000002505c602a90
Event: 24.733 Thread 0x0000025058ac2a50 flushing  nmethod 0x000002505c65af10
Event: 24.733 Thread 0x0000025058ac2a50 flushing  nmethod 0x000002505c65d190
Event: 24.733 Thread 0x0000025058ac2a50 flushing  nmethod 0x000002505c669910
Event: 24.733 Thread 0x0000025058ac2a50 flushing  nmethod 0x000002505c678c90

Events (20 events):
Event: 42.081 Thread 0x0000025077937840 Thread added: 0x00000250798548a0
Event: 42.082 Thread 0x0000025077937840 Thread added: 0x00000250798555c0
Event: 42.082 Thread 0x0000025077937840 Thread added: 0x0000025079852e60
Event: 42.082 Thread 0x0000025077937840 Thread added: 0x0000025079852140
Event: 42.083 Thread 0x0000025077937840 Thread added: 0x00000250798562e0
Event: 42.633 Thread 0x0000025079852140 Thread exited: 0x0000025079852140
Event: 42.633 Thread 0x0000025079852e60 Thread exited: 0x0000025079852e60
Event: 42.633 Thread 0x00000250798555c0 Thread exited: 0x00000250798555c0
Event: 42.633 Thread 0x00000250798548a0 Thread exited: 0x00000250798548a0
Event: 42.633 Thread 0x00000250798562e0 Thread exited: 0x00000250798562e0
Event: 44.852 Thread 0x000002507655d640 Thread added: 0x00000250798548a0
Event: 44.853 Thread 0x000002507655d640 Thread added: 0x0000025079852140
Event: 44.853 Thread 0x000002507655d640 Thread added: 0x00000250798555c0
Event: 44.853 Thread 0x000002507655d640 Thread added: 0x0000025079855c50
Event: 44.853 Thread 0x000002507655d640 Thread added: 0x00000250798562e0
Event: 45.219 Thread 0x00000250798562e0 Thread exited: 0x00000250798562e0
Event: 45.219 Thread 0x0000025079852140 Thread exited: 0x0000025079852140
Event: 45.219 Thread 0x00000250798548a0 Thread exited: 0x00000250798548a0
Event: 45.219 Thread 0x00000250798555c0 Thread exited: 0x00000250798555c0
Event: 45.219 Thread 0x0000025079855c50 Thread exited: 0x0000025079855c50


Dynamic libraries:
0x00007ff6dace0000 - 0x00007ff6dacee000 	c:\Users\Moorthy\.vscode\extensions\redhat.java-1.54.0-win32-x64\jre\21.0.10-win32-x86_64\bin\java.exe
0x00007fff1f180000 - 0x00007fff1f3e6000 	C:\WINDOWS\SYSTEM32\ntdll.dll
0x00007fff1d9e0000 - 0x00007fff1daa9000 	C:\WINDOWS\System32\KERNEL32.DLL
0x00007fff1c6c0000 - 0x00007fff1caba000 	C:\WINDOWS\System32\KERNELBASE.dll
0x00007fff1cac0000 - 0x00007fff1cc0c000 	C:\WINDOWS\System32\ucrtbase.dll
0x00007fff079e0000 - 0x00007fff079f8000 	c:\Users\Moorthy\.vscode\extensions\redhat.java-1.54.0-win32-x64\jre\21.0.10-win32-x86_64\bin\jli.dll
0x00007ffee91b0000 - 0x00007ffee91ce000 	c:\Users\Moorthy\.vscode\extensions\redhat.java-1.54.0-win32-x64\jre\21.0.10-win32-x86_64\bin\VCRUNTIME140.dll
0x00007fff1ea60000 - 0x00007fff1ec27000 	C:\WINDOWS\System32\USER32.dll
0x00007fff1cd40000 - 0x00007fff1cd67000 	C:\WINDOWS\System32\win32u.dll
0x00007fff00e20000 - 0x00007fff010b2000 	C:\WINDOWS\WinSxS\amd64_microsoft.windows.common-controls_6595b64144ccf1df_6.0.26100.8521_none_3e08b75ce33403b3\COMCTL32.dll
0x00007fff1f110000 - 0x00007fff1f13b000 	C:\WINDOWS\System32\GDI32.dll
0x00007fff1de40000 - 0x00007fff1dee9000 	C:\WINDOWS\System32\msvcrt.dll
0x00007fff1cc10000 - 0x00007fff1cd3b000 	C:\WINDOWS\System32\gdi32full.dll
0x00007fff1c410000 - 0x00007fff1c4b3000 	C:\WINDOWS\System32\msvcp_win.dll
0x00007fff1cf70000 - 0x00007fff1cfa2000 	C:\WINDOWS\System32\IMM32.DLL
0x00007fff09170000 - 0x00007fff0917c000 	c:\Users\Moorthy\.vscode\extensions\redhat.java-1.54.0-win32-x64\jre\21.0.10-win32-x86_64\bin\vcruntime140_1.dll
0x00007ffee7ac0000 - 0x00007ffee7b4d000 	c:\Users\Moorthy\.vscode\extensions\redhat.java-1.54.0-win32-x64\jre\21.0.10-win32-x86_64\bin\msvcp140.dll
0x00007ffe1bd30000 - 0x00007ffe1cad1000 	c:\Users\Moorthy\.vscode\extensions\redhat.java-1.54.0-win32-x64\jre\21.0.10-win32-x86_64\bin\server\jvm.dll
0x00007fff1f050000 - 0x00007fff1f106000 	C:\WINDOWS\System32\ADVAPI32.dll
0x00007fff1e060000 - 0x00007fff1e10a000 	C:\WINDOWS\System32\sechost.dll
0x00007fff1e120000 - 0x00007fff1e238000 	C:\WINDOWS\System32\RPCRT4.dll
0x00007fff1cfb0000 - 0x00007fff1d030000 	C:\WINDOWS\System32\WS2_32.dll
0x00007fff1c270000 - 0x00007fff1c2ce000 	C:\WINDOWS\SYSTEM32\POWRPROF.dll
0x00007fff168d0000 - 0x00007fff16906000 	C:\WINDOWS\SYSTEM32\WINMM.dll
0x00007fff084a0000 - 0x00007fff084ab000 	C:\WINDOWS\SYSTEM32\VERSION.dll
0x00007fff1c250000 - 0x00007fff1c264000 	C:\WINDOWS\SYSTEM32\UMPDC.dll
0x00007fff1b1a0000 - 0x00007fff1b1bb000 	C:\WINDOWS\SYSTEM32\kernel.appcore.dll
0x00007fff08c80000 - 0x00007fff08c8a000 	c:\Users\Moorthy\.vscode\extensions\redhat.java-1.54.0-win32-x64\jre\21.0.10-win32-x86_64\bin\jimage.dll
0x00007fff19a20000 - 0x00007fff19c62000 	C:\WINDOWS\SYSTEM32\DBGHELP.DLL
0x00007fff1dab0000 - 0x00007fff1de33000 	C:\WINDOWS\System32\combase.dll
0x00007fff1e2c0000 - 0x00007fff1e399000 	C:\WINDOWS\System32\OLEAUT32.dll
0x00007fff16520000 - 0x00007fff1655b000 	C:\WINDOWS\SYSTEM32\dbgcore.DLL
0x00007fff1c580000 - 0x00007fff1c628000 	C:\WINDOWS\System32\bcryptPrimitives.dll
0x00007fff08710000 - 0x00007fff0871f000 	c:\Users\Moorthy\.vscode\extensions\redhat.java-1.54.0-win32-x64\jre\21.0.10-win32-x86_64\bin\instrument.dll
0x00007ffee8ed0000 - 0x00007ffee8ef0000 	c:\Users\Moorthy\.vscode\extensions\redhat.java-1.54.0-win32-x64\jre\21.0.10-win32-x86_64\bin\java.dll
0x00007fff1d1c0000 - 0x00007fff1d944000 	C:\WINDOWS\System32\SHELL32.dll
0x00007fff19fa0000 - 0x00007fff1a820000 	C:\WINDOWS\SYSTEM32\windows.storage.dll
0x00007fff1d0b0000 - 0x00007fff1d1a6000 	C:\WINDOWS\System32\SHCORE.dll
0x00007fff1d040000 - 0x00007fff1d0a7000 	C:\WINDOWS\System32\shlwapi.dll
0x00007fff1c330000 - 0x00007fff1c359000 	C:\WINDOWS\SYSTEM32\profapi.dll
0x00007ffee8f40000 - 0x00007ffee8f58000 	c:\Users\Moorthy\.vscode\extensions\redhat.java-1.54.0-win32-x64\jre\21.0.10-win32-x86_64\bin\zip.dll
0x00007fff079d0000 - 0x00007fff079e0000 	C:\Users\Moorthy\.vscode\extensions\redhat.java-1.54.0-win32-x64\jre\21.0.10-win32-x86_64\bin\net.dll
0x00007fff105a0000 - 0x00007fff106c9000 	C:\WINDOWS\SYSTEM32\WINHTTP.dll
0x00007fff1b710000 - 0x00007fff1b77c000 	C:\WINDOWS\system32\mswsock.dll
0x00007ffee8e40000 - 0x00007ffee8e56000 	C:\Users\Moorthy\.vscode\extensions\redhat.java-1.54.0-win32-x64\jre\21.0.10-win32-x86_64\bin\nio.dll
0x00007ffef3b60000 - 0x00007ffef3b70000 	c:\Users\Moorthy\.vscode\extensions\redhat.java-1.54.0-win32-x64\jre\21.0.10-win32-x86_64\bin\verify.dll
0x00007ffee85a0000 - 0x00007ffee85e5000 	C:\Users\Moorthy\AppData\Roaming\Code\User\globalStorage\redhat.java\1.54.0\config_win\org.eclipse.equinox.launcher\org.eclipse.equinox.launcher.win32.win32.x86_64_1.3.0.v20260203-2149\eclipse_11919.dll
0x00007fff1e3a0000 - 0x00007fff1e538000 	C:\WINDOWS\System32\ole32.dll
0x00007fff1b9f0000 - 0x00007fff1ba0b000 	C:\WINDOWS\SYSTEM32\CRYPTSP.dll
0x00007fff1b100000 - 0x00007fff1b139000 	C:\WINDOWS\system32\rsaenh.dll
0x00007fff1b7c0000 - 0x00007fff1b7f3000 	C:\WINDOWS\SYSTEM32\USERENV.dll
0x00007fff1c300000 - 0x00007fff1c32a000 	C:\WINDOWS\SYSTEM32\bcrypt.dll
0x00007fff1ba10000 - 0x00007fff1ba1c000 	C:\WINDOWS\SYSTEM32\CRYPTBASE.dll
0x00007fff1ac90000 - 0x00007fff1acc3000 	C:\WINDOWS\SYSTEM32\IPHLPAPI.DLL
0x00007fff1d1b0000 - 0x00007fff1d1ba000 	C:\WINDOWS\System32\NSI.dll
0x00007ffedd5a0000 - 0x00007ffedd5e9000 	C:\Users\Moorthy\AppData\Local\Temp\jna--1392803008\jna7503159655762554474.dll
0x00007fff1def0000 - 0x00007fff1def8000 	C:\WINDOWS\System32\PSAPI.DLL
0x00007fff10e00000 - 0x00007fff10e1d000 	C:\WINDOWS\SYSTEM32\dhcpcsvc6.DLL
0x00007fff10d70000 - 0x00007fff10d95000 	C:\WINDOWS\SYSTEM32\dhcpcsvc.DLL

JVMTI agents:
c:\Users\Moorthy\.vscode\extensions\redhat.java-1.54.0-win32-x64\lombok\lombok-1.18.39-4050.jar path:c:\Users\Moorthy\.vscode\extensions\redhat.java-1.54.0-win32-x64\jre\21.0.10-win32-x86_64\bin\instrument.dll, loaded, initialized, instrumentlib options:none

dbghelp: loaded successfully - version: 4.0.5 - missing functions: none
symbol engine: initialized successfully - sym options: 0x614 - pdb path: .;c:\Users\Moorthy\.vscode\extensions\redhat.java-1.54.0-win32-x64\jre\21.0.10-win32-x86_64\bin;C:\WINDOWS\SYSTEM32;C:\WINDOWS\WinSxS\amd64_microsoft.windows.common-controls_6595b64144ccf1df_6.0.26100.8521_none_3e08b75ce33403b3;c:\Users\Moorthy\.vscode\extensions\redhat.java-1.54.0-win32-x64\jre\21.0.10-win32-x86_64\bin\server;C:\Users\Moorthy\AppData\Roaming\Code\User\globalStorage\redhat.java\1.54.0\config_win\org.eclipse.equinox.launcher\org.eclipse.equinox.launcher.win32.win32.x86_64_1.3.0.v20260203-2149;C:\Users\Moorthy\AppData\Local\Temp\jna--1392803008

VM Arguments:
jvm_args: --add-modules=ALL-SYSTEM --add-opens=java.base/java.util=ALL-UNNAMED --add-opens=java.base/java.lang=ALL-UNNAMED --add-opens=java.base/sun.nio.fs=ALL-UNNAMED -Declipse.application=org.eclipse.jdt.ls.core.id1 -Dosgi.bundles.defaultStartLevel=4 -Declipse.product=org.eclipse.jdt.ls.core.product -Djava.import.generatesMetadataFilesAtProjectRoot=false -DDetectVMInstallationsJob.disabled=true -Dfile.encoding=utf8 -XX:+UseParallelGC -XX:GCTimeRatio=4 -XX:AdaptiveSizePolicyWeight=90 -Dsun.zip.disableMemoryMapping=true -Xmx2G -Xms100m -Xlog:disable -javaagent:c:\Users\Moorthy\.vscode\extensions\redhat.java-1.54.0-win32-x64\lombok\lombok-1.18.39-4050.jar -XX:+HeapDumpOnOutOfMemoryError -XX:HeapDumpPath=c:\Users\Moorthy\AppData\Roaming\Code\User\workspaceStorage\a7b8b840adc06a15123203cd541b35c9\redhat.java -Daether.dependencyCollector.impl=bf 
java_command: c:\Users\Moorthy\.vscode\extensions\redhat.java-1.54.0-win32-x64\server\plugins\org.eclipse.equinox.launcher_1.7.100.v20251111-0406.jar -configuration c:\Users\Moorthy\AppData\Roaming\Code\User\globalStorage\redhat.java\1.54.0\config_win -data c:\Users\Moorthy\AppData\Roaming\Code\User\workspaceStorage\a7b8b840adc06a15123203cd541b35c9\redhat.java\jdt_ws --pipe=\\.\pipe\lsp-ef75f47f05309b6f0c4b250321495f08-sock
java_class_path (initial): c:\Users\Moorthy\.vscode\extensions\redhat.java-1.54.0-win32-x64\server\plugins\org.eclipse.equinox.launcher_1.7.100.v20251111-0406.jar
Launcher Type: SUN_STANDARD

[Global flags]
    uintx AdaptiveSizePolicyWeight                 = 90                                        {product} {command line}
     intx CICompilerCount                          = 4                                         {product} {ergonomic}
    uintx GCTimeRatio                              = 4                                         {product} {command line}
     bool HeapDumpOnOutOfMemoryError               = true                                   {manageable} {command line}
    ccstr HeapDumpPath                             = c:\Users\Moorthy\AppData\Roaming\Code\User\workspaceStorage\a7b8b840adc06a15123203cd541b35c9\redhat.java         {manageable} {command line}
   size_t InitialHeapSize                          = 104857600                                 {product} {command line}
   size_t MaxHeapSize                              = 2147483648                                {product} {command line}
   size_t MaxNewSize                               = 715653120                                 {product} {ergonomic}
   size_t MinHeapDeltaBytes                        = 524288                                    {product} {ergonomic}
   size_t MinHeapSize                              = 104857600                                 {product} {command line}
   size_t NewSize                                  = 34603008                                  {product} {ergonomic}
    uintx NonNMethodCodeHeapSize                   = 5839372                                {pd product} {ergonomic}
    uintx NonProfiledCodeHeapSize                  = 122909434                              {pd product} {ergonomic}
   size_t OldSize                                  = 70254592                                  {product} {ergonomic}
    uintx ProfiledCodeHeapSize                     = 122909434                              {pd product} {ergonomic}
    uintx ReservedCodeCacheSize                    = 251658240                              {pd product} {ergonomic}
     bool SegmentedCodeCache                       = true                                      {product} {ergonomic}
   size_t SoftMaxHeapSize                          = 2147483648                             {manageable} {ergonomic}
     bool UseCompressedOops                        = true                           {product lp64_product} {ergonomic}
     bool UseLargePagesIndividualAllocation        = false                                  {pd product} {ergonomic}
     bool UseParallelGC                            = true                                      {product} {command line}

Logging:
Log output configuration:
 #0: stdout all=off uptime,level,tags foldmultilines=false
 #1: stderr all=off uptime,level,tags foldmultilines=false

Release file:
JAVA_VERSION="21.0.10" 
MODULES="java.base java.compiler java.datatransfer java.xml java.prefs java.desktop java.instrument java.logging java.management java.security.sasl java.naming java.rmi java.management.rmi java.net.http java.scripting java.security.jgss java.transaction.xa java.sql java.sql.rowset java.xml.crypto java.se java.smartcardio jdk.accessibility jdk.internal.jvmstat jdk.attach jdk.charsets jdk.internal.opt jdk.zipfs jdk.compiler jdk.crypto.ec jdk.crypto.cryptoki jdk.crypto.mscapi jdk.dynalink jdk.internal.ed jdk.editpad jdk.hotspot.agent jdk.httpserver jdk.internal.le jdk.internal.vm.ci jdk.internal.vm.compiler jdk.internal.vm.compiler.management jdk.jartool jdk.javadoc jdk.jcmd jdk.management jdk.management.agent jdk.jconsole jdk.jdeps jdk.jdwp.agent jdk.jdi jdk.jfr jdk.jshell jdk.jsobject jdk.jstatd jdk.localedata jdk.management.jfr jdk.naming.dns jdk.naming.rmi jdk.net jdk.nio.mapmode jdk.random jdk.sctp jdk.security.auth jdk.security.jgss jdk.unsupported jdk.unsupported.desktop jdk.xml.dom" 

Environment Variables:
JAVA_HOME=C:\Program Files\Eclipse Adoptium\jdk-17.0.19.10-hotspot
PATH=C:\Program Files\Eclipse Adoptium\jdk-17.0.19.10-hotspot\bin;C:\Program Files\OpenLogic\jdk-8.0.472.08-hotspot\bin;C:\Program Files (x86)\Common Files\Oracle\Java\java8path;C:\Program Files (x86)\Common Files\Oracle\Java\javapath;C:\Program Files\Eclipse Adoptium\jdk-21.0.7.6-hotspot\bin;C:\Mitira\Oracle\product\21c\dbhomeXE\bin;C:\Softwares\Scripts\;C:\Softwares\;C:\WINDOWS\system32;C:\WINDOWS;C:\WINDOWS\System32\Wbem;C:\WINDOWS\System32\WindowsPowerShell\v1.0\;C:\WINDOWS\System32\OpenSSH\;C:\Program Files\dotnet\;C:\Program Files\CMake\bin;C:\Program Files (x86)\Windows Kits\10\Windows Performance Toolkit\;C:\Python27\Tools\Scripts;C:\Python27;C:\JAVA\bin;C:\Program Files\PuTTY\;C:\Program Files\Eclipse Adoptium\jdk-21.0.7.6-hotspot\bin;C:\Program Files\MongoDB\Server\8.2\bin;C:\php;C:\Program Files\nodejs\;C:\Program Files\Git\cmd;C:\Program Files\Perforce\;C:\Users\Moorthy\AppData\Local\Programs\Python\Python314\Scripts\;C:\Users\Moorthy\AppData\Local\Programs\Python\Python314\;C:\Program Files\MySQL\MySQL Shell 8.0\bin\;C:\Users\Moorthy\AppData\Local\Programs\Python\Python312\Scripts\;C:\Users\Moorthy\AppData\Local\Programs\Python\Python312\;C:\Users\Moorthy\AppData\Local\Microsoft\WindowsApps;C:\Users\Moorthy\Downloads\Microsoft VS Code\bin;C:\Program Files\JetBrains\PyCharm 2024.1.4\bin;C:\Users\Moorthy\AppData\Local\JetBrains\Toolbox\scripts;C:\Users\Moorthy\AppData\Local\GitHubDesktop\bin;C:\Users\Moorthy\AppData\Local\gitkraken\bin;C:\Users\Moorthy\AppData\Local\Microsoft\WindowsApps;C:\Users\Moorthy\AppData\Local\Programs\mongosh\;C:\Program Files\JetBrains\IntelliJ IDEA Community Edition 2025.2.3\javabootcamp\IntelliJ IDEA Community Edition 2025.2.3\bin;C:\Users\Moorthy\AppData\Roaming\npm;C:\Program Files\Notepad++;C:\Program Files\apache-maven-3.9.16;C:\maven\apache-maven-3.9.16\bin;
USERNAME=Moorthy
OS=Windows_NT
PROCESSOR_IDENTIFIER=Intel64 Family 6 Model 154 Stepping 4, GenuineIntel
TMP=C:\Users\Moorthy\AppData\Local\Temp
TEMP=C:\Users\Moorthy\AppData\Local\Temp




Periodic native trim disabled

---------------  S Y S T E M  ---------------

OS:
 Windows 11 , 64 bit Build 26100 (10.0.26100.8521)
OS uptime: 3 days 4:42 hours
Hyper-V role detected

CPU: total 12 (initial active 12) (6 cores per cpu, 2 threads per core) family 6 model 154 stepping 4 microcode 0x435, cx8, cmov, fxsr, ht, mmx, 3dnowpref, sse, sse2, sse3, ssse3, sse4.1, sse4.2, popcnt, lzcnt, tsc, tscinvbit, avx, avx2, aes, erms, clmul, bmi1, bmi2, adx, sha, fma, vzeroupper, clflush, clflushopt, clwb, hv, serialize, rdtscp, rdpid, fsrm, f16c, cet_ibt, cet_ss
Processor Information for processor 0
  Max Mhz: 1300, Current Mhz: 1300, Mhz Limit: 1300
Processor Information for processor 1
  Max Mhz: 1300, Current Mhz: 1300, Mhz Limit: 1300
Processor Information for processor 2
  Max Mhz: 1300, Current Mhz: 1300, Mhz Limit: 1300
Processor Information for processor 3
  Max Mhz: 1300, Current Mhz: 1300, Mhz Limit: 1300
Processor Information for processor 4
  Max Mhz: 1300, Current Mhz: 900, Mhz Limit: 897
Processor Information for processor 5
  Max Mhz: 1300, Current Mhz: 900, Mhz Limit: 897
Processor Information for processor 6
  Max Mhz: 1300, Current Mhz: 900, Mhz Limit: 897
Processor Information for processor 7
  Max Mhz: 1300, Current Mhz: 900, Mhz Limit: 897
Processor Information for processor 8
  Max Mhz: 1300, Current Mhz: 900, Mhz Limit: 897
Processor Information for processor 9
  Max Mhz: 1300, Current Mhz: 900, Mhz Limit: 897
Processor Information for processor 10
  Max Mhz: 1300, Current Mhz: 900, Mhz Limit: 897
Processor Information for processor 11
  Max Mhz: 1300, Current Mhz: 900, Mhz Limit: 897

Memory: 4k page, system-wide physical 7876M (546M free)
TotalPageFile size 32452M (AvailPageFile size 1M)
current process WorkingSet (physical memory assigned to process): 238M, peak: 337M
current process commit charge ("private bytes"): 541M, peak: 542M

vm_info: OpenJDK 64-Bit Server VM (21.0.10+7-LTS) for windows-amd64 JRE (21.0.10+7-LTS), built on 2026-01-20T00:00:00Z by "admin" with MS VC++ 17.12 (VS2022)

END.
