#
# There is insufficient memory for the Java Runtime Environment to continue.
# Native memory allocation (malloc) failed to allocate 1048576 bytes. Error detail: AllocateHeap
# Possible reasons:
#   The system is out of physical RAM or swap space
#   This process is running with CompressedOops enabled, and the Java Heap may be blocking the growth of the native heap
# Possible solutions:
#   Reduce memory load on the system
#   Increase physical memory or swap space
#   Check if swap backing store is full
#   Decrease Java heap size (-Xmx/-Xms)
#   Decrease number of Java threads
#   Decrease Java thread stack sizes (-Xss)
#   Set larger code cache with -XX:ReservedCodeCacheSize=
#   JVM is running with Unscaled Compressed Oops mode in which the Java heap is
#     placed in the first 4GB address space. The Java Heap base address is the
#     maximum limit for the native heap growth. Please use -XX:HeapBaseMinAddress
#     to set the Java Heap base and to place the Java Heap above 4GB virtual address.
# This output file may be truncated or incomplete.
#
#  Out of Memory Error (allocation.cpp:44), pid=26856, tid=62092
#
# JRE version: OpenJDK Runtime Environment Temurin-21.0.10+7 (21.0.10+7) (build 21.0.10+7-LTS)
# Java VM: OpenJDK 64-Bit Server VM Temurin-21.0.10+7 (21.0.10+7-LTS, mixed mode, sharing, tiered, compressed oops, compressed class ptrs, parallel gc, windows-amd64)
# No core dump will be written. Minidumps are not enabled by default on client versions of Windows
#

---------------  S U M M A R Y ------------

Command Line: --add-modules=ALL-SYSTEM --add-opens=java.base/java.util=ALL-UNNAMED --add-opens=java.base/java.lang=ALL-UNNAMED --add-opens=java.base/sun.nio.fs=ALL-UNNAMED -Declipse.application=org.eclipse.jdt.ls.core.id1 -Dosgi.bundles.defaultStartLevel=4 -Declipse.product=org.eclipse.jdt.ls.core.product -Djava.import.generatesMetadataFilesAtProjectRoot=false -DDetectVMInstallationsJob.disabled=true -Dfile.encoding=utf8 -XX:+UseParallelGC -XX:GCTimeRatio=4 -XX:AdaptiveSizePolicyWeight=90 -Dsun.zip.disableMemoryMapping=true -Xmx2G -Xms100m -Xlog:disable -javaagent:c:\Users\Moorthy\.vscode\extensions\redhat.java-1.54.0-win32-x64\lombok\lombok-1.18.39-4050.jar -XX:+HeapDumpOnOutOfMemoryError -XX:HeapDumpPath=c:\Users\Moorthy\AppData\Roaming\Code\User\workspaceStorage\c2602732ced5f2b9437fe3c1e7da2189\redhat.java -Daether.dependencyCollector.impl=bf c:\Users\Moorthy\.vscode\extensions\redhat.java-1.54.0-win32-x64\server\plugins\org.eclipse.equinox.launcher_1.7.100.v20251111-0406.jar -configuration c:\Users\Moorthy\AppData\Roaming\Code\User\globalStorage\redhat.java\1.54.0\config_win -data c:\Users\Moorthy\AppData\Roaming\Code\User\workspaceStorage\c2602732ced5f2b9437fe3c1e7da2189\redhat.java\jdt_ws --pipe=\\.\pipe\lsp-9ce15abffb9ed4b7decbfc3bb7fac23f-sock

Host: 12th Gen Intel(R) Core(TM) i5-1235U, 12 cores, 7G,  Windows 11 , 64 bit Build 26100 (10.0.26100.8521)
Time: Sun Jun 21 16:36:31 2026 India Standard Time elapsed time: 201.112529 seconds (0d 0h 3m 21s)

---------------  T H R E A D  ---------------

Current thread (0x00000175d925dd20):  JavaThread "Attach Listener" daemon [_thread_in_vm, id=62092, stack(0x00000018fc400000,0x00000018fc500000) (1024K)]

Stack: [0x00000018fc400000,0x00000018fc500000]
Native frames: (J=compiled Java code, j=interpreted, Vv=VM code, C=native code)
V  [jvm.dll+0x6d7a39]
V  [jvm.dll+0x8b4b26]
V  [jvm.dll+0x8b70de]
V  [jvm.dll+0x8b77c3]
V  [jvm.dll+0x284346]
V  [jvm.dll+0xc1277]
V  [jvm.dll+0x6d82e9]
V  [jvm.dll+0x1334a6]
V  [jvm.dll+0x3f857e]
V  [jvm.dll+0x85f59d]
V  [jvm.dll+0x6d626d]
C  [ucrtbase.dll+0x2cd30]
C  [KERNEL32.DLL+0x2e957]
C  [ntdll.dll+0x87c1c]


---------------  P R O C E S S  ---------------

Threads class SMR info:
_java_thread_list=0x00000175f7ea4e60, length=74, elements={
0x00000175d91adb90, 0x00000175d915e8f0, 0x00000175d9253860, 0x00000175d925b1b0,
0x00000175d925dd20, 0x00000175d925ec30, 0x00000175d92609a0, 0x00000175d926a160,
0x00000175d926e260, 0x00000175f1145b20, 0x00000175f11f5860, 0x00000175f65eb0c0,
0x00000175f117c4b0, 0x00000175f0ef3d10, 0x00000175f0ef5d80, 0x00000175f66b77a0,
0x00000175f63db0e0, 0x00000175f6eb19b0, 0x00000175f6eaf8e0, 0x00000175f6eb0600,
0x00000175f6eb1320, 0x00000175f84d9f90, 0x00000175f84d6b10, 0x00000175f84d71a0,
0x00000175f84d8be0, 0x00000175f84d8550, 0x00000175f84d7830, 0x00000175f84dacb0,
0x00000175f84d9270, 0x00000175f84d9900, 0x00000175f84da620, 0x00000175f84db340,
0x00000175f84d7ec0, 0x00000175f84ddaa0, 0x00000175f84db9d0, 0x00000175f84dd410,
0x00000175f84dc6f0, 0x00000175f84de130, 0x00000175f7c36310, 0x00000175f7c369a0,
0x00000175f7c37d50, 0x00000175f7c39790, 0x00000175f7c37030, 0x00000175f7c3ab40,
0x00000175f7c376c0, 0x00000175f7c3bef0, 0x00000175f7c3b860, 0x00000175f7c3b1d0,
0x00000175f7c3c580, 0x00000175f7c3cc10, 0x00000175f7c3d2a0, 0x00000175f84dcd80,
0x00000175f6e785e0, 0x00000175f6e77230, 0x00000175f6e75e80, 0x00000175f6e778c0,
0x00000175f6e79300, 0x00000175f6e76510, 0x00000175f6e7a020, 0x00000175f6e7a6b0,
0x00000175f6e7ad40, 0x00000175f6e79990, 0x00000175f6e7b3d0, 0x00000175f9846710,
0x00000175f9843fb0, 0x00000175f9844640, 0x00000175f9847430, 0x00000175f9848e70,
0x00000175f984af40, 0x00000175f98487e0, 0x00000175f9848150, 0x00000175f9849500,
0x00000175f984a220, 0x00000175f984a8b0
}

Java Threads: ( => current thread )
  0x00000175d91adb90 JavaThread "main"                              [_thread_blocked, id=47204, stack(0x00000018fbd00000,0x00000018fbe00000) (1024K)]
  0x00000175d915e8f0 JavaThread "Reference Handler"          daemon [_thread_blocked, id=9272, stack(0x00000018fc100000,0x00000018fc200000) (1024K)]
  0x00000175d9253860 JavaThread "Finalizer"                  daemon [_thread_blocked, id=22668, stack(0x00000018fc200000,0x00000018fc300000) (1024K)]
  0x00000175d925b1b0 JavaThread "Signal Dispatcher"          daemon [_thread_blocked, id=38640, stack(0x00000018fc300000,0x00000018fc400000) (1024K)]
=>0x00000175d925dd20 JavaThread "Attach Listener"            daemon [_thread_in_vm, id=62092, stack(0x00000018fc400000,0x00000018fc500000) (1024K)]
  0x00000175d925ec30 JavaThread "Service Thread"             daemon [_thread_blocked, id=50120, stack(0x00000018fc500000,0x00000018fc600000) (1024K)]
  0x00000175d92609a0 JavaThread "Monitor Deflation Thread"   daemon [_thread_blocked, id=66696, stack(0x00000018fc600000,0x00000018fc700000) (1024K)]
  0x00000175d926a160 JavaThread "C2 CompilerThread0"         daemon [_thread_blocked, id=29888, stack(0x00000018fc700000,0x00000018fc800000) (1024K)]
  0x00000175d926e260 JavaThread "C1 CompilerThread0"         daemon [_thread_blocked, id=16548, stack(0x00000018fc800000,0x00000018fc900000) (1024K)]
  0x00000175f1145b20 JavaThread "Common-Cleaner"             daemon [_thread_blocked, id=13056, stack(0x00000018fca00000,0x00000018fcb00000) (1024K)]
  0x00000175f11f5860 JavaThread "Notification Thread"        daemon [_thread_blocked, id=41996, stack(0x00000018fcb00000,0x00000018fcc00000) (1024K)]
  0x00000175f65eb0c0 JavaThread "Active Thread: Equinox Container: e65779a7-4f56-423c-a26e-e5717cc94e4e"        [_thread_blocked, id=35936, stack(0x00000018fcc00000,0x00000018fcd00000) (1024K)]
  0x00000175f117c4b0 JavaThread "Refresh Thread: Equinox Container: e65779a7-4f56-423c-a26e-e5717cc94e4e" daemon [_thread_blocked, id=37904, stack(0x00000018fd300000,0x00000018fd400000) (1024K)]
  0x00000175f0ef3d10 JavaThread "Framework Event Dispatcher: Equinox Container: e65779a7-4f56-423c-a26e-e5717cc94e4e" daemon [_thread_blocked, id=51836, stack(0x00000018fd400000,0x00000018fd500000) (1024K)]
  0x00000175f0ef5d80 JavaThread "Start Level: Equinox Container: e65779a7-4f56-423c-a26e-e5717cc94e4e" daemon [_thread_blocked, id=32152, stack(0x00000018fd500000,0x00000018fd600000) (1024K)]
  0x00000175f66b77a0 JavaThread "Bundle File Closer"         daemon [_thread_blocked, id=54536, stack(0x00000018fd900000,0x00000018fda00000) (1024K)]
  0x00000175f63db0e0 JavaThread "SCR Component Actor"        daemon [_thread_blocked, id=55740, stack(0x00000018fd800000,0x00000018fd900000) (1024K)]
  0x00000175f6eb19b0 JavaThread "Worker-JM"                         [_thread_blocked, id=48804, stack(0x00000018fdc00000,0x00000018fdd00000) (1024K)]
  0x00000175f6eaf8e0 JavaThread "Worker-0"                          [_thread_blocked, id=66040, stack(0x00000018fdb00000,0x00000018fdc00000) (1024K)]
  0x00000175f6eb0600 JavaThread "Java indexing"              daemon [_thread_blocked, id=41044, stack(0x00000018fde00000,0x00000018fdf00000) (1024K)]
  0x00000175f6eb1320 JavaThread "JNA Cleaner"                daemon [_thread_blocked, id=12912, stack(0x00000018fdf00000,0x00000018fe000000) (1024K)]
  0x00000175f84d9f90 JavaThread "Worker-5"                          [_thread_blocked, id=41896, stack(0x00000018fe500000,0x00000018fe600000) (1024K)]
  0x00000175f84d6b10 JavaThread "Thread-1"                   daemon [_thread_in_native, id=50220, stack(0x00000018fe600000,0x00000018fe700000) (1024K)]
  0x00000175f84d71a0 JavaThread "Thread-2"                   daemon [_thread_in_native, id=67088, stack(0x00000018fe700000,0x00000018fe800000) (1024K)]
  0x00000175f84d8be0 JavaThread "Thread-3"                   daemon [_thread_in_native, id=9520, stack(0x00000018fe800000,0x00000018fe900000) (1024K)]
  0x00000175f84d8550 JavaThread "Thread-4"                   daemon [_thread_in_native, id=18640, stack(0x00000018fe900000,0x00000018fea00000) (1024K)]
  0x00000175f84d7830 JavaThread "Thread-5"                   daemon [_thread_in_native, id=32096, stack(0x00000018fea00000,0x00000018feb00000) (1024K)]
  0x00000175f84dacb0 JavaThread "Thread-6"                   daemon [_thread_in_native, id=38424, stack(0x00000018feb00000,0x00000018fec00000) (1024K)]
  0x00000175f84d9270 JavaThread "Thread-7"                   daemon [_thread_in_native, id=43992, stack(0x00000018fec00000,0x00000018fed00000) (1024K)]
  0x00000175f84d9900 JavaThread "Thread-8"                   daemon [_thread_in_native, id=14464, stack(0x00000018fed00000,0x00000018fee00000) (1024K)]
  0x00000175f84da620 JavaThread "Thread-9"                   daemon [_thread_in_native, id=44264, stack(0x00000018fee00000,0x00000018fef00000) (1024K)]
  0x00000175f84db340 JavaThread "Thread-10"                  daemon [_thread_in_native, id=42392, stack(0x00000018fef00000,0x00000018ff000000) (1024K)]
  0x00000175f84d7ec0 JavaThread "Thread-11"                  daemon [_thread_in_native, id=49740, stack(0x00000018ff000000,0x00000018ff100000) (1024K)]
  0x00000175f84ddaa0 JavaThread "Thread-12"                  daemon [_thread_in_native, id=2824, stack(0x00000018ff100000,0x00000018ff200000) (1024K)]
  0x00000175f84db9d0 JavaThread "Thread-13"                  daemon [_thread_in_native, id=51492, stack(0x00000018ff200000,0x00000018ff300000) (1024K)]
  0x00000175f84dd410 JavaThread "pool-2-thread-1"                   [_thread_blocked, id=53840, stack(0x00000018ff300000,0x00000018ff400000) (1024K)]
  0x00000175f84dc6f0 JavaThread "WorkspaceEventsHandler"            [_thread_blocked, id=51808, stack(0x00000018ff400000,0x00000018ff500000) (1024K)]
  0x00000175f84de130 JavaThread "pool-1-thread-1"                   [_thread_blocked, id=50144, stack(0x00000018ff500000,0x00000018ff600000) (1024K)]
  0x00000175f7c36310 JavaThread "ForkJoinPool.commonPool-worker-1" daemon [_thread_blocked, id=54844, stack(0x00000018ff700000,0x00000018ff800000) (1024K)]
  0x00000175f7c369a0 JavaThread "ForkJoinPool.commonPool-worker-2" daemon [_thread_blocked, id=39568, stack(0x00000018ff800000,0x00000018ff900000) (1024K)]
  0x00000175f7c37d50 JavaThread "ForkJoinPool.commonPool-worker-4" daemon [_thread_blocked, id=60372, stack(0x00000018ffa00000,0x00000018ffb00000) (1024K)]
  0x00000175f7c39790 JavaThread "ForkJoinPool.commonPool-worker-5" daemon [_thread_blocked, id=47276, stack(0x00000018ffb00000,0x00000018ffc00000) (1024K)]
  0x00000175f7c37030 JavaThread "ForkJoinPool.commonPool-worker-6" daemon [_thread_blocked, id=38300, stack(0x00000018ffc00000,0x00000018ffd00000) (1024K)]
  0x00000175f7c3ab40 JavaThread "Compiler Source File Reader" daemon [_thread_blocked, id=27912, stack(0x00000018ffd00000,0x00000018ffe00000) (1024K)]
  0x00000175f7c376c0 JavaThread "Compiler Source File Reader" daemon [_thread_blocked, id=40876, stack(0x00000018ffe00000,0x00000018fff00000) (1024K)]
  0x00000175f7c3bef0 JavaThread "Compiler Source File Reader" daemon [_thread_blocked, id=37096, stack(0x00000018fff00000,0x0000001900000000) (1024K)]
  0x00000175f7c3b860 JavaThread "Compiler Source File Reader" daemon [_thread_blocked, id=67152, stack(0x0000001880000000,0x0000001880100000) (1024K)]
  0x00000175f7c3b1d0 JavaThread "Compiler Source File Reader" daemon [_thread_blocked, id=15112, stack(0x0000001880100000,0x0000001880200000) (1024K)]
  0x00000175f7c3c580 JavaThread "Compiler Source File Reader" daemon [_thread_blocked, id=16300, stack(0x0000001880200000,0x0000001880300000) (1024K)]
  0x00000175f7c3cc10 JavaThread "Compiler Source File Reader" daemon [_thread_blocked, id=34364, stack(0x0000001880300000,0x0000001880400000) (1024K)]
  0x00000175f7c3d2a0 JavaThread "Compiler Source File Reader" daemon [_thread_blocked, id=47068, stack(0x0000001880400000,0x0000001880500000) (1024K)]
  0x00000175f84dcd80 JavaThread "Compiler Source File Reader" daemon [_thread_blocked, id=29876, stack(0x0000001880500000,0x0000001880600000) (1024K)]
  0x00000175f6e785e0 JavaThread "Compiler Source File Reader" daemon [_thread_blocked, id=54772, stack(0x0000001880600000,0x0000001880700000) (1024K)]
  0x00000175f6e77230 JavaThread "Compiler Class File Writer" daemon [_thread_blocked, id=30496, stack(0x0000001880800000,0x0000001880900000) (1024K)]
  0x00000175f6e75e80 JavaThread "Compiler Class File Writer" daemon [_thread_blocked, id=21216, stack(0x0000001880900000,0x0000001880a00000) (1024K)]
  0x00000175f6e778c0 JavaThread "Compiler Class File Writer" daemon [_thread_blocked, id=27976, stack(0x0000001880a00000,0x0000001880b00000) (1024K)]
  0x00000175f6e79300 JavaThread "Compiler Class File Writer" daemon [_thread_blocked, id=44620, stack(0x0000001880b00000,0x0000001880c00000) (1024K)]
  0x00000175f6e76510 JavaThread "Compiler Class File Writer" daemon [_thread_blocked, id=14360, stack(0x0000001880c00000,0x0000001880d00000) (1024K)]
  0x00000175f6e7a020 JavaThread "Compiler Class File Writer" daemon [_thread_blocked, id=10328, stack(0x0000001880d00000,0x0000001880e00000) (1024K)]
  0x00000175f6e7a6b0 JavaThread "Compiler Class File Writer" daemon [_thread_blocked, id=54484, stack(0x0000001880e00000,0x0000001880f00000) (1024K)]
  0x00000175f6e7ad40 JavaThread "Compiler Class File Writer" daemon [_thread_blocked, id=62676, stack(0x0000001880f00000,0x0000001881000000) (1024K)]
  0x00000175f6e79990 JavaThread "Compiler Class File Writer" daemon [_thread_blocked, id=26184, stack(0x0000001881000000,0x0000001881100000) (1024K)]
  0x00000175f6e7b3d0 JavaThread "Compiler Class File Writer" daemon [_thread_blocked, id=46888, stack(0x0000001881100000,0x0000001881200000) (1024K)]
  0x00000175f9846710 JavaThread "ForkJoinPool.commonPool-worker-7" daemon [_thread_blocked, id=38980, stack(0x0000001881400000,0x0000001881500000) (1024K)]
  0x00000175f9843fb0 JavaThread "ForkJoinPool.commonPool-worker-8" daemon [_thread_blocked, id=7804, stack(0x0000001881500000,0x0000001881600000) (1024K)]
  0x00000175f9844640 JavaThread "ForkJoinPool.commonPool-worker-9" daemon [_thread_blocked, id=51680, stack(0x0000001881600000,0x0000001881700000) (1024K)]
  0x00000175f9847430 JavaThread "ForkJoinPool.commonPool-worker-11" daemon [_thread_blocked, id=50840, stack(0x0000001881800000,0x0000001881900000) (1024K)]
  0x00000175f9848e70 JavaThread "Cleaner-0"                  daemon [_thread_blocked, id=30612, stack(0x0000001881900000,0x0000001881a00000) (1024K)]
  0x00000175f984af40 JavaThread "Java Debug Server"          daemon [_thread_in_native, id=41724, stack(0x0000001881a00000,0x0000001881b00000) (1024K)]
  0x00000175f98487e0 JavaThread "pool-6-thread-1"                   [_thread_in_native, id=36280, stack(0x0000001881b00000,0x0000001881c00000) (1024K)]
  0x00000175f9848150 JavaThread "RxSchedulerPurge-1"         daemon [_thread_blocked, id=38096, stack(0x0000001881c00000,0x0000001881d00000) (1024K)]
  0x00000175f9849500 JavaThread "RxCachedWorkerPoolEvictor-1" daemon [_thread_blocked, id=13200, stack(0x0000001881d00000,0x0000001881e00000) (1024K)]
  0x00000175f984a220 JavaThread "RxNewThreadScheduler-1"     daemon [_thread_blocked, id=46212, stack(0x0000001881e00000,0x0000001881f00000) (1024K)]
  0x00000175f984a8b0 JavaThread "process reaper (pid 65864)" daemon [_thread_in_native, id=55252, stack(0x0000001881f00000,0x0000001881f20000) (128K)]
Total: 74

Other Threads:
  0x00000175d9144970 VMThread "VM Thread"                           [id=22132, stack(0x00000018fc000000,0x00000018fc100000) (1024K)]
  0x00000175d903ca00 WatcherThread "VM Periodic Task Thread"        [id=49212, stack(0x00000018fbf00000,0x00000018fc000000) (1024K)]
  0x00000175d91cbf70 WorkerThread "GC Thread#0"                     [id=40584, stack(0x00000018fbe00000,0x00000018fbf00000) (1024K)]
  0x00000175f642b940 WorkerThread "GC Thread#1"                     [id=51344, stack(0x00000018fcd00000,0x00000018fce00000) (1024K)]
  0x00000175f6793180 WorkerThread "GC Thread#2"                     [id=50060, stack(0x00000018fce00000,0x00000018fcf00000) (1024K)]
  0x00000175f67928a0 WorkerThread "GC Thread#3"                     [id=41988, stack(0x00000018fcf00000,0x00000018fd000000) (1024K)]
  0x00000175f67a3630 WorkerThread "GC Thread#4"                     [id=31776, stack(0x00000018fd000000,0x00000018fd100000) (1024K)]
  0x00000175f6843620 WorkerThread "GC Thread#5"                     [id=54408, stack(0x00000018fd100000,0x00000018fd200000) (1024K)]
  0x00000175f68439d0 WorkerThread "GC Thread#6"                     [id=20520, stack(0x00000018fd200000,0x00000018fd300000) (1024K)]
  0x00000175f117aba0 WorkerThread "GC Thread#7"                     [id=13284, stack(0x00000018fc900000,0x00000018fca00000) (1024K)]
  0x00000175f67fdab0 WorkerThread "GC Thread#8"                     [id=55400, stack(0x00000018fd600000,0x00000018fd700000) (1024K)]
  0x00000175f67fde60 WorkerThread "GC Thread#9"                     [id=22956, stack(0x00000018fd700000,0x00000018fd800000) (1024K)]
Total: 12

Threads with active compile tasks:
Total: 0

VM state: not at safepoint (normal execution)

VM Mutex/Monitor currently owned by a thread: None

Heap address: 0x0000000080000000, size: 2048 MB, Compressed Oops mode: 32-bit

CDS archive(s) mapped at: [0x0000017580000000-0x0000017580ba0000-0x0000017580ba0000), size 12189696, SharedBaseAddress: 0x0000017580000000, ArchiveRelocationMode: 1.
Compressed class space mapped at: 0x0000017581000000-0x00000175c1000000, reserved size: 1073741824
Narrow klass base: 0x0000017580000000, Narrow klass shift: 0, Narrow klass range: 0x100000000

GC Precious Log:
 CardTable entry size: 512
 CPUs: 12 total, 12 available
 Memory: 7876M
 Large Page Support: Disabled
 NUMA Support: Disabled
 Compressed Oops: Enabled (32-bit)
 Alignments: Space 512K, Generation 512K, Heap 2M
 Heap Min Capacity: 100M
 Heap Initial Capacity: 100M
 Heap Max Capacity: 2G
 Pre-touch: Disabled
 Parallel Workers: 10

Heap:
 PSYoungGen      total 2048K, used 481K [0x00000000d5580000, 0x00000000d5880000, 0x0000000100000000)
  eden space 1536K, 16% used [0x00000000d5580000,0x00000000d55c0788,0x00000000d5700000)
  from space 512K, 43% used [0x00000000d5800000,0x00000000d5838000,0x00000000d5880000)
  to   space 512K, 0% used [0x00000000d5780000,0x00000000d5780000,0x00000000d5800000)
 ParOldGen       total 619520K, used 619437K [0x0000000080000000, 0x00000000a5d00000, 0x00000000d5580000)
  object space 619520K, 99% used [0x0000000080000000,0x00000000a5ceb638,0x00000000a5d00000)
 Metaspace       used 78177K, committed 79872K, reserved 1179648K
  class space    used 8431K, committed 9152K, reserved 1048576K

Card table byte_map: [0x00000175d8b50000,0x00000175d8f60000] _byte_map_base: 0x00000175d8750000

Marking Bits: (ParMarkBitMap*) 0x00007ff928603450
 Begin Bits: [0x00000175eb660000, 0x00000175ed660000)
 End Bits:   [0x00000175ed660000, 0x00000175ef660000)

Polling page: 0x00000175d6fd0000

Metaspace:

Usage:
  Non-class:     68.11 MB used.
      Class:      8.23 MB used.
       Both:     76.35 MB used.

Virtual space:
  Non-class space:      128.00 MB reserved,      69.06 MB ( 54%) committed,  2 nodes.
      Class space:        1.00 GB reserved,       8.94 MB ( <1%) committed,  1 nodes.
             Both:        1.12 GB reserved,      78.00 MB (  7%) committed. 

Chunk freelists:
   Non-Class:  10.04 MB
       Class:  6.94 MB
        Both:  16.98 MB

MaxMetaspaceSize: unlimited
CompressedClassSpaceSize: 1.00 GB
Initial GC threshold: 21.00 MB
Current GC threshold: 97.31 MB
CDS: on
 - commit_granule_bytes: 65536.
 - commit_granule_words: 8192.
 - virtual_space_node_default_size: 8388608.
 - enlarge_chunks_in_place: 1.
 - use_allocation_guard: 0.


Internal statistics:

num_allocs_failed_limit: 11.
num_arena_births: 1386.
num_arena_deaths: 32.
num_vsnodes_births: 3.
num_vsnodes_deaths: 0.
num_space_committed: 1248.
num_space_uncommitted: 0.
num_chunks_returned_to_freelist: 52.
num_chunks_taken_from_freelist: 4959.
num_chunk_merges: 17.
num_chunk_splits: 2994.
num_chunks_enlarged: 1702.
num_inconsistent_stats: 0.

CodeHeap 'non-profiled nmethods': size=120000Kb used=9903Kb max_used=9903Kb free=110096Kb
 bounds [0x00000175e3e80000, 0x00000175e4830000, 0x00000175eb3b0000]
CodeHeap 'profiled nmethods': size=120000Kb used=29174Kb max_used=29174Kb free=90825Kb
 bounds [0x00000175dc3b0000, 0x00000175de030000, 0x00000175e38e0000]
CodeHeap 'non-nmethods': size=5760Kb used=1517Kb max_used=1590Kb free=4242Kb
 bounds [0x00000175e38e0000, 0x00000175e3b50000, 0x00000175e3e80000]
CodeCache: size=245760Kb, used=40594Kb, max_used=40667Kb, free=205163Kb
 total_blobs=13297, nmethods=12454, adapters=747, full_count=0
Compilation: enabled, stopped_count=0, restarted_count=0

Compilation events (20 events):
Event: 138.077 Thread 0x00000175d926e260 13172   !   3       java.util.concurrent.ThreadPoolExecutor::getTask (177 bytes)
Event: 138.089 Thread 0x00000175d926e260 nmethod 13172 0x00000175de026610 code [0x00000175de0268c0, 0x00000175de0276f0]
Event: 148.057 Thread 0x00000175d926e260 13173       3       java.util.concurrent.ConcurrentHashMap::keySet (26 bytes)
Event: 148.062 Thread 0x00000175d926e260 nmethod 13173 0x00000175de027b90 code [0x00000175de027d60, 0x00000175de028070]
Event: 150.059 Thread 0x00000175d926e260 13174   !   3       java.util.concurrent.locks.AbstractQueuedSynchronizer$ConditionObject::newConditionNode (78 bytes)
Event: 150.068 Thread 0x00000175d926e260 nmethod 13174 0x00000175de028190 code [0x00000175de028400, 0x00000175de028be0]
Event: 150.068 Thread 0x00000175d926e260 13175       3       java.util.concurrent.locks.AbstractQueuedSynchronizer$ConditionNode::<init> (5 bytes)
Event: 150.069 Thread 0x00000175d926e260 nmethod 13175 0x00000175de028e90 code [0x00000175de029040, 0x00000175de029208]
Event: 176.056 Thread 0x00000175d926e260 13176   !   3       java.util.concurrent.locks.AbstractQueuedSynchronizer::reacquire (64 bytes)
Event: 176.059 Thread 0x00000175d926e260 nmethod 13176 0x00000175de029310 code [0x00000175de0294e0, 0x00000175de029850]
Event: 189.784 Thread 0x00000175d926e260 13178   !   3       java.util.concurrent.ScheduledThreadPoolExecutor$DelayedWorkQueue::take (203 bytes)
Event: 190.281 Thread 0x00000175d926e260 nmethod 13178 0x00000175de029a10 code [0x00000175de029de0, 0x00000175de02b680]
Event: 190.282 Thread 0x00000175d926e260 13177       3       java.util.concurrent.ScheduledThreadPoolExecutor$DelayedWorkQueue::take (5 bytes)
Event: 190.284 Thread 0x00000175d926e260 nmethod 13177 0x00000175de02c190 code [0x00000175de02c340, 0x00000175de02c498]
Event: 191.075 Thread 0x00000175d926e260 13179       3       java.util.concurrent.ScheduledThreadPoolExecutor$DelayedWorkQueue::add (9 bytes)
Event: 191.081 Thread 0x00000175d926e260 nmethod 13179 0x00000175de02c590 code [0x00000175de02c760, 0x00000175de02ca38]
Event: 191.082 Thread 0x00000175d926e260 13180       3       java.util.concurrent.ScheduledThreadPoolExecutor$DelayedWorkQueue::add (6 bytes)
Event: 191.082 Thread 0x00000175d926e260 nmethod 13180 0x00000175de02cb10 code [0x00000175de02ccc0, 0x00000175de02ce18]
Event: 196.064 Thread 0x00000175d926e260 13181       3       java.util.concurrent.ScheduledThreadPoolExecutor$ScheduledFutureTask::run (57 bytes)
Event: 196.077 Thread 0x00000175d926e260 nmethod 13181 0x00000175de02cf10 code [0x00000175de02d140, 0x00000175de02d6b0]

GC Heap History (20 events):
Event: 79.070 GC heap before
{Heap before GC invocations=1126 (full 3):
 PSYoungGen      total 2048K, used 1837K [0x00000000d5580000, 0x00000000d5880000, 0x0000000100000000)
  eden space 1536K, 99% used [0x00000000d5580000,0x00000000d56ff490,0x00000000d5700000)
  from space 512K, 59% used [0x00000000d5800000,0x00000000d584c010,0x00000000d5880000)
  to   space 512K, 0% used [0x00000000d5780000,0x00000000d5780000,0x00000000d5800000)
 ParOldGen       total 619008K, used 618693K [0x0000000080000000, 0x00000000a5c80000, 0x00000000d5580000)
  object space 619008K, 99% used [0x0000000080000000,0x00000000a5c315f8,0x00000000a5c80000)
 Metaspace       used 76765K, committed 78400K, reserved 1179648K
  class space    used 8204K, committed 8896K, reserved 1048576K
}
Event: 79.072 GC heap after
{Heap after GC invocations=1126 (full 3):
 PSYoungGen      total 2048K, used 256K [0x00000000d5580000, 0x00000000d5880000, 0x0000000100000000)
  eden space 1536K, 0% used [0x00000000d5580000,0x00000000d5580000,0x00000000d5700000)
  from space 512K, 50% used [0x00000000d5780000,0x00000000d57c0000,0x00000000d5800000)
  to   space 512K, 0% used [0x00000000d5800000,0x00000000d5800000,0x00000000d5880000)
 ParOldGen       total 619008K, used 618797K [0x0000000080000000, 0x00000000a5c80000, 0x00000000d5580000)
  object space 619008K, 99% used [0x0000000080000000,0x00000000a5c4b628,0x00000000a5c80000)
 Metaspace       used 76765K, committed 78400K, reserved 1179648K
  class space    used 8204K, committed 8896K, reserved 1048576K
}
Event: 79.109 GC heap before
{Heap before GC invocations=1127 (full 3):
 PSYoungGen      total 2048K, used 1792K [0x00000000d5580000, 0x00000000d5880000, 0x0000000100000000)
  eden space 1536K, 100% used [0x00000000d5580000,0x00000000d5700000,0x00000000d5700000)
  from space 512K, 50% used [0x00000000d5780000,0x00000000d57c0000,0x00000000d5800000)
  to   space 512K, 0% used [0x00000000d5800000,0x00000000d5800000,0x00000000d5880000)
 ParOldGen       total 619008K, used 618797K [0x0000000080000000, 0x00000000a5c80000, 0x00000000d5580000)
  object space 619008K, 99% used [0x0000000080000000,0x00000000a5c4b628,0x00000000a5c80000)
 Metaspace       used 76863K, committed 78464K, reserved 1179648K
  class space    used 8234K, committed 8896K, reserved 1048576K
}
Event: 79.112 GC heap after
{Heap after GC invocations=1127 (full 3):
 PSYoungGen      total 2048K, used 224K [0x00000000d5580000, 0x00000000d5880000, 0x0000000100000000)
  eden space 1536K, 0% used [0x00000000d5580000,0x00000000d5580000,0x00000000d5700000)
  from space 512K, 43% used [0x00000000d5800000,0x00000000d5838000,0x00000000d5880000)
  to   space 512K, 0% used [0x00000000d5780000,0x00000000d5780000,0x00000000d5800000)
 ParOldGen       total 619008K, used 618869K [0x0000000080000000, 0x00000000a5c80000, 0x00000000d5580000)
  object space 619008K, 99% used [0x0000000080000000,0x00000000a5c5d628,0x00000000a5c80000)
 Metaspace       used 76863K, committed 78464K, reserved 1179648K
  class space    used 8234K, committed 8896K, reserved 1048576K
}
Event: 79.148 GC heap before
{Heap before GC invocations=1128 (full 3):
 PSYoungGen      total 2048K, used 1760K [0x00000000d5580000, 0x00000000d5880000, 0x0000000100000000)
  eden space 1536K, 100% used [0x00000000d5580000,0x00000000d5700000,0x00000000d5700000)
  from space 512K, 43% used [0x00000000d5800000,0x00000000d5838000,0x00000000d5880000)
  to   space 512K, 0% used [0x00000000d5780000,0x00000000d5780000,0x00000000d5800000)
 ParOldGen       total 619008K, used 618869K [0x0000000080000000, 0x00000000a5c80000, 0x00000000d5580000)
  object space 619008K, 99% used [0x0000000080000000,0x00000000a5c5d628,0x00000000a5c80000)
 Metaspace       used 76968K, committed 78656K, reserved 1179648K
  class space    used 8263K, committed 8960K, reserved 1048576K
}
Event: 79.150 GC heap after
{Heap after GC invocations=1128 (full 3):
 PSYoungGen      total 2048K, used 224K [0x00000000d5580000, 0x00000000d5880000, 0x0000000100000000)
  eden space 1536K, 0% used [0x00000000d5580000,0x00000000d5580000,0x00000000d5700000)
  from space 512K, 43% used [0x00000000d5780000,0x00000000d57b8000,0x00000000d5800000)
  to   space 512K, 0% used [0x00000000d5800000,0x00000000d5800000,0x00000000d5880000)
 ParOldGen       total 619008K, used 618925K [0x0000000080000000, 0x00000000a5c80000, 0x00000000d5580000)
  object space 619008K, 99% used [0x0000000080000000,0x00000000a5c6b628,0x00000000a5c80000)
 Metaspace       used 76968K, committed 78656K, reserved 1179648K
  class space    used 8263K, committed 8960K, reserved 1048576K
}
Event: 79.184 GC heap before
{Heap before GC invocations=1129 (full 3):
 PSYoungGen      total 2048K, used 1755K [0x00000000d5580000, 0x00000000d5880000, 0x0000000100000000)
  eden space 1536K, 99% used [0x00000000d5580000,0x00000000d56feef0,0x00000000d5700000)
  from space 512K, 43% used [0x00000000d5780000,0x00000000d57b8000,0x00000000d5800000)
  to   space 512K, 0% used [0x00000000d5800000,0x00000000d5800000,0x00000000d5880000)
 ParOldGen       total 619008K, used 618925K [0x0000000080000000, 0x00000000a5c80000, 0x00000000d5580000)
  object space 619008K, 99% used [0x0000000080000000,0x00000000a5c6b628,0x00000000a5c80000)
 Metaspace       used 77101K, committed 78720K, reserved 1179648K
  class space    used 8293K, committed 8960K, reserved 1048576K
}
Event: 79.186 GC heap after
{Heap after GC invocations=1129 (full 3):
 PSYoungGen      total 2048K, used 288K [0x00000000d5580000, 0x00000000d5880000, 0x0000000100000000)
  eden space 1536K, 0% used [0x00000000d5580000,0x00000000d5580000,0x00000000d5700000)
  from space 512K, 56% used [0x00000000d5800000,0x00000000d5848000,0x00000000d5880000)
  to   space 512K, 0% used [0x00000000d5780000,0x00000000d5780000,0x00000000d5800000)
 ParOldGen       total 619008K, used 618957K [0x0000000080000000, 0x00000000a5c80000, 0x00000000d5580000)
  object space 619008K, 99% used [0x0000000080000000,0x00000000a5c73628,0x00000000a5c80000)
 Metaspace       used 77101K, committed 78720K, reserved 1179648K
  class space    used 8293K, committed 8960K, reserved 1048576K
}
Event: 79.236 GC heap before
{Heap before GC invocations=1130 (full 3):
 PSYoungGen      total 2048K, used 1824K [0x00000000d5580000, 0x00000000d5880000, 0x0000000100000000)
  eden space 1536K, 100% used [0x00000000d5580000,0x00000000d5700000,0x00000000d5700000)
  from space 512K, 56% used [0x00000000d5800000,0x00000000d5848000,0x00000000d5880000)
  to   space 512K, 0% used [0x00000000d5780000,0x00000000d5780000,0x00000000d5800000)
 ParOldGen       total 619008K, used 618957K [0x0000000080000000, 0x00000000a5c80000, 0x00000000d5580000)
  object space 619008K, 99% used [0x0000000080000000,0x00000000a5c73628,0x00000000a5c80000)
 Metaspace       used 77307K, committed 78976K, reserved 1179648K
  class space    used 8323K, committed 9024K, reserved 1048576K
}
Event: 79.238 GC heap after
{Heap after GC invocations=1130 (full 3):
 PSYoungGen      total 2048K, used 288K [0x00000000d5580000, 0x00000000d5880000, 0x0000000100000000)
  eden space 1536K, 0% used [0x00000000d5580000,0x00000000d5580000,0x00000000d5700000)
  from space 512K, 56% used [0x00000000d5780000,0x00000000d57c8000,0x00000000d5800000)
  to   space 512K, 0% used [0x00000000d5800000,0x00000000d5800000,0x00000000d5880000)
 ParOldGen       total 619008K, used 619005K [0x0000000080000000, 0x00000000a5c80000, 0x00000000d5580000)
  object space 619008K, 99% used [0x0000000080000000,0x00000000a5c7f628,0x00000000a5c80000)
 Metaspace       used 77307K, committed 78976K, reserved 1179648K
  class space    used 8323K, committed 9024K, reserved 1048576K
}
Event: 79.266 GC heap before
{Heap before GC invocations=1131 (full 3):
 PSYoungGen      total 2048K, used 1824K [0x00000000d5580000, 0x00000000d5880000, 0x0000000100000000)
  eden space 1536K, 100% used [0x00000000d5580000,0x00000000d5700000,0x00000000d5700000)
  from space 512K, 56% used [0x00000000d5780000,0x00000000d57c8000,0x00000000d5800000)
  to   space 512K, 0% used [0x00000000d5800000,0x00000000d5800000,0x00000000d5880000)
 ParOldGen       total 619008K, used 619005K [0x0000000080000000, 0x00000000a5c80000, 0x00000000d5580000)
  object space 619008K, 99% used [0x0000000080000000,0x00000000a5c7f628,0x00000000a5c80000)
 Metaspace       used 77429K, committed 79040K, reserved 1179648K
  class space    used 8351K, committed 9024K, reserved 1048576K
}
Event: 79.269 GC heap after
{Heap after GC invocations=1131 (full 3):
 PSYoungGen      total 2048K, used 320K [0x00000000d5580000, 0x00000000d5880000, 0x0000000100000000)
  eden space 1536K, 0% used [0x00000000d5580000,0x00000000d5580000,0x00000000d5700000)
  from space 512K, 62% used [0x00000000d5800000,0x00000000d5850000,0x00000000d5880000)
  to   space 512K, 0% used [0x00000000d5780000,0x00000000d5780000,0x00000000d5800000)
 ParOldGen       total 619520K, used 619077K [0x0000000080000000, 0x00000000a5d00000, 0x00000000d5580000)
  object space 619520K, 99% used [0x0000000080000000,0x00000000a5c91628,0x00000000a5d00000)
 Metaspace       used 77429K, committed 79040K, reserved 1179648K
  class space    used 8351K, committed 9024K, reserved 1048576K
}
Event: 79.307 GC heap before
{Heap before GC invocations=1132 (full 3):
 PSYoungGen      total 2048K, used 1856K [0x00000000d5580000, 0x00000000d5880000, 0x0000000100000000)
  eden space 1536K, 100% used [0x00000000d5580000,0x00000000d5700000,0x00000000d5700000)
  from space 512K, 62% used [0x00000000d5800000,0x00000000d5850000,0x00000000d5880000)
  to   space 512K, 0% used [0x00000000d5780000,0x00000000d5780000,0x00000000d5800000)
 ParOldGen       total 619520K, used 619077K [0x0000000080000000, 0x00000000a5d00000, 0x00000000d5580000)
  object space 619520K, 99% used [0x0000000080000000,0x00000000a5c91628,0x00000000a5d00000)
 Metaspace       used 77648K, committed 79232K, reserved 1179648K
  class space    used 8368K, committed 9024K, reserved 1048576K
}
Event: 79.310 GC heap after
{Heap after GC invocations=1132 (full 3):
 PSYoungGen      total 2048K, used 288K [0x00000000d5580000, 0x00000000d5880000, 0x0000000100000000)
  eden space 1536K, 0% used [0x00000000d5580000,0x00000000d5580000,0x00000000d5700000)
  from space 512K, 56% used [0x00000000d5780000,0x00000000d57c8000,0x00000000d5800000)
  to   space 512K, 0% used [0x00000000d5800000,0x00000000d5800000,0x00000000d5880000)
 ParOldGen       total 619520K, used 619141K [0x0000000080000000, 0x00000000a5d00000, 0x00000000d5580000)
  object space 619520K, 99% used [0x0000000080000000,0x00000000a5ca1628,0x00000000a5d00000)
 Metaspace       used 77648K, committed 79232K, reserved 1179648K
  class space    used 8368K, committed 9024K, reserved 1048576K
}
Event: 79.415 GC heap before
{Heap before GC invocations=1133 (full 3):
 PSYoungGen      total 2048K, used 1824K [0x00000000d5580000, 0x00000000d5880000, 0x0000000100000000)
  eden space 1536K, 100% used [0x00000000d5580000,0x00000000d5700000,0x00000000d5700000)
  from space 512K, 56% used [0x00000000d5780000,0x00000000d57c8000,0x00000000d5800000)
  to   space 512K, 0% used [0x00000000d5800000,0x00000000d5800000,0x00000000d5880000)
 ParOldGen       total 619520K, used 619141K [0x0000000080000000, 0x00000000a5d00000, 0x00000000d5580000)
  object space 619520K, 99% used [0x0000000080000000,0x00000000a5ca1628,0x00000000a5d00000)
 Metaspace       used 77849K, committed 79488K, reserved 1179648K
  class space    used 8390K, committed 9088K, reserved 1048576K
}
Event: 79.418 GC heap after
{Heap after GC invocations=1133 (full 3):
 PSYoungGen      total 2048K, used 352K [0x00000000d5580000, 0x00000000d5880000, 0x0000000100000000)
  eden space 1536K, 0% used [0x00000000d5580000,0x00000000d5580000,0x00000000d5700000)
  from space 512K, 68% used [0x00000000d5800000,0x00000000d5858000,0x00000000d5880000)
  to   space 512K, 0% used [0x00000000d5780000,0x00000000d5780000,0x00000000d5800000)
 ParOldGen       total 619520K, used 619205K [0x0000000080000000, 0x00000000a5d00000, 0x00000000d5580000)
  object space 619520K, 99% used [0x0000000080000000,0x00000000a5cb1628,0x00000000a5d00000)
 Metaspace       used 77849K, committed 79488K, reserved 1179648K
  class space    used 8390K, committed 9088K, reserved 1048576K
}
Event: 82.187 GC heap before
{Heap before GC invocations=1134 (full 3):
 PSYoungGen      total 2048K, used 1888K [0x00000000d5580000, 0x00000000d5880000, 0x0000000100000000)
  eden space 1536K, 100% used [0x00000000d5580000,0x00000000d5700000,0x00000000d5700000)
  from space 512K, 68% used [0x00000000d5800000,0x00000000d5858000,0x00000000d5880000)
  to   space 512K, 0% used [0x00000000d5780000,0x00000000d5780000,0x00000000d5800000)
 ParOldGen       total 619520K, used 619205K [0x0000000080000000, 0x00000000a5d00000, 0x00000000d5580000)
  object space 619520K, 99% used [0x0000000080000000,0x00000000a5cb1628,0x00000000a5d00000)
 Metaspace       used 77980K, committed 79616K, reserved 1179648K
  class space    used 8412K, committed 9088K, reserved 1048576K
}
Event: 82.193 GC heap after
{Heap after GC invocations=1134 (full 3):
 PSYoungGen      total 2048K, used 256K [0x00000000d5580000, 0x00000000d5880000, 0x0000000100000000)
  eden space 1536K, 0% used [0x00000000d5580000,0x00000000d5580000,0x00000000d5700000)
  from space 512K, 50% used [0x00000000d5780000,0x00000000d57c0000,0x00000000d5800000)
  to   space 512K, 0% used [0x00000000d5800000,0x00000000d5800000,0x00000000d5880000)
 ParOldGen       total 619520K, used 619349K [0x0000000080000000, 0x00000000a5d00000, 0x00000000d5580000)
  object space 619520K, 99% used [0x0000000080000000,0x00000000a5cd5638,0x00000000a5d00000)
 Metaspace       used 77980K, committed 79616K, reserved 1179648K
  class space    used 8412K, committed 9088K, reserved 1048576K
}
Event: 87.485 GC heap before
{Heap before GC invocations=1135 (full 3):
 PSYoungGen      total 2048K, used 1792K [0x00000000d5580000, 0x00000000d5880000, 0x0000000100000000)
  eden space 1536K, 100% used [0x00000000d5580000,0x00000000d5700000,0x00000000d5700000)
  from space 512K, 50% used [0x00000000d5780000,0x00000000d57c0000,0x00000000d5800000)
  to   space 512K, 0% used [0x00000000d5800000,0x00000000d5800000,0x00000000d5880000)
 ParOldGen       total 619520K, used 619349K [0x0000000080000000, 0x00000000a5d00000, 0x00000000d5580000)
  object space 619520K, 99% used [0x0000000080000000,0x00000000a5cd5638,0x00000000a5d00000)
 Metaspace       used 78147K, committed 79808K, reserved 1179648K
  class space    used 8430K, committed 9152K, reserved 1048576K
}
Event: 87.490 GC heap after
{Heap after GC invocations=1135 (full 3):
 PSYoungGen      total 2048K, used 224K [0x00000000d5580000, 0x00000000d5880000, 0x0000000100000000)
  eden space 1536K, 0% used [0x00000000d5580000,0x00000000d5580000,0x00000000d5700000)
  from space 512K, 43% used [0x00000000d5800000,0x00000000d5838000,0x00000000d5880000)
  to   space 512K, 0% used [0x00000000d5780000,0x00000000d5780000,0x00000000d5800000)
 ParOldGen       total 619520K, used 619437K [0x0000000080000000, 0x00000000a5d00000, 0x00000000d5580000)
  object space 619520K, 99% used [0x0000000080000000,0x00000000a5ceb638,0x00000000a5d00000)
 Metaspace       used 78147K, committed 79808K, reserved 1179648K
  class space    used 8430K, committed 9152K, reserved 1048576K
}

Dll operation events (14 events):
Event: 0.093 Loaded shared library c:\Users\Moorthy\.vscode\extensions\redhat.java-1.54.0-win32-x64\jre\21.0.10-win32-x86_64\bin\java.dll
Event: 0.242 Loaded shared library c:\Users\Moorthy\.vscode\extensions\redhat.java-1.54.0-win32-x64\jre\21.0.10-win32-x86_64\bin\zip.dll
Event: 0.294 Loaded shared library C:\Users\Moorthy\.vscode\extensions\redhat.java-1.54.0-win32-x64\jre\21.0.10-win32-x86_64\bin\instrument.dll
Event: 0.311 Loaded shared library C:\Users\Moorthy\.vscode\extensions\redhat.java-1.54.0-win32-x64\jre\21.0.10-win32-x86_64\bin\net.dll
Event: 0.325 Loaded shared library C:\Users\Moorthy\.vscode\extensions\redhat.java-1.54.0-win32-x64\jre\21.0.10-win32-x86_64\bin\nio.dll
Event: 0.330 Loaded shared library C:\Users\Moorthy\.vscode\extensions\redhat.java-1.54.0-win32-x64\jre\21.0.10-win32-x86_64\bin\zip.dll
Event: 0.364 Loaded shared library C:\Users\Moorthy\.vscode\extensions\redhat.java-1.54.0-win32-x64\jre\21.0.10-win32-x86_64\bin\jimage.dll
Event: 0.508 Loaded shared library c:\Users\Moorthy\.vscode\extensions\redhat.java-1.54.0-win32-x64\jre\21.0.10-win32-x86_64\bin\verify.dll
Event: 14.909 Loaded shared library C:\Users\Moorthy\AppData\Roaming\Code\User\globalStorage\redhat.java\1.54.0\config_win\org.eclipse.equinox.launcher\org.eclipse.equinox.launcher.win32.win32.x86_64_1.3.0.v20260203-2149\eclipse_11919.dll
Event: 27.526 Loaded shared library C:\Users\Moorthy\.vscode\extensions\redhat.java-1.54.0-win32-x64\jre\21.0.10-win32-x86_64\bin\management.dll
Event: 27.530 Loaded shared library C:\Users\Moorthy\.vscode\extensions\redhat.java-1.54.0-win32-x64\jre\21.0.10-win32-x86_64\bin\management_ext.dll
Event: 29.314 Loaded shared library C:\Users\Moorthy\AppData\Local\Temp\jna--1392803008\jna268556855111812457.dll
Event: 29.483 Loaded shared library C:\Users\Moorthy\.vscode\extensions\redhat.java-1.54.0-win32-x64\jre\21.0.10-win32-x86_64\bin\sunmscapi.dll
Event: 30.288 Loaded shared library C:\Users\Moorthy\.vscode\extensions\redhat.java-1.54.0-win32-x64\jre\21.0.10-win32-x86_64\bin\extnet.dll

Deoptimization events (20 events):
Event: 79.379 Thread 0x00000175f984a220 DEOPT PACKING pc=0x00000175e4054c68 sp=0x0000001881efe280
Event: 79.379 Thread 0x00000175f984a220 DEOPT UNPACKING pc=0x00000175e3933aa2 sp=0x0000001881efe1d8 mode 2
Event: 79.379 Thread 0x00000175f984a220 Uncommon trap: trap_request=0xffffff3d fr.pc=0x00000175e43e2704 relative=0x0000000000001404
Event: 79.379 Thread 0x00000175f984a220 Uncommon trap: reason=unstable_fused_if action=reinterpret pc=0x00000175e43e2704 method=sun.nio.fs.WindowsPathParser.isLetter(C)Z @ 15 c2
Event: 79.379 Thread 0x00000175f984a220 DEOPT PACKING pc=0x00000175e43e2704 sp=0x0000001881efe2e0
Event: 79.379 Thread 0x00000175f984a220 DEOPT UNPACKING pc=0x00000175e3933aa2 sp=0x0000001881efe228 mode 2
Event: 79.442 Thread 0x00000175f984a220 Uncommon trap: trap_request=0xffffffde fr.pc=0x00000175e47562f4 relative=0x0000000000001234
Event: 79.442 Thread 0x00000175f984a220 Uncommon trap: reason=class_check action=maybe_recompile pc=0x00000175e47562f4 method=com.google.gson.stream.JsonWriter.string(Ljava/lang/String;)V @ 119 c2
Event: 79.442 Thread 0x00000175f984a220 DEOPT PACKING pc=0x00000175e47562f4 sp=0x0000001881efdd20
Event: 79.442 Thread 0x00000175f984a220 DEOPT UNPACKING pc=0x00000175e3933aa2 sp=0x0000001881efdce8 mode 2
Event: 79.653 Thread 0x00000175f84dd410 DEOPT PACKING pc=0x00000175dd4d5d9c sp=0x00000018ff3fefc0
Event: 79.653 Thread 0x00000175f84dd410 DEOPT UNPACKING pc=0x00000175e3934242 sp=0x00000018ff3fe480 mode 0
Event: 80.064 Thread 0x00000175f9848150 DEOPT PACKING pc=0x00000175dd4d5d9c sp=0x0000001881cfef60
Event: 80.064 Thread 0x00000175f9848150 DEOPT UNPACKING pc=0x00000175e3934242 sp=0x0000001881cfe420 mode 0
Event: 92.254 Thread 0x00000175f65eb0c0 DEOPT PACKING pc=0x00000175dd4d5d9c sp=0x00000018fccff0a0
Event: 92.255 Thread 0x00000175f65eb0c0 DEOPT UNPACKING pc=0x00000175e3934242 sp=0x00000018fccfe560 mode 0
Event: 109.154 Thread 0x00000175f6e76ba0 DEOPT PACKING pc=0x00000175dd4d5bcc sp=0x00000018807fefb0
Event: 109.154 Thread 0x00000175f6e76ba0 DEOPT UNPACKING pc=0x00000175e3934242 sp=0x00000018807fe470 mode 0
Event: 139.076 Thread 0x00000175f9849500 DEOPT PACKING pc=0x00000175dd4d5d9c sp=0x0000001881dff0b0
Event: 139.085 Thread 0x00000175f9849500 DEOPT UNPACKING pc=0x00000175e3934242 sp=0x0000001881dfe570 mode 0

Classes loaded (20 events):
Event: 79.437 Loading class java/util/TaskQueue
Event: 79.438 Loading class java/util/TaskQueue done
Event: 79.438 Loading class java/util/TimerThread
Event: 79.438 Loading class java/util/TimerThread done
Event: 79.438 Loading class java/util/Timer$ThreadReaper
Event: 79.438 Loading class java/util/Timer$ThreadReaper done
Event: 79.445 Loading class java/util/concurrent/CompletableFuture$UniWhenComplete
Event: 79.446 Loading class java/util/concurrent/CompletableFuture$UniWhenComplete done
Event: 79.447 Loading class java/util/concurrent/CompletableFuture$UniCompose
Event: 79.448 Loading class java/util/concurrent/CompletableFuture$UniCompose done
Event: 79.448 Loading class java/util/concurrent/CompletableFuture$UniRelay
Event: 79.448 Loading class java/util/concurrent/CompletableFuture$UniRelay done
Event: 80.064 Loading class java/util/concurrent/ScheduledThreadPoolExecutor$DelayedWorkQueue$Itr
Event: 80.064 Loading class java/util/concurrent/ScheduledThreadPoolExecutor$DelayedWorkQueue$Itr done
Event: 87.478 Loading class java/lang/ProcessHandleImpl$ExitCompletion
Event: 87.479 Loading class java/lang/ProcessHandleImpl$ExitCompletion done
Event: 87.479 Loading class java/lang/ProcessHandleImpl$1
Event: 87.479 Loading class java/lang/ProcessHandleImpl$1 done
Event: 87.481 Loading class java/util/concurrent/CompletableFuture$UniHandle
Event: 87.482 Loading class java/util/concurrent/CompletableFuture$UniHandle done

Classes unloaded (16 events):
Event: 28.481 Thread 0x00000175d9144970 Unloading class 0x00000175811a5000 'java/lang/invoke/LambdaForm$MH+0x00000175811a5000'
Event: 28.481 Thread 0x00000175d9144970 Unloading class 0x00000175811a4c00 'java/lang/invoke/LambdaForm$MH+0x00000175811a4c00'
Event: 28.481 Thread 0x00000175d9144970 Unloading class 0x00000175811a4800 'java/lang/invoke/LambdaForm$MH+0x00000175811a4800'
Event: 28.481 Thread 0x00000175d9144970 Unloading class 0x00000175811a4400 'java/lang/invoke/LambdaForm$MH+0x00000175811a4400'
Event: 28.481 Thread 0x00000175d9144970 Unloading class 0x00000175811a4000 'java/lang/invoke/LambdaForm$BMH+0x00000175811a4000'
Event: 28.481 Thread 0x00000175d9144970 Unloading class 0x00000175811a3c00 'java/lang/invoke/LambdaForm$DMH+0x00000175811a3c00'
Event: 28.481 Thread 0x00000175d9144970 Unloading class 0x00000175811a2800 'java/lang/invoke/LambdaForm$DMH+0x00000175811a2800'
Event: 29.872 Thread 0x00000175d9144970 Unloading class 0x0000017581334c00 'java/lang/invoke/LambdaForm$MH+0x0000017581334c00'
Event: 29.872 Thread 0x00000175d9144970 Unloading class 0x0000017581334000 'java/lang/invoke/LambdaForm$MH+0x0000017581334000'
Event: 29.872 Thread 0x00000175d9144970 Unloading class 0x0000017581333800 'java/lang/invoke/LambdaForm$MH+0x0000017581333800'
Event: 29.872 Thread 0x00000175d9144970 Unloading class 0x0000017581333000 'java/lang/invoke/LambdaForm$MH+0x0000017581333000'
Event: 29.872 Thread 0x00000175d9144970 Unloading class 0x0000017581332c00 'java/lang/invoke/LambdaForm$DMH+0x0000017581332c00'
Event: 45.464 Thread 0x00000175d9144970 Unloading class 0x0000017581650c00 'java/lang/invoke/LambdaForm$DMH+0x0000017581650c00'
Event: 45.464 Thread 0x00000175d9144970 Unloading class 0x0000017581650800 'java/lang/invoke/LambdaForm$DMH+0x0000017581650800'
Event: 45.464 Thread 0x00000175d9144970 Unloading class 0x0000017581650400 'java/lang/invoke/LambdaForm$DMH+0x0000017581650400'
Event: 45.464 Thread 0x00000175d9144970 Unloading class 0x0000017581650000 'java/lang/invoke/LambdaForm$DMH+0x0000017581650000'

Classes redefined (0 events):
No events

Internal exceptions (20 events):
Event: 77.893 Thread 0x00000175f9847430 Exception <a 'sun/nio/fs/WindowsException'{0x00000000d5645908}> (0x00000000d5645908) 
thrown [s\src\hotspot\share\prims\jni.cpp, line 520]
Event: 77.894 Thread 0x00000175f9847430 Exception <a 'sun/nio/fs/WindowsException'{0x00000000d5653628}> (0x00000000d5653628) 
thrown [s\src\hotspot\share\prims\jni.cpp, line 520]
Event: 77.896 Thread 0x00000175f9847430 Exception <a 'sun/nio/fs/WindowsException'{0x00000000d565ac38}> (0x00000000d565ac38) 
thrown [s\src\hotspot\share\prims\jni.cpp, line 520]
Event: 77.896 Thread 0x00000175f9847430 Exception <a 'sun/nio/fs/WindowsException'{0x00000000d565b5d8}> (0x00000000d565b5d8) 
thrown [s\src\hotspot\share\prims\jni.cpp, line 520]
Event: 77.917 Thread 0x00000175f9847430 Exception <a 'sun/nio/fs/WindowsException'{0x00000000d5679998}> (0x00000000d5679998) 
thrown [s\src\hotspot\share\prims\jni.cpp, line 520]
Event: 77.917 Thread 0x00000175f9847430 Exception <a 'sun/nio/fs/WindowsException'{0x00000000d567d468}> (0x00000000d567d468) 
thrown [s\src\hotspot\share\prims\jni.cpp, line 520]
Event: 77.972 Thread 0x00000175f9847430 Exception <a 'sun/nio/fs/WindowsException'{0x00000000d561bcf0}> (0x00000000d561bcf0) 
thrown [s\src\hotspot\share\prims\jni.cpp, line 520]
Event: 77.972 Thread 0x00000175f9847430 Exception <a 'sun/nio/fs/WindowsException'{0x00000000d561c690}> (0x00000000d561c690) 
thrown [s\src\hotspot\share\prims\jni.cpp, line 520]
Event: 78.457 Thread 0x00000175f7c3a4b0 Exception <a 'java/lang/NoSuchMethodError'{0x00000000d5651f40}: 'java.lang.Object java.lang.invoke.DirectMethodHandle$Holder.newInvokeSpecial(java.lang.Object, java.lang.Object, int, java.lang.Object, java.lang.Object, java.lang.Object, java.lang.Object)'> (0x00000000d5651f40) 
thrown [s\src\hotspot\share\interpreter\linkResolver.cpp, line 773]
Event: 78.462 Thread 0x00000175f7c3a4b0 Exception <a 'java/lang/NoSuchMethodError'{0x00000000d568db68}: 'java.lang.Object java.lang.invoke.DirectMethodHandle$Holder.invokeStatic(java.lang.Object, int, java.lang.Object, java.lang.Object, java.lang.Object, java.lang.Object)'> (0x00000000d568db68) 
thrown [s\src\hotspot\share\interpreter\linkResolver.cpp, line 773]
Event: 78.464 Thread 0x00000175f7c3a4b0 Exception <a 'java/lang/NoSuchMethodError'{0x00000000d56c0158}: 'java.lang.Object java.lang.invoke.DirectMethodHandle$Holder.newInvokeSpecial(java.lang.Object, int, java.lang.Object, java.lang.Object, java.lang.Object)'> (0x00000000d56c0158) 
thrown [s\src\hotspot\share\interpreter\linkResolver.cpp, line 773]
Event: 78.841 Thread 0x00000175f98487e0 Exception <a 'java/io/FileNotFoundException'{0x00000000d5656fb8}> (0x00000000d5656fb8) 
thrown [s\src\hotspot\share\prims\jni.cpp, line 520]
Event: 79.213 Thread 0x00000175f98487e0 Exception <a 'java/lang/NoSuchMethodError'{0x00000000d5672420}: 'java.lang.Object java.lang.invoke.DirectMethodHandle$Holder.invokeVirtual(java.lang.Object, java.lang.Object, java.lang.Object, java.lang.Object)'> (0x00000000d5672420) 
thrown [s\src\hotspot\share\interpreter\linkResolver.cpp, line 773]
Event: 79.332 Thread 0x00000175f984a220 Exception <a 'java/lang/NoSuchMethodError'{0x00000000d560b8b0}: 'java.lang.Object java.lang.invoke.DirectMethodHandle$Holder.invokeStatic(java.lang.Object, long, java.lang.Object, java.lang.Object)'> (0x00000000d560b8b0) 
thrown [s\src\hotspot\share\interpreter\linkResolver.cpp, line 773]
Event: 79.383 Thread 0x00000175f984a220 Exception <a 'sun/nio/fs/WindowsException'{0x00000000d56a4b40}> (0x00000000d56a4b40) 
thrown [s\src\hotspot\share\prims\jni.cpp, line 520]
Event: 79.384 Thread 0x00000175f984a220 Exception <a 'sun/nio/fs/WindowsException'{0x00000000d56a5b20}> (0x00000000d56a5b20) 
thrown [s\src\hotspot\share\prims\jni.cpp, line 520]
Event: 79.444 Thread 0x00000175f984a220 Exception <a 'java/lang/NoSuchMethodError'{0x00000000d55df7c8}: 'void java.lang.invoke.DirectMethodHandle$Holder.invokeStatic(java.lang.Object, java.lang.Object, java.lang.Object, java.lang.Object, java.lang.Object, java.lang.Object, java.lang.Object)'> (0x00000000d55df7c8) 
thrown [s\src\hotspot\share\interpreter\linkResolver.cpp, line 773]
Event: 82.156 Thread 0x00000175f9847ac0 Exception <a 'java/lang/NoSuchMethodError'{0x00000000d56d8520}: 'long java.lang.invoke.DelegatingMethodHandle$Holder.reinvoke_L(java.lang.Object, java.lang.Object)'> (0x00000000d56d8520) 
thrown [s\src\hotspot\share\interpreter\linkResolver.cpp, line 773]
Event: 82.160 Thread 0x00000175f9847ac0 Exception <a 'java/lang/NoSuchMethodError'{0x00000000d56e26f0}: 'void java.lang.invoke.DelegatingMethodHandle$Holder.reinvoke_L(java.lang.Object, java.lang.Object, long)'> (0x00000000d56e26f0) 
thrown [s\src\hotspot\share\interpreter\linkResolver.cpp, line 773]
Event: 87.485 Thread 0x00000175f9847ac0 Exception <a 'java/lang/NoSuchMethodError'{0x00000000d56ff7d0}: 'long java.lang.invoke.Invokers$Holder.invokeExact_MT(java.lang.Object, java.lang.Object, java.lang.Object)'> (0x00000000d56ff7d0) 
thrown [s\src\hotspot\share\interpreter\linkResolver.cpp, line 773]

ZGC Phase Switch (0 events):
No events

VM Operations (20 events):
Event: 98.578 Executing safepoint VM operation: Cleanup
Event: 98.578 Executing safepoint VM operation: Cleanup done
Event: 104.633 Executing safepoint VM operation: Cleanup
Event: 104.633 Executing safepoint VM operation: Cleanup done
Event: 107.656 Executing safepoint VM operation: Cleanup
Event: 107.656 Executing safepoint VM operation: Cleanup done
Event: 110.679 Executing safepoint VM operation: Cleanup
Event: 110.679 Executing safepoint VM operation: Cleanup done
Event: 120.387 Executing non-safepoint VM operation: HandshakeAllThreads (HandshakeForDeflation)
Event: 120.388 Executing non-safepoint VM operation: HandshakeAllThreads (HandshakeForDeflation) done
Event: 120.388 Executing non-safepoint VM operation: RendezvousGCThreads
Event: 120.388 Executing non-safepoint VM operation: RendezvousGCThreads done
Event: 139.493 Executing safepoint VM operation: Cleanup
Event: 139.493 Executing safepoint VM operation: Cleanup done
Event: 180.639 Executing non-safepoint VM operation: HandshakeAllThreads (HandshakeForDeflation)
Event: 180.640 Executing non-safepoint VM operation: HandshakeAllThreads (HandshakeForDeflation) done
Event: 180.640 Executing non-safepoint VM operation: RendezvousGCThreads
Event: 180.640 Executing non-safepoint VM operation: RendezvousGCThreads done
Event: 191.745 Executing safepoint VM operation: Cleanup
Event: 191.746 Executing safepoint VM operation: Cleanup done

Memory protections (0 events):
No events

Nmethod flushes (20 events):
Event: 45.500 Thread 0x00000175d9144970 flushing  nmethod 0x00000175dcb68590
Event: 45.500 Thread 0x00000175d9144970 flushing  nmethod 0x00000175dcb73e90
Event: 45.500 Thread 0x00000175d9144970 flushing  nmethod 0x00000175dcb74490
Event: 45.500 Thread 0x00000175d9144970 flushing  nmethod 0x00000175dcb7d610
Event: 45.500 Thread 0x00000175d9144970 flushing  nmethod 0x00000175dcb84a10
Event: 45.500 Thread 0x00000175d9144970 flushing  nmethod 0x00000175dcbb0a90
Event: 45.500 Thread 0x00000175d9144970 flushing  nmethod 0x00000175dcbb1190
Event: 45.500 Thread 0x00000175d9144970 flushing  nmethod 0x00000175dcbb2a10
Event: 45.500 Thread 0x00000175d9144970 flushing  nmethod 0x00000175dcbb3290
Event: 45.500 Thread 0x00000175d9144970 flushing  nmethod 0x00000175dcbb3c10
Event: 45.500 Thread 0x00000175d9144970 flushing  nmethod 0x00000175dcbb5f90
Event: 45.500 Thread 0x00000175d9144970 flushing  nmethod 0x00000175dcbc8c90
Event: 45.500 Thread 0x00000175d9144970 flushing  nmethod 0x00000175dcbcdd90
Event: 45.500 Thread 0x00000175d9144970 flushing  nmethod 0x00000175dcbd6310
Event: 45.500 Thread 0x00000175d9144970 flushing  nmethod 0x00000175dcbdeb10
Event: 45.500 Thread 0x00000175d9144970 flushing  nmethod 0x00000175dcbf1c90
Event: 45.500 Thread 0x00000175d9144970 flushing  nmethod 0x00000175dcc1b510
Event: 45.500 Thread 0x00000175d9144970 flushing  nmethod 0x00000175dcc5ee10
Event: 45.500 Thread 0x00000175d9144970 flushing  nmethod 0x00000175dcc70290
Event: 45.500 Thread 0x00000175d9144970 flushing  nmethod 0x00000175dcc93410

Events (20 events):
Event: 78.259 Thread 0x00000175f9843fb0 Thread added: 0x00000175f9848e70
Event: 78.662 Thread 0x00000175f9847430 Thread added: 0x00000175f984af40
Event: 78.680 Thread 0x00000175f984af40 Thread added: 0x00000175f98487e0
Event: 79.052 Thread 0x00000175f98487e0 Thread added: 0x00000175f9848150
Event: 79.061 Thread 0x00000175f98487e0 Thread added: 0x00000175f9849500
Event: 79.322 Thread 0x00000175f98487e0 Thread added: 0x00000175f984a220
Event: 79.439 Thread 0x00000175f984a220 Thread added: 0x00000175f984a8b0
Event: 80.235 Thread 0x00000175f7e26c30 Thread exited: 0x00000175f7e26c30
Event: 82.139 Thread 0x00000175f98487e0 Thread added: 0x00000175f9847ac0
Event: 82.142 Thread 0x00000175f984a8b0 Thread exited: 0x00000175f984a8b0
Event: 87.480 Thread 0x00000175f9847ac0 Thread added: 0x00000175f984a8b0
Event: 87.497 Thread 0x00000175f9847ac0 Thread exited: 0x00000175f9847ac0
Event: 109.163 Thread 0x00000175f6e76ba0 Thread exited: 0x00000175f6e76ba0
Event: 136.593 Thread 0x00000175f6e7ba60 Thread exited: 0x00000175f6e7ba60
Event: 137.614 Thread 0x00000175f6eae530 Thread exited: 0x00000175f6eae530
Event: 138.010 Thread 0x00000175f6eaf250 Thread exited: 0x00000175f6eaf250
Event: 138.021 Thread 0x00000175f6eaff70 Thread exited: 0x00000175f6eaff70
Event: 139.752 Thread 0x00000175f6eaebc0 Thread exited: 0x00000175f6eaebc0
Event: 140.892 Thread 0x00000175f9843920 Thread exited: 0x00000175f9843920
Event: 200.927 Thread 0x00000175f7c3a4b0 Thread exited: 0x00000175f7c3a4b0


Dynamic libraries:
0x00007ff66cc60000 - 0x00007ff66cc6e000 	c:\Users\Moorthy\.vscode\extensions\redhat.java-1.54.0-win32-x64\jre\21.0.10-win32-x86_64\bin\java.exe
0x00007ffa2cb80000 - 0x00007ffa2cde6000 	C:\WINDOWS\SYSTEM32\ntdll.dll
0x00007ffa2b9b0000 - 0x00007ffa2ba79000 	C:\WINDOWS\System32\KERNEL32.DLL
0x00007ffa2a2c0000 - 0x00007ffa2a6ba000 	C:\WINDOWS\System32\KERNELBASE.dll
0x00007ffa2a6c0000 - 0x00007ffa2a80c000 	C:\WINDOWS\System32\ucrtbase.dll
0x00007ffa163d0000 - 0x00007ffa163e8000 	c:\Users\Moorthy\.vscode\extensions\redhat.java-1.54.0-win32-x64\jre\21.0.10-win32-x86_64\bin\jli.dll
0x00007ffa14e90000 - 0x00007ffa14eae000 	c:\Users\Moorthy\.vscode\extensions\redhat.java-1.54.0-win32-x64\jre\21.0.10-win32-x86_64\bin\VCRUNTIME140.dll
0x00007ffa2c970000 - 0x00007ffa2cb37000 	C:\WINDOWS\System32\USER32.dll
0x00007ffa2a810000 - 0x00007ffa2a837000 	C:\WINDOWS\System32\win32u.dll
0x00007ffa10a50000 - 0x00007ffa10ce2000 	C:\WINDOWS\WinSxS\amd64_microsoft.windows.common-controls_6595b64144ccf1df_6.0.26100.8521_none_3e08b75ce33403b3\COMCTL32.dll
0x00007ffa2abe0000 - 0x00007ffa2ac0b000 	C:\WINDOWS\System32\GDI32.dll
0x00007ffa2b630000 - 0x00007ffa2b6d9000 	C:\WINDOWS\System32\msvcrt.dll
0x00007ffa29e10000 - 0x00007ffa29f3b000 	C:\WINDOWS\System32\gdi32full.dll
0x00007ffa2a840000 - 0x00007ffa2a8e3000 	C:\WINDOWS\System32\msvcp_win.dll
0x00007ffa2baf0000 - 0x00007ffa2bb22000 	C:\WINDOWS\System32\IMM32.DLL
0x00007ffa19350000 - 0x00007ffa1935c000 	c:\Users\Moorthy\.vscode\extensions\redhat.java-1.54.0-win32-x64\jre\21.0.10-win32-x86_64\bin\vcruntime140_1.dll
0x00007ff9f72b0000 - 0x00007ff9f733d000 	c:\Users\Moorthy\.vscode\extensions\redhat.java-1.54.0-win32-x64\jre\21.0.10-win32-x86_64\bin\msvcp140.dll
0x00007ff927940000 - 0x00007ff9286e1000 	c:\Users\Moorthy\.vscode\extensions\redhat.java-1.54.0-win32-x64\jre\21.0.10-win32-x86_64\bin\server\jvm.dll
0x00007ffa2bb30000 - 0x00007ffa2bbe6000 	C:\WINDOWS\System32\ADVAPI32.dll
0x00007ffa2b720000 - 0x00007ffa2b7ca000 	C:\WINDOWS\System32\sechost.dll
0x00007ffa2bbf0000 - 0x00007ffa2bd08000 	C:\WINDOWS\System32\RPCRT4.dll
0x00007ffa2bd10000 - 0x00007ffa2bd90000 	C:\WINDOWS\System32\WS2_32.dll
0x00007ffa289e0000 - 0x00007ffa28a3e000 	C:\WINDOWS\SYSTEM32\POWRPROF.dll
0x00007ffa0eb60000 - 0x00007ffa0eb6b000 	C:\WINDOWS\SYSTEM32\VERSION.dll
0x00007ffa24420000 - 0x00007ffa24456000 	C:\WINDOWS\SYSTEM32\WINMM.dll
0x00007ffa289b0000 - 0x00007ffa289c4000 	C:\WINDOWS\SYSTEM32\UMPDC.dll
0x00007ffa28c00000 - 0x00007ffa28c1b000 	C:\WINDOWS\SYSTEM32\kernel.appcore.dll
0x00007ffa10060000 - 0x00007ffa1006a000 	c:\Users\Moorthy\.vscode\extensions\redhat.java-1.54.0-win32-x64\jre\21.0.10-win32-x86_64\bin\jimage.dll
0x00007ffa27410000 - 0x00007ffa27652000 	C:\WINDOWS\SYSTEM32\DBGHELP.DLL
0x00007ffa2bea0000 - 0x00007ffa2c223000 	C:\WINDOWS\System32\combase.dll
0x00007ffa2adc0000 - 0x00007ffa2ae99000 	C:\WINDOWS\System32\OLEAUT32.dll
0x00007ffa24070000 - 0x00007ffa240ab000 	C:\WINDOWS\SYSTEM32\dbgcore.DLL
0x00007ffa2a150000 - 0x00007ffa2a1f8000 	C:\WINDOWS\System32\bcryptPrimitives.dll
0x00007ffa10050000 - 0x00007ffa1005f000 	c:\Users\Moorthy\.vscode\extensions\redhat.java-1.54.0-win32-x64\jre\21.0.10-win32-x86_64\bin\instrument.dll
0x00007ffa077d0000 - 0x00007ffa077f0000 	c:\Users\Moorthy\.vscode\extensions\redhat.java-1.54.0-win32-x64\jre\21.0.10-win32-x86_64\bin\java.dll
0x00007ffa2aea0000 - 0x00007ffa2b624000 	C:\WINDOWS\System32\SHELL32.dll
0x00007ffa279a0000 - 0x00007ffa28220000 	C:\WINDOWS\SYSTEM32\windows.storage.dll
0x00007ffa2bda0000 - 0x00007ffa2be96000 	C:\WINDOWS\System32\SHCORE.dll
0x00007ffa2ba80000 - 0x00007ffa2bae7000 	C:\WINDOWS\System32\shlwapi.dll
0x00007ffa29d30000 - 0x00007ffa29d59000 	C:\WINDOWS\SYSTEM32\profapi.dll
0x00007ffa077b0000 - 0x00007ffa077c8000 	c:\Users\Moorthy\.vscode\extensions\redhat.java-1.54.0-win32-x64\jre\21.0.10-win32-x86_64\bin\zip.dll
0x00007ffa10040000 - 0x00007ffa10050000 	C:\Users\Moorthy\.vscode\extensions\redhat.java-1.54.0-win32-x64\jre\21.0.10-win32-x86_64\bin\net.dll
0x00007ffa16e10000 - 0x00007ffa16f39000 	C:\WINDOWS\SYSTEM32\WINHTTP.dll
0x00007ffa29230000 - 0x00007ffa2929c000 	C:\WINDOWS\system32\mswsock.dll
0x00007ff9fe9e0000 - 0x00007ff9fe9f6000 	C:\Users\Moorthy\.vscode\extensions\redhat.java-1.54.0-win32-x64\jre\21.0.10-win32-x86_64\bin\nio.dll
0x00007ffa0e440000 - 0x00007ffa0e450000 	c:\Users\Moorthy\.vscode\extensions\redhat.java-1.54.0-win32-x64\jre\21.0.10-win32-x86_64\bin\verify.dll
0x00007ff9fc4c0000 - 0x00007ff9fc505000 	C:\Users\Moorthy\AppData\Roaming\Code\User\globalStorage\redhat.java\1.54.0\config_win\org.eclipse.equinox.launcher\org.eclipse.equinox.launcher.win32.win32.x86_64_1.3.0.v20260203-2149\eclipse_11919.dll
0x00007ffa2c340000 - 0x00007ffa2c4d8000 	C:\WINDOWS\System32\ole32.dll
0x00007ffa0e3e0000 - 0x00007ffa0e3ea000 	C:\Users\Moorthy\.vscode\extensions\redhat.java-1.54.0-win32-x64\jre\21.0.10-win32-x86_64\bin\management.dll
0x00007ffa0a650000 - 0x00007ffa0a65c000 	C:\Users\Moorthy\.vscode\extensions\redhat.java-1.54.0-win32-x64\jre\21.0.10-win32-x86_64\bin\management_ext.dll
0x00007ffa2b710000 - 0x00007ffa2b718000 	C:\WINDOWS\System32\PSAPI.DLL
0x00007ffa29510000 - 0x00007ffa2952b000 	C:\WINDOWS\SYSTEM32\CRYPTSP.dll
0x00007ffa28c40000 - 0x00007ffa28c79000 	C:\WINDOWS\system32\rsaenh.dll
0x00007ffa292e0000 - 0x00007ffa29313000 	C:\WINDOWS\SYSTEM32\USERENV.dll
0x00007ffa29d00000 - 0x00007ffa29d2a000 	C:\WINDOWS\SYSTEM32\bcrypt.dll
0x00007ffa29530000 - 0x00007ffa2953c000 	C:\WINDOWS\SYSTEM32\CRYPTBASE.dll
0x00007ffa28720000 - 0x00007ffa28753000 	C:\WINDOWS\SYSTEM32\IPHLPAPI.DLL
0x00007ffa2abd0000 - 0x00007ffa2abda000 	C:\WINDOWS\System32\NSI.dll
0x00007ff9f73c0000 - 0x00007ff9f7409000 	C:\Users\Moorthy\AppData\Local\Temp\jna--1392803008\jna268556855111812457.dll
0x00007ffa18080000 - 0x00007ffa1809d000 	C:\WINDOWS\SYSTEM32\dhcpcsvc6.DLL
0x00007ffa16f40000 - 0x00007ffa16f65000 	C:\WINDOWS\SYSTEM32\dhcpcsvc.DLL
0x00007ffa07260000 - 0x00007ffa0726e000 	C:\Users\Moorthy\.vscode\extensions\redhat.java-1.54.0-win32-x64\jre\21.0.10-win32-x86_64\bin\sunmscapi.dll
0x00007ffa29f40000 - 0x00007ffa2a0b8000 	C:\WINDOWS\System32\CRYPT32.dll
0x00007ffa29730000 - 0x00007ffa29760000 	C:\WINDOWS\SYSTEM32\ncrypt.dll
0x00007ffa296e0000 - 0x00007ffa2971f000 	C:\WINDOWS\SYSTEM32\NTASN1.dll
0x00007ffa28760000 - 0x00007ffa288aa000 	C:\WINDOWS\SYSTEM32\DNSAPI.dll
0x00007ffa29030000 - 0x00007ffa2903d000 	C:\WINDOWS\SYSTEM32\DSPARSE.dll
0x00007ffa18070000 - 0x00007ffa1807b000 	C:\Windows\System32\rasadhlp.dll
0x00007ffa184a0000 - 0x00007ffa18526000 	C:\WINDOWS\System32\fwpuclnt.dll
0x00007ff9fea30000 - 0x00007ff9fea39000 	C:\Users\Moorthy\.vscode\extensions\redhat.java-1.54.0-win32-x64\jre\21.0.10-win32-x86_64\bin\extnet.dll

JVMTI agents:
c:\Users\Moorthy\.vscode\extensions\redhat.java-1.54.0-win32-x64\lombok\lombok-1.18.39-4050.jar path:c:\Users\Moorthy\.vscode\extensions\redhat.java-1.54.0-win32-x64\jre\21.0.10-win32-x86_64\bin\instrument.dll, loaded, initialized, instrumentlib options:none

dbghelp: loaded successfully - version: 4.0.5 - missing functions: none
symbol engine: initialized successfully - sym options: 0x614 - pdb path: .;c:\Users\Moorthy\.vscode\extensions\redhat.java-1.54.0-win32-x64\jre\21.0.10-win32-x86_64\bin;C:\WINDOWS\SYSTEM32;C:\WINDOWS\WinSxS\amd64_microsoft.windows.common-controls_6595b64144ccf1df_6.0.26100.8521_none_3e08b75ce33403b3;c:\Users\Moorthy\.vscode\extensions\redhat.java-1.54.0-win32-x64\jre\21.0.10-win32-x86_64\bin\server;C:\Users\Moorthy\AppData\Roaming\Code\User\globalStorage\redhat.java\1.54.0\config_win\org.eclipse.equinox.launcher\org.eclipse.equinox.launcher.win32.win32.x86_64_1.3.0.v20260203-2149;C:\Users\Moorthy\AppData\Local\Temp\jna--1392803008

VM Arguments:
jvm_args: --add-modules=ALL-SYSTEM --add-opens=java.base/java.util=ALL-UNNAMED --add-opens=java.base/java.lang=ALL-UNNAMED --add-opens=java.base/sun.nio.fs=ALL-UNNAMED -Declipse.application=org.eclipse.jdt.ls.core.id1 -Dosgi.bundles.defaultStartLevel=4 -Declipse.product=org.eclipse.jdt.ls.core.product -Djava.import.generatesMetadataFilesAtProjectRoot=false -DDetectVMInstallationsJob.disabled=true -Dfile.encoding=utf8 -XX:+UseParallelGC -XX:GCTimeRatio=4 -XX:AdaptiveSizePolicyWeight=90 -Dsun.zip.disableMemoryMapping=true -Xmx2G -Xms100m -Xlog:disable -javaagent:c:\Users\Moorthy\.vscode\extensions\redhat.java-1.54.0-win32-x64\lombok\lombok-1.18.39-4050.jar -XX:+HeapDumpOnOutOfMemoryError -XX:HeapDumpPath=c:\Users\Moorthy\AppData\Roaming\Code\User\workspaceStorage\c2602732ced5f2b9437fe3c1e7da2189\redhat.java -Daether.dependencyCollector.impl=bf 
java_command: c:\Users\Moorthy\.vscode\extensions\redhat.java-1.54.0-win32-x64\server\plugins\org.eclipse.equinox.launcher_1.7.100.v20251111-0406.jar -configuration c:\Users\Moorthy\AppData\Roaming\Code\User\globalStorage\redhat.java\1.54.0\config_win -data c:\Users\Moorthy\AppData\Roaming\Code\User\workspaceStorage\c2602732ced5f2b9437fe3c1e7da2189\redhat.java\jdt_ws --pipe=\\.\pipe\lsp-9ce15abffb9ed4b7decbfc3bb7fac23f-sock
java_class_path (initial): c:\Users\Moorthy\.vscode\extensions\redhat.java-1.54.0-win32-x64\server\plugins\org.eclipse.equinox.launcher_1.7.100.v20251111-0406.jar
Launcher Type: SUN_STANDARD

[Global flags]
    uintx AdaptiveSizePolicyWeight                 = 90                                        {product} {command line}
     intx CICompilerCount                          = 4                                         {product} {ergonomic}
    uintx GCTimeRatio                              = 4                                         {product} {command line}
     bool HeapDumpOnOutOfMemoryError               = true                                   {manageable} {command line}
    ccstr HeapDumpPath                             = c:\Users\Moorthy\AppData\Roaming\Code\User\workspaceStorage\c2602732ced5f2b9437fe3c1e7da2189\redhat.java         {manageable} {command line}
   size_t InitialHeapSize                          = 104857600                                 {product} {command line}
   size_t MaxHeapSize                              = 2147483648                                {product} {command line}
   size_t MaxNewSize                               = 715653120                                 {product} {ergonomic}
   size_t MinHeapDeltaBytes                        = 524288                                    {product} {ergonomic}
   size_t MinHeapSize                              = 104857600                                 {product} {command line}
   size_t NewSize                                  = 34603008                                  {product} {ergonomic}
    uintx NonNMethodCodeHeapSize                   = 5839372                                {pd product} {ergonomic}
    uintx NonProfiledCodeHeapSize                  = 122909434                              {pd product} {ergonomic}
   size_t OldSize                                  = 70254592                                  {product} {ergonomic}
    uintx ProfiledCodeHeapSize                     = 122909434                              {pd product} {ergonomic}
    uintx ReservedCodeCacheSize                    = 251658240                              {pd product} {ergonomic}
     bool SegmentedCodeCache                       = true                                      {product} {ergonomic}
   size_t SoftMaxHeapSize                          = 2147483648                             {manageable} {ergonomic}
     bool UseCompressedOops                        = true                           {product lp64_product} {ergonomic}
     bool UseLargePagesIndividualAllocation        = false                                  {pd product} {ergonomic}
     bool UseParallelGC                            = true                                      {product} {command line}

Logging:
Log output configuration:
 #0: stdout all=off uptime,level,tags foldmultilines=false
 #1: stderr all=off uptime,level,tags foldmultilines=false

Release file:
JAVA_VERSION="21.0.10" 
MODULES="java.base java.compiler java.datatransfer java.xml java.prefs java.desktop java.instrument java.logging java.management java.security.sasl java.naming java.rmi java.management.rmi java.net.http java.scripting java.security.jgss java.transaction.xa java.sql java.sql.rowset java.xml.crypto java.se java.smartcardio jdk.accessibility jdk.internal.jvmstat jdk.attach jdk.charsets jdk.internal.opt jdk.zipfs jdk.compiler jdk.crypto.ec jdk.crypto.cryptoki jdk.crypto.mscapi jdk.dynalink jdk.internal.ed jdk.editpad jdk.hotspot.agent jdk.httpserver jdk.internal.le jdk.internal.vm.ci jdk.internal.vm.compiler jdk.internal.vm.compiler.management jdk.jartool jdk.javadoc jdk.jcmd jdk.management jdk.management.agent jdk.jconsole jdk.jdeps jdk.jdwp.agent jdk.jdi jdk.jfr jdk.jshell jdk.jsobject jdk.jstatd jdk.localedata jdk.management.jfr jdk.naming.dns jdk.naming.rmi jdk.net jdk.nio.mapmode jdk.random jdk.sctp jdk.security.auth jdk.security.jgss jdk.unsupported jdk.unsupported.desktop jdk.xml.dom" 

Environment Variables:
JAVA_HOME=C:\Program Files\Eclipse Adoptium\jdk-17.0.19.10-hotspot
PATH=C:\Program Files\Eclipse Adoptium\jdk-17.0.19.10-hotspot\bin;C:\Program Files\OpenLogic\jdk-8.0.472.08-hotspot\bin;C:\Program Files (x86)\Common Files\Oracle\Java\java8path;C:\Program Files (x86)\Common Files\Oracle\Java\javapath;C:\Program Files\Eclipse Adoptium\jdk-21.0.7.6-hotspot\bin;C:\Mitira\Oracle\product\21c\dbhomeXE\bin;C:\Softwares\Scripts\;C:\Softwares\;C:\WINDOWS\system32;C:\WINDOWS;C:\WINDOWS\System32\Wbem;C:\WINDOWS\System32\WindowsPowerShell\v1.0\;C:\WINDOWS\System32\OpenSSH\;C:\Program Files\dotnet\;C:\Program Files\CMake\bin;C:\Program Files (x86)\Windows Kits\10\Windows Performance Toolkit\;C:\Python27\Tools\Scripts;C:\Python27;C:\JAVA\bin;C:\Program Files\PuTTY\;C:\Program Files\Eclipse Adoptium\jdk-21.0.7.6-hotspot\bin;C:\Program Files\MongoDB\Server\8.2\bin;C:\php;C:\Program Files\nodejs\;C:\Program Files\Git\cmd;C:\Program Files\Perforce\;C:\Users\Moorthy\AppData\Local\Programs\Python\Python314\Scripts\;C:\Users\Moorthy\AppData\Local\Programs\Python\Python314\;C:\Program Files\MySQL\MySQL Shell 8.0\bin\;C:\Users\Moorthy\AppData\Local\Programs\Python\Python312\Scripts\;C:\Users\Moorthy\AppData\Local\Programs\Python\Python312\;C:\Users\Moorthy\AppData\Local\Microsoft\WindowsApps;C:\Users\Moorthy\Downloads\Microsoft VS Code\bin;C:\Program Files\JetBrains\PyCharm 2024.1.4\bin;C:\Users\Moorthy\AppData\Local\JetBrains\Toolbox\scripts;C:\Users\Moorthy\AppData\Local\GitHubDesktop\bin;C:\Users\Moorthy\AppData\Local\gitkraken\bin;C:\Users\Moorthy\AppData\Local\Microsoft\WindowsApps;C:\Users\Moorthy\AppData\Local\Programs\mongosh\;C:\Program Files\JetBrains\IntelliJ IDEA Community Edition 2025.2.3\javabootcamp\IntelliJ IDEA Community Edition 2025.2.3\bin;C:\Users\Moorthy\AppData\Roaming\npm;C:\Program Files\Notepad++;C:\Program Files\apache-maven-3.9.16;C:\maven\apache-maven-3.9.16\bin;
USERNAME=Moorthy
OS=Windows_NT
PROCESSOR_IDENTIFIER=Intel64 Family 6 Model 154 Stepping 4, GenuineIntel
TMP=C:\Users\Moorthy\AppData\Local\Temp
TEMP=C:\Users\Moorthy\AppData\Local\Temp




Periodic native trim disabled

---------------  S Y S T E M  ---------------

OS:
 Windows 11 , 64 bit Build 26100 (10.0.26100.8521)
OS uptime: 2 days 6:00 hours
Hyper-V role detected

CPU: total 12 (initial active 12) (6 cores per cpu, 2 threads per core) family 6 model 154 stepping 4 microcode 0x435, cx8, cmov, fxsr, ht, mmx, 3dnowpref, sse, sse2, sse3, ssse3, sse4.1, sse4.2, popcnt, lzcnt, tsc, tscinvbit, avx, avx2, aes, erms, clmul, bmi1, bmi2, adx, sha, fma, vzeroupper, clflush, clflushopt, clwb, hv, serialize, rdtscp, rdpid, fsrm, f16c, cet_ibt, cet_ss
Processor Information for processor 0
  Max Mhz: 1300, Current Mhz: 1300, Mhz Limit: 1300
Processor Information for processor 1
  Max Mhz: 1300, Current Mhz: 1300, Mhz Limit: 1300
Processor Information for processor 2
  Max Mhz: 1300, Current Mhz: 1300, Mhz Limit: 1300
Processor Information for processor 3
  Max Mhz: 1300, Current Mhz: 1300, Mhz Limit: 1300
Processor Information for processor 4
  Max Mhz: 1300, Current Mhz: 900, Mhz Limit: 897
Processor Information for processor 5
  Max Mhz: 1300, Current Mhz: 900, Mhz Limit: 897
Processor Information for processor 6
  Max Mhz: 1300, Current Mhz: 900, Mhz Limit: 897
Processor Information for processor 7
  Max Mhz: 1300, Current Mhz: 900, Mhz Limit: 897
Processor Information for processor 8
  Max Mhz: 1300, Current Mhz: 900, Mhz Limit: 897
Processor Information for processor 9
  Max Mhz: 1300, Current Mhz: 900, Mhz Limit: 897
Processor Information for processor 10
  Max Mhz: 1300, Current Mhz: 900, Mhz Limit: 897
Processor Information for processor 11
  Max Mhz: 1300, Current Mhz: 900, Mhz Limit: 897

Memory: 4k page, system-wide physical 7876M (334M free)
TotalPageFile size 32452M (AvailPageFile size 4M)
current process WorkingSet (physical memory assigned to process): 14M, peak: 591M
current process commit charge ("private bytes"): 913M, peak: 966M

vm_info: OpenJDK 64-Bit Server VM (21.0.10+7-LTS) for windows-amd64 JRE (21.0.10+7-LTS), built on 2026-01-20T00:00:00Z by "admin" with MS VC++ 17.12 (VS2022)

END.
