#
# There is insufficient memory for the Java Runtime Environment to continue.
# Native memory allocation (malloc) failed to allocate 1921056 bytes. Error detail: Chunk::new
# Possible reasons:
#   The system is out of physical RAM or swap space
#   This process is running with CompressedOops enabled, and the Java Heap may be blocking the growth of the native heap
# Possible solutions:
#   Reduce memory load on the system
#   Increase physical memory or swap space
#   Check if swap backing store is full
#   Decrease Java heap size (-Xmx/-Xms)
#   Decrease number of Java threads
#   Decrease Java thread stack sizes (-Xss)
#   Set larger code cache with -XX:ReservedCodeCacheSize=
#   JVM is running with Unscaled Compressed Oops mode in which the Java heap is
#     placed in the first 4GB address space. The Java Heap base address is the
#     maximum limit for the native heap growth. Please use -XX:HeapBaseMinAddress
#     to set the Java Heap base and to place the Java Heap above 4GB virtual address.
# This output file may be truncated or incomplete.
#
#  Out of Memory Error (arena.cpp:168), pid=42472, tid=64132
#
# JRE version: OpenJDK Runtime Environment Temurin-21.0.10+7 (21.0.10+7) (build 21.0.10+7-LTS)
# Java VM: OpenJDK 64-Bit Server VM Temurin-21.0.10+7 (21.0.10+7-LTS, mixed mode, sharing, tiered, compressed oops, compressed class ptrs, parallel gc, windows-amd64)
# No core dump will be written. Minidumps are not enabled by default on client versions of Windows
#

---------------  S U M M A R Y ------------

Command Line: --add-modules=ALL-SYSTEM --add-opens=java.base/java.util=ALL-UNNAMED --add-opens=java.base/java.lang=ALL-UNNAMED --add-opens=java.base/sun.nio.fs=ALL-UNNAMED -Declipse.application=org.eclipse.jdt.ls.core.id1 -Dosgi.bundles.defaultStartLevel=4 -Declipse.product=org.eclipse.jdt.ls.core.product -Djava.import.generatesMetadataFilesAtProjectRoot=false -DDetectVMInstallationsJob.disabled=true -Dfile.encoding=utf8 -XX:+UseParallelGC -XX:GCTimeRatio=4 -XX:AdaptiveSizePolicyWeight=90 -Dsun.zip.disableMemoryMapping=true -Xmx2G -Xms100m -Xlog:disable -javaagent:c:\Users\Moorthy\.vscode\extensions\redhat.java-1.54.0-win32-x64\lombok\lombok-1.18.39-4050.jar -XX:+HeapDumpOnOutOfMemoryError -XX:HeapDumpPath=c:\Users\Moorthy\AppData\Roaming\Code\User\workspaceStorage\c55876d65a5581e5b025e434a16b3740\redhat.java -Daether.dependencyCollector.impl=bf c:\Users\Moorthy\.vscode\extensions\redhat.java-1.54.0-win32-x64\server\plugins\org.eclipse.equinox.launcher_1.7.100.v20251111-0406.jar -configuration c:\Users\Moorthy\AppData\Roaming\Code\User\globalStorage\redhat.java\1.54.0\config_win -data c:\Users\Moorthy\AppData\Roaming\Code\User\workspaceStorage\c55876d65a5581e5b025e434a16b3740\redhat.java\jdt_ws --pipe=\\.\pipe\lsp-20948e98f92c45f35be51c98f7690b8c-sock

Host: 12th Gen Intel(R) Core(TM) i5-1235U, 12 cores, 7G,  Windows 11 , 64 bit Build 26100 (10.0.26100.8521)
Time: Sat Jun 20 21:32:15 2026 India Standard Time elapsed time: 97.534469 seconds (0d 0h 1m 37s)

---------------  T H R E A D  ---------------

Current thread (0x000001b3a7720930):  JavaThread "C2 CompilerThread0" daemon [_thread_in_native, id=64132, stack(0x00000082d6800000,0x00000082d6900000) (1024K)]


Current CompileTask:
C2:97534 10735   !   4       org.eclipse.osgi.internal.loader.classpath.ClasspathManager::defineClass (636 bytes)

Stack: [0x00000082d6800000,0x00000082d6900000]
Native frames: (J=compiled Java code, j=interpreted, Vv=VM code, C=native code)
V  [jvm.dll+0x6d7a39]
V  [jvm.dll+0x8b4b26]
V  [jvm.dll+0x8b70de]
V  [jvm.dll+0x8b77c3]
V  [jvm.dll+0x284346]
V  [jvm.dll+0xc66ed]
V  [jvm.dll+0xc6c31]
V  [jvm.dll+0x3bec3b]
V  [jvm.dll+0x1e3f69]
V  [jvm.dll+0x24c6b3]
V  [jvm.dll+0x24bb40]
V  [jvm.dll+0x1cb34e]
V  [jvm.dll+0x25b85d]
V  [jvm.dll+0x259dea]
V  [jvm.dll+0x3f857e]
V  [jvm.dll+0x85f59d]
V  [jvm.dll+0x6d626d]
C  [ucrtbase.dll+0x2cd30]
C  [KERNEL32.DLL+0x2e957]
C  [ntdll.dll+0x87c1c]


---------------  P R O C E S S  ---------------

Threads class SMR info:
_java_thread_list=0x000001b38a2903a0, length=56, elements={
0x000001b3a5278f00, 0x000001b3ff1fcdb0, 0x000001b3ff1fdcd0, 0x000001b3a7719bc0,
0x000001b3a771c630, 0x000001b3a771f7c0, 0x000001b3a77258b0, 0x000001b3a7720930,
0x000001b380582ce0, 0x000001b38079f410, 0x000001b380903d10, 0x000001b381d03160,
0x000001b38603c870, 0x000001b3806e1090, 0x000001b3806e1700, 0x000001b381cd8f90,
0x000001b381c38980, 0x000001b381c3a3c0, 0x000001b381c39d30, 0x000001b381c3b0e0,
0x000001b381c3aa50, 0x000001b381c39010, 0x000001b381c37c60, 0x000001b381c396a0,
0x000001b3862564a0, 0x000001b386257850, 0x000001b386257ee0, 0x000001b386258570,
0x000001b3862571c0, 0x000001b386255e10, 0x000001b3862550f0, 0x000001b386258c00,
0x000001b386255780, 0x000001b386259290, 0x000001b386259920, 0x000001b386259fb0,
0x000001b386256b30, 0x000001b38625b360, 0x000001b38625b9f0, 0x000001b38625c080,
0x000001b38625a640, 0x000001b38625acd0, 0x000001b38625c710, 0x000001b38665e890,
0x000001b38665c7c0, 0x000001b386661d10, 0x000001b3866630c0, 0x000001b3890846c0,
0x000001b386662a30, 0x000001b3866623a0, 0x000001b386660960, 0x000001b386661680,
0x000001b3866602d0, 0x000001b386c27fd0, 0x000001b386c2adc0, 0x000001b389085460
}

Java Threads: ( => current thread )
  0x000001b3a5278f00 JavaThread "main"                              [_thread_blocked, id=14040, stack(0x00000082d5e00000,0x00000082d5f00000) (1024K)]
  0x000001b3ff1fcdb0 JavaThread "Reference Handler"          daemon [_thread_blocked, id=45144, stack(0x00000082d6200000,0x00000082d6300000) (1024K)]
  0x000001b3ff1fdcd0 JavaThread "Finalizer"                  daemon [_thread_blocked, id=58812, stack(0x00000082d6300000,0x00000082d6400000) (1024K)]
  0x000001b3a7719bc0 JavaThread "Signal Dispatcher"          daemon [_thread_blocked, id=41428, stack(0x00000082d6400000,0x00000082d6500000) (1024K)]
  0x000001b3a771c630 JavaThread "Attach Listener"            daemon [_thread_blocked, id=42364, stack(0x00000082d6500000,0x00000082d6600000) (1024K)]
  0x000001b3a771f7c0 JavaThread "Service Thread"             daemon [_thread_blocked, id=53980, stack(0x00000082d6600000,0x00000082d6700000) (1024K)]
  0x000001b3a77258b0 JavaThread "Monitor Deflation Thread"   daemon [_thread_blocked, id=25420, stack(0x00000082d6700000,0x00000082d6800000) (1024K)]
=>0x000001b3a7720930 JavaThread "C2 CompilerThread0"         daemon [_thread_in_native, id=64132, stack(0x00000082d6800000,0x00000082d6900000) (1024K)]
  0x000001b380582ce0 JavaThread "C1 CompilerThread0"         daemon [_thread_blocked, id=35496, stack(0x00000082d6900000,0x00000082d6a00000) (1024K)]
  0x000001b38079f410 JavaThread "Common-Cleaner"             daemon [_thread_blocked, id=16012, stack(0x00000082d6b00000,0x00000082d6c00000) (1024K)]
  0x000001b380903d10 JavaThread "Notification Thread"        daemon [_thread_blocked, id=41212, stack(0x00000082d6a00000,0x00000082d6b00000) (1024K)]
  0x000001b381d03160 JavaThread "Active Thread: Equinox Container: 81c7ee85-4c2d-4786-835e-7a5d3f30316f"        [_thread_blocked, id=61856, stack(0x00000082d7200000,0x00000082d7300000) (1024K)]
  0x000001b38603c870 JavaThread "Refresh Thread: Equinox Container: 81c7ee85-4c2d-4786-835e-7a5d3f30316f" daemon [_thread_blocked, id=42544, stack(0x00000082d7400000,0x00000082d7500000) (1024K)]
  0x000001b3806e1090 JavaThread "Framework Event Dispatcher: Equinox Container: 81c7ee85-4c2d-4786-835e-7a5d3f30316f" daemon [_thread_blocked, id=43364, stack(0x00000082d7500000,0x00000082d7600000) (1024K)]
  0x000001b3806e1700 JavaThread "Start Level: Equinox Container: 81c7ee85-4c2d-4786-835e-7a5d3f30316f" daemon [_thread_blocked, id=31120, stack(0x00000082d7600000,0x00000082d7700000) (1024K)]
  0x000001b381cd8f90 JavaThread "Bundle File Closer"         daemon [_thread_blocked, id=31864, stack(0x00000082d7a00000,0x00000082d7b00000) (1024K)]
  0x000001b381c38980 JavaThread "SCR Component Actor"        daemon [_thread_blocked, id=59100, stack(0x00000082d7700000,0x00000082d7800000) (1024K)]
  0x000001b381c3a3c0 JavaThread "Worker-JM"                         [_thread_blocked, id=32524, stack(0x00000082d7b00000,0x00000082d7c00000) (1024K)]
  0x000001b381c39d30 JavaThread "JNA Cleaner"                daemon [_thread_blocked, id=66712, stack(0x00000082d7c00000,0x00000082d7d00000) (1024K)]
  0x000001b381c3b0e0 JavaThread "Worker-0: Send Classpath Notifications"        [_thread_blocked, id=55740, stack(0x00000082d7d00000,0x00000082d7e00000) (1024K)]
  0x000001b381c3aa50 JavaThread "Worker-1: Initialize workspace"        [_thread_in_vm, id=36560, stack(0x00000082d7e00000,0x00000082d7f00000) (1024K)]
  0x000001b381c39010 JavaThread "Worker-2"                          [_thread_blocked, id=51808, stack(0x00000082d8000000,0x00000082d8100000) (1024K)]
  0x000001b381c37c60 JavaThread "Java indexing"              daemon [_thread_blocked, id=59092, stack(0x00000082d8100000,0x00000082d8200000) (1024K)]
  0x000001b381c396a0 JavaThread "Worker-3"                          [_thread_blocked, id=37488, stack(0x00000082d8200000,0x00000082d8300000) (1024K)]
  0x000001b3862564a0 JavaThread "Worker-4"                          [_thread_blocked, id=34820, stack(0x00000082d8300000,0x00000082d8400000) (1024K)]
  0x000001b386257850 JavaThread "Worker-5: Send Classpath Notifications"        [_thread_in_native, id=47936, stack(0x00000082d8600000,0x00000082d8700000) (1024K)]
  0x000001b386257ee0 JavaThread "Thread-1"                   daemon [_thread_in_native, id=47308, stack(0x00000082d8700000,0x00000082d8800000) (1024K)]
  0x000001b386258570 JavaThread "Thread-2"                   daemon [_thread_in_native, id=68192, stack(0x00000082d8800000,0x00000082d8900000) (1024K)]
  0x000001b3862571c0 JavaThread "Thread-3"                   daemon [_thread_in_native, id=47304, stack(0x00000082d8900000,0x00000082d8a00000) (1024K)]
  0x000001b386255e10 JavaThread "Thread-4"                   daemon [_thread_in_native, id=47396, stack(0x00000082d8a00000,0x00000082d8b00000) (1024K)]
  0x000001b3862550f0 JavaThread "Thread-5"                   daemon [_thread_in_native, id=42620, stack(0x00000082d8b00000,0x00000082d8c00000) (1024K)]
  0x000001b386258c00 JavaThread "Thread-6"                   daemon [_thread_in_native, id=67640, stack(0x00000082d8c00000,0x00000082d8d00000) (1024K)]
  0x000001b386255780 JavaThread "Thread-7"                   daemon [_thread_in_native, id=38068, stack(0x00000082d8d00000,0x00000082d8e00000) (1024K)]
  0x000001b386259290 JavaThread "Thread-8"                   daemon [_thread_in_native, id=56568, stack(0x00000082d8e00000,0x00000082d8f00000) (1024K)]
  0x000001b386259920 JavaThread "Thread-9"                   daemon [_thread_in_native, id=26192, stack(0x00000082d8f00000,0x00000082d9000000) (1024K)]
  0x000001b386259fb0 JavaThread "Thread-10"                  daemon [_thread_in_native, id=28544, stack(0x00000082d9000000,0x00000082d9100000) (1024K)]
  0x000001b386256b30 JavaThread "Thread-11"                  daemon [_thread_in_native, id=58448, stack(0x00000082d9100000,0x00000082d9200000) (1024K)]
  0x000001b38625b360 JavaThread "Thread-12"                  daemon [_thread_in_native, id=57040, stack(0x00000082d9200000,0x00000082d9300000) (1024K)]
  0x000001b38625b9f0 JavaThread "Thread-13"                  daemon [_thread_in_native, id=63372, stack(0x00000082d9300000,0x00000082d9400000) (1024K)]
  0x000001b38625c080 JavaThread "pool-2-thread-1"                   [_thread_blocked, id=19980, stack(0x00000082d9400000,0x00000082d9500000) (1024K)]
  0x000001b38625a640 JavaThread "Worker-6"                          [_thread_blocked, id=32496, stack(0x00000082d9500000,0x00000082d9600000) (1024K)]
  0x000001b38625acd0 JavaThread "WorkspaceEventsHandler"            [_thread_blocked, id=50280, stack(0x00000082d9600000,0x00000082d9700000) (1024K)]
  0x000001b38625c710 JavaThread "pool-1-thread-1"                   [_thread_blocked, id=60068, stack(0x00000082d9700000,0x00000082d9800000) (1024K)]
  0x000001b38665e890 JavaThread "ForkJoinPool.commonPool-worker-1" daemon [_thread_in_Java, id=48096, stack(0x00000082d5b00000,0x00000082d5c00000) (1024K)]
  0x000001b38665c7c0 JavaThread "ForkJoinPool.commonPool-worker-2" daemon [_thread_blocked, id=61272, stack(0x00000082d5c00000,0x00000082d5d00000) (1024K)]
  0x000001b386661d10 JavaThread "ForkJoinPool.commonPool-worker-3" daemon [_thread_blocked, id=52848, stack(0x00000082d5d00000,0x00000082d5e00000) (1024K)]
  0x000001b3866630c0 JavaThread "ForkJoinPool.commonPool-worker-4" daemon [_thread_in_vm, id=52588, stack(0x00000082d7f00000,0x00000082d8000000) (1024K)]
  0x000001b3890846c0 JavaThread "C2 CompilerThread1"         daemon [_thread_in_native, id=52524, stack(0x00000082d9900000,0x00000082d9a00000) (1024K)]
  0x000001b386662a30 JavaThread "ForkJoinPool.commonPool-worker-5" daemon [_thread_blocked, id=53564, stack(0x00000082d9a00000,0x00000082d9b00000) (1024K)]
  0x000001b3866623a0 JavaThread "ForkJoinPool.commonPool-worker-6" daemon [_thread_blocked, id=35324, stack(0x00000082d9b00000,0x00000082d9c00000) (1024K)]
  0x000001b386660960 JavaThread "ForkJoinPool.commonPool-worker-7" daemon [_thread_blocked, id=46684, stack(0x00000082d9c00000,0x00000082d9d00000) (1024K)]
  0x000001b386661680 JavaThread "ForkJoinPool.commonPool-worker-8" daemon [_thread_blocked, id=40132, stack(0x00000082d9d00000,0x00000082d9e00000) (1024K)]
  0x000001b3866602d0 JavaThread "ForkJoinPool.commonPool-worker-9" daemon [_thread_blocked, id=53900, stack(0x00000082d9e00000,0x00000082d9f00000) (1024K)]
  0x000001b386c27fd0 JavaThread "ForkJoinPool.commonPool-worker-10" daemon [_thread_blocked, id=52816, stack(0x00000082d9f00000,0x00000082da000000) (1024K)]
  0x000001b386c2adc0 JavaThread "ForkJoinPool.commonPool-worker-11" daemon [_thread_blocked, id=45376, stack(0x00000082da000000,0x00000082da100000) (1024K)]
  0x000001b389085460 JavaThread "C2 CompilerThread2"         daemon [_thread_in_native, id=14312, stack(0x00000082da100000,0x00000082da200000) (1024K)]
Total: 56

Other Threads:
  0x000001b3a77108a0 VMThread "VM Thread"                           [id=42676, stack(0x00000082d6100000,0x00000082d6200000) (1024K)]
  0x000001b3ff0dca10 WatcherThread "VM Periodic Task Thread"        [id=20108, stack(0x00000082d6000000,0x00000082d6100000) (1024K)]
  0x000001b3a768d950 WorkerThread "GC Thread#0"                     [id=37224, stack(0x00000082d5f00000,0x00000082d6000000) (1024K)]
  0x000001b3815da4b0 WorkerThread "GC Thread#1"                     [id=49016, stack(0x00000082d6c00000,0x00000082d6d00000) (1024K)]
  0x000001b3860864e0 WorkerThread "GC Thread#2"                     [id=41308, stack(0x00000082d6d00000,0x00000082d6e00000) (1024K)]
  0x000001b386086890 WorkerThread "GC Thread#3"                     [id=35448, stack(0x00000082d6e00000,0x00000082d6f00000) (1024K)]
  0x000001b3815defc0 WorkerThread "GC Thread#4"                     [id=12696, stack(0x00000082d6f00000,0x00000082d7000000) (1024K)]
  0x000001b3815df370 WorkerThread "GC Thread#5"                     [id=36176, stack(0x00000082d7000000,0x00000082d7100000) (1024K)]
  0x000001b381900140 WorkerThread "GC Thread#6"                     [id=36148, stack(0x00000082d7100000,0x00000082d7200000) (1024K)]
  0x000001b381a47620 WorkerThread "GC Thread#7"                     [id=4664, stack(0x00000082d7300000,0x00000082d7400000) (1024K)]
  0x000001b381a46ec0 WorkerThread "GC Thread#8"                     [id=66192, stack(0x00000082d7800000,0x00000082d7900000) (1024K)]
  0x000001b381a46b10 WorkerThread "GC Thread#9"                     [id=26876, stack(0x00000082d7900000,0x00000082d7a00000) (1024K)]
Total: 12

Threads with active compile tasks:
C2 CompilerThread0  97621 10735   !   4       org.eclipse.osgi.internal.loader.classpath.ClasspathManager::defineClass (636 bytes)
C2 CompilerThread1  97622 10933   !   4       org.eclipse.jdt.internal.core.util.DeduplicationUtil::intern (149 bytes)
C2 CompilerThread2  97622 10938       4       java.net.URI$Parser::checkChar (14 bytes)
Total: 3

VM state: not at safepoint (normal execution)

VM Mutex/Monitor currently owned by a thread: None

Heap address: 0x0000000080000000, size: 2048 MB, Compressed Oops mode: 32-bit

CDS archive(s) mapped at: [0x000001b3be000000-0x000001b3beba0000-0x000001b3beba0000), size 12189696, SharedBaseAddress: 0x000001b3be000000, ArchiveRelocationMode: 1.
Compressed class space mapped at: 0x000001b3bf000000-0x000001b3ff000000, reserved size: 1073741824
Narrow klass base: 0x000001b3be000000, Narrow klass shift: 0, Narrow klass range: 0x100000000

GC Precious Log:
 CardTable entry size: 512
 CPUs: 12 total, 12 available
 Memory: 7876M
 Large Page Support: Disabled
 NUMA Support: Disabled
 Compressed Oops: Enabled (32-bit)
 Alignments: Space 512K, Generation 512K, Heap 2M
 Heap Min Capacity: 100M
 Heap Initial Capacity: 100M
 Heap Max Capacity: 2G
 Pre-touch: Disabled
 Parallel Workers: 10

Heap:
 PSYoungGen      total 3584K, used 2159K [0x00000000d5580000, 0x00000000d5980000, 0x0000000100000000)
  eden space 3072K, 60% used [0x00000000d5580000,0x00000000d5753f40,0x00000000d5880000)
  from space 512K, 56% used [0x00000000d5880000,0x00000000d58c8000,0x00000000d5900000)
  to   space 512K, 0% used [0x00000000d5900000,0x00000000d5900000,0x00000000d5980000)
 ParOldGen       total 624128K, used 623714K [0x0000000080000000, 0x00000000a6180000, 0x00000000d5580000)
  object space 624128K, 99% used [0x0000000080000000,0x00000000a61189a0,0x00000000a6180000)
 Metaspace       used 60956K, committed 62400K, reserved 1114112K
  class space    used 6668K, committed 7232K, reserved 1048576K

Card table byte_map: [0x000001b3a7010000,0x000001b3a7420000] _byte_map_base: 0x000001b3a6c10000

Marking Bits: (ParMarkBitMap*) 0x00007ff92ade3450
 Begin Bits: [0x000001b3b9b20000, 0x000001b3bbb20000)
 End Bits:   [0x000001b3bbb20000, 0x000001b3bdb20000)

Polling page: 0x000001b3a5510000

Metaspace:

Usage:
  Non-class:     53.02 MB used.
      Class:      6.51 MB used.
       Both:     59.53 MB used.

Virtual space:
  Non-class space:       64.00 MB reserved,      53.88 MB ( 84%) committed,  1 nodes.
      Class space:        1.00 GB reserved,       7.06 MB ( <1%) committed,  1 nodes.
             Both:        1.06 GB reserved,      60.94 MB (  6%) committed. 

Chunk freelists:
   Non-Class:  9.39 MB
       Class:  8.89 MB
        Both:  18.28 MB

MaxMetaspaceSize: unlimited
CompressedClassSpaceSize: 1.00 GB
Initial GC threshold: 21.00 MB
Current GC threshold: 97.31 MB
CDS: on
 - commit_granule_bytes: 65536.
 - commit_granule_words: 8192.
 - virtual_space_node_default_size: 8388608.
 - enlarge_chunks_in_place: 1.
 - use_allocation_guard: 0.


Internal statistics:

num_allocs_failed_limit: 9.
num_arena_births: 1182.
num_arena_deaths: 20.
num_vsnodes_births: 2.
num_vsnodes_deaths: 0.
num_space_committed: 975.
num_space_uncommitted: 0.
num_chunks_returned_to_freelist: 32.
num_chunks_taken_from_freelist: 4022.
num_chunk_merges: 18.
num_chunk_splits: 2354.
num_chunks_enlarged: 1161.
num_inconsistent_stats: 0.

CodeHeap 'non-profiled nmethods': size=120000Kb used=7363Kb max_used=7363Kb free=112636Kb
 bounds [0x000001b3b2340000, 0x000001b3b2a80000, 0x000001b3b9870000]
CodeHeap 'profiled nmethods': size=120000Kb used=21298Kb max_used=21298Kb free=98701Kb
 bounds [0x000001b3aa870000, 0x000001b3abd40000, 0x000001b3b1da0000]
CodeHeap 'non-nmethods': size=5760Kb used=1453Kb max_used=1517Kb free=4306Kb
 bounds [0x000001b3b1da0000, 0x000001b3b2010000, 0x000001b3b2340000]
CodeCache: size=245760Kb, used=30114Kb, max_used=30178Kb, free=215643Kb
 total_blobs=10886, nmethods=10121, adapters=671, full_count=0
Compilation: enabled, stopped_count=0, restarted_count=0

Compilation events (20 events):
Event: 96.347 Thread 0x000001b3890846c0 10932       4       java.util.ArrayList$SubList::checkForComodification (23 bytes)
Event: 96.348 Thread 0x000001b3890846c0 nmethod 10932 0x000001b3b2a65390 code [0x000001b3b2a65520, 0x000001b3b2a655e0]
Event: 96.348 Thread 0x000001b3890846c0 10928       4       java.util.ImmutableCollections$AbstractImmutableList::iterator (13 bytes)
Event: 96.351 Thread 0x000001b3890846c0 nmethod 10928 0x000001b3b2a65690 code [0x000001b3b2a65840, 0x000001b3b2a659d0]
Event: 96.351 Thread 0x000001b3890846c0 10927   !   4       java.lang.ref.ReferenceQueue::enqueue (32 bytes)
Event: 96.369 Thread 0x000001b3890846c0 nmethod 10927 0x000001b3b2a65b10 code [0x000001b3b2a65d60, 0x000001b3b2a66328]
Event: 96.369 Thread 0x000001b3890846c0 10933   !   4       org.eclipse.jdt.internal.core.util.DeduplicationUtil::intern (149 bytes)
Event: 96.375 Thread 0x000001b380582ce0 10934       3       org.eclipse.jdt.internal.compiler.impl.CompilerOptions::versionFromJdkLevel (204 bytes)
Event: 96.376 Thread 0x000001b380582ce0 nmethod 10934 0x000001b3abd36010 code [0x000001b3abd36240, 0x000001b3abd369b0]
Event: 96.381 Thread 0x000001b380582ce0 10935       1       org.eclipse.jdt.ls.core.internal.handlers.WorkspaceExecuteCommandHandler$DelegateCommandHandlerDescriptor::getAllCommands (5 bytes)
Event: 96.381 Thread 0x000001b380582ce0 nmethod 10935 0x000001b3b2a66910 code [0x000001b3b2a66aa0, 0x000001b3b2a66b68]
Event: 96.386 Thread 0x000001b380582ce0 10936       3       org.eclipse.osgi.internal.log.EquinoxLogWriter::appendPaddedInt (76 bytes)
Event: 96.387 Thread 0x000001b380582ce0 nmethod 10936 0x000001b3abd36a90 code [0x000001b3abd36d00, 0x000001b3abd37330]
Event: 96.421 Thread 0x000001b389085460 nmethod 10705 0x000001b3b2a66c10 code [0x000001b3b2a670e0, 0x000001b3b2a69690]
Event: 96.422 Thread 0x000001b389085460 10937       4       java.net.URI$Parser::parse (243 bytes)
Event: 96.453 Thread 0x000001b380582ce0 10939       1       org.springframework.ide.vscode.commons.protocol.java.Classpath$CPE::setPath (6 bytes)
Event: 96.453 Thread 0x000001b380582ce0 nmethod 10939 0x000001b3b2a6b810 code [0x000001b3b2a6b9a0, 0x000001b3b2a6ba80]
Event: 96.506 Thread 0x000001b380582ce0 10940       1       org.springframework.ide.vscode.commons.protocol.java.Classpath$CPE::setSourceContainerUrl (6 bytes)
Event: 96.507 Thread 0x000001b380582ce0 nmethod 10940 0x000001b3b2a6bb10 code [0x000001b3b2a6bca0, 0x000001b3b2a6bd80]
Event: 96.512 Thread 0x000001b380582ce0 10941       3       sun.nio.fs.WindowsPath::resolve (393 bytes)

GC Heap History (20 events):
Event: 96.189 GC heap after
{Heap after GC invocations=1220 (full 3):
 PSYoungGen      total 3584K, used 192K [0x00000000d5580000, 0x00000000d5980000, 0x0000000100000000)
  eden space 2560K, 0% used [0x00000000d5580000,0x00000000d5580000,0x00000000d5800000)
  from space 1024K, 18% used [0x00000000d5800000,0x00000000d5830000,0x00000000d5900000)
  to   space 512K, 0% used [0x00000000d5900000,0x00000000d5900000,0x00000000d5980000)
 ParOldGen       total 622592K, used 622349K [0x0000000080000000, 0x00000000a6000000, 0x00000000d5580000)
  object space 622592K, 99% used [0x0000000080000000,0x00000000a5fc3640,0x00000000a6000000)
 Metaspace       used 60843K, committed 62336K, reserved 1114112K
  class space    used 6661K, committed 7232K, reserved 1048576K
}
Event: 96.205 GC heap before
{Heap before GC invocations=1221 (full 3):
 PSYoungGen      total 3584K, used 2752K [0x00000000d5580000, 0x00000000d5980000, 0x0000000100000000)
  eden space 2560K, 100% used [0x00000000d5580000,0x00000000d5800000,0x00000000d5800000)
  from space 1024K, 18% used [0x00000000d5800000,0x00000000d5830000,0x00000000d5900000)
  to   space 512K, 0% used [0x00000000d5900000,0x00000000d5900000,0x00000000d5980000)
 ParOldGen       total 622592K, used 622349K [0x0000000080000000, 0x00000000a6000000, 0x00000000d5580000)
  object space 622592K, 99% used [0x0000000080000000,0x00000000a5fc3640,0x00000000a6000000)
 Metaspace       used 60843K, committed 62336K, reserved 1114112K
  class space    used 6661K, committed 7232K, reserved 1048576K
}
Event: 96.209 GC heap after
{Heap after GC invocations=1221 (full 3):
 PSYoungGen      total 3072K, used 160K [0x00000000d5580000, 0x00000000d5980000, 0x0000000100000000)
  eden space 2560K, 0% used [0x00000000d5580000,0x00000000d5580000,0x00000000d5800000)
  from space 512K, 31% used [0x00000000d5900000,0x00000000d5928000,0x00000000d5980000)
  to   space 512K, 0% used [0x00000000d5880000,0x00000000d5880000,0x00000000d5900000)
 ParOldGen       total 622592K, used 622421K [0x0000000080000000, 0x00000000a6000000, 0x00000000d5580000)
  object space 622592K, 99% used [0x0000000080000000,0x00000000a5fd5640,0x00000000a6000000)
 Metaspace       used 60843K, committed 62336K, reserved 1114112K
  class space    used 6661K, committed 7232K, reserved 1048576K
}
Event: 96.241 GC heap before
{Heap before GC invocations=1222 (full 3):
 PSYoungGen      total 3072K, used 2720K [0x00000000d5580000, 0x00000000d5980000, 0x0000000100000000)
  eden space 2560K, 100% used [0x00000000d5580000,0x00000000d5800000,0x00000000d5800000)
  from space 512K, 31% used [0x00000000d5900000,0x00000000d5928000,0x00000000d5980000)
  to   space 512K, 0% used [0x00000000d5880000,0x00000000d5880000,0x00000000d5900000)
 ParOldGen       total 622592K, used 622421K [0x0000000080000000, 0x00000000a6000000, 0x00000000d5580000)
  object space 622592K, 99% used [0x0000000080000000,0x00000000a5fd5640,0x00000000a6000000)
 Metaspace       used 60844K, committed 62336K, reserved 1114112K
  class space    used 6661K, committed 7232K, reserved 1048576K
}
Event: 96.244 GC heap after
{Heap after GC invocations=1222 (full 3):
 PSYoungGen      total 3072K, used 352K [0x00000000d5580000, 0x00000000d5980000, 0x0000000100000000)
  eden space 2560K, 0% used [0x00000000d5580000,0x00000000d5580000,0x00000000d5800000)
  from space 512K, 68% used [0x00000000d5880000,0x00000000d58d8000,0x00000000d5900000)
  to   space 512K, 0% used [0x00000000d5900000,0x00000000d5900000,0x00000000d5980000)
 ParOldGen       total 622592K, used 622509K [0x0000000080000000, 0x00000000a6000000, 0x00000000d5580000)
  object space 622592K, 99% used [0x0000000080000000,0x00000000a5feb640,0x00000000a6000000)
 Metaspace       used 60844K, committed 62336K, reserved 1114112K
  class space    used 6661K, committed 7232K, reserved 1048576K
}
Event: 96.268 GC heap before
{Heap before GC invocations=1223 (full 3):
 PSYoungGen      total 3072K, used 2912K [0x00000000d5580000, 0x00000000d5980000, 0x0000000100000000)
  eden space 2560K, 100% used [0x00000000d5580000,0x00000000d5800000,0x00000000d5800000)
  from space 512K, 68% used [0x00000000d5880000,0x00000000d58d8000,0x00000000d5900000)
  to   space 512K, 0% used [0x00000000d5900000,0x00000000d5900000,0x00000000d5980000)
 ParOldGen       total 622592K, used 622509K [0x0000000080000000, 0x00000000a6000000, 0x00000000d5580000)
  object space 622592K, 99% used [0x0000000080000000,0x00000000a5feb640,0x00000000a6000000)
 Metaspace       used 60846K, committed 62336K, reserved 1114112K
  class space    used 6661K, committed 7232K, reserved 1048576K
}
Event: 96.271 GC heap after
{Heap after GC invocations=1223 (full 3):
 PSYoungGen      total 3072K, used 320K [0x00000000d5580000, 0x00000000d5980000, 0x0000000100000000)
  eden space 2560K, 0% used [0x00000000d5580000,0x00000000d5580000,0x00000000d5800000)
  from space 512K, 62% used [0x00000000d5900000,0x00000000d5950000,0x00000000d5980000)
  to   space 512K, 0% used [0x00000000d5880000,0x00000000d5880000,0x00000000d5900000)
 ParOldGen       total 623104K, used 622661K [0x0000000080000000, 0x00000000a6080000, 0x00000000d5580000)
  object space 623104K, 99% used [0x0000000080000000,0x00000000a6011640,0x00000000a6080000)
 Metaspace       used 60846K, committed 62336K, reserved 1114112K
  class space    used 6661K, committed 7232K, reserved 1048576K
}
Event: 96.297 GC heap before
{Heap before GC invocations=1224 (full 3):
 PSYoungGen      total 3072K, used 2880K [0x00000000d5580000, 0x00000000d5980000, 0x0000000100000000)
  eden space 2560K, 100% used [0x00000000d5580000,0x00000000d5800000,0x00000000d5800000)
  from space 512K, 62% used [0x00000000d5900000,0x00000000d5950000,0x00000000d5980000)
  to   space 512K, 0% used [0x00000000d5880000,0x00000000d5880000,0x00000000d5900000)
 ParOldGen       total 623104K, used 622661K [0x0000000080000000, 0x00000000a6080000, 0x00000000d5580000)
  object space 623104K, 99% used [0x0000000080000000,0x00000000a6011640,0x00000000a6080000)
 Metaspace       used 60848K, committed 62336K, reserved 1114112K
  class space    used 6661K, committed 7232K, reserved 1048576K
}
Event: 96.300 GC heap after
{Heap after GC invocations=1224 (full 3):
 PSYoungGen      total 3072K, used 320K [0x00000000d5580000, 0x00000000d5980000, 0x0000000100000000)
  eden space 2560K, 0% used [0x00000000d5580000,0x00000000d5580000,0x00000000d5800000)
  from space 512K, 62% used [0x00000000d5880000,0x00000000d58d0000,0x00000000d5900000)
  to   space 512K, 0% used [0x00000000d5900000,0x00000000d5900000,0x00000000d5980000)
 ParOldGen       total 623104K, used 622741K [0x0000000080000000, 0x00000000a6080000, 0x00000000d5580000)
  object space 623104K, 99% used [0x0000000080000000,0x00000000a6025640,0x00000000a6080000)
 Metaspace       used 60848K, committed 62336K, reserved 1114112K
  class space    used 6661K, committed 7232K, reserved 1048576K
}
Event: 96.328 GC heap before
{Heap before GC invocations=1225 (full 3):
 PSYoungGen      total 3072K, used 2880K [0x00000000d5580000, 0x00000000d5980000, 0x0000000100000000)
  eden space 2560K, 100% used [0x00000000d5580000,0x00000000d5800000,0x00000000d5800000)
  from space 512K, 62% used [0x00000000d5880000,0x00000000d58d0000,0x00000000d5900000)
  to   space 512K, 0% used [0x00000000d5900000,0x00000000d5900000,0x00000000d5980000)
 ParOldGen       total 623104K, used 622741K [0x0000000080000000, 0x00000000a6080000, 0x00000000d5580000)
  object space 623104K, 99% used [0x0000000080000000,0x00000000a6025640,0x00000000a6080000)
 Metaspace       used 60851K, committed 62336K, reserved 1114112K
  class space    used 6661K, committed 7232K, reserved 1048576K
}
Event: 96.331 GC heap after
{Heap after GC invocations=1225 (full 3):
 PSYoungGen      total 3072K, used 321K [0x00000000d5580000, 0x00000000d5980000, 0x0000000100000000)
  eden space 2560K, 0% used [0x00000000d5580000,0x00000000d5580000,0x00000000d5800000)
  from space 512K, 62% used [0x00000000d5900000,0x00000000d5950508,0x00000000d5980000)
  to   space 512K, 0% used [0x00000000d5880000,0x00000000d5880000,0x00000000d5900000)
 ParOldGen       total 623104K, used 622805K [0x0000000080000000, 0x00000000a6080000, 0x00000000d5580000)
  object space 623104K, 99% used [0x0000000080000000,0x00000000a6035640,0x00000000a6080000)
 Metaspace       used 60851K, committed 62336K, reserved 1114112K
  class space    used 6661K, committed 7232K, reserved 1048576K
}
Event: 96.365 GC heap before
{Heap before GC invocations=1226 (full 3):
 PSYoungGen      total 3072K, used 2881K [0x00000000d5580000, 0x00000000d5980000, 0x0000000100000000)
  eden space 2560K, 100% used [0x00000000d5580000,0x00000000d5800000,0x00000000d5800000)
  from space 512K, 62% used [0x00000000d5900000,0x00000000d5950508,0x00000000d5980000)
  to   space 512K, 0% used [0x00000000d5880000,0x00000000d5880000,0x00000000d5900000)
 ParOldGen       total 623104K, used 622805K [0x0000000080000000, 0x00000000a6080000, 0x00000000d5580000)
  object space 623104K, 99% used [0x0000000080000000,0x00000000a6035640,0x00000000a6080000)
 Metaspace       used 60854K, committed 62336K, reserved 1114112K
  class space    used 6661K, committed 7232K, reserved 1048576K
}
Event: 96.368 GC heap after
{Heap after GC invocations=1226 (full 3):
 PSYoungGen      total 3072K, used 320K [0x00000000d5580000, 0x00000000d5980000, 0x0000000100000000)
  eden space 2560K, 0% used [0x00000000d5580000,0x00000000d5580000,0x00000000d5800000)
  from space 512K, 62% used [0x00000000d5880000,0x00000000d58d0000,0x00000000d5900000)
  to   space 512K, 0% used [0x00000000d5900000,0x00000000d5900000,0x00000000d5980000)
 ParOldGen       total 623104K, used 622885K [0x0000000080000000, 0x00000000a6080000, 0x00000000d5580000)
  object space 623104K, 99% used [0x0000000080000000,0x00000000a6049640,0x00000000a6080000)
 Metaspace       used 60854K, committed 62336K, reserved 1114112K
  class space    used 6661K, committed 7232K, reserved 1048576K
}
Event: 96.403 GC heap before
{Heap before GC invocations=1227 (full 3):
 PSYoungGen      total 3072K, used 2880K [0x00000000d5580000, 0x00000000d5980000, 0x0000000100000000)
  eden space 2560K, 100% used [0x00000000d5580000,0x00000000d5800000,0x00000000d5800000)
  from space 512K, 62% used [0x00000000d5880000,0x00000000d58d0000,0x00000000d5900000)
  to   space 512K, 0% used [0x00000000d5900000,0x00000000d5900000,0x00000000d5980000)
 ParOldGen       total 623104K, used 622885K [0x0000000080000000, 0x00000000a6080000, 0x00000000d5580000)
  object space 623104K, 99% used [0x0000000080000000,0x00000000a6049640,0x00000000a6080000)
 Metaspace       used 60855K, committed 62336K, reserved 1114112K
  class space    used 6661K, committed 7232K, reserved 1048576K
}
Event: 96.406 GC heap after
{Heap after GC invocations=1227 (full 3):
 PSYoungGen      total 3072K, used 328K [0x00000000d5580000, 0x00000000d5980000, 0x0000000100000000)
  eden space 2560K, 0% used [0x00000000d5580000,0x00000000d5580000,0x00000000d5800000)
  from space 512K, 64% used [0x00000000d5900000,0x00000000d5952310,0x00000000d5980000)
  to   space 512K, 0% used [0x00000000d5880000,0x00000000d5880000,0x00000000d5900000)
 ParOldGen       total 623616K, used 623378K [0x0000000080000000, 0x00000000a6100000, 0x00000000d5580000)
  object space 623616K, 99% used [0x0000000080000000,0x00000000a60c4b50,0x00000000a6100000)
 Metaspace       used 60855K, committed 62336K, reserved 1114112K
  class space    used 6661K, committed 7232K, reserved 1048576K
}
Event: 96.439 GC heap before
{Heap before GC invocations=1228 (full 3):
 PSYoungGen      total 3072K, used 2888K [0x00000000d5580000, 0x00000000d5980000, 0x0000000100000000)
  eden space 2560K, 100% used [0x00000000d5580000,0x00000000d5800000,0x00000000d5800000)
  from space 512K, 64% used [0x00000000d5900000,0x00000000d5952310,0x00000000d5980000)
  to   space 512K, 0% used [0x00000000d5880000,0x00000000d5880000,0x00000000d5900000)
 ParOldGen       total 623616K, used 623378K [0x0000000080000000, 0x00000000a6100000, 0x00000000d5580000)
  object space 623616K, 99% used [0x0000000080000000,0x00000000a60c4b50,0x00000000a6100000)
 Metaspace       used 60904K, committed 62400K, reserved 1114112K
  class space    used 6661K, committed 7232K, reserved 1048576K
}
Event: 96.442 GC heap after
{Heap after GC invocations=1228 (full 3):
 PSYoungGen      total 3072K, used 373K [0x00000000d5580000, 0x00000000d5980000, 0x0000000100000000)
  eden space 2560K, 0% used [0x00000000d5580000,0x00000000d5580000,0x00000000d5800000)
  from space 512K, 72% used [0x00000000d5880000,0x00000000d58dd510,0x00000000d5900000)
  to   space 512K, 0% used [0x00000000d5900000,0x00000000d5900000,0x00000000d5980000)
 ParOldGen       total 623616K, used 623482K [0x0000000080000000, 0x00000000a6100000, 0x00000000d5580000)
  object space 623616K, 99% used [0x0000000080000000,0x00000000a60de9a0,0x00000000a6100000)
 Metaspace       used 60904K, committed 62400K, reserved 1114112K
  class space    used 6661K, committed 7232K, reserved 1048576K
}
Event: 96.499 GC heap before
{Heap before GC invocations=1229 (full 3):
 PSYoungGen      total 3072K, used 2933K [0x00000000d5580000, 0x00000000d5980000, 0x0000000100000000)
  eden space 2560K, 100% used [0x00000000d5580000,0x00000000d5800000,0x00000000d5800000)
  from space 512K, 72% used [0x00000000d5880000,0x00000000d58dd510,0x00000000d5900000)
  to   space 512K, 0% used [0x00000000d5900000,0x00000000d5900000,0x00000000d5980000)
 ParOldGen       total 623616K, used 623482K [0x0000000080000000, 0x00000000a6100000, 0x00000000d5580000)
  object space 623616K, 99% used [0x0000000080000000,0x00000000a60de9a0,0x00000000a6100000)
 Metaspace       used 60920K, committed 62400K, reserved 1114112K
  class space    used 6664K, committed 7232K, reserved 1048576K
}
Event: 96.502 GC heap after
{Heap after GC invocations=1229 (full 3):
 PSYoungGen      total 3072K, used 192K [0x00000000d5580000, 0x00000000d5980000, 0x0000000100000000)
  eden space 2560K, 0% used [0x00000000d5580000,0x00000000d5580000,0x00000000d5800000)
  from space 512K, 37% used [0x00000000d5900000,0x00000000d5930000,0x00000000d5980000)
  to   space 512K, 0% used [0x00000000d5880000,0x00000000d5880000,0x00000000d5900000)
 ParOldGen       total 623616K, used 623594K [0x0000000080000000, 0x00000000a6100000, 0x00000000d5580000)
  object space 623616K, 99% used [0x0000000080000000,0x00000000a60fa9a0,0x00000000a6100000)
 Metaspace       used 60920K, committed 62400K, reserved 1114112K
  class space    used 6664K, committed 7232K, reserved 1048576K
}
Event: 96.512 GC heap before
{Heap before GC invocations=1230 (full 3):
 PSYoungGen      total 3072K, used 2752K [0x00000000d5580000, 0x00000000d5980000, 0x0000000100000000)
  eden space 2560K, 100% used [0x00000000d5580000,0x00000000d5800000,0x00000000d5800000)
  from space 512K, 37% used [0x00000000d5900000,0x00000000d5930000,0x00000000d5980000)
  to   space 512K, 0% used [0x00000000d5880000,0x00000000d5880000,0x00000000d5900000)
 ParOldGen       total 623616K, used 623594K [0x0000000080000000, 0x00000000a6100000, 0x00000000d5580000)
  object space 623616K, 99% used [0x0000000080000000,0x00000000a60fa9a0,0x00000000a6100000)
 Metaspace       used 60921K, committed 62400K, reserved 1114112K
  class space    used 6665K, committed 7232K, reserved 1048576K
}

Dll operation events (12 events):
Event: 0.056 Loaded shared library c:\Users\Moorthy\.vscode\extensions\redhat.java-1.54.0-win32-x64\jre\21.0.10-win32-x86_64\bin\java.dll
Event: 0.234 Loaded shared library c:\Users\Moorthy\.vscode\extensions\redhat.java-1.54.0-win32-x64\jre\21.0.10-win32-x86_64\bin\zip.dll
Event: 0.285 Loaded shared library C:\Users\Moorthy\.vscode\extensions\redhat.java-1.54.0-win32-x64\jre\21.0.10-win32-x86_64\bin\instrument.dll
Event: 0.304 Loaded shared library C:\Users\Moorthy\.vscode\extensions\redhat.java-1.54.0-win32-x64\jre\21.0.10-win32-x86_64\bin\net.dll
Event: 0.318 Loaded shared library C:\Users\Moorthy\.vscode\extensions\redhat.java-1.54.0-win32-x64\jre\21.0.10-win32-x86_64\bin\nio.dll
Event: 0.327 Loaded shared library C:\Users\Moorthy\.vscode\extensions\redhat.java-1.54.0-win32-x64\jre\21.0.10-win32-x86_64\bin\zip.dll
Event: 0.375 Loaded shared library C:\Users\Moorthy\.vscode\extensions\redhat.java-1.54.0-win32-x64\jre\21.0.10-win32-x86_64\bin\jimage.dll
Event: 0.627 Loaded shared library c:\Users\Moorthy\.vscode\extensions\redhat.java-1.54.0-win32-x64\jre\21.0.10-win32-x86_64\bin\verify.dll
Event: 22.512 Loaded shared library C:\Users\Moorthy\AppData\Roaming\Code\User\globalStorage\redhat.java\1.54.0\config_win\org.eclipse.equinox.launcher\org.eclipse.equinox.launcher.win32.win32.x86_64_1.3.0.v20260203-2149\eclipse_11919.dll
Event: 37.893 Loaded shared library C:\Users\Moorthy\AppData\Local\Temp\jna--1392803008\jna5738760793969708540.dll
Event: 43.295 Loaded shared library C:\Users\Moorthy\.vscode\extensions\redhat.java-1.54.0-win32-x64\jre\21.0.10-win32-x86_64\bin\sunmscapi.dll
Event: 43.960 Loaded shared library C:\Users\Moorthy\.vscode\extensions\redhat.java-1.54.0-win32-x64\jre\21.0.10-win32-x86_64\bin\extnet.dll

Deoptimization events (20 events):
Event: 96.345 Thread 0x000001b38665e890 Uncommon trap: trap_request=0xffffffbe fr.pc=0x000001b3b2a60eb0 relative=0x0000000000002cf0
Event: 96.345 Thread 0x000001b38665e890 Uncommon trap: reason=profile_predicate action=maybe_recompile pc=0x000001b3b2a60eb0 method=org.eclipse.jdt.internal.core.util.DeduplicationUtil.intern(Ljava/util/List;)Ljava/util/List; @ 127 c2
Event: 96.345 Thread 0x000001b38665e890 DEOPT PACKING pc=0x000001b3b2a60eb0 sp=0x00000082d5bfe1e0
Event: 96.346 Thread 0x000001b38665e890 DEOPT UNPACKING pc=0x000001b3b1df3aa2 sp=0x00000082d5bfe1b0 mode 2
Event: 96.346 Thread 0x000001b38665e890 Uncommon trap: trap_request=0xffffffbe fr.pc=0x000001b3b2a60eb0 relative=0x0000000000002cf0
Event: 96.346 Thread 0x000001b38665e890 Uncommon trap: reason=profile_predicate action=maybe_recompile pc=0x000001b3b2a60eb0 method=org.eclipse.jdt.internal.core.util.DeduplicationUtil.intern(Ljava/util/List;)Ljava/util/List; @ 127 c2
Event: 96.346 Thread 0x000001b38665e890 DEOPT PACKING pc=0x000001b3b2a60eb0 sp=0x00000082d5bfe1e0
Event: 96.346 Thread 0x000001b38665e890 DEOPT UNPACKING pc=0x000001b3b1df3aa2 sp=0x00000082d5bfe1b0 mode 2
Event: 96.346 Thread 0x000001b38665e890 Uncommon trap: trap_request=0xffffffbe fr.pc=0x000001b3b2a60eb0 relative=0x0000000000002cf0
Event: 96.346 Thread 0x000001b38665e890 Uncommon trap: reason=profile_predicate action=maybe_recompile pc=0x000001b3b2a60eb0 method=org.eclipse.jdt.internal.core.util.DeduplicationUtil.intern(Ljava/util/List;)Ljava/util/List; @ 127 c2
Event: 96.346 Thread 0x000001b38665e890 DEOPT PACKING pc=0x000001b3b2a60eb0 sp=0x00000082d5bfe1e0
Event: 96.346 Thread 0x000001b38665e890 DEOPT UNPACKING pc=0x000001b3b1df3aa2 sp=0x00000082d5bfe1b0 mode 2
Event: 96.346 Thread 0x000001b38665e890 Uncommon trap: trap_request=0xffffffbe fr.pc=0x000001b3b2a60eb0 relative=0x0000000000002cf0
Event: 96.346 Thread 0x000001b38665e890 Uncommon trap: reason=profile_predicate action=maybe_recompile pc=0x000001b3b2a60eb0 method=org.eclipse.jdt.internal.core.util.DeduplicationUtil.intern(Ljava/util/List;)Ljava/util/List; @ 127 c2
Event: 96.346 Thread 0x000001b38665e890 DEOPT PACKING pc=0x000001b3b2a60eb0 sp=0x00000082d5bfe1e0
Event: 96.346 Thread 0x000001b38665e890 DEOPT UNPACKING pc=0x000001b3b1df3aa2 sp=0x00000082d5bfe1b0 mode 2
Event: 96.364 Thread 0x000001b38665e890 Uncommon trap: trap_request=0xffffff45 fr.pc=0x000001b3b2a5af0c relative=0x000000000000014c
Event: 96.364 Thread 0x000001b38665e890 Uncommon trap: reason=unstable_if action=reinterpret pc=0x000001b3b2a5af0c method=org.eclipse.jdt.internal.compiler.impl.CompilerOptions.versionFromJdkLevel(J)Ljava/lang/String; @ 7 c2
Event: 96.364 Thread 0x000001b38665e890 DEOPT PACKING pc=0x000001b3b2a5af0c sp=0x00000082d5bfe2c0
Event: 96.364 Thread 0x000001b38665e890 DEOPT UNPACKING pc=0x000001b3b1df3aa2 sp=0x00000082d5bfe258 mode 2

Classes loaded (20 events):
Event: 55.447 Loading class java/util/Collections$SynchronizedRandomAccessList
Event: 55.448 Loading class java/util/Collections$SynchronizedList
Event: 55.449 Loading class java/util/Collections$SynchronizedList done
Event: 55.449 Loading class java/util/Collections$SynchronizedRandomAccessList done
Event: 55.466 Loading class java/util/concurrent/CompletableFuture$Signaller
Event: 55.467 Loading class java/util/concurrent/CompletableFuture$Signaller done
Event: 65.406 Loading class sun/nio/fs/WindowsFileCopy
Event: 65.410 Loading class sun/nio/fs/WindowsFileCopy done
Event: 93.775 Loading class java/util/concurrent/CompletableFuture$UniApply
Event: 93.795 Loading class java/util/concurrent/CompletableFuture$UniApply done
Event: 93.871 Loading class java/util/concurrent/CompletableFuture$UniExceptionally
Event: 93.876 Loading class java/util/concurrent/CompletableFuture$UniExceptionally done
Event: 94.399 Loading class javax/xml/transform/TransformerConfigurationException
Event: 94.404 Loading class javax/xml/transform/TransformerConfigurationException done
Event: 94.575 Loading class java/util/concurrent/ForkJoinTask$AdaptedCallable
Event: 94.578 Loading class java/util/concurrent/ForkJoinTask$AdaptedCallable done
Event: 94.983 Loading class java/util/Hashtable$KeySet
Event: 94.987 Loading class java/util/Hashtable$KeySet done
Event: 96.104 Loading class java/lang/invoke/MethodHandleImpl$CountingWrapper$1
Event: 96.106 Loading class java/lang/invoke/MethodHandleImpl$CountingWrapper$1 done

Classes unloaded (10 events):
Event: 39.100 Thread 0x000001b3a77108a0 Unloading class 0x000001b3bf1a9400 'java/lang/invoke/LambdaForm$MH+0x000001b3bf1a9400'
Event: 39.100 Thread 0x000001b3a77108a0 Unloading class 0x000001b3bf1a9000 'java/lang/invoke/LambdaForm$MH+0x000001b3bf1a9000'
Event: 39.100 Thread 0x000001b3a77108a0 Unloading class 0x000001b3bf1a8c00 'java/lang/invoke/LambdaForm$MH+0x000001b3bf1a8c00'
Event: 39.100 Thread 0x000001b3a77108a0 Unloading class 0x000001b3bf1a8800 'java/lang/invoke/LambdaForm$MH+0x000001b3bf1a8800'
Event: 39.100 Thread 0x000001b3a77108a0 Unloading class 0x000001b3bf1a8400 'java/lang/invoke/LambdaForm$BMH+0x000001b3bf1a8400'
Event: 39.100 Thread 0x000001b3a77108a0 Unloading class 0x000001b3bf1a8000 'java/lang/invoke/LambdaForm$DMH+0x000001b3bf1a8000'
Event: 39.100 Thread 0x000001b3a77108a0 Unloading class 0x000001b3bf1a6c00 'java/lang/invoke/LambdaForm$DMH+0x000001b3bf1a6c00'
Event: 54.718 Thread 0x000001b3a77108a0 Unloading class 0x000001b3bf6b1000 'java/lang/invoke/LambdaForm$DMH+0x000001b3bf6b1000'
Event: 54.718 Thread 0x000001b3a77108a0 Unloading class 0x000001b3bf6b0c00 'java/lang/invoke/LambdaForm$DMH+0x000001b3bf6b0c00'
Event: 54.718 Thread 0x000001b3a77108a0 Unloading class 0x000001b3bf6b0800 'java/lang/invoke/LambdaForm$DMH+0x000001b3bf6b0800'

Classes redefined (0 events):
No events

Internal exceptions (20 events):
Event: 95.586 Thread 0x000001b381c3aa50 Exception <a 'sun/nio/fs/WindowsException'{0x00000000d57624d8}> (0x00000000d57624d8) 
thrown [s\src\hotspot\share\prims\jni.cpp, line 520]
Event: 95.586 Thread 0x000001b381c3aa50 Exception <a 'sun/nio/fs/WindowsException'{0x00000000d576d1a0}> (0x00000000d576d1a0) 
thrown [s\src\hotspot\share\prims\jni.cpp, line 520]
Event: 95.591 Thread 0x000001b381c3aa50 Exception <a 'sun/nio/fs/WindowsException'{0x00000000d559ea40}> (0x00000000d559ea40) 
thrown [s\src\hotspot\share\prims\jni.cpp, line 520]
Event: 95.591 Thread 0x000001b381c3aa50 Exception <a 'sun/nio/fs/WindowsException'{0x00000000d55bd4a0}> (0x00000000d55bd4a0) 
thrown [s\src\hotspot\share\prims\jni.cpp, line 520]
Event: 95.592 Thread 0x000001b381c3aa50 Exception <a 'sun/nio/fs/WindowsException'{0x00000000d55f0a40}> (0x00000000d55f0a40) 
thrown [s\src\hotspot\share\prims\jni.cpp, line 520]
Event: 95.592 Thread 0x000001b381c3aa50 Exception <a 'sun/nio/fs/WindowsException'{0x00000000d56055c8}> (0x00000000d56055c8) 
thrown [s\src\hotspot\share\prims\jni.cpp, line 520]
Event: 95.593 Thread 0x000001b381c3aa50 Exception <a 'sun/nio/fs/WindowsException'{0x00000000d5638a70}> (0x00000000d5638a70) 
thrown [s\src\hotspot\share\prims\jni.cpp, line 520]
Event: 95.593 Thread 0x000001b381c3aa50 Exception <a 'sun/nio/fs/WindowsException'{0x00000000d564d3e8}> (0x00000000d564d3e8) 
thrown [s\src\hotspot\share\prims\jni.cpp, line 520]
Event: 95.596 Thread 0x000001b381c3aa50 Exception <a 'sun/nio/fs/WindowsException'{0x00000000d56ee0a0}> (0x00000000d56ee0a0) 
thrown [s\src\hotspot\share\prims\jni.cpp, line 520]
Event: 95.596 Thread 0x000001b381c3aa50 Exception <a 'sun/nio/fs/WindowsException'{0x00000000d56eee60}> (0x00000000d56eee60) 
thrown [s\src\hotspot\share\prims\jni.cpp, line 520]
Event: 95.597 Thread 0x000001b381c3aa50 Exception <a 'sun/nio/fs/WindowsException'{0x00000000d57188c0}> (0x00000000d57188c0) 
thrown [s\src\hotspot\share\prims\jni.cpp, line 520]
Event: 95.597 Thread 0x000001b381c3aa50 Exception <a 'sun/nio/fs/WindowsException'{0x00000000d5723420}> (0x00000000d5723420) 
thrown [s\src\hotspot\share\prims\jni.cpp, line 520]
Event: 95.598 Thread 0x000001b381c3aa50 Exception <a 'sun/nio/fs/WindowsException'{0x00000000d5760a50}> (0x00000000d5760a50) 
thrown [s\src\hotspot\share\prims\jni.cpp, line 520]
Event: 95.599 Thread 0x000001b381c3aa50 Exception <a 'sun/nio/fs/WindowsException'{0x00000000d5775548}> (0x00000000d5775548) 
thrown [s\src\hotspot\share\prims\jni.cpp, line 520]
Event: 95.689 Thread 0x000001b38665e890 Implicit null exception at 0x000001b3b2579021 to 0x000001b3b2579334
Event: 96.161 Thread 0x000001b38665e890 Implicit null exception at 0x000001b3b2a35706 to 0x000001b3b2a35810
Event: 96.318 Thread 0x000001b38665e890 Implicit null exception at 0x000001b3b2a34d86 to 0x000001b3b2a34eb1
Event: 96.401 Thread 0x000001b386257850 Exception <a 'sun/nio/fs/WindowsException'{0x00000000d57c6020}> (0x00000000d57c6020) 
thrown [s\src\hotspot\share\prims\jni.cpp, line 520]
Event: 96.402 Thread 0x000001b386257850 Exception <a 'sun/nio/fs/WindowsException'{0x00000000d57d0cd0}> (0x00000000d57d0cd0) 
thrown [s\src\hotspot\share\prims\jni.cpp, line 520]
Event: 96.512 Thread 0x000001b386257850 Exception <a 'sun/nio/fs/WindowsException'{0x00000000d57fed60}> (0x00000000d57fed60) 
thrown [s\src\hotspot\share\prims\jni.cpp, line 520]

ZGC Phase Switch (0 events):
No events

VM Operations (20 events):
Event: 96.190 Executing safepoint VM operation: ParallelGCFailedAllocation (Allocation Failure) done
Event: 96.205 Executing safepoint VM operation: ParallelGCFailedAllocation (Allocation Failure)
Event: 96.209 Executing safepoint VM operation: ParallelGCFailedAllocation (Allocation Failure) done
Event: 96.241 Executing safepoint VM operation: ParallelGCFailedAllocation (Allocation Failure)
Event: 96.245 Executing safepoint VM operation: ParallelGCFailedAllocation (Allocation Failure) done
Event: 96.268 Executing safepoint VM operation: ParallelGCFailedAllocation (Allocation Failure)
Event: 96.271 Executing safepoint VM operation: ParallelGCFailedAllocation (Allocation Failure) done
Event: 96.297 Executing safepoint VM operation: ParallelGCFailedAllocation (Allocation Failure)
Event: 96.300 Executing safepoint VM operation: ParallelGCFailedAllocation (Allocation Failure) done
Event: 96.328 Executing safepoint VM operation: ParallelGCFailedAllocation (Allocation Failure)
Event: 96.331 Executing safepoint VM operation: ParallelGCFailedAllocation (Allocation Failure) done
Event: 96.365 Executing safepoint VM operation: ParallelGCFailedAllocation (Allocation Failure)
Event: 96.368 Executing safepoint VM operation: ParallelGCFailedAllocation (Allocation Failure) done
Event: 96.403 Executing safepoint VM operation: ParallelGCFailedAllocation (Allocation Failure)
Event: 96.406 Executing safepoint VM operation: ParallelGCFailedAllocation (Allocation Failure) done
Event: 96.422 Executing safepoint VM operation: ParallelGCFailedAllocation (Allocation Failure)
Event: 96.442 Executing safepoint VM operation: ParallelGCFailedAllocation (Allocation Failure) done
Event: 96.499 Executing safepoint VM operation: ParallelGCFailedAllocation (Allocation Failure)
Event: 96.502 Executing safepoint VM operation: ParallelGCFailedAllocation (Allocation Failure) done
Event: 96.512 Executing safepoint VM operation: ParallelGCFailedAllocation (Allocation Failure)

Memory protections (0 events):
No events

Nmethod flushes (20 events):
Event: 54.750 Thread 0x000001b3a77108a0 flushing  nmethod 0x000001b3ab1dda10
Event: 54.750 Thread 0x000001b3a77108a0 flushing  nmethod 0x000001b3ab1def90
Event: 54.750 Thread 0x000001b3a77108a0 flushing  nmethod 0x000001b3ab20d790
Event: 54.750 Thread 0x000001b3a77108a0 flushing  nmethod 0x000001b3ab20de90
Event: 54.750 Thread 0x000001b3a77108a0 flushing  nmethod 0x000001b3ab245e90
Event: 54.750 Thread 0x000001b3a77108a0 flushing  nmethod 0x000001b3ab24ed90
Event: 54.750 Thread 0x000001b3a77108a0 flushing  nmethod 0x000001b3ab250790
Event: 54.750 Thread 0x000001b3a77108a0 flushing  nmethod 0x000001b3ab251d10
Event: 54.750 Thread 0x000001b3a77108a0 flushing  nmethod 0x000001b3ab252190
Event: 54.750 Thread 0x000001b3a77108a0 flushing  nmethod 0x000001b3ab252710
Event: 54.750 Thread 0x000001b3a77108a0 flushing  nmethod 0x000001b3ab252a90
Event: 54.750 Thread 0x000001b3a77108a0 flushing  nmethod 0x000001b3ab253090
Event: 54.750 Thread 0x000001b3a77108a0 flushing  nmethod 0x000001b3ab253910
Event: 54.750 Thread 0x000001b3a77108a0 flushing  nmethod 0x000001b3ab255390
Event: 54.750 Thread 0x000001b3a77108a0 flushing  nmethod 0x000001b3ab255890
Event: 54.750 Thread 0x000001b3a77108a0 flushing  nmethod 0x000001b3ab256090
Event: 54.750 Thread 0x000001b3a77108a0 flushing  nmethod 0x000001b3ab25d410
Event: 54.750 Thread 0x000001b3a77108a0 flushing  nmethod 0x000001b3ab25f590
Event: 54.750 Thread 0x000001b3a77108a0 flushing  nmethod 0x000001b3ab25fb90
Event: 54.750 Thread 0x000001b3a77108a0 flushing  nmethod 0x000001b3ab274710

Events (20 events):
Event: 60.444 Thread 0x000001b3890868d0 Thread exited: 0x000001b3890868d0
Event: 61.635 Thread 0x000001b3a7720930 Thread added: 0x000001b3890868d0
Event: 62.373 Thread 0x000001b3890868d0 Thread exited: 0x000001b3890868d0
Event: 64.092 Thread 0x000001b3a7720930 Thread added: 0x000001b3890868d0
Event: 65.092 Thread 0x000001b3890868d0 Thread exited: 0x000001b3890868d0
Event: 65.887 Thread 0x000001b3a7720930 Thread added: 0x000001b389084d90
Event: 72.627 Thread 0x000001b389084d90 Thread exited: 0x000001b389084d90
Event: 93.860 Thread 0x000001b38625c710 Thread added: 0x000001b38665e890
Event: 93.959 Thread 0x000001b38625c710 Thread added: 0x000001b38665c7c0
Event: 93.964 Thread 0x000001b38665c7c0 Thread added: 0x000001b386661d10
Event: 93.969 Thread 0x000001b386661d10 Thread added: 0x000001b3866630c0
Event: 93.980 Thread 0x000001b380582ce0 Thread added: 0x000001b3890846c0
Event: 93.984 Thread 0x000001b38625c710 Thread added: 0x000001b386662a30
Event: 94.580 Thread 0x000001b386661d10 Thread added: 0x000001b3866623a0
Event: 94.584 Thread 0x000001b3866623a0 Thread added: 0x000001b386660960
Event: 94.585 Thread 0x000001b38625a640 Thread added: 0x000001b386661680
Event: 94.590 Thread 0x000001b386660960 Thread added: 0x000001b3866602d0
Event: 94.592 Thread 0x000001b386661680 Thread added: 0x000001b386c27fd0
Event: 94.592 Thread 0x000001b3866602d0 Thread added: 0x000001b386c2adc0
Event: 94.969 Thread 0x000001b3a7720930 Thread added: 0x000001b389085460


Dynamic libraries:
0x00007ff6c6b70000 - 0x00007ff6c6b7e000 	c:\Users\Moorthy\.vscode\extensions\redhat.java-1.54.0-win32-x64\jre\21.0.10-win32-x86_64\bin\java.exe
0x00007ffa2cb80000 - 0x00007ffa2cde6000 	C:\WINDOWS\SYSTEM32\ntdll.dll
0x00007ffa2b9b0000 - 0x00007ffa2ba79000 	C:\WINDOWS\System32\KERNEL32.DLL
0x00007ffa2a2c0000 - 0x00007ffa2a6ba000 	C:\WINDOWS\System32\KERNELBASE.dll
0x00007ffa2a6c0000 - 0x00007ffa2a80c000 	C:\WINDOWS\System32\ucrtbase.dll
0x00007ffa209d0000 - 0x00007ffa209e8000 	c:\Users\Moorthy\.vscode\extensions\redhat.java-1.54.0-win32-x64\jre\21.0.10-win32-x86_64\bin\jli.dll
0x00007ff9f7e20000 - 0x00007ff9f7e3e000 	c:\Users\Moorthy\.vscode\extensions\redhat.java-1.54.0-win32-x64\jre\21.0.10-win32-x86_64\bin\VCRUNTIME140.dll
0x00007ffa2c970000 - 0x00007ffa2cb37000 	C:\WINDOWS\System32\USER32.dll
0x00007ffa2a810000 - 0x00007ffa2a837000 	C:\WINDOWS\System32\win32u.dll
0x00007ffa2abe0000 - 0x00007ffa2ac0b000 	C:\WINDOWS\System32\GDI32.dll
0x00007ffa29e10000 - 0x00007ffa29f3b000 	C:\WINDOWS\System32\gdi32full.dll
0x00007ffa2a840000 - 0x00007ffa2a8e3000 	C:\WINDOWS\System32\msvcp_win.dll
0x00007ffa10a50000 - 0x00007ffa10ce2000 	C:\WINDOWS\WinSxS\amd64_microsoft.windows.common-controls_6595b64144ccf1df_6.0.26100.8521_none_3e08b75ce33403b3\COMCTL32.dll
0x00007ffa2b630000 - 0x00007ffa2b6d9000 	C:\WINDOWS\System32\msvcrt.dll
0x00007ffa2baf0000 - 0x00007ffa2bb22000 	C:\WINDOWS\System32\IMM32.DLL
0x00007ffa19490000 - 0x00007ffa1949c000 	c:\Users\Moorthy\.vscode\extensions\redhat.java-1.54.0-win32-x64\jre\21.0.10-win32-x86_64\bin\vcruntime140_1.dll
0x00007ff999dc0000 - 0x00007ff999e4d000 	c:\Users\Moorthy\.vscode\extensions\redhat.java-1.54.0-win32-x64\jre\21.0.10-win32-x86_64\bin\msvcp140.dll
0x00007ff92a120000 - 0x00007ff92aec1000 	c:\Users\Moorthy\.vscode\extensions\redhat.java-1.54.0-win32-x64\jre\21.0.10-win32-x86_64\bin\server\jvm.dll
0x00007ffa2bb30000 - 0x00007ffa2bbe6000 	C:\WINDOWS\System32\ADVAPI32.dll
0x00007ffa2b720000 - 0x00007ffa2b7ca000 	C:\WINDOWS\System32\sechost.dll
0x00007ffa2bbf0000 - 0x00007ffa2bd08000 	C:\WINDOWS\System32\RPCRT4.dll
0x00007ffa2bd10000 - 0x00007ffa2bd90000 	C:\WINDOWS\System32\WS2_32.dll
0x00007ffa24420000 - 0x00007ffa24456000 	C:\WINDOWS\SYSTEM32\WINMM.dll
0x00007ffa289e0000 - 0x00007ffa28a3e000 	C:\WINDOWS\SYSTEM32\POWRPROF.dll
0x00007ffa0eb60000 - 0x00007ffa0eb6b000 	C:\WINDOWS\SYSTEM32\VERSION.dll
0x00007ffa289b0000 - 0x00007ffa289c4000 	C:\WINDOWS\SYSTEM32\UMPDC.dll
0x00007ffa28c00000 - 0x00007ffa28c1b000 	C:\WINDOWS\SYSTEM32\kernel.appcore.dll
0x00007ffa181a0000 - 0x00007ffa181aa000 	c:\Users\Moorthy\.vscode\extensions\redhat.java-1.54.0-win32-x64\jre\21.0.10-win32-x86_64\bin\jimage.dll
0x00007ffa27410000 - 0x00007ffa27652000 	C:\WINDOWS\SYSTEM32\DBGHELP.DLL
0x00007ffa2bea0000 - 0x00007ffa2c223000 	C:\WINDOWS\System32\combase.dll
0x00007ffa2adc0000 - 0x00007ffa2ae99000 	C:\WINDOWS\System32\OLEAUT32.dll
0x00007ffa24070000 - 0x00007ffa240ab000 	C:\WINDOWS\SYSTEM32\dbgcore.DLL
0x00007ffa2a150000 - 0x00007ffa2a1f8000 	C:\WINDOWS\System32\bcryptPrimitives.dll
0x00007ffa16100000 - 0x00007ffa1610f000 	c:\Users\Moorthy\.vscode\extensions\redhat.java-1.54.0-win32-x64\jre\21.0.10-win32-x86_64\bin\instrument.dll
0x00007ff9f7e00000 - 0x00007ff9f7e20000 	c:\Users\Moorthy\.vscode\extensions\redhat.java-1.54.0-win32-x64\jre\21.0.10-win32-x86_64\bin\java.dll
0x00007ffa2aea0000 - 0x00007ffa2b624000 	C:\WINDOWS\System32\SHELL32.dll
0x00007ffa279a0000 - 0x00007ffa28220000 	C:\WINDOWS\SYSTEM32\windows.storage.dll
0x00007ffa2bda0000 - 0x00007ffa2be96000 	C:\WINDOWS\System32\SHCORE.dll
0x00007ffa2ba80000 - 0x00007ffa2bae7000 	C:\WINDOWS\System32\shlwapi.dll
0x00007ffa29d30000 - 0x00007ffa29d59000 	C:\WINDOWS\SYSTEM32\profapi.dll
0x00007ff9f7d80000 - 0x00007ff9f7d98000 	c:\Users\Moorthy\.vscode\extensions\redhat.java-1.54.0-win32-x64\jre\21.0.10-win32-x86_64\bin\zip.dll
0x00007ffa0e440000 - 0x00007ffa0e450000 	C:\Users\Moorthy\.vscode\extensions\redhat.java-1.54.0-win32-x64\jre\21.0.10-win32-x86_64\bin\net.dll
0x00007ffa16e10000 - 0x00007ffa16f39000 	C:\WINDOWS\SYSTEM32\WINHTTP.dll
0x00007ffa29230000 - 0x00007ffa2929c000 	C:\WINDOWS\system32\mswsock.dll
0x00007ff9f7720000 - 0x00007ff9f7736000 	C:\Users\Moorthy\.vscode\extensions\redhat.java-1.54.0-win32-x64\jre\21.0.10-win32-x86_64\bin\nio.dll
0x00007ffa0e3e0000 - 0x00007ffa0e3f0000 	c:\Users\Moorthy\.vscode\extensions\redhat.java-1.54.0-win32-x64\jre\21.0.10-win32-x86_64\bin\verify.dll
0x00007ff9f7780000 - 0x00007ff9f77c5000 	C:\Users\Moorthy\AppData\Roaming\Code\User\globalStorage\redhat.java\1.54.0\config_win\org.eclipse.equinox.launcher\org.eclipse.equinox.launcher.win32.win32.x86_64_1.3.0.v20260203-2149\eclipse_11919.dll
0x00007ffa2c340000 - 0x00007ffa2c4d8000 	C:\WINDOWS\System32\ole32.dll
0x00007ffa29510000 - 0x00007ffa2952b000 	C:\WINDOWS\SYSTEM32\CRYPTSP.dll
0x00007ffa28c40000 - 0x00007ffa28c79000 	C:\WINDOWS\system32\rsaenh.dll
0x00007ffa292e0000 - 0x00007ffa29313000 	C:\WINDOWS\SYSTEM32\USERENV.dll
0x00007ffa29d00000 - 0x00007ffa29d2a000 	C:\WINDOWS\SYSTEM32\bcrypt.dll
0x00007ffa29530000 - 0x00007ffa2953c000 	C:\WINDOWS\SYSTEM32\CRYPTBASE.dll
0x00007ffa28720000 - 0x00007ffa28753000 	C:\WINDOWS\SYSTEM32\IPHLPAPI.DLL
0x00007ffa2abd0000 - 0x00007ffa2abda000 	C:\WINDOWS\System32\NSI.dll
0x00007ff9d7e40000 - 0x00007ff9d7e89000 	C:\Users\Moorthy\AppData\Local\Temp\jna--1392803008\jna5738760793969708540.dll
0x00007ffa2b710000 - 0x00007ffa2b718000 	C:\WINDOWS\System32\PSAPI.DLL
0x00007ffa18080000 - 0x00007ffa1809d000 	C:\WINDOWS\SYSTEM32\dhcpcsvc6.DLL
0x00007ffa16f40000 - 0x00007ffa16f65000 	C:\WINDOWS\SYSTEM32\dhcpcsvc.DLL
0x00007ff9f7bf0000 - 0x00007ff9f7bfe000 	C:\Users\Moorthy\.vscode\extensions\redhat.java-1.54.0-win32-x64\jre\21.0.10-win32-x86_64\bin\sunmscapi.dll
0x00007ffa29f40000 - 0x00007ffa2a0b8000 	C:\WINDOWS\System32\CRYPT32.dll
0x00007ffa29730000 - 0x00007ffa29760000 	C:\WINDOWS\SYSTEM32\ncrypt.dll
0x00007ffa296e0000 - 0x00007ffa2971f000 	C:\WINDOWS\SYSTEM32\NTASN1.dll
0x00007ffa28760000 - 0x00007ffa288aa000 	C:\WINDOWS\SYSTEM32\DNSAPI.dll
0x00007ffa29030000 - 0x00007ffa2903d000 	C:\WINDOWS\SYSTEM32\DSPARSE.dll
0x00007ffa18070000 - 0x00007ffa1807b000 	C:\Windows\System32\rasadhlp.dll
0x00007ffa184a0000 - 0x00007ffa18526000 	C:\WINDOWS\System32\fwpuclnt.dll
0x00007ff9f7b80000 - 0x00007ff9f7b89000 	C:\Users\Moorthy\.vscode\extensions\redhat.java-1.54.0-win32-x64\jre\21.0.10-win32-x86_64\bin\extnet.dll

JVMTI agents:
c:\Users\Moorthy\.vscode\extensions\redhat.java-1.54.0-win32-x64\lombok\lombok-1.18.39-4050.jar path:c:\Users\Moorthy\.vscode\extensions\redhat.java-1.54.0-win32-x64\jre\21.0.10-win32-x86_64\bin\instrument.dll, loaded, initialized, instrumentlib options:none

dbghelp: loaded successfully - version: 4.0.5 - missing functions: none
symbol engine: initialized successfully - sym options: 0x614 - pdb path: .;c:\Users\Moorthy\.vscode\extensions\redhat.java-1.54.0-win32-x64\jre\21.0.10-win32-x86_64\bin;C:\WINDOWS\SYSTEM32;C:\WINDOWS\WinSxS\amd64_microsoft.windows.common-controls_6595b64144ccf1df_6.0.26100.8521_none_3e08b75ce33403b3;c:\Users\Moorthy\.vscode\extensions\redhat.java-1.54.0-win32-x64\jre\21.0.10-win32-x86_64\bin\server;C:\Users\Moorthy\AppData\Roaming\Code\User\globalStorage\redhat.java\1.54.0\config_win\org.eclipse.equinox.launcher\org.eclipse.equinox.launcher.win32.win32.x86_64_1.3.0.v20260203-2149;C:\Users\Moorthy\AppData\Local\Temp\jna--1392803008

VM Arguments:
jvm_args: --add-modules=ALL-SYSTEM --add-opens=java.base/java.util=ALL-UNNAMED --add-opens=java.base/java.lang=ALL-UNNAMED --add-opens=java.base/sun.nio.fs=ALL-UNNAMED -Declipse.application=org.eclipse.jdt.ls.core.id1 -Dosgi.bundles.defaultStartLevel=4 -Declipse.product=org.eclipse.jdt.ls.core.product -Djava.import.generatesMetadataFilesAtProjectRoot=false -DDetectVMInstallationsJob.disabled=true -Dfile.encoding=utf8 -XX:+UseParallelGC -XX:GCTimeRatio=4 -XX:AdaptiveSizePolicyWeight=90 -Dsun.zip.disableMemoryMapping=true -Xmx2G -Xms100m -Xlog:disable -javaagent:c:\Users\Moorthy\.vscode\extensions\redhat.java-1.54.0-win32-x64\lombok\lombok-1.18.39-4050.jar -XX:+HeapDumpOnOutOfMemoryError -XX:HeapDumpPath=c:\Users\Moorthy\AppData\Roaming\Code\User\workspaceStorage\c55876d65a5581e5b025e434a16b3740\redhat.java -Daether.dependencyCollector.impl=bf 
java_command: c:\Users\Moorthy\.vscode\extensions\redhat.java-1.54.0-win32-x64\server\plugins\org.eclipse.equinox.launcher_1.7.100.v20251111-0406.jar -configuration c:\Users\Moorthy\AppData\Roaming\Code\User\globalStorage\redhat.java\1.54.0\config_win -data c:\Users\Moorthy\AppData\Roaming\Code\User\workspaceStorage\c55876d65a5581e5b025e434a16b3740\redhat.java\jdt_ws --pipe=\\.\pipe\lsp-20948e98f92c45f35be51c98f7690b8c-sock
java_class_path (initial): c:\Users\Moorthy\.vscode\extensions\redhat.java-1.54.0-win32-x64\server\plugins\org.eclipse.equinox.launcher_1.7.100.v20251111-0406.jar
Launcher Type: SUN_STANDARD

[Global flags]
    uintx AdaptiveSizePolicyWeight                 = 90                                        {product} {command line}
     intx CICompilerCount                          = 4                                         {product} {ergonomic}
    uintx GCTimeRatio                              = 4                                         {product} {command line}
     bool HeapDumpOnOutOfMemoryError               = true                                   {manageable} {command line}
    ccstr HeapDumpPath                             = c:\Users\Moorthy\AppData\Roaming\Code\User\workspaceStorage\c55876d65a5581e5b025e434a16b3740\redhat.java         {manageable} {command line}
   size_t InitialHeapSize                          = 104857600                                 {product} {command line}
   size_t MaxHeapSize                              = 2147483648                                {product} {command line}
   size_t MaxNewSize                               = 715653120                                 {product} {ergonomic}
   size_t MinHeapDeltaBytes                        = 524288                                    {product} {ergonomic}
   size_t MinHeapSize                              = 104857600                                 {product} {command line}
   size_t NewSize                                  = 34603008                                  {product} {ergonomic}
    uintx NonNMethodCodeHeapSize                   = 5839372                                {pd product} {ergonomic}
    uintx NonProfiledCodeHeapSize                  = 122909434                              {pd product} {ergonomic}
   size_t OldSize                                  = 70254592                                  {product} {ergonomic}
    uintx ProfiledCodeHeapSize                     = 122909434                              {pd product} {ergonomic}
    uintx ReservedCodeCacheSize                    = 251658240                              {pd product} {ergonomic}
     bool SegmentedCodeCache                       = true                                      {product} {ergonomic}
   size_t SoftMaxHeapSize                          = 2147483648                             {manageable} {ergonomic}
     bool UseCompressedOops                        = true                           {product lp64_product} {ergonomic}
     bool UseLargePagesIndividualAllocation        = false                                  {pd product} {ergonomic}
     bool UseParallelGC                            = true                                      {product} {command line}

Logging:
Log output configuration:
 #0: stdout all=off uptime,level,tags foldmultilines=false
 #1: stderr all=off uptime,level,tags foldmultilines=false

Release file:
JAVA_VERSION="21.0.10" 
MODULES="java.base java.compiler java.datatransfer java.xml java.prefs java.desktop java.instrument java.logging java.management java.security.sasl java.naming java.rmi java.management.rmi java.net.http java.scripting java.security.jgss java.transaction.xa java.sql java.sql.rowset java.xml.crypto java.se java.smartcardio jdk.accessibility jdk.internal.jvmstat jdk.attach jdk.charsets jdk.internal.opt jdk.zipfs jdk.compiler jdk.crypto.ec jdk.crypto.cryptoki jdk.crypto.mscapi jdk.dynalink jdk.internal.ed jdk.editpad jdk.hotspot.agent jdk.httpserver jdk.internal.le jdk.internal.vm.ci jdk.internal.vm.compiler jdk.internal.vm.compiler.management jdk.jartool jdk.javadoc jdk.jcmd jdk.management jdk.management.agent jdk.jconsole jdk.jdeps jdk.jdwp.agent jdk.jdi jdk.jfr jdk.jshell jdk.jsobject jdk.jstatd jdk.localedata jdk.management.jfr jdk.naming.dns jdk.naming.rmi jdk.net jdk.nio.mapmode jdk.random jdk.sctp jdk.security.auth jdk.security.jgss jdk.unsupported jdk.unsupported.desktop jdk.xml.dom" 

Environment Variables:
JAVA_HOME=C:\Program Files\Eclipse Adoptium\jdk-17.0.19.10-hotspot
PATH=C:\Program Files\Eclipse Adoptium\jdk-17.0.19.10-hotspot\bin;C:\Program Files\OpenLogic\jdk-8.0.472.08-hotspot\bin;C:\Program Files (x86)\Common Files\Oracle\Java\java8path;C:\Program Files (x86)\Common Files\Oracle\Java\javapath;C:\Program Files\Eclipse Adoptium\jdk-21.0.7.6-hotspot\bin;C:\Mitira\Oracle\product\21c\dbhomeXE\bin;C:\Softwares\Scripts\;C:\Softwares\;C:\WINDOWS\system32;C:\WINDOWS;C:\WINDOWS\System32\Wbem;C:\WINDOWS\System32\WindowsPowerShell\v1.0\;C:\WINDOWS\System32\OpenSSH\;C:\Program Files\dotnet\;C:\Program Files\CMake\bin;C:\Program Files (x86)\Windows Kits\10\Windows Performance Toolkit\;C:\Python27\Tools\Scripts;C:\Python27;C:\JAVA\bin;C:\Program Files\PuTTY\;C:\Program Files\Eclipse Adoptium\jdk-21.0.7.6-hotspot\bin;C:\Program Files\MongoDB\Server\8.2\bin;C:\php;C:\Program Files\nodejs\;C:\Program Files\Git\cmd;C:\Program Files\Perforce\;C:\Users\Moorthy\AppData\Local\Programs\Python\Python314\Scripts\;C:\Users\Moorthy\AppData\Local\Programs\Python\Python314\;C:\Program Files\MySQL\MySQL Shell 8.0\bin\;C:\Users\Moorthy\AppData\Local\Programs\Python\Python312\Scripts\;C:\Users\Moorthy\AppData\Local\Programs\Python\Python312\;C:\Users\Moorthy\AppData\Local\Microsoft\WindowsApps;C:\Users\Moorthy\Downloads\Microsoft VS Code\bin;C:\Program Files\JetBrains\PyCharm 2024.1.4\bin;C:\Users\Moorthy\AppData\Local\JetBrains\Toolbox\scripts;C:\Users\Moorthy\AppData\Local\GitHubDesktop\bin;C:\Users\Moorthy\AppData\Local\gitkraken\bin;C:\Users\Moorthy\AppData\Local\Microsoft\WindowsApps;C:\Users\Moorthy\AppData\Local\Programs\mongosh\;C:\Program Files\JetBrains\IntelliJ IDEA Community Edition 2025.2.3\javabootcamp\IntelliJ IDEA Community Edition 2025.2.3\bin;C:\Users\Moorthy\AppData\Roaming\npm;C:\Program Files\Notepad++;C:\Program Files\apache-maven-3.9.16;C:\maven\apache-maven-3.9.16\bin;
USERNAME=Moorthy
OS=Windows_NT
PROCESSOR_IDENTIFIER=Intel64 Family 6 Model 154 Stepping 4, GenuineIntel
TMP=C:\Users\Moorthy\AppData\Local\Temp
TEMP=C:\Users\Moorthy\AppData\Local\Temp




Periodic native trim disabled

---------------  S Y S T E M  ---------------

OS:
 Windows 11 , 64 bit Build 26100 (10.0.26100.8521)
OS uptime: 1 days 10:55 hours
Hyper-V role detected

CPU: total 12 (initial active 12) (6 cores per cpu, 2 threads per core) family 6 model 154 stepping 4 microcode 0x435, cx8, cmov, fxsr, ht, mmx, 3dnowpref, sse, sse2, sse3, ssse3, sse4.1, sse4.2, popcnt, lzcnt, tsc, tscinvbit, avx, avx2, aes, erms, clmul, bmi1, bmi2, adx, sha, fma, vzeroupper, clflush, clflushopt, clwb, hv, serialize, rdtscp, rdpid, fsrm, f16c, cet_ibt, cet_ss
Processor Information for processor 0
  Max Mhz: 1300, Current Mhz: 1300, Mhz Limit: 1300
Processor Information for processor 1
  Max Mhz: 1300, Current Mhz: 1300, Mhz Limit: 1300
Processor Information for processor 2
  Max Mhz: 1300, Current Mhz: 1300, Mhz Limit: 1300
Processor Information for processor 3
  Max Mhz: 1300, Current Mhz: 1300, Mhz Limit: 1300
Processor Information for processor 4
  Max Mhz: 1300, Current Mhz: 900, Mhz Limit: 897
Processor Information for processor 5
  Max Mhz: 1300, Current Mhz: 900, Mhz Limit: 897
Processor Information for processor 6
  Max Mhz: 1300, Current Mhz: 900, Mhz Limit: 897
Processor Information for processor 7
  Max Mhz: 1300, Current Mhz: 900, Mhz Limit: 897
Processor Information for processor 8
  Max Mhz: 1300, Current Mhz: 900, Mhz Limit: 897
Processor Information for processor 9
  Max Mhz: 1300, Current Mhz: 900, Mhz Limit: 897
Processor Information for processor 10
  Max Mhz: 1300, Current Mhz: 900, Mhz Limit: 897
Processor Information for processor 11
  Max Mhz: 1300, Current Mhz: 900, Mhz Limit: 897

Memory: 4k page, system-wide physical 7876M (459M free)
TotalPageFile size 32452M (AvailPageFile size 13M)
current process WorkingSet (physical memory assigned to process): 281M, peak: 583M
current process commit charge ("private bytes"): 909M, peak: 916M

vm_info: OpenJDK 64-Bit Server VM (21.0.10+7-LTS) for windows-amd64 JRE (21.0.10+7-LTS), built on 2026-01-20T00:00:00Z by "admin" with MS VC++ 17.12 (VS2022)

END.
