#
# There is insufficient memory for the Java Runtime Environment to continue.
# Native memory allocation (malloc) failed to allocate 1048576 bytes. Error detail: AllocateHeap
# Possible reasons:
#   The system is out of physical RAM or swap space
#   This process is running with CompressedOops enabled, and the Java Heap may be blocking the growth of the native heap
# Possible solutions:
#   Reduce memory load on the system
#   Increase physical memory or swap space
#   Check if swap backing store is full
#   Decrease Java heap size (-Xmx/-Xms)
#   Decrease number of Java threads
#   Decrease Java thread stack sizes (-Xss)
#   Set larger code cache with -XX:ReservedCodeCacheSize=
#   JVM is running with Unscaled Compressed Oops mode in which the Java heap is
#     placed in the first 4GB address space. The Java Heap base address is the
#     maximum limit for the native heap growth. Please use -XX:HeapBaseMinAddress
#     to set the Java Heap base and to place the Java Heap above 4GB virtual address.
# This output file may be truncated or incomplete.
#
#  Out of Memory Error (allocation.cpp:44), pid=25404, tid=28320
#
# JRE version: OpenJDK Runtime Environment Temurin-21.0.10+7 (21.0.10+7) (build 21.0.10+7-LTS)
# Java VM: OpenJDK 64-Bit Server VM Temurin-21.0.10+7 (21.0.10+7-LTS, mixed mode, sharing, tiered, compressed oops, compressed class ptrs, parallel gc, windows-amd64)
# No core dump will be written. Minidumps are not enabled by default on client versions of Windows
#

---------------  S U M M A R Y ------------

Command Line: --add-modules=ALL-SYSTEM --add-opens=java.base/java.util=ALL-UNNAMED --add-opens=java.base/java.lang=ALL-UNNAMED --add-opens=java.base/sun.nio.fs=ALL-UNNAMED -Declipse.application=org.eclipse.jdt.ls.core.id1 -Dosgi.bundles.defaultStartLevel=4 -Declipse.product=org.eclipse.jdt.ls.core.product -Djava.import.generatesMetadataFilesAtProjectRoot=false -DDetectVMInstallationsJob.disabled=true -Dfile.encoding=utf8 -XX:+UseParallelGC -XX:GCTimeRatio=4 -XX:AdaptiveSizePolicyWeight=90 -Dsun.zip.disableMemoryMapping=true -Xmx2G -Xms100m -Xlog:disable -javaagent:c:\Users\Moorthy\.vscode\extensions\redhat.java-1.54.0-win32-x64\lombok\lombok-1.18.39-4050.jar -XX:+HeapDumpOnOutOfMemoryError -XX:HeapDumpPath=c:\Users\Moorthy\AppData\Roaming\Code\User\workspaceStorage\c55876d65a5581e5b025e434a16b3740\redhat.java -Daether.dependencyCollector.impl=bf c:\Users\Moorthy\.vscode\extensions\redhat.java-1.54.0-win32-x64\server\plugins\org.eclipse.equinox.launcher_1.7.100.v20251111-0406.jar -configuration c:\Users\Moorthy\AppData\Roaming\Code\User\globalStorage\redhat.java\1.54.0\config_win -data c:\Users\Moorthy\AppData\Roaming\Code\User\workspaceStorage\c55876d65a5581e5b025e434a16b3740\redhat.java\jdt_ws --pipe=\\.\pipe\lsp-f35ecaea49f193172d5046e52bfccb61-sock

Host: 12th Gen Intel(R) Core(TM) i5-1235U, 12 cores, 7G,  Windows 11 , 64 bit Build 26100 (10.0.26100.8521)
Time: Sat Jun 20 21:30:36 2026 India Standard Time elapsed time: 26600.882977 seconds (0d 7h 23m 20s)

---------------  T H R E A D  ---------------

Current thread (0x000001eb0eccbdb0):  JavaThread "Attach Listener" daemon [_thread_in_vm, id=28320, stack(0x0000000f17100000,0x0000000f17200000) (1024K)]

Stack: [0x0000000f17100000,0x0000000f17200000]
Native frames: (J=compiled Java code, j=interpreted, Vv=VM code, C=native code)
V  [jvm.dll+0x6d7a39]
V  [jvm.dll+0x8b4b26]
V  [jvm.dll+0x8b70de]
V  [jvm.dll+0x8b77c3]
V  [jvm.dll+0x284346]
V  [jvm.dll+0xc1277]
V  [jvm.dll+0x6d82e9]
V  [jvm.dll+0x1334a6]
V  [jvm.dll+0x3f857e]
V  [jvm.dll+0x85f59d]
V  [jvm.dll+0x6d626d]
C  [ucrtbase.dll+0x2cd30]
C  [KERNEL32.DLL+0x2e957]
C  [ntdll.dll+0x87c1c]


---------------  P R O C E S S  ---------------

Threads class SMR info:
_java_thread_list=0x000001eb7166fd50, length=38, elements={
0x000001eb0ec22c20, 0x000001eb0ebcb6c0, 0x000001eb0ebcd040, 0x000001eb0ecc8e60,
0x000001eb0eccbdb0, 0x000001eb0ecd3550, 0x000001eb0ecd4cd0, 0x000001eb0ecd7740,
0x000001eb0ecdb160, 0x000001eb67bbee40, 0x000001eb67d2e670, 0x000001eb6d891db0,
0x000001eb6d6b6240, 0x000001eb6d79d970, 0x000001eb6d791990, 0x000001eb6de7df40,
0x000001eb6d2567f0, 0x000001eb6d590cc0, 0x000001eb6d591350, 0x000001eb6d592070,
0x000001eb6d593420, 0x000001eb6d58ffa0, 0x000001eb6e691f50, 0x000001eb6e693990,
0x000001eb6e690ba0, 0x000001eb6e6946b0, 0x000001eb6e694020, 0x000001eb6e691230,
0x000001eb6e6925e0, 0x000001eb6e695a60, 0x000001eb6e6960f0, 0x000001eb6e6953d0,
0x000001eb6e696780, 0x000001eb6e694d40, 0x000001eb6e693300, 0x000001eb6e6974a0,
0x000001eb713aec10, 0x000001eb713b0650
}

Java Threads: ( => current thread )
  0x000001eb0ec22c20 JavaThread "main"                              [_thread_blocked, id=23852, stack(0x0000000f16a00000,0x0000000f16b00000) (1024K)]
  0x000001eb0ebcb6c0 JavaThread "Reference Handler"          daemon [_thread_blocked, id=37156, stack(0x0000000f16e00000,0x0000000f16f00000) (1024K)]
  0x000001eb0ebcd040 JavaThread "Finalizer"                  daemon [_thread_blocked, id=41336, stack(0x0000000f16f00000,0x0000000f17000000) (1024K)]
  0x000001eb0ecc8e60 JavaThread "Signal Dispatcher"          daemon [_thread_blocked, id=45944, stack(0x0000000f17000000,0x0000000f17100000) (1024K)]
=>0x000001eb0eccbdb0 JavaThread "Attach Listener"            daemon [_thread_in_vm, id=28320, stack(0x0000000f17100000,0x0000000f17200000) (1024K)]
  0x000001eb0ecd3550 JavaThread "Service Thread"             daemon [_thread_blocked, id=33368, stack(0x0000000f17200000,0x0000000f17300000) (1024K)]
  0x000001eb0ecd4cd0 JavaThread "Monitor Deflation Thread"   daemon [_thread_blocked, id=31256, stack(0x0000000f17300000,0x0000000f17400000) (1024K)]
  0x000001eb0ecd7740 JavaThread "C2 CompilerThread0"         daemon [_thread_blocked, id=43496, stack(0x0000000f17400000,0x0000000f17500000) (1024K)]
  0x000001eb0ecdb160 JavaThread "C1 CompilerThread0"         daemon [_thread_blocked, id=44416, stack(0x0000000f17500000,0x0000000f17600000) (1024K)]
  0x000001eb67bbee40 JavaThread "Common-Cleaner"             daemon [_thread_blocked, id=43920, stack(0x0000000f17700000,0x0000000f17800000) (1024K)]
  0x000001eb67d2e670 JavaThread "Notification Thread"        daemon [_thread_blocked, id=20052, stack(0x0000000f17800000,0x0000000f17900000) (1024K)]
  0x000001eb6d891db0 JavaThread "Active Thread: Equinox Container: 372f3050-11db-4276-89eb-6e2d74ad6b7f"        [_thread_blocked, id=39536, stack(0x0000000f17f00000,0x0000000f18000000) (1024K)]
  0x000001eb6d6b6240 JavaThread "Refresh Thread: Equinox Container: 372f3050-11db-4276-89eb-6e2d74ad6b7f" daemon [_thread_blocked, id=37064, stack(0x0000000f18100000,0x0000000f18200000) (1024K)]
  0x000001eb6d79d970 JavaThread "Framework Event Dispatcher: Equinox Container: 372f3050-11db-4276-89eb-6e2d74ad6b7f" daemon [_thread_blocked, id=21952, stack(0x0000000f18200000,0x0000000f18300000) (1024K)]
  0x000001eb6d791990 JavaThread "Start Level: Equinox Container: 372f3050-11db-4276-89eb-6e2d74ad6b7f" daemon [_thread_blocked, id=23212, stack(0x0000000f18300000,0x0000000f18400000) (1024K)]
  0x000001eb6de7df40 JavaThread "Bundle File Closer"         daemon [_thread_blocked, id=23088, stack(0x0000000f18600000,0x0000000f18700000) (1024K)]
  0x000001eb6d2567f0 JavaThread "SCR Component Actor"        daemon [_thread_blocked, id=43784, stack(0x0000000f18000000,0x0000000f18100000) (1024K)]
  0x000001eb6d590cc0 JavaThread "Worker-JM"                         [_thread_blocked, id=14268, stack(0x0000000f18800000,0x0000000f18900000) (1024K)]
  0x000001eb6d591350 JavaThread "Java indexing"              daemon [_thread_blocked, id=37304, stack(0x0000000f18d00000,0x0000000f18e00000) (1024K)]
  0x000001eb6d592070 JavaThread "Worker-3"                          [_thread_blocked, id=44944, stack(0x0000000f18e00000,0x0000000f18f00000) (1024K)]
  0x000001eb6d593420 JavaThread "JNA Cleaner"                daemon [_thread_blocked, id=26792, stack(0x0000000f18f00000,0x0000000f19000000) (1024K)]
  0x000001eb6d58ffa0 JavaThread "Worker-4"                          [_thread_blocked, id=40532, stack(0x0000000f19200000,0x0000000f19300000) (1024K)]
  0x000001eb6e691f50 JavaThread "Thread-1"                   daemon [_thread_in_native, id=40964, stack(0x0000000f19400000,0x0000000f19500000) (1024K)]
  0x000001eb6e693990 JavaThread "Thread-2"                   daemon [_thread_in_native, id=19888, stack(0x0000000f19500000,0x0000000f19600000) (1024K)]
  0x000001eb6e690ba0 JavaThread "Thread-3"                   daemon [_thread_in_native, id=22428, stack(0x0000000f19600000,0x0000000f19700000) (1024K)]
  0x000001eb6e6946b0 JavaThread "Thread-4"                   daemon [_thread_in_native, id=36816, stack(0x0000000f19700000,0x0000000f19800000) (1024K)]
  0x000001eb6e694020 JavaThread "Thread-5"                   daemon [_thread_in_native, id=36580, stack(0x0000000f19800000,0x0000000f19900000) (1024K)]
  0x000001eb6e691230 JavaThread "Thread-6"                   daemon [_thread_in_native, id=23716, stack(0x0000000f19900000,0x0000000f19a00000) (1024K)]
  0x000001eb6e6925e0 JavaThread "Thread-7"                   daemon [_thread_in_native, id=14452, stack(0x0000000f19a00000,0x0000000f19b00000) (1024K)]
  0x000001eb6e695a60 JavaThread "Thread-8"                   daemon [_thread_in_native, id=33024, stack(0x0000000f19b00000,0x0000000f19c00000) (1024K)]
  0x000001eb6e6960f0 JavaThread "Thread-9"                   daemon [_thread_in_native, id=40872, stack(0x0000000f19c00000,0x0000000f19d00000) (1024K)]
  0x000001eb6e6953d0 JavaThread "Thread-10"                  daemon [_thread_in_native, id=34500, stack(0x0000000f19d00000,0x0000000f19e00000) (1024K)]
  0x000001eb6e696780 JavaThread "Thread-11"                  daemon [_thread_in_native, id=32552, stack(0x0000000f19e00000,0x0000000f19f00000) (1024K)]
  0x000001eb6e694d40 JavaThread "Thread-12"                  daemon [_thread_in_native, id=27224, stack(0x0000000f19f00000,0x0000000f1a000000) (1024K)]
  0x000001eb6e693300 JavaThread "Thread-13"                  daemon [_thread_in_native, id=38096, stack(0x0000000f1a000000,0x0000000f1a100000) (1024K)]
  0x000001eb6e6974a0 JavaThread "pool-2-thread-1"                   [_thread_blocked, id=11784, stack(0x0000000f1a100000,0x0000000f1a200000) (1024K)]
  0x000001eb713aec10 JavaThread "WorkspaceEventsHandler"            [_thread_blocked, id=37388, stack(0x0000000f1a200000,0x0000000f1a300000) (1024K)]
  0x000001eb713b0650 JavaThread "pool-1-thread-1"                   [_thread_blocked, id=30664, stack(0x0000000f1a300000,0x0000000f1a400000) (1024K)]
Total: 38

Other Threads:
  0x000001eb0ecc2b90 VMThread "VM Thread"                           [id=22324, stack(0x0000000f16d00000,0x0000000f16e00000) (1024K)] _threads_hazard_ptr=0x000001eb7166fd50
  0x000001eb0eaaca10 WatcherThread "VM Periodic Task Thread"        [id=38740, stack(0x0000000f16c00000,0x0000000f16d00000) (1024K)]
  0x000001eb0ec40fb0 WorkerThread "GC Thread#0"                     [id=13032, stack(0x0000000f16b00000,0x0000000f16c00000) (1024K)]
  0x000001eb6d6725e0 WorkerThread "GC Thread#1"                     [id=4824, stack(0x0000000f17900000,0x0000000f17a00000) (1024K)]
  0x000001eb6d657790 WorkerThread "GC Thread#2"                     [id=33932, stack(0x0000000f17a00000,0x0000000f17b00000) (1024K)]
  0x000001eb6d63de40 WorkerThread "GC Thread#3"                     [id=26184, stack(0x0000000f17b00000,0x0000000f17c00000) (1024K)]
  0x000001eb6d63e1f0 WorkerThread "GC Thread#4"                     [id=36740, stack(0x0000000f17c00000,0x0000000f17d00000) (1024K)]
  0x000001eb6d63e5a0 WorkerThread "GC Thread#5"                     [id=30128, stack(0x0000000f17d00000,0x0000000f17e00000) (1024K)]
  0x000001eb6d63e950 WorkerThread "GC Thread#6"                     [id=11964, stack(0x0000000f17e00000,0x0000000f17f00000) (1024K)]
  0x000001eb6d7806a0 WorkerThread "GC Thread#7"                     [id=38440, stack(0x0000000f17600000,0x0000000f17700000) (1024K)]
  0x000001eb6dcf2610 WorkerThread "GC Thread#8"                     [id=23848, stack(0x0000000f18400000,0x0000000f18500000) (1024K)]
  0x000001eb6d97dbe0 WorkerThread "GC Thread#9"                     [id=43540, stack(0x0000000f18500000,0x0000000f18600000) (1024K)]
Total: 12

Threads with active compile tasks:
Total: 0

VM state: not at safepoint (normal execution)

VM Mutex/Monitor currently owned by a thread: None

Heap address: 0x0000000080000000, size: 2048 MB, Compressed Oops mode: 32-bit

CDS archive(s) mapped at: [0x000001eb26000000-0x000001eb26ba0000-0x000001eb26ba0000), size 12189696, SharedBaseAddress: 0x000001eb26000000, ArchiveRelocationMode: 1.
Compressed class space mapped at: 0x000001eb27000000-0x000001eb67000000, reserved size: 1073741824
Narrow klass base: 0x000001eb26000000, Narrow klass shift: 0, Narrow klass range: 0x100000000

GC Precious Log:
 CardTable entry size: 512
 CPUs: 12 total, 12 available
 Memory: 7876M
 Large Page Support: Disabled
 NUMA Support: Disabled
 Compressed Oops: Enabled (32-bit)
 Alignments: Space 512K, Generation 512K, Heap 2M
 Heap Min Capacity: 100M
 Heap Initial Capacity: 100M
 Heap Max Capacity: 2G
 Pre-touch: Disabled
 Parallel Workers: 10

Heap:
 PSYoungGen      total 2048K, used 549K [0x00000000d5580000, 0x00000000d5880000, 0x0000000100000000)
  eden space 1536K, 14% used [0x00000000d5580000,0x00000000d55b9460,0x00000000d5700000)
  from space 512K, 62% used [0x00000000d5780000,0x00000000d57d0000,0x00000000d5800000)
  to   space 512K, 0% used [0x00000000d5800000,0x00000000d5800000,0x00000000d5880000)
 ParOldGen       total 675840K, used 675762K [0x0000000080000000, 0x00000000a9400000, 0x00000000d5580000)
  object space 675840K, 99% used [0x0000000080000000,0x00000000a93ec828,0x00000000a9400000)
 Metaspace       used 70405K, committed 72064K, reserved 1114112K
  class space    used 7591K, committed 8320K, reserved 1048576K

Card table byte_map: [0x000001eb0e5c0000,0x000001eb0e9d0000] _byte_map_base: 0x000001eb0e1c0000

Marking Bits: (ParMarkBitMap*) 0x00007ff92ade3450
 Begin Bits: [0x000001eb210d0000, 0x000001eb230d0000)
 End Bits:   [0x000001eb230d0000, 0x000001eb250d0000)

Polling page: 0x000001eb0cbc0000

Metaspace:

Usage:
  Non-class:     61.34 MB used.
      Class:      7.41 MB used.
       Both:     68.76 MB used.

Virtual space:
  Non-class space:       64.00 MB reserved,      62.25 MB ( 97%) committed,  1 nodes.
      Class space:        1.00 GB reserved,       8.12 MB ( <1%) committed,  1 nodes.
             Both:        1.06 GB reserved,      70.38 MB (  6%) committed. 

Chunk freelists:
   Non-Class:  1.52 MB
       Class:  7.91 MB
        Both:  9.42 MB

MaxMetaspaceSize: unlimited
CompressedClassSpaceSize: 1.00 GB
Initial GC threshold: 21.00 MB
Current GC threshold: 98.12 MB
CDS: on
 - commit_granule_bytes: 65536.
 - commit_granule_words: 8192.
 - virtual_space_node_default_size: 8388608.
 - enlarge_chunks_in_place: 1.
 - use_allocation_guard: 0.


Internal statistics:

num_allocs_failed_limit: 13.
num_arena_births: 1324.
num_arena_deaths: 46.
num_vsnodes_births: 2.
num_vsnodes_deaths: 0.
num_space_committed: 1126.
num_space_uncommitted: 0.
num_chunks_returned_to_freelist: 70.
num_chunks_taken_from_freelist: 4621.
num_chunk_merges: 22.
num_chunk_splits: 2789.
num_chunks_enlarged: 1539.
num_inconsistent_stats: 0.

CodeHeap 'non-profiled nmethods': size=120000Kb used=10046Kb max_used=10046Kb free=109953Kb
 bounds [0x000001eb198f0000, 0x000001eb1a2c0000, 0x000001eb20e20000]
CodeHeap 'profiled nmethods': size=120000Kb used=27604Kb max_used=27604Kb free=92395Kb
 bounds [0x000001eb11e20000, 0x000001eb13920000, 0x000001eb19350000]
CodeHeap 'non-nmethods': size=5760Kb used=1469Kb max_used=1526Kb free=4291Kb
 bounds [0x000001eb19350000, 0x000001eb195c0000, 0x000001eb198f0000]
CodeCache: size=245760Kb, used=39119Kb, max_used=39176Kb, free=206639Kb
 total_blobs=12869, nmethods=12088, adapters=685, full_count=0
Compilation: enabled, stopped_count=0, restarted_count=0

Compilation events (20 events):
Event: 23303.721 Thread 0x000001eb0ecdb160 12864       3       org.eclipse.core.internal.dtree.AbstractDataTreeNode::storeStrings (42 bytes)
Event: 23303.737 Thread 0x000001eb0ecdb160 nmethod 12864 0x000001eb1390f690 code [0x000001eb1390f860, 0x000001eb1390fbd8]
Event: 23452.688 Thread 0x000001eb0ecdb160 12865       1       org.eclipse.osgi.internal.location.BasicLocation::isReadOnly (5 bytes)
Event: 23452.700 Thread 0x000001eb0ecdb160 nmethod 12865 0x000001eb1a2bf590 code [0x000001eb1a2bf720, 0x000001eb1a2bf7f0]
Event: 23793.969 Thread 0x000001eb0ecdb160 12866       3       org.eclipse.jdt.ls.core.internal.ParentProcessWatcher::parentProcessStillRunning (62 bytes)
Event: 23794.013 Thread 0x000001eb0ecdb160 nmethod 12866 0x000001eb1390fd90 code [0x000001eb1390ffc0, 0x000001eb139106a8]
Event: 23800.606 Thread 0x000001eb0ecdb160 12867       1       com.sun.jna.internal.Cleaner::access$200 (5 bytes)
Event: 23800.610 Thread 0x000001eb0ecdb160 nmethod 12867 0x000001eb1a2bf890 code [0x000001eb1a2bfa20, 0x000001eb1a2bfad0]
Event: 24203.856 Thread 0x000001eb0ecdb160 12868       3       org.eclipse.core.internal.resources.ResourceInfo::shareStrings (43 bytes)
Event: 24203.884 Thread 0x000001eb0ecdb160 nmethod 12868 0x000001eb13910910 code [0x000001eb13910ae0, 0x000001eb13910da8]
Event: 24551.188 Thread 0x000001eb0ecdb160 12869   !   3       java.lang.ref.ReferenceQueue::remove (61 bytes)
Event: 24551.265 Thread 0x000001eb0ecdb160 nmethod 12869 0x000001eb13910f10 code [0x000001eb139111a0, 0x000001eb13911d28]
Event: 24941.661 Thread 0x000001eb0ecdb160 12871       3       java.lang.ref.ReferenceQueue::await (15 bytes)
Event: 24941.679 Thread 0x000001eb0ecdb160 nmethod 12871 0x000001eb13912110 code [0x000001eb139122c0, 0x000001eb13912460]
Event: 25103.931 Thread 0x000001eb0ecdb160 12872       3       org.eclipse.core.internal.jobs.JobQueue::enqueue (83 bytes)
Event: 25103.978 Thread 0x000001eb0ecdb160 nmethod 12872 0x000001eb13912590 code [0x000001eb139127e0, 0x000001eb13913080]
Event: 25151.929 Thread 0x000001eb0ecdb160 12873       3       java.util.concurrent.locks.AbstractQueuedSynchronizer$ConditionObject::await (202 bytes)
Event: 25151.969 Thread 0x000001eb0ecdb160 nmethod 12873 0x000001eb13913410 code [0x000001eb13913700, 0x000001eb13914530]
Event: 26388.707 Thread 0x000001eb0ecdb160 12874   !   3       java.util.logging.LogManager::getUserContext (118 bytes)
Event: 26388.784 Thread 0x000001eb0ecdb160 nmethod 12874 0x000001eb13914b10 code [0x000001eb13914cc0, 0x000001eb13914f30]

GC Heap History (20 events):
Event: 95.712 GC heap before
{Heap before GC invocations=1195 (full 3):
 PSYoungGen      total 3072K, used 2824K [0x00000000d5580000, 0x00000000d5a00000, 0x0000000100000000)
  eden space 2048K, 100% used [0x00000000d5580000,0x00000000d5780000,0x00000000d5780000)
  from space 1024K, 75% used [0x00000000d5780000,0x00000000d58423b8,0x00000000d5880000)
  to   space 1024K, 0% used [0x00000000d5900000,0x00000000d5900000,0x00000000d5a00000)
 ParOldGen       total 672768K, used 672314K [0x0000000080000000, 0x00000000a9100000, 0x00000000d5580000)
  object space 672768K, 99% used [0x0000000080000000,0x00000000a908e800,0x00000000a9100000)
 Metaspace       used 69757K, committed 71360K, reserved 1114112K
  class space    used 7503K, committed 8192K, reserved 1048576K
}
Event: 95.717 GC heap after
{Heap after GC invocations=1195 (full 3):
 PSYoungGen      total 2560K, used 1014K [0x00000000d5580000, 0x00000000d5b80000, 0x0000000100000000)
  eden space 1536K, 0% used [0x00000000d5580000,0x00000000d5580000,0x00000000d5700000)
  from space 1024K, 99% used [0x00000000d5900000,0x00000000d59fda18,0x00000000d5a00000)
  to   space 2048K, 0% used [0x00000000d5700000,0x00000000d5700000,0x00000000d5900000)
 ParOldGen       total 673280K, used 672868K [0x0000000080000000, 0x00000000a9180000, 0x00000000d5580000)
  object space 673280K, 99% used [0x0000000080000000,0x00000000a91191a8,0x00000000a9180000)
 Metaspace       used 69757K, committed 71360K, reserved 1114112K
  class space    used 7503K, committed 8192K, reserved 1048576K
}
Event: 95.786 GC heap before
{Heap before GC invocations=1196 (full 3):
 PSYoungGen      total 2560K, used 2543K [0x00000000d5580000, 0x00000000d5b80000, 0x0000000100000000)
  eden space 1536K, 99% used [0x00000000d5580000,0x00000000d56fe338,0x00000000d5700000)
  from space 1024K, 99% used [0x00000000d5900000,0x00000000d59fda18,0x00000000d5a00000)
  to   space 2048K, 0% used [0x00000000d5700000,0x00000000d5700000,0x00000000d5900000)
 ParOldGen       total 673280K, used 672868K [0x0000000080000000, 0x00000000a9180000, 0x00000000d5580000)
  object space 673280K, 99% used [0x0000000080000000,0x00000000a91191a8,0x00000000a9180000)
 Metaspace       used 69776K, committed 71424K, reserved 1114112K
  class space    used 7503K, committed 8192K, reserved 1048576K
}
Event: 95.792 GC heap after
{Heap after GC invocations=1196 (full 3):
 PSYoungGen      total 2560K, used 778K [0x00000000d5580000, 0x00000000d5a00000, 0x0000000100000000)
  eden space 1536K, 0% used [0x00000000d5580000,0x00000000d5580000,0x00000000d5700000)
  from space 1024K, 76% used [0x00000000d5700000,0x00000000d57c2b68,0x00000000d5800000)
  to   space 1536K, 0% used [0x00000000d5880000,0x00000000d5880000,0x00000000d5a00000)
 ParOldGen       total 673792K, used 673753K [0x0000000080000000, 0x00000000a9200000, 0x00000000d5580000)
  object space 673792K, 99% used [0x0000000080000000,0x00000000a91f65d8,0x00000000a9200000)
 Metaspace       used 69776K, committed 71424K, reserved 1114112K
  class space    used 7503K, committed 8192K, reserved 1048576K
}
Event: 95.850 GC heap before
{Heap before GC invocations=1197 (full 3):
 PSYoungGen      total 2560K, used 2314K [0x00000000d5580000, 0x00000000d5a00000, 0x0000000100000000)
  eden space 1536K, 100% used [0x00000000d5580000,0x00000000d5700000,0x00000000d5700000)
  from space 1024K, 76% used [0x00000000d5700000,0x00000000d57c2b68,0x00000000d5800000)
  to   space 1536K, 0% used [0x00000000d5880000,0x00000000d5880000,0x00000000d5a00000)
 ParOldGen       total 673792K, used 673753K [0x0000000080000000, 0x00000000a9200000, 0x00000000d5580000)
  object space 673792K, 99% used [0x0000000080000000,0x00000000a91f65d8,0x00000000a9200000)
 Metaspace       used 69786K, committed 71424K, reserved 1114112K
  class space    used 7503K, committed 8192K, reserved 1048576K
}
Event: 95.854 GC heap after
{Heap after GC invocations=1197 (full 3):
 PSYoungGen      total 2560K, used 640K [0x00000000d5580000, 0x00000000d5980000, 0x0000000100000000)
  eden space 1536K, 0% used [0x00000000d5580000,0x00000000d5580000,0x00000000d5700000)
  from space 1024K, 62% used [0x00000000d5880000,0x00000000d5920000,0x00000000d5980000)
  to   space 1024K, 0% used [0x00000000d5700000,0x00000000d5700000,0x00000000d5800000)
 ParOldGen       total 674304K, used 674097K [0x0000000080000000, 0x00000000a9280000, 0x00000000d5580000)
  object space 674304K, 99% used [0x0000000080000000,0x00000000a924c5d8,0x00000000a9280000)
 Metaspace       used 69786K, committed 71424K, reserved 1114112K
  class space    used 7503K, committed 8192K, reserved 1048576K
}
Event: 95.957 GC heap before
{Heap before GC invocations=1198 (full 3):
 PSYoungGen      total 2560K, used 2172K [0x00000000d5580000, 0x00000000d5980000, 0x0000000100000000)
  eden space 1536K, 99% used [0x00000000d5580000,0x00000000d56ff360,0x00000000d5700000)
  from space 1024K, 62% used [0x00000000d5880000,0x00000000d5920000,0x00000000d5980000)
  to   space 1024K, 0% used [0x00000000d5700000,0x00000000d5700000,0x00000000d5800000)
 ParOldGen       total 674304K, used 674097K [0x0000000080000000, 0x00000000a9280000, 0x00000000d5580000)
  object space 674304K, 99% used [0x0000000080000000,0x00000000a924c5d8,0x00000000a9280000)
 Metaspace       used 69860K, committed 71488K, reserved 1114112K
  class space    used 7506K, committed 8192K, reserved 1048576K
}
Event: 95.963 GC heap after
{Heap after GC invocations=1198 (full 3):
 PSYoungGen      total 2560K, used 544K [0x00000000d5580000, 0x00000000d5900000, 0x0000000100000000)
  eden space 1536K, 0% used [0x00000000d5580000,0x00000000d5580000,0x00000000d5700000)
  from space 1024K, 53% used [0x00000000d5700000,0x00000000d5788000,0x00000000d5800000)
  to   space 1024K, 0% used [0x00000000d5800000,0x00000000d5800000,0x00000000d5900000)
 ParOldGen       total 674816K, used 674564K [0x0000000080000000, 0x00000000a9300000, 0x00000000d5580000)
  object space 674816K, 99% used [0x0000000080000000,0x00000000a92c1280,0x00000000a9300000)
 Metaspace       used 69860K, committed 71488K, reserved 1114112K
  class space    used 7506K, committed 8192K, reserved 1048576K
}
Event: 96.150 GC heap before
{Heap before GC invocations=1199 (full 3):
 PSYoungGen      total 2560K, used 2079K [0x00000000d5580000, 0x00000000d5900000, 0x0000000100000000)
  eden space 1536K, 99% used [0x00000000d5580000,0x00000000d56fffe8,0x00000000d5700000)
  from space 1024K, 53% used [0x00000000d5700000,0x00000000d5788000,0x00000000d5800000)
  to   space 1024K, 0% used [0x00000000d5800000,0x00000000d5800000,0x00000000d5900000)
 ParOldGen       total 674816K, used 674564K [0x0000000080000000, 0x00000000a9300000, 0x00000000d5580000)
  object space 674816K, 99% used [0x0000000080000000,0x00000000a92c1280,0x00000000a9300000)
 Metaspace       used 69983K, committed 71552K, reserved 1114112K
  class space    used 7517K, committed 8192K, reserved 1048576K
}
Event: 96.156 GC heap after
{Heap after GC invocations=1199 (full 3):
 PSYoungGen      total 2048K, used 384K [0x00000000d5580000, 0x00000000d5880000, 0x0000000100000000)
  eden space 1536K, 0% used [0x00000000d5580000,0x00000000d5580000,0x00000000d5700000)
  from space 512K, 75% used [0x00000000d5800000,0x00000000d5860000,0x00000000d5880000)
  to   space 512K, 0% used [0x00000000d5780000,0x00000000d5780000,0x00000000d5800000)
 ParOldGen       total 675328K, used 674860K [0x0000000080000000, 0x00000000a9380000, 0x00000000d5580000)
  object space 675328K, 99% used [0x0000000080000000,0x00000000a930b280,0x00000000a9380000)
 Metaspace       used 69983K, committed 71552K, reserved 1114112K
  class space    used 7517K, committed 8192K, reserved 1048576K
}
Event: 96.248 GC heap before
{Heap before GC invocations=1200 (full 3):
 PSYoungGen      total 2048K, used 1920K [0x00000000d5580000, 0x00000000d5880000, 0x0000000100000000)
  eden space 1536K, 100% used [0x00000000d5580000,0x00000000d5700000,0x00000000d5700000)
  from space 512K, 75% used [0x00000000d5800000,0x00000000d5860000,0x00000000d5880000)
  to   space 512K, 0% used [0x00000000d5780000,0x00000000d5780000,0x00000000d5800000)
 ParOldGen       total 675328K, used 674860K [0x0000000080000000, 0x00000000a9380000, 0x00000000d5580000)
  object space 675328K, 99% used [0x0000000080000000,0x00000000a930b280,0x00000000a9380000)
 Metaspace       used 70036K, committed 71616K, reserved 1114112K
  class space    used 7522K, committed 8192K, reserved 1048576K
}
Event: 96.253 GC heap after
{Heap after GC invocations=1200 (full 3):
 PSYoungGen      total 2048K, used 496K [0x00000000d5580000, 0x00000000d5900000, 0x0000000100000000)
  eden space 1536K, 0% used [0x00000000d5580000,0x00000000d5580000,0x00000000d5700000)
  from space 512K, 97% used [0x00000000d5780000,0x00000000d57fc3a0,0x00000000d5800000)
  to   space 1024K, 0% used [0x00000000d5800000,0x00000000d5800000,0x00000000d5900000)
 ParOldGen       total 675328K, used 675141K [0x0000000080000000, 0x00000000a9380000, 0x00000000d5580000)
  object space 675328K, 99% used [0x0000000080000000,0x00000000a93516e0,0x00000000a9380000)
 Metaspace       used 70036K, committed 71616K, reserved 1114112K
  class space    used 7522K, committed 8192K, reserved 1048576K
}
Event: 96.337 GC heap before
{Heap before GC invocations=1201 (full 3):
 PSYoungGen      total 2048K, used 2032K [0x00000000d5580000, 0x00000000d5900000, 0x0000000100000000)
  eden space 1536K, 100% used [0x00000000d5580000,0x00000000d5700000,0x00000000d5700000)
  from space 512K, 97% used [0x00000000d5780000,0x00000000d57fc3a0,0x00000000d5800000)
  to   space 1024K, 0% used [0x00000000d5800000,0x00000000d5800000,0x00000000d5900000)
 ParOldGen       total 675328K, used 675141K [0x0000000080000000, 0x00000000a9380000, 0x00000000d5580000)
  object space 675328K, 99% used [0x0000000080000000,0x00000000a93516e0,0x00000000a9380000)
 Metaspace       used 70125K, committed 71744K, reserved 1114112K
  class space    used 7540K, committed 8256K, reserved 1048576K
}
Event: 96.339 GC heap after
{Heap after GC invocations=1201 (full 3):
 PSYoungGen      total 2048K, used 256K [0x00000000d5580000, 0x00000000d5880000, 0x0000000100000000)
  eden space 1536K, 0% used [0x00000000d5580000,0x00000000d5580000,0x00000000d5700000)
  from space 512K, 50% used [0x00000000d5800000,0x00000000d5840000,0x00000000d5880000)
  to   space 512K, 0% used [0x00000000d5780000,0x00000000d5780000,0x00000000d5800000)
 ParOldGen       total 675328K, used 675297K [0x0000000080000000, 0x00000000a9380000, 0x00000000d5580000)
  object space 675328K, 99% used [0x0000000080000000,0x00000000a93787e8,0x00000000a9380000)
 Metaspace       used 70125K, committed 71744K, reserved 1114112K
  class space    used 7540K, committed 8256K, reserved 1048576K
}
Event: 96.464 GC heap before
{Heap before GC invocations=1202 (full 3):
 PSYoungGen      total 2048K, used 1792K [0x00000000d5580000, 0x00000000d5880000, 0x0000000100000000)
  eden space 1536K, 100% used [0x00000000d5580000,0x00000000d5700000,0x00000000d5700000)
  from space 512K, 50% used [0x00000000d5800000,0x00000000d5840000,0x00000000d5880000)
  to   space 512K, 0% used [0x00000000d5780000,0x00000000d5780000,0x00000000d5800000)
 ParOldGen       total 675328K, used 675297K [0x0000000080000000, 0x00000000a9380000, 0x00000000d5580000)
  object space 675328K, 99% used [0x0000000080000000,0x00000000a93787e8,0x00000000a9380000)
 Metaspace       used 70197K, committed 71808K, reserved 1114112K
  class space    used 7553K, committed 8256K, reserved 1048576K
}
Event: 96.469 GC heap after
{Heap after GC invocations=1202 (full 3):
 PSYoungGen      total 2048K, used 480K [0x00000000d5580000, 0x00000000d5900000, 0x0000000100000000)
  eden space 1536K, 0% used [0x00000000d5580000,0x00000000d5580000,0x00000000d5700000)
  from space 512K, 93% used [0x00000000d5780000,0x00000000d57f8010,0x00000000d5800000)
  to   space 1024K, 0% used [0x00000000d5800000,0x00000000d5800000,0x00000000d5900000)
 ParOldGen       total 675840K, used 675369K [0x0000000080000000, 0x00000000a9400000, 0x00000000d5580000)
  object space 675840K, 99% used [0x0000000080000000,0x00000000a938a7f8,0x00000000a9400000)
 Metaspace       used 70197K, committed 71808K, reserved 1114112K
  class space    used 7553K, committed 8256K, reserved 1048576K
}
Event: 97.169 GC heap before
{Heap before GC invocations=1203 (full 3):
 PSYoungGen      total 2048K, used 2016K [0x00000000d5580000, 0x00000000d5900000, 0x0000000100000000)
  eden space 1536K, 100% used [0x00000000d5580000,0x00000000d5700000,0x00000000d5700000)
  from space 512K, 93% used [0x00000000d5780000,0x00000000d57f8010,0x00000000d5800000)
  to   space 1024K, 0% used [0x00000000d5800000,0x00000000d5800000,0x00000000d5900000)
 ParOldGen       total 675840K, used 675369K [0x0000000080000000, 0x00000000a9400000, 0x00000000d5580000)
  object space 675840K, 99% used [0x0000000080000000,0x00000000a938a7f8,0x00000000a9400000)
 Metaspace       used 70324K, committed 71936K, reserved 1114112K
  class space    used 7586K, committed 8320K, reserved 1048576K
}
Event: 97.174 GC heap after
{Heap after GC invocations=1203 (full 3):
 PSYoungGen      total 2048K, used 320K [0x00000000d5580000, 0x00000000d5880000, 0x0000000100000000)
  eden space 1536K, 0% used [0x00000000d5580000,0x00000000d5580000,0x00000000d5700000)
  from space 512K, 62% used [0x00000000d5800000,0x00000000d5850000,0x00000000d5880000)
  to   space 512K, 0% used [0x00000000d5780000,0x00000000d5780000,0x00000000d5800000)
 ParOldGen       total 675840K, used 675650K [0x0000000080000000, 0x00000000a9400000, 0x00000000d5580000)
  object space 675840K, 99% used [0x0000000080000000,0x00000000a93d0828,0x00000000a9400000)
 Metaspace       used 70324K, committed 71936K, reserved 1114112K
  class space    used 7586K, committed 8320K, reserved 1048576K
}
Event: 20602.643 GC heap before
{Heap before GC invocations=1204 (full 3):
 PSYoungGen      total 2048K, used 1856K [0x00000000d5580000, 0x00000000d5880000, 0x0000000100000000)
  eden space 1536K, 100% used [0x00000000d5580000,0x00000000d5700000,0x00000000d5700000)
  from space 512K, 62% used [0x00000000d5800000,0x00000000d5850000,0x00000000d5880000)
  to   space 512K, 0% used [0x00000000d5780000,0x00000000d5780000,0x00000000d5800000)
 ParOldGen       total 675840K, used 675650K [0x0000000080000000, 0x00000000a9400000, 0x00000000d5580000)
  object space 675840K, 99% used [0x0000000080000000,0x00000000a93d0828,0x00000000a9400000)
 Metaspace       used 70386K, committed 72064K, reserved 1114112K
  class space    used 7591K, committed 8320K, reserved 1048576K
}
Event: 20602.907 GC heap after
{Heap after GC invocations=1204 (full 3):
 PSYoungGen      total 2048K, used 320K [0x00000000d5580000, 0x00000000d5880000, 0x0000000100000000)
  eden space 1536K, 0% used [0x00000000d5580000,0x00000000d5580000,0x00000000d5700000)
  from space 512K, 62% used [0x00000000d5780000,0x00000000d57d0000,0x00000000d5800000)
  to   space 512K, 0% used [0x00000000d5800000,0x00000000d5800000,0x00000000d5880000)
 ParOldGen       total 675840K, used 675762K [0x0000000080000000, 0x00000000a9400000, 0x00000000d5580000)
  object space 675840K, 99% used [0x0000000080000000,0x00000000a93ec828,0x00000000a9400000)
 Metaspace       used 70386K, committed 72064K, reserved 1114112K
  class space    used 7591K, committed 8320K, reserved 1048576K
}

Dll operation events (14 events):
Event: 0.032 Loaded shared library c:\Users\Moorthy\.vscode\extensions\redhat.java-1.54.0-win32-x64\jre\21.0.10-win32-x86_64\bin\java.dll
Event: 0.138 Loaded shared library c:\Users\Moorthy\.vscode\extensions\redhat.java-1.54.0-win32-x64\jre\21.0.10-win32-x86_64\bin\zip.dll
Event: 0.169 Loaded shared library C:\Users\Moorthy\.vscode\extensions\redhat.java-1.54.0-win32-x64\jre\21.0.10-win32-x86_64\bin\instrument.dll
Event: 0.179 Loaded shared library C:\Users\Moorthy\.vscode\extensions\redhat.java-1.54.0-win32-x64\jre\21.0.10-win32-x86_64\bin\net.dll
Event: 0.185 Loaded shared library C:\Users\Moorthy\.vscode\extensions\redhat.java-1.54.0-win32-x64\jre\21.0.10-win32-x86_64\bin\nio.dll
Event: 0.191 Loaded shared library C:\Users\Moorthy\.vscode\extensions\redhat.java-1.54.0-win32-x64\jre\21.0.10-win32-x86_64\bin\zip.dll
Event: 0.215 Loaded shared library C:\Users\Moorthy\.vscode\extensions\redhat.java-1.54.0-win32-x64\jre\21.0.10-win32-x86_64\bin\jimage.dll
Event: 0.359 Loaded shared library c:\Users\Moorthy\.vscode\extensions\redhat.java-1.54.0-win32-x64\jre\21.0.10-win32-x86_64\bin\verify.dll
Event: 2.471 Loaded shared library C:\Users\Moorthy\AppData\Roaming\Code\User\globalStorage\redhat.java\1.54.0\config_win\org.eclipse.equinox.launcher\org.eclipse.equinox.launcher.win32.win32.x86_64_1.3.0.v20260203-2149\eclipse_11919.dll
Event: 7.231 Loaded shared library C:\Users\Moorthy\.vscode\extensions\redhat.java-1.54.0-win32-x64\jre\21.0.10-win32-x86_64\bin\management.dll
Event: 7.240 Loaded shared library C:\Users\Moorthy\.vscode\extensions\redhat.java-1.54.0-win32-x64\jre\21.0.10-win32-x86_64\bin\management_ext.dll
Event: 10.673 Loaded shared library C:\Users\Moorthy\AppData\Local\Temp\jna--1392803008\jna6277415624426500387.dll
Event: 11.534 Loaded shared library C:\Users\Moorthy\.vscode\extensions\redhat.java-1.54.0-win32-x64\jre\21.0.10-win32-x86_64\bin\sunmscapi.dll
Event: 22.830 Loaded shared library C:\Users\Moorthy\.vscode\extensions\redhat.java-1.54.0-win32-x64\jre\21.0.10-win32-x86_64\bin\extnet.dll

Deoptimization events (20 events):
Event: 19700.522 Thread 0x000001eb6d58ffa0 Uncommon trap: trap_request=0xffffffde fr.pc=0x000001eb19f1f8dc relative=0x0000000000000b9c
Event: 19700.522 Thread 0x000001eb6d58ffa0 Uncommon trap: reason=class_check action=maybe_recompile pc=0x000001eb19f1f8dc method=java.io.DataOutputStream.write([BII)V @ 7 c2
Event: 19700.522 Thread 0x000001eb6d58ffa0 DEOPT PACKING pc=0x000001eb19f1f8dc sp=0x0000000f192feee0
Event: 19700.523 Thread 0x000001eb6d58ffa0 DEOPT UNPACKING pc=0x000001eb193a3aa2 sp=0x0000000f192fee10 mode 2
Event: 19700.524 Thread 0x000001eb6d58ffa0 Uncommon trap: trap_request=0xffffffde fr.pc=0x000001eb19f1f8dc relative=0x0000000000000b9c
Event: 19700.524 Thread 0x000001eb6d58ffa0 Uncommon trap: reason=class_check action=maybe_recompile pc=0x000001eb19f1f8dc method=java.io.DataOutputStream.write([BII)V @ 7 c2
Event: 19700.524 Thread 0x000001eb6d58ffa0 DEOPT PACKING pc=0x000001eb19f1f8dc sp=0x0000000f192fee20
Event: 19700.524 Thread 0x000001eb6d58ffa0 DEOPT UNPACKING pc=0x000001eb193a3aa2 sp=0x0000000f192fed50 mode 2
Event: 19700.524 Thread 0x000001eb6d58ffa0 Uncommon trap: trap_request=0xffffffde fr.pc=0x000001eb19f1f8dc relative=0x0000000000000b9c
Event: 19700.525 Thread 0x000001eb6d58ffa0 Uncommon trap: reason=class_check action=maybe_recompile pc=0x000001eb19f1f8dc method=java.io.DataOutputStream.write([BII)V @ 7 c2
Event: 19700.525 Thread 0x000001eb6d58ffa0 DEOPT PACKING pc=0x000001eb19f1f8dc sp=0x0000000f192fed70
Event: 19700.525 Thread 0x000001eb6d58ffa0 DEOPT UNPACKING pc=0x000001eb193a3aa2 sp=0x0000000f192feca0 mode 2
Event: 19700.525 Thread 0x000001eb6d58ffa0 Uncommon trap: trap_request=0xffffffde fr.pc=0x000001eb19f1f8dc relative=0x0000000000000b9c
Event: 19700.525 Thread 0x000001eb6d58ffa0 Uncommon trap: reason=class_check action=maybe_recompile pc=0x000001eb19f1f8dc method=java.io.DataOutputStream.write([BII)V @ 7 c2
Event: 19700.525 Thread 0x000001eb6d58ffa0 DEOPT PACKING pc=0x000001eb19f1f8dc sp=0x0000000f192fecb0
Event: 19700.525 Thread 0x000001eb6d58ffa0 DEOPT UNPACKING pc=0x000001eb193a3aa2 sp=0x0000000f192febe0 mode 2
Event: 19700.709 Thread 0x000001eb6d58ffa0 Uncommon trap: trap_request=0xffffffde fr.pc=0x000001eb19f1485c relative=0x0000000000000cfc
Event: 19700.709 Thread 0x000001eb6d58ffa0 Uncommon trap: reason=class_check action=maybe_recompile pc=0x000001eb19f1485c method=java.io.DataOutputStream.write([BII)V @ 7 c2
Event: 19700.710 Thread 0x000001eb6d58ffa0 DEOPT PACKING pc=0x000001eb19f1485c sp=0x0000000f192feb40
Event: 19700.710 Thread 0x000001eb6d58ffa0 DEOPT UNPACKING pc=0x000001eb193a3aa2 sp=0x0000000f192fea60 mode 2

Classes loaded (20 events):
Event: 32.918 Loading class com/sun/org/apache/xerces/internal/xni/parser/XMLParseException
Event: 32.918 Loading class com/sun/org/apache/xerces/internal/xni/parser/XMLParseException done
Event: 32.987 Loading class java/util/stream/ReduceOps$4
Event: 32.987 Loading class java/util/stream/ReduceOps$4 done
Event: 32.988 Loading class java/util/stream/ReduceOps$4ReducingSink
Event: 32.988 Loading class java/util/stream/ReduceOps$4ReducingSink done
Event: 32.991 Loading class java/nio/file/Files$2
Event: 32.991 Loading class java/nio/file/Files$2 done
Event: 33.592 Loading class java/util/stream/ReferencePipeline$4
Event: 33.593 Loading class java/util/stream/ReferencePipeline$4 done
Event: 33.594 Loading class java/util/stream/Nodes$IntFixedNodeBuilder
Event: 33.594 Loading class java/util/stream/Node$Builder$OfInt
Event: 33.594 Loading class java/util/stream/Node$Builder$OfInt done
Event: 33.594 Loading class java/util/stream/Nodes$IntArrayNode
Event: 33.595 Loading class java/util/stream/Nodes$IntArrayNode done
Event: 33.595 Loading class java/util/stream/Nodes$IntFixedNodeBuilder done
Event: 33.595 Loading class java/util/stream/ReferencePipeline$4$1
Event: 33.596 Loading class java/util/stream/ReferencePipeline$4$1 done
Event: 96.646 Loading class java/util/Hashtable$ValueCollection
Event: 96.649 Loading class java/util/Hashtable$ValueCollection done

Classes unloaded (20 events):
Event: 8.808 Thread 0x000001eb0ecc2b90 Unloading class 0x000001eb271ae800 'java/lang/invoke/LambdaForm$MH+0x000001eb271ae800'
Event: 8.808 Thread 0x000001eb0ecc2b90 Unloading class 0x000001eb271ae400 'java/lang/invoke/LambdaForm$BMH+0x000001eb271ae400'
Event: 8.808 Thread 0x000001eb0ecc2b90 Unloading class 0x000001eb271ae000 'java/lang/invoke/LambdaForm$DMH+0x000001eb271ae000'
Event: 8.808 Thread 0x000001eb0ecc2b90 Unloading class 0x000001eb271acc00 'java/lang/invoke/LambdaForm$DMH+0x000001eb271acc00'
Event: 11.169 Thread 0x000001eb0ecc2b90 Unloading class 0x000001eb272ea400 'java/lang/invoke/LambdaForm$MH+0x000001eb272ea400'
Event: 11.169 Thread 0x000001eb0ecc2b90 Unloading class 0x000001eb272e9c00 'java/lang/invoke/LambdaForm$MH+0x000001eb272e9c00'
Event: 11.169 Thread 0x000001eb0ecc2b90 Unloading class 0x000001eb272e9400 'java/lang/invoke/LambdaForm$MH+0x000001eb272e9400'
Event: 11.169 Thread 0x000001eb0ecc2b90 Unloading class 0x000001eb272e8c00 'java/lang/invoke/LambdaForm$MH+0x000001eb272e8c00'
Event: 11.169 Thread 0x000001eb0ecc2b90 Unloading class 0x000001eb272e8800 'java/lang/invoke/LambdaForm$DMH+0x000001eb272e8800'
Event: 11.169 Thread 0x000001eb0ecc2b90 Unloading class 0x000001eb272e4800 'java/lang/invoke/LambdaForm$MH+0x000001eb272e4800'
Event: 11.169 Thread 0x000001eb0ecc2b90 Unloading class 0x000001eb272e4000 'java/lang/invoke/LambdaForm$MH+0x000001eb272e4000'
Event: 11.169 Thread 0x000001eb0ecc2b90 Unloading class 0x000001eb272e3800 'java/lang/invoke/LambdaForm$MH+0x000001eb272e3800'
Event: 11.169 Thread 0x000001eb0ecc2b90 Unloading class 0x000001eb272e3000 'java/lang/invoke/LambdaForm$MH+0x000001eb272e3000'
Event: 11.169 Thread 0x000001eb0ecc2b90 Unloading class 0x000001eb272e2800 'java/lang/invoke/LambdaForm$MH+0x000001eb272e2800'
Event: 11.169 Thread 0x000001eb0ecc2b90 Unloading class 0x000001eb272e2000 'java/lang/invoke/LambdaForm$MH+0x000001eb272e2000'
Event: 11.169 Thread 0x000001eb0ecc2b90 Unloading class 0x000001eb272e1800 'java/lang/invoke/LambdaForm$MH+0x000001eb272e1800'
Event: 26.611 Thread 0x000001eb0ecc2b90 Unloading class 0x000001eb275eac00 'java/lang/invoke/LambdaForm$DMH+0x000001eb275eac00'
Event: 26.611 Thread 0x000001eb0ecc2b90 Unloading class 0x000001eb275ea800 'java/lang/invoke/LambdaForm$DMH+0x000001eb275ea800'
Event: 26.611 Thread 0x000001eb0ecc2b90 Unloading class 0x000001eb275ea400 'java/lang/invoke/LambdaForm$DMH+0x000001eb275ea400'
Event: 26.611 Thread 0x000001eb0ecc2b90 Unloading class 0x000001eb275ea000 'java/lang/invoke/LambdaForm$DMH+0x000001eb275ea000'

Classes redefined (0 events):
No events

Internal exceptions (20 events):
Event: 95.109 Thread 0x000001eb67c55ae0 Exception <a 'sun/nio/fs/WindowsException'{0x00000000d563a8e8}> (0x00000000d563a8e8) 
thrown [s\src\hotspot\share\prims\jni.cpp, line 520]
Event: 95.110 Thread 0x000001eb67c55ae0 Exception <a 'sun/nio/fs/WindowsException'{0x00000000d563f828}> (0x00000000d563f828) 
thrown [s\src\hotspot\share\prims\jni.cpp, line 520]
Event: 95.111 Thread 0x000001eb67c55ae0 Exception <a 'sun/nio/fs/WindowsException'{0x00000000d5640458}> (0x00000000d5640458) 
thrown [s\src\hotspot\share\prims\jni.cpp, line 520]
Event: 95.112 Thread 0x000001eb67c55ae0 Exception <a 'sun/nio/fs/WindowsException'{0x00000000d5648730}> (0x00000000d5648730) 
thrown [s\src\hotspot\share\prims\jni.cpp, line 520]
Event: 95.113 Thread 0x000001eb67c55ae0 Exception <a 'sun/nio/fs/WindowsException'{0x00000000d564b030}> (0x00000000d564b030) 
thrown [s\src\hotspot\share\prims\jni.cpp, line 520]
Event: 95.114 Thread 0x000001eb67c55ae0 Exception <a 'sun/nio/fs/WindowsException'{0x00000000d5654258}> (0x00000000d5654258) 
thrown [s\src\hotspot\share\prims\jni.cpp, line 520]
Event: 95.115 Thread 0x000001eb67c55ae0 Exception <a 'sun/nio/fs/WindowsException'{0x00000000d5654eb8}> (0x00000000d5654eb8) 
thrown [s\src\hotspot\share\prims\jni.cpp, line 520]
Event: 95.116 Thread 0x000001eb67c55ae0 Exception <a 'sun/nio/fs/WindowsException'{0x00000000d5666fa0}> (0x00000000d5666fa0) 
thrown [s\src\hotspot\share\prims\jni.cpp, line 520]
Event: 95.117 Thread 0x000001eb67c55ae0 Exception <a 'sun/nio/fs/WindowsException'{0x00000000d56694a0}> (0x00000000d56694a0) 
thrown [s\src\hotspot\share\prims\jni.cpp, line 520]
Event: 95.118 Thread 0x000001eb67c55ae0 Exception <a 'sun/nio/fs/WindowsException'{0x00000000d5674c48}> (0x00000000d5674c48) 
thrown [s\src\hotspot\share\prims\jni.cpp, line 520]
Event: 95.119 Thread 0x000001eb67c55ae0 Exception <a 'sun/nio/fs/WindowsException'{0x00000000d5675850}> (0x00000000d5675850) 
thrown [s\src\hotspot\share\prims\jni.cpp, line 520]
Event: 95.125 Thread 0x000001eb67c55ae0 Exception <a 'sun/nio/fs/WindowsException'{0x00000000d5583fa0}> (0x00000000d5583fa0) 
thrown [s\src\hotspot\share\prims\jni.cpp, line 520]
Event: 95.125 Thread 0x000001eb67c55ae0 Exception <a 'sun/nio/fs/WindowsException'{0x00000000d5586830}> (0x00000000d5586830) 
thrown [s\src\hotspot\share\prims\jni.cpp, line 520]
Event: 95.134 Thread 0x000001eb713b1a00 Exception <a 'java/lang/IncompatibleClassChangeError'{0x00000000d5599cd8}: Found class java.lang.Object, but interface was expected> (0x00000000d5599cd8) 
thrown [s\src\hotspot\share\interpreter\linkResolver.cpp, line 840]
Event: 95.173 Thread 0x000001eb713b47f0 Implicit null exception at 0x000001eb19f4774e to 0x000001eb19f47cd4
Event: 95.173 Thread 0x000001eb713b1a00 Implicit null exception at 0x000001eb19f4774e to 0x000001eb19f47cd4
Event: 96.185 Thread 0x000001eb713b1a00 Implicit null exception at 0x000001eb1a248bd0 to 0x000001eb1a24ac2c
Event: 96.473 Thread 0x000001eb713b1a00 Exception <a 'java/lang/LinkageError'{0x00000000d5599428}: loader lombok.launch.ShadowClassLoader @3449e42d attempted duplicate class definition for lombok.launch.PatchFixesHider$FieldInitializer. (lombok.launch.PatchFixesHider$FieldInitializer is in unnamed module of loader lombok.launch.ShadowClassLoader @3449e42d, parent loader org.eclipse.osgi.internal.loader.EquinoxClassLoader @30cb6bb2)> (0x00000000d5599428) 
thrown [s\src\hotspot\share\classfile\systemDictionary.cpp, line 1672]
Event: 19698.189 Thread 0x000001eb6d58ffa0 Exception <a 'sun/nio/fs/WindowsException'{0x00000000d568f180}> (0x00000000d568f180) 
thrown [s\src\hotspot\share\prims\jni.cpp, line 520]
Event: 19698.227 Thread 0x000001eb6d58ffa0 Exception <a 'sun/nio/fs/WindowsException'{0x00000000d568fda8}> (0x00000000d568fda8) 
thrown [s\src\hotspot\share\prims\jni.cpp, line 520]

ZGC Phase Switch (0 events):
No events

VM Operations (20 events):
Event: 25729.863 Executing non-safepoint VM operation: HandshakeAllThreads (HandshakeForDeflation) done
Event: 25729.863 Executing non-safepoint VM operation: RendezvousGCThreads
Event: 25729.863 Executing non-safepoint VM operation: RendezvousGCThreads done
Event: 26360.736 Executing non-safepoint VM operation: HandshakeAllThreads (HandshakeForDeflation)
Event: 26360.792 Executing non-safepoint VM operation: HandshakeAllThreads (HandshakeForDeflation) done
Event: 26360.794 Executing non-safepoint VM operation: RendezvousGCThreads
Event: 26360.798 Executing non-safepoint VM operation: RendezvousGCThreads done
Event: 26420.243 Executing non-safepoint VM operation: HandshakeAllThreads (HandshakeForDeflation)
Event: 26420.255 Executing non-safepoint VM operation: HandshakeAllThreads (HandshakeForDeflation) done
Event: 26420.256 Executing non-safepoint VM operation: RendezvousGCThreads
Event: 26420.257 Executing non-safepoint VM operation: RendezvousGCThreads done
Event: 26480.499 Executing non-safepoint VM operation: HandshakeAllThreads (HandshakeForDeflation)
Event: 26480.508 Executing non-safepoint VM operation: HandshakeAllThreads (HandshakeForDeflation) done
Event: 26480.509 Executing non-safepoint VM operation: RendezvousGCThreads
Event: 26480.509 Executing non-safepoint VM operation: RendezvousGCThreads done
Event: 26540.719 Executing non-safepoint VM operation: HandshakeAllThreads (HandshakeForDeflation)
Event: 26540.732 Executing non-safepoint VM operation: HandshakeAllThreads (HandshakeForDeflation) done
Event: 26540.733 Executing non-safepoint VM operation: RendezvousGCThreads
Event: 26540.733 Executing non-safepoint VM operation: RendezvousGCThreads done
Event: 26600.750 Executing non-safepoint VM operation: HandshakeAllThreads (HandshakeForDeflation)

Memory protections (0 events):
No events

Nmethod flushes (20 events):
Event: 26.661 Thread 0x000001eb0ecc2b90 flushing  nmethod 0x000001eb126d6190
Event: 26.661 Thread 0x000001eb0ecc2b90 flushing  nmethod 0x000001eb126d6510
Event: 26.661 Thread 0x000001eb0ecc2b90 flushing  nmethod 0x000001eb126d6a90
Event: 26.661 Thread 0x000001eb0ecc2b90 flushing  nmethod 0x000001eb126d6e90
Event: 26.661 Thread 0x000001eb0ecc2b90 flushing  nmethod 0x000001eb126d9e90
Event: 26.661 Thread 0x000001eb0ecc2b90 flushing  nmethod 0x000001eb126da290
Event: 26.661 Thread 0x000001eb0ecc2b90 flushing  nmethod 0x000001eb126dc310
Event: 26.661 Thread 0x000001eb0ecc2b90 flushing  nmethod 0x000001eb126dc710
Event: 26.661 Thread 0x000001eb0ecc2b90 flushing  nmethod 0x000001eb126dcb90
Event: 26.661 Thread 0x000001eb0ecc2b90 flushing  nmethod 0x000001eb126dd190
Event: 26.661 Thread 0x000001eb0ecc2b90 flushing  nmethod 0x000001eb126dd790
Event: 26.661 Thread 0x000001eb0ecc2b90 flushing  nmethod 0x000001eb126ddb90
Event: 26.661 Thread 0x000001eb0ecc2b90 flushing  nmethod 0x000001eb126de610
Event: 26.661 Thread 0x000001eb0ecc2b90 flushing  nmethod 0x000001eb126f2690
Event: 26.661 Thread 0x000001eb0ecc2b90 flushing  nmethod 0x000001eb12708d90
Event: 26.661 Thread 0x000001eb0ecc2b90 flushing  nmethod 0x000001eb1270ab90
Event: 26.661 Thread 0x000001eb0ecc2b90 flushing  nmethod 0x000001eb1270b190
Event: 26.661 Thread 0x000001eb0ecc2b90 flushing  nmethod 0x000001eb12715110
Event: 26.661 Thread 0x000001eb0ecc2b90 flushing  nmethod 0x000001eb12719110
Event: 26.661 Thread 0x000001eb0ecc2b90 flushing  nmethod 0x000001eb12727d90

Events (20 events):
Event: 92.308 Thread 0x000001eb67c53a10 Thread added: 0x000001eb67c57520
Event: 92.313 Thread 0x000001eb67c51fd0 Thread added: 0x000001eb67c56170
Event: 93.364 Thread 0x000001eb6d590630 Thread exited: 0x000001eb6d590630
Event: 157.304 Thread 0x000001eb67c55ae0 Thread exited: 0x000001eb67c55ae0
Event: 157.305 Thread 0x000001eb6d592700 Thread exited: 0x000001eb6d592700
Event: 19627.586 Thread 0x000001eb713b47f0 Thread exited: 0x000001eb713b47f0
Event: 19685.201 Thread 0x000001eb713b1a00 Thread exited: 0x000001eb713b1a00
Event: 19686.824 Thread 0x000001eb6d58ffa0 Thread added: 0x000001eb67c56800
Event: 19690.005 Thread 0x000001eb67c56800 Thread exited: 0x000001eb67c56800
Event: 19698.362 Thread 0x000001eb6d58ffa0 Thread added: 0x000001eb67c54730
Event: 19698.376 Thread 0x000001eb67c54730 Thread exited: 0x000001eb67c54730
Event: 19743.859 Thread 0x000001eb67c53a10 Thread exited: 0x000001eb67c53a10
Event: 19763.207 Thread 0x000001eb6e692c70 Thread exited: 0x000001eb6e692c70
Event: 19804.163 Thread 0x000001eb67c57520 Thread exited: 0x000001eb67c57520
Event: 19864.029 Thread 0x000001eb713ad1d0 Thread exited: 0x000001eb713ad1d0
Event: 19924.019 Thread 0x000001eb67c55450 Thread exited: 0x000001eb67c55450
Event: 19984.038 Thread 0x000001eb67c51fd0 Thread exited: 0x000001eb67c51fd0
Event: 20044.070 Thread 0x000001eb67c52660 Thread exited: 0x000001eb67c52660
Event: 20104.092 Thread 0x000001eb713b1370 Thread exited: 0x000001eb713b1370
Event: 20164.092 Thread 0x000001eb67c56170 Thread exited: 0x000001eb67c56170


Dynamic libraries:
0x00007ff6c6b70000 - 0x00007ff6c6b7e000 	c:\Users\Moorthy\.vscode\extensions\redhat.java-1.54.0-win32-x64\jre\21.0.10-win32-x86_64\bin\java.exe
0x00007ffa2cb80000 - 0x00007ffa2cde6000 	C:\WINDOWS\SYSTEM32\ntdll.dll
0x00007ffa2b9b0000 - 0x00007ffa2ba79000 	C:\WINDOWS\System32\KERNEL32.DLL
0x00007ffa2a2c0000 - 0x00007ffa2a6ba000 	C:\WINDOWS\System32\KERNELBASE.dll
0x00007ffa2a6c0000 - 0x00007ffa2a80c000 	C:\WINDOWS\System32\ucrtbase.dll
0x00007ff9f7e20000 - 0x00007ff9f7e3e000 	c:\Users\Moorthy\.vscode\extensions\redhat.java-1.54.0-win32-x64\jre\21.0.10-win32-x86_64\bin\VCRUNTIME140.dll
0x00007ffa209d0000 - 0x00007ffa209e8000 	c:\Users\Moorthy\.vscode\extensions\redhat.java-1.54.0-win32-x64\jre\21.0.10-win32-x86_64\bin\jli.dll
0x00007ffa2c970000 - 0x00007ffa2cb37000 	C:\WINDOWS\System32\USER32.dll
0x00007ffa2a810000 - 0x00007ffa2a837000 	C:\WINDOWS\System32\win32u.dll
0x00007ffa2abe0000 - 0x00007ffa2ac0b000 	C:\WINDOWS\System32\GDI32.dll
0x00007ffa10a50000 - 0x00007ffa10ce2000 	C:\WINDOWS\WinSxS\amd64_microsoft.windows.common-controls_6595b64144ccf1df_6.0.26100.8521_none_3e08b75ce33403b3\COMCTL32.dll
0x00007ffa29e10000 - 0x00007ffa29f3b000 	C:\WINDOWS\System32\gdi32full.dll
0x00007ffa2b630000 - 0x00007ffa2b6d9000 	C:\WINDOWS\System32\msvcrt.dll
0x00007ffa2a840000 - 0x00007ffa2a8e3000 	C:\WINDOWS\System32\msvcp_win.dll
0x00007ffa2baf0000 - 0x00007ffa2bb22000 	C:\WINDOWS\System32\IMM32.DLL
0x00007ffa19490000 - 0x00007ffa1949c000 	c:\Users\Moorthy\.vscode\extensions\redhat.java-1.54.0-win32-x64\jre\21.0.10-win32-x86_64\bin\vcruntime140_1.dll
0x00007ff999dc0000 - 0x00007ff999e4d000 	c:\Users\Moorthy\.vscode\extensions\redhat.java-1.54.0-win32-x64\jre\21.0.10-win32-x86_64\bin\msvcp140.dll
0x00007ff92a120000 - 0x00007ff92aec1000 	c:\Users\Moorthy\.vscode\extensions\redhat.java-1.54.0-win32-x64\jre\21.0.10-win32-x86_64\bin\server\jvm.dll
0x00007ffa2bb30000 - 0x00007ffa2bbe6000 	C:\WINDOWS\System32\ADVAPI32.dll
0x00007ffa2b720000 - 0x00007ffa2b7ca000 	C:\WINDOWS\System32\sechost.dll
0x00007ffa2bbf0000 - 0x00007ffa2bd08000 	C:\WINDOWS\System32\RPCRT4.dll
0x00007ffa2bd10000 - 0x00007ffa2bd90000 	C:\WINDOWS\System32\WS2_32.dll
0x00007ffa0eb60000 - 0x00007ffa0eb6b000 	C:\WINDOWS\SYSTEM32\VERSION.dll
0x00007ffa289e0000 - 0x00007ffa28a3e000 	C:\WINDOWS\SYSTEM32\POWRPROF.dll
0x00007ffa24420000 - 0x00007ffa24456000 	C:\WINDOWS\SYSTEM32\WINMM.dll
0x00007ffa289b0000 - 0x00007ffa289c4000 	C:\WINDOWS\SYSTEM32\UMPDC.dll
0x00007ffa28c00000 - 0x00007ffa28c1b000 	C:\WINDOWS\SYSTEM32\kernel.appcore.dll
0x00007ffa181a0000 - 0x00007ffa181aa000 	c:\Users\Moorthy\.vscode\extensions\redhat.java-1.54.0-win32-x64\jre\21.0.10-win32-x86_64\bin\jimage.dll
0x00007ffa27410000 - 0x00007ffa27652000 	C:\WINDOWS\SYSTEM32\DBGHELP.DLL
0x00007ffa2bea0000 - 0x00007ffa2c223000 	C:\WINDOWS\System32\combase.dll
0x00007ffa2adc0000 - 0x00007ffa2ae99000 	C:\WINDOWS\System32\OLEAUT32.dll
0x00007ffa24070000 - 0x00007ffa240ab000 	C:\WINDOWS\SYSTEM32\dbgcore.DLL
0x00007ffa2a150000 - 0x00007ffa2a1f8000 	C:\WINDOWS\System32\bcryptPrimitives.dll
0x00007ffa16100000 - 0x00007ffa1610f000 	c:\Users\Moorthy\.vscode\extensions\redhat.java-1.54.0-win32-x64\jre\21.0.10-win32-x86_64\bin\instrument.dll
0x00007ff9f7e00000 - 0x00007ff9f7e20000 	c:\Users\Moorthy\.vscode\extensions\redhat.java-1.54.0-win32-x64\jre\21.0.10-win32-x86_64\bin\java.dll
0x00007ffa2aea0000 - 0x00007ffa2b624000 	C:\WINDOWS\System32\SHELL32.dll
0x00007ffa279a0000 - 0x00007ffa28220000 	C:\WINDOWS\SYSTEM32\windows.storage.dll
0x00007ffa2bda0000 - 0x00007ffa2be96000 	C:\WINDOWS\System32\SHCORE.dll
0x00007ffa2ba80000 - 0x00007ffa2bae7000 	C:\WINDOWS\System32\shlwapi.dll
0x00007ffa29d30000 - 0x00007ffa29d59000 	C:\WINDOWS\SYSTEM32\profapi.dll
0x00007ff9f7d80000 - 0x00007ff9f7d98000 	c:\Users\Moorthy\.vscode\extensions\redhat.java-1.54.0-win32-x64\jre\21.0.10-win32-x86_64\bin\zip.dll
0x00007ffa0e440000 - 0x00007ffa0e450000 	C:\Users\Moorthy\.vscode\extensions\redhat.java-1.54.0-win32-x64\jre\21.0.10-win32-x86_64\bin\net.dll
0x00007ffa16e10000 - 0x00007ffa16f39000 	C:\WINDOWS\SYSTEM32\WINHTTP.dll
0x00007ffa29230000 - 0x00007ffa2929c000 	C:\WINDOWS\system32\mswsock.dll
0x00007ff9f7720000 - 0x00007ff9f7736000 	C:\Users\Moorthy\.vscode\extensions\redhat.java-1.54.0-win32-x64\jre\21.0.10-win32-x86_64\bin\nio.dll
0x00007ffa0e3e0000 - 0x00007ffa0e3f0000 	c:\Users\Moorthy\.vscode\extensions\redhat.java-1.54.0-win32-x64\jre\21.0.10-win32-x86_64\bin\verify.dll
0x00007ff984fd0000 - 0x00007ff985015000 	C:\Users\Moorthy\AppData\Roaming\Code\User\globalStorage\redhat.java\1.54.0\config_win\org.eclipse.equinox.launcher\org.eclipse.equinox.launcher.win32.win32.x86_64_1.3.0.v20260203-2149\eclipse_11919.dll
0x00007ffa2c340000 - 0x00007ffa2c4d8000 	C:\WINDOWS\System32\ole32.dll
0x00007ff9f7ea0000 - 0x00007ff9f7eaa000 	C:\Users\Moorthy\.vscode\extensions\redhat.java-1.54.0-win32-x64\jre\21.0.10-win32-x86_64\bin\management.dll
0x00007ff9f7d50000 - 0x00007ff9f7d5c000 	C:\Users\Moorthy\.vscode\extensions\redhat.java-1.54.0-win32-x64\jre\21.0.10-win32-x86_64\bin\management_ext.dll
0x00007ffa2b710000 - 0x00007ffa2b718000 	C:\WINDOWS\System32\PSAPI.DLL
0x00007ffa29510000 - 0x00007ffa2952b000 	C:\WINDOWS\SYSTEM32\CRYPTSP.dll
0x00007ffa28c40000 - 0x00007ffa28c79000 	C:\WINDOWS\system32\rsaenh.dll
0x00007ffa292e0000 - 0x00007ffa29313000 	C:\WINDOWS\SYSTEM32\USERENV.dll
0x00007ffa29d00000 - 0x00007ffa29d2a000 	C:\WINDOWS\SYSTEM32\bcrypt.dll
0x00007ffa29530000 - 0x00007ffa2953c000 	C:\WINDOWS\SYSTEM32\CRYPTBASE.dll
0x00007ffa28720000 - 0x00007ffa28753000 	C:\WINDOWS\SYSTEM32\IPHLPAPI.DLL
0x00007ffa2abd0000 - 0x00007ffa2abda000 	C:\WINDOWS\System32\NSI.dll
0x00007ff9822a0000 - 0x00007ff9822e9000 	C:\Users\Moorthy\AppData\Local\Temp\jna--1392803008\jna6277415624426500387.dll
0x00007ffa18080000 - 0x00007ffa1809d000 	C:\WINDOWS\SYSTEM32\dhcpcsvc6.DLL
0x00007ffa16f40000 - 0x00007ffa16f65000 	C:\WINDOWS\SYSTEM32\dhcpcsvc.DLL
0x00007ff9f7bf0000 - 0x00007ff9f7bfe000 	C:\Users\Moorthy\.vscode\extensions\redhat.java-1.54.0-win32-x64\jre\21.0.10-win32-x86_64\bin\sunmscapi.dll
0x00007ffa29f40000 - 0x00007ffa2a0b8000 	C:\WINDOWS\System32\CRYPT32.dll
0x00007ffa29730000 - 0x00007ffa29760000 	C:\WINDOWS\SYSTEM32\ncrypt.dll
0x00007ffa296e0000 - 0x00007ffa2971f000 	C:\WINDOWS\SYSTEM32\NTASN1.dll
0x00007ffa28760000 - 0x00007ffa288aa000 	C:\WINDOWS\SYSTEM32\DNSAPI.dll
0x00007ffa29030000 - 0x00007ffa2903d000 	C:\WINDOWS\SYSTEM32\DSPARSE.dll
0x00007ffa18070000 - 0x00007ffa1807b000 	C:\Windows\System32\rasadhlp.dll
0x00007ff9f7b80000 - 0x00007ff9f7b89000 	C:\Users\Moorthy\.vscode\extensions\redhat.java-1.54.0-win32-x64\jre\21.0.10-win32-x86_64\bin\extnet.dll

JVMTI agents:
c:\Users\Moorthy\.vscode\extensions\redhat.java-1.54.0-win32-x64\lombok\lombok-1.18.39-4050.jar path:c:\Users\Moorthy\.vscode\extensions\redhat.java-1.54.0-win32-x64\jre\21.0.10-win32-x86_64\bin\instrument.dll, loaded, initialized, instrumentlib options:none

dbghelp: loaded successfully - version: 4.0.5 - missing functions: none
symbol engine: initialized successfully - sym options: 0x614 - pdb path: .;c:\Users\Moorthy\.vscode\extensions\redhat.java-1.54.0-win32-x64\jre\21.0.10-win32-x86_64\bin;C:\WINDOWS\SYSTEM32;C:\WINDOWS\WinSxS\amd64_microsoft.windows.common-controls_6595b64144ccf1df_6.0.26100.8521_none_3e08b75ce33403b3;c:\Users\Moorthy\.vscode\extensions\redhat.java-1.54.0-win32-x64\jre\21.0.10-win32-x86_64\bin\server;C:\Users\Moorthy\AppData\Roaming\Code\User\globalStorage\redhat.java\1.54.0\config_win\org.eclipse.equinox.launcher\org.eclipse.equinox.launcher.win32.win32.x86_64_1.3.0.v20260203-2149;C:\Users\Moorthy\AppData\Local\Temp\jna--1392803008

VM Arguments:
jvm_args: --add-modules=ALL-SYSTEM --add-opens=java.base/java.util=ALL-UNNAMED --add-opens=java.base/java.lang=ALL-UNNAMED --add-opens=java.base/sun.nio.fs=ALL-UNNAMED -Declipse.application=org.eclipse.jdt.ls.core.id1 -Dosgi.bundles.defaultStartLevel=4 -Declipse.product=org.eclipse.jdt.ls.core.product -Djava.import.generatesMetadataFilesAtProjectRoot=false -DDetectVMInstallationsJob.disabled=true -Dfile.encoding=utf8 -XX:+UseParallelGC -XX:GCTimeRatio=4 -XX:AdaptiveSizePolicyWeight=90 -Dsun.zip.disableMemoryMapping=true -Xmx2G -Xms100m -Xlog:disable -javaagent:c:\Users\Moorthy\.vscode\extensions\redhat.java-1.54.0-win32-x64\lombok\lombok-1.18.39-4050.jar -XX:+HeapDumpOnOutOfMemoryError -XX:HeapDumpPath=c:\Users\Moorthy\AppData\Roaming\Code\User\workspaceStorage\c55876d65a5581e5b025e434a16b3740\redhat.java -Daether.dependencyCollector.impl=bf 
java_command: c:\Users\Moorthy\.vscode\extensions\redhat.java-1.54.0-win32-x64\server\plugins\org.eclipse.equinox.launcher_1.7.100.v20251111-0406.jar -configuration c:\Users\Moorthy\AppData\Roaming\Code\User\globalStorage\redhat.java\1.54.0\config_win -data c:\Users\Moorthy\AppData\Roaming\Code\User\workspaceStorage\c55876d65a5581e5b025e434a16b3740\redhat.java\jdt_ws --pipe=\\.\pipe\lsp-f35ecaea49f193172d5046e52bfccb61-sock
java_class_path (initial): c:\Users\Moorthy\.vscode\extensions\redhat.java-1.54.0-win32-x64\server\plugins\org.eclipse.equinox.launcher_1.7.100.v20251111-0406.jar
Launcher Type: SUN_STANDARD

[Global flags]
    uintx AdaptiveSizePolicyWeight                 = 90                                        {product} {command line}
     intx CICompilerCount                          = 4                                         {product} {ergonomic}
    uintx GCTimeRatio                              = 4                                         {product} {command line}
     bool HeapDumpOnOutOfMemoryError               = true                                   {manageable} {command line}
    ccstr HeapDumpPath                             = c:\Users\Moorthy\AppData\Roaming\Code\User\workspaceStorage\c55876d65a5581e5b025e434a16b3740\redhat.java         {manageable} {command line}
   size_t InitialHeapSize                          = 104857600                                 {product} {command line}
   size_t MaxHeapSize                              = 2147483648                                {product} {command line}
   size_t MaxNewSize                               = 715653120                                 {product} {ergonomic}
   size_t MinHeapDeltaBytes                        = 524288                                    {product} {ergonomic}
   size_t MinHeapSize                              = 104857600                                 {product} {command line}
   size_t NewSize                                  = 34603008                                  {product} {ergonomic}
    uintx NonNMethodCodeHeapSize                   = 5839372                                {pd product} {ergonomic}
    uintx NonProfiledCodeHeapSize                  = 122909434                              {pd product} {ergonomic}
   size_t OldSize                                  = 70254592                                  {product} {ergonomic}
    uintx ProfiledCodeHeapSize                     = 122909434                              {pd product} {ergonomic}
    uintx ReservedCodeCacheSize                    = 251658240                              {pd product} {ergonomic}
     bool SegmentedCodeCache                       = true                                      {product} {ergonomic}
   size_t SoftMaxHeapSize                          = 2147483648                             {manageable} {ergonomic}
     bool UseCompressedOops                        = true                           {product lp64_product} {ergonomic}
     bool UseLargePagesIndividualAllocation        = false                                  {pd product} {ergonomic}
     bool UseParallelGC                            = true                                      {product} {command line}

Logging:
Log output configuration:
 #0: stdout all=off uptime,level,tags foldmultilines=false
 #1: stderr all=off uptime,level,tags foldmultilines=false

Release file:
JAVA_VERSION="21.0.10" 
MODULES="java.base java.compiler java.datatransfer java.xml java.prefs java.desktop java.instrument java.logging java.management java.security.sasl java.naming java.rmi java.management.rmi java.net.http java.scripting java.security.jgss java.transaction.xa java.sql java.sql.rowset java.xml.crypto java.se java.smartcardio jdk.accessibility jdk.internal.jvmstat jdk.attach jdk.charsets jdk.internal.opt jdk.zipfs jdk.compiler jdk.crypto.ec jdk.crypto.cryptoki jdk.crypto.mscapi jdk.dynalink jdk.internal.ed jdk.editpad jdk.hotspot.agent jdk.httpserver jdk.internal.le jdk.internal.vm.ci jdk.internal.vm.compiler jdk.internal.vm.compiler.management jdk.jartool jdk.javadoc jdk.jcmd jdk.management jdk.management.agent jdk.jconsole jdk.jdeps jdk.jdwp.agent jdk.jdi jdk.jfr jdk.jshell jdk.jsobject jdk.jstatd jdk.localedata jdk.management.jfr jdk.naming.dns jdk.naming.rmi jdk.net jdk.nio.mapmode jdk.random jdk.sctp jdk.security.auth jdk.security.jgss jdk.unsupported jdk.unsupported.desktop jdk.xml.dom" 

Environment Variables:
JAVA_HOME=C:\Program Files\Eclipse Adoptium\jdk-17.0.19.10-hotspot
PATH=C:\Program Files\Eclipse Adoptium\jdk-17.0.19.10-hotspot\bin;C:\Program Files\OpenLogic\jdk-8.0.472.08-hotspot\bin;C:\Program Files (x86)\Common Files\Oracle\Java\java8path;C:\Program Files (x86)\Common Files\Oracle\Java\javapath;C:\Program Files\Eclipse Adoptium\jdk-21.0.7.6-hotspot\bin;C:\Mitira\Oracle\product\21c\dbhomeXE\bin;C:\Softwares\Scripts\;C:\Softwares\;C:\WINDOWS\system32;C:\WINDOWS;C:\WINDOWS\System32\Wbem;C:\WINDOWS\System32\WindowsPowerShell\v1.0\;C:\WINDOWS\System32\OpenSSH\;C:\Program Files\dotnet\;C:\Program Files\CMake\bin;C:\Program Files (x86)\Windows Kits\10\Windows Performance Toolkit\;C:\Python27\Tools\Scripts;C:\Python27;C:\JAVA\bin;C:\Program Files\PuTTY\;C:\Program Files\Eclipse Adoptium\jdk-21.0.7.6-hotspot\bin;C:\Program Files\MongoDB\Server\8.2\bin;C:\php;C:\Program Files\nodejs\;C:\Program Files\Git\cmd;C:\Program Files\Perforce\;C:\Users\Moorthy\AppData\Local\Programs\Python\Python314\Scripts\;C:\Users\Moorthy\AppData\Local\Programs\Python\Python314\;C:\Program Files\MySQL\MySQL Shell 8.0\bin\;C:\Users\Moorthy\AppData\Local\Programs\Python\Python312\Scripts\;C:\Users\Moorthy\AppData\Local\Programs\Python\Python312\;C:\Users\Moorthy\AppData\Local\Microsoft\WindowsApps;C:\Users\Moorthy\Downloads\Microsoft VS Code\bin;C:\Program Files\JetBrains\PyCharm 2024.1.4\bin;C:\Users\Moorthy\AppData\Local\JetBrains\Toolbox\scripts;C:\Users\Moorthy\AppData\Local\GitHubDesktop\bin;C:\Users\Moorthy\AppData\Local\gitkraken\bin;C:\Users\Moorthy\AppData\Local\Microsoft\WindowsApps;C:\Users\Moorthy\AppData\Local\Programs\mongosh\;C:\Program Files\JetBrains\IntelliJ IDEA Community Edition 2025.2.3\javabootcamp\IntelliJ IDEA Community Edition 2025.2.3\bin;C:\Users\Moorthy\AppData\Roaming\npm;C:\Program Files\Notepad++;C:\Program Files\apache-maven-3.9.16;C:\maven\apache-maven-3.9.16\bin;
USERNAME=Moorthy
OS=Windows_NT
PROCESSOR_IDENTIFIER=Intel64 Family 6 Model 154 Stepping 4, GenuineIntel
TMP=C:\Users\Moorthy\AppData\Local\Temp
TEMP=C:\Users\Moorthy\AppData\Local\Temp




Periodic native trim disabled

---------------  S Y S T E M  ---------------

OS:
 Windows 11 , 64 bit Build 26100 (10.0.26100.8521)
OS uptime: 1 days 10:54 hours
Hyper-V role detected

CPU: total 12 (initial active 12) (6 cores per cpu, 2 threads per core) family 6 model 154 stepping 4 microcode 0x435, cx8, cmov, fxsr, ht, mmx, 3dnowpref, sse, sse2, sse3, ssse3, sse4.1, sse4.2, popcnt, lzcnt, tsc, tscinvbit, avx, avx2, aes, erms, clmul, bmi1, bmi2, adx, sha, fma, vzeroupper, clflush, clflushopt, clwb, hv, serialize, rdtscp, rdpid, fsrm, f16c, cet_ibt, cet_ss
Processor Information for processor 0
  Max Mhz: 1300, Current Mhz: 1300, Mhz Limit: 1300
Processor Information for processor 1
  Max Mhz: 1300, Current Mhz: 1300, Mhz Limit: 1300
Processor Information for processor 2
  Max Mhz: 1300, Current Mhz: 1300, Mhz Limit: 1300
Processor Information for processor 3
  Max Mhz: 1300, Current Mhz: 1300, Mhz Limit: 1300
Processor Information for processor 4
  Max Mhz: 1300, Current Mhz: 900, Mhz Limit: 897
Processor Information for processor 5
  Max Mhz: 1300, Current Mhz: 900, Mhz Limit: 897
Processor Information for processor 6
  Max Mhz: 1300, Current Mhz: 900, Mhz Limit: 897
Processor Information for processor 7
  Max Mhz: 1300, Current Mhz: 900, Mhz Limit: 897
Processor Information for processor 8
  Max Mhz: 1300, Current Mhz: 900, Mhz Limit: 897
Processor Information for processor 9
  Max Mhz: 1300, Current Mhz: 900, Mhz Limit: 897
Processor Information for processor 10
  Max Mhz: 1300, Current Mhz: 900, Mhz Limit: 897
Processor Information for processor 11
  Max Mhz: 1300, Current Mhz: 900, Mhz Limit: 897

Memory: 4k page, system-wide physical 7876M (642M free)
TotalPageFile size 32452M (AvailPageFile size 17M)
current process WorkingSet (physical memory assigned to process): 9M, peak: 410M
current process commit charge ("private bytes"): 972M, peak: 982M

vm_info: OpenJDK 64-Bit Server VM (21.0.10+7-LTS) for windows-amd64 JRE (21.0.10+7-LTS), built on 2026-01-20T00:00:00Z by "admin" with MS VC++ 17.12 (VS2022)

END.
